[21:06:29.358] [INFO   ] thread main starting.
[21:06:29.364] [SEVERE ] cannot read configuration file config.properties trying from resources.
[21:06:29.367] [SEVERE ] configuration file was loaded from resources directory.
[21:06:30.041] [INFO   ] thread dealer starting.
[21:06:30.042] [INFO   ] thread dealer starting.
[21:06:30.043] [INFO   ] thread player0Thread starting.
[21:06:30.043] [INFO   ] thread player1Thread starting.
[21:06:30.152] [SEVERE ] placing card 4 in slot 5
[21:06:30.294] [SEVERE ] placing card 62 in slot 8
[21:06:30.404] [SEVERE ] placing card 34 in slot 11
[21:06:30.514] [SEVERE ] placing card 15 in slot 10
[21:06:30.626] [SEVERE ] placing card 32 in slot 2
[21:06:30.734] [SEVERE ] placing card 60 in slot 1
[21:06:30.845] [SEVERE ] placing card 65 in slot 4
[21:06:30.955] [SEVERE ] placing card 18 in slot 0
[21:06:31.065] [SEVERE ] placing card 26 in slot 6
[21:06:31.176] [SEVERE ] placing card 57 in slot 7
[21:06:31.284] [SEVERE ] placing card 20 in slot 9
[21:06:31.391] [SEVERE ] placing card 79 in slot 3
[21:06:31.404] [SEVERE ] updating countdown to 60000
[21:06:32.418] [SEVERE ] updating countdown to 59000
[21:06:33.975] [SEVERE ] updating countdown to 58000
[21:06:35.554] [SEVERE ] updating countdown to 57000
