[21:02:38.763] [INFO   ] thread main starting.
[21:02:38.769] [SEVERE ] cannot read configuration file config.properties trying from resources.
[21:02:38.771] [SEVERE ] configuration file was loaded from resources directory.
[21:02:39.549] [INFO   ] thread dealer starting.
[21:02:39.550] [INFO   ] thread dealer starting.
[21:02:39.551] [INFO   ] thread player0Thread starting.
[21:02:39.551] [INFO   ] thread player1Thread starting.
[21:02:39.669] [SEVERE ] placing card 2 in slot 6
[21:02:39.794] [SEVERE ] placing card 44 in slot 4
[21:02:39.902] [SEVERE ] placing card 40 in slot 0
[21:02:40.025] [SEVERE ] placing card 55 in slot 7
[21:02:40.132] [SEVERE ] placing card 48 in slot 5
[21:02:40.240] [SEVERE ] placing card 3 in slot 8
[21:02:40.351] [SEVERE ] placing card 36 in slot 2
[21:02:40.462] [SEVERE ] placing card 21 in slot 11
[21:02:40.571] [SEVERE ] placing card 61 in slot 3
[21:02:40.682] [SEVERE ] placing card 39 in slot 10
[21:02:40.792] [SEVERE ] placing card 51 in slot 9
[21:02:40.902] [SEVERE ] placing card 11 in slot 1
[21:02:40.911] [SEVERE ] updating countdown to 60000
[21:02:41.467] [SEVERE ] key 65 was pressed by player 1
[21:02:41.467] [SEVERE ] player 1 placing token on slot 4
[21:02:41.560] [SEVERE ] key 83 was pressed by player 1
[21:02:41.561] [SEVERE ] player 1 placing token on slot 5
[21:02:41.673] [SEVERE ] key 68 was pressed by player 1
[21:02:41.675] [SEVERE ] player 1 placing token on slot 6
[21:02:41.676] [SEVERE ] setting player 1 freeze to 3000
[21:02:41.680] [SEVERE ] setting player 1 freeze to 2999
[21:02:41.683] [SEVERE ] setting player 1 freeze to 2998
[21:02:41.686] [SEVERE ] setting player 1 freeze to 2997
[21:02:41.689] [SEVERE ] setting player 1 freeze to 2996
[21:02:41.691] [SEVERE ] setting player 1 freeze to 2995
[21:02:41.694] [SEVERE ] setting player 1 freeze to 2994
[21:02:41.696] [SEVERE ] setting player 1 freeze to 2993
[21:02:41.699] [SEVERE ] setting player 1 freeze to 2992
[21:02:41.701] [SEVERE ] setting player 1 freeze to 2991
[21:02:41.704] [SEVERE ] setting player 1 freeze to 2990
[21:02:41.707] [SEVERE ] setting player 1 freeze to 2989
[21:02:41.710] [SEVERE ] setting player 1 freeze to 2988
[21:02:41.713] [SEVERE ] setting player 1 freeze to 2987
[21:02:41.716] [SEVERE ] setting player 1 freeze to 2986
[21:02:41.719] [SEVERE ] setting player 1 freeze to 2985
[21:02:41.722] [SEVERE ] setting player 1 freeze to 2984
[21:02:41.725] [SEVERE ] setting player 1 freeze to 2983
[21:02:41.727] [SEVERE ] setting player 1 freeze to 2982
[21:02:41.729] [SEVERE ] setting player 1 freeze to 2981
[21:02:41.731] [SEVERE ] setting player 1 freeze to 2980
[21:02:41.734] [SEVERE ] setting player 1 freeze to 2979
[21:02:41.737] [SEVERE ] setting player 1 freeze to 2978
[21:02:41.740] [SEVERE ] setting player 1 freeze to 2977
[21:02:41.743] [SEVERE ] setting player 1 freeze to 2976
[21:02:41.746] [SEVERE ] setting player 1 freeze to 2975
[21:02:41.748] [SEVERE ] setting player 1 freeze to 2974
[21:02:41.750] [SEVERE ] setting player 1 freeze to 2973
[21:02:41.753] [SEVERE ] setting player 1 freeze to 2972
[21:02:41.756] [SEVERE ] setting player 1 freeze to 2971
[21:02:41.759] [SEVERE ] setting player 1 freeze to 2970
[21:02:41.762] [SEVERE ] setting player 1 freeze to 2969
[21:02:41.765] [SEVERE ] setting player 1 freeze to 2968
[21:02:41.768] [SEVERE ] setting player 1 freeze to 2967
[21:02:41.771] [SEVERE ] setting player 1 freeze to 2966
[21:02:41.773] [SEVERE ] setting player 1 freeze to 2965
[21:02:41.774] [SEVERE ] setting player 1 freeze to 2964
[21:02:41.776] [SEVERE ] setting player 1 freeze to 2963
[21:02:41.778] [SEVERE ] setting player 1 freeze to 2962
[21:02:41.780] [SEVERE ] setting player 1 freeze to 2961
[21:02:41.782] [SEVERE ] setting player 1 freeze to 2960
[21:02:41.787] [SEVERE ] setting player 1 freeze to 2959
[21:02:41.790] [SEVERE ] setting player 1 freeze to 2958
[21:02:41.792] [SEVERE ] setting player 1 freeze to 2957
[21:02:41.794] [SEVERE ] setting player 1 freeze to 2956
[21:02:41.798] [SEVERE ] setting player 1 freeze to 2955
[21:02:41.801] [SEVERE ] setting player 1 freeze to 2954
[21:02:41.804] [SEVERE ] setting player 1 freeze to 2953
[21:02:41.806] [SEVERE ] setting player 1 freeze to 2952
[21:02:41.809] [SEVERE ] setting player 1 freeze to 2951
[21:02:41.811] [SEVERE ] setting player 1 freeze to 2950
[21:02:41.813] [SEVERE ] setting player 1 freeze to 2949
[21:02:41.816] [SEVERE ] setting player 1 freeze to 2948
[21:02:41.819] [SEVERE ] setting player 1 freeze to 2947
[21:02:41.823] [SEVERE ] setting player 1 freeze to 2946
[21:02:41.826] [SEVERE ] setting player 1 freeze to 2945
[21:02:41.829] [SEVERE ] setting player 1 freeze to 2944
[21:02:41.831] [SEVERE ] setting player 1 freeze to 2943
[21:02:41.833] [SEVERE ] setting player 1 freeze to 2942
[21:02:41.835] [SEVERE ] setting player 1 freeze to 2941
[21:02:41.837] [SEVERE ] setting player 1 freeze to 2940
[21:02:41.840] [SEVERE ] setting player 1 freeze to 2939
[21:02:41.843] [SEVERE ] setting player 1 freeze to 2938
[21:02:41.845] [SEVERE ] setting player 1 freeze to 2937
[21:02:41.846] [SEVERE ] setting player 1 freeze to 2936
[21:02:41.849] [SEVERE ] setting player 1 freeze to 2935
[21:02:41.850] [SEVERE ] setting player 1 freeze to 2934
[21:02:41.852] [SEVERE ] setting player 1 freeze to 2933
[21:02:41.853] [SEVERE ] setting player 1 freeze to 2932
[21:02:41.855] [SEVERE ] setting player 1 freeze to 2931
[21:02:41.857] [SEVERE ] setting player 1 freeze to 2930
[21:02:41.859] [SEVERE ] setting player 1 freeze to 2929
[21:02:41.861] [SEVERE ] setting player 1 freeze to 2928
[21:02:41.863] [SEVERE ] setting player 1 freeze to 2927
[21:02:41.865] [SEVERE ] setting player 1 freeze to 2926
[21:02:41.868] [SEVERE ] setting player 1 freeze to 2925
[21:02:41.870] [SEVERE ] setting player 1 freeze to 2924
[21:02:41.872] [SEVERE ] setting player 1 freeze to 2923
[21:02:41.874] [SEVERE ] setting player 1 freeze to 2922
[21:02:41.876] [SEVERE ] setting player 1 freeze to 2921
[21:02:41.878] [SEVERE ] setting player 1 freeze to 2920
[21:02:41.879] [SEVERE ] setting player 1 freeze to 2919
[21:02:41.881] [SEVERE ] setting player 1 freeze to 2918
[21:02:41.882] [SEVERE ] setting player 1 freeze to 2917
[21:02:41.884] [SEVERE ] setting player 1 freeze to 2916
[21:02:41.886] [SEVERE ] setting player 1 freeze to 2915
[21:02:41.889] [SEVERE ] setting player 1 freeze to 2914
[21:02:41.891] [SEVERE ] setting player 1 freeze to 2913
[21:02:41.894] [SEVERE ] setting player 1 freeze to 2912
[21:02:41.897] [SEVERE ] setting player 1 freeze to 2911
[21:02:41.899] [SEVERE ] setting player 1 freeze to 2910
[21:02:41.902] [SEVERE ] setting player 1 freeze to 2909
[21:02:41.904] [SEVERE ] setting player 1 freeze to 2908
[21:02:41.906] [SEVERE ] setting player 1 freeze to 2907
[21:02:41.908] [SEVERE ] setting player 1 freeze to 2906
[21:02:41.911] [SEVERE ] setting player 1 freeze to 2905
[21:02:41.914] [SEVERE ] setting player 1 freeze to 2904
[21:02:41.916] [SEVERE ] setting player 1 freeze to 2903
[21:02:41.918] [SEVERE ] setting player 1 freeze to 2902
[21:02:41.919] [SEVERE ] updating countdown to 59000
[21:02:41.920] [SEVERE ] setting player 1 freeze to 2901
[21:02:41.922] [SEVERE ] setting player 1 freeze to 2900
[21:02:41.924] [SEVERE ] setting player 1 freeze to 2899
[21:02:41.927] [SEVERE ] setting player 1 freeze to 2898
[21:02:41.930] [SEVERE ] setting player 1 freeze to 2897
[21:02:41.932] [SEVERE ] setting player 1 freeze to 2896
[21:02:41.935] [SEVERE ] setting player 1 freeze to 2895
[21:02:41.937] [SEVERE ] setting player 1 freeze to 2894
[21:02:41.940] [SEVERE ] setting player 1 freeze to 2893
[21:02:41.943] [SEVERE ] setting player 1 freeze to 2892
[21:02:41.946] [SEVERE ] setting player 1 freeze to 2891
[21:02:41.949] [SEVERE ] setting player 1 freeze to 2890
[21:02:41.952] [SEVERE ] setting player 1 freeze to 2889
[21:02:41.955] [SEVERE ] setting player 1 freeze to 2888
[21:02:41.959] [SEVERE ] setting player 1 freeze to 2887
[21:02:41.962] [SEVERE ] setting player 1 freeze to 2886
[21:02:41.964] [SEVERE ] setting player 1 freeze to 2885
[21:02:41.967] [SEVERE ] setting player 1 freeze to 2884
[21:02:41.969] [SEVERE ] setting player 1 freeze to 2883
[21:02:41.972] [SEVERE ] setting player 1 freeze to 2882
[21:02:41.975] [SEVERE ] setting player 1 freeze to 2881
[21:02:41.977] [SEVERE ] setting player 1 freeze to 2880
[21:02:41.980] [SEVERE ] setting player 1 freeze to 2879
[21:02:41.983] [SEVERE ] setting player 1 freeze to 2878
[21:02:41.985] [SEVERE ] setting player 1 freeze to 2877
[21:02:41.988] [SEVERE ] setting player 1 freeze to 2876
[21:02:41.989] [SEVERE ] setting player 1 freeze to 2875
[21:02:41.991] [SEVERE ] setting player 1 freeze to 2874
[21:02:41.992] [SEVERE ] setting player 1 freeze to 2873
[21:02:41.993] [SEVERE ] setting player 1 freeze to 2872
[21:02:41.995] [SEVERE ] setting player 1 freeze to 2871
[21:02:41.997] [SEVERE ] setting player 1 freeze to 2870
[21:02:41.999] [SEVERE ] setting player 1 freeze to 2869
[21:02:42.001] [SEVERE ] setting player 1 freeze to 2868
[21:02:42.003] [SEVERE ] setting player 1 freeze to 2867
[21:02:42.005] [SEVERE ] setting player 1 freeze to 2866
[21:02:42.008] [SEVERE ] setting player 1 freeze to 2865
[21:02:42.010] [SEVERE ] setting player 1 freeze to 2864
[21:02:42.012] [SEVERE ] setting player 1 freeze to 2863
[21:02:42.014] [SEVERE ] setting player 1 freeze to 2862
[21:02:42.023] [SEVERE ] setting player 1 freeze to 2861
[21:02:42.025] [SEVERE ] setting player 1 freeze to 2860
[21:02:42.027] [SEVERE ] setting player 1 freeze to 2859
[21:02:42.029] [SEVERE ] setting player 1 freeze to 2858
[21:02:42.031] [SEVERE ] setting player 1 freeze to 2857
[21:02:42.033] [SEVERE ] setting player 1 freeze to 2856
[21:02:42.035] [SEVERE ] setting player 1 freeze to 2855
[21:02:42.038] [SEVERE ] setting player 1 freeze to 2854
[21:02:42.040] [SEVERE ] setting player 1 freeze to 2853
[21:02:42.041] [SEVERE ] setting player 1 freeze to 2852
[21:02:42.043] [SEVERE ] setting player 1 freeze to 2851
[21:02:42.045] [SEVERE ] setting player 1 freeze to 2850
[21:02:42.049] [SEVERE ] setting player 1 freeze to 2849
[21:02:42.052] [SEVERE ] setting player 1 freeze to 2848
[21:02:42.054] [SEVERE ] setting player 1 freeze to 2847
[21:02:42.056] [SEVERE ] setting player 1 freeze to 2846
[21:02:42.058] [SEVERE ] setting player 1 freeze to 2845
[21:02:42.059] [SEVERE ] setting player 1 freeze to 2844
[21:02:42.061] [SEVERE ] setting player 1 freeze to 2843
[21:02:42.063] [SEVERE ] setting player 1 freeze to 2842
[21:02:42.065] [SEVERE ] setting player 1 freeze to 2841
[21:02:42.067] [SEVERE ] setting player 1 freeze to 2840
[21:02:42.069] [SEVERE ] setting player 1 freeze to 2839
[21:02:42.071] [SEVERE ] setting player 1 freeze to 2838
[21:02:42.074] [SEVERE ] setting player 1 freeze to 2837
[21:02:42.078] [SEVERE ] setting player 1 freeze to 2836
[21:02:42.084] [SEVERE ] setting player 1 freeze to 2835
[21:02:42.087] [SEVERE ] setting player 1 freeze to 2834
[21:02:42.089] [SEVERE ] setting player 1 freeze to 2833
[21:02:42.091] [SEVERE ] setting player 1 freeze to 2832
[21:02:42.094] [SEVERE ] setting player 1 freeze to 2831
[21:02:42.097] [SEVERE ] setting player 1 freeze to 2830
[21:02:42.100] [SEVERE ] setting player 1 freeze to 2829
[21:02:42.102] [SEVERE ] setting player 1 freeze to 2828
[21:02:42.105] [SEVERE ] setting player 1 freeze to 2827
[21:02:42.107] [SEVERE ] setting player 1 freeze to 2826
[21:02:42.109] [SEVERE ] setting player 1 freeze to 2825
[21:02:42.111] [SEVERE ] setting player 1 freeze to 2824
[21:02:42.114] [SEVERE ] setting player 1 freeze to 2823
[21:02:42.117] [SEVERE ] setting player 1 freeze to 2822
[21:02:42.119] [SEVERE ] setting player 1 freeze to 2821
[21:02:42.121] [SEVERE ] setting player 1 freeze to 2820
[21:02:42.123] [SEVERE ] setting player 1 freeze to 2819
[21:02:42.126] [SEVERE ] setting player 1 freeze to 2818
[21:02:42.129] [SEVERE ] setting player 1 freeze to 2817
[21:02:42.131] [SEVERE ] setting player 1 freeze to 2816
[21:02:42.133] [SEVERE ] setting player 1 freeze to 2815
[21:02:42.137] [SEVERE ] setting player 1 freeze to 2814
[21:02:42.139] [SEVERE ] setting player 1 freeze to 2813
[21:02:42.141] [SEVERE ] setting player 1 freeze to 2812
[21:02:42.144] [SEVERE ] setting player 1 freeze to 2811
[21:02:42.147] [SEVERE ] setting player 1 freeze to 2810
[21:02:42.152] [SEVERE ] setting player 1 freeze to 2809
[21:02:42.154] [SEVERE ] setting player 1 freeze to 2808
[21:02:42.156] [SEVERE ] setting player 1 freeze to 2807
[21:02:42.158] [SEVERE ] setting player 1 freeze to 2806
[21:02:42.160] [SEVERE ] setting player 1 freeze to 2805
[21:02:42.163] [SEVERE ] setting player 1 freeze to 2804
[21:02:42.165] [SEVERE ] setting player 1 freeze to 2803
[21:02:42.167] [SEVERE ] setting player 1 freeze to 2802
[21:02:42.171] [SEVERE ] setting player 1 freeze to 2801
[21:02:42.174] [SEVERE ] setting player 1 freeze to 2800
[21:02:42.176] [SEVERE ] setting player 1 freeze to 2799
[21:02:42.179] [SEVERE ] setting player 1 freeze to 2798
[21:02:42.182] [SEVERE ] setting player 1 freeze to 2797
[21:02:42.185] [SEVERE ] setting player 1 freeze to 2796
[21:02:42.188] [SEVERE ] setting player 1 freeze to 2795
[21:02:42.190] [SEVERE ] setting player 1 freeze to 2794
[21:02:42.192] [SEVERE ] setting player 1 freeze to 2793
[21:02:42.195] [SEVERE ] setting player 1 freeze to 2792
[21:02:42.198] [SEVERE ] setting player 1 freeze to 2791
[21:02:42.200] [SEVERE ] setting player 1 freeze to 2790
[21:02:42.203] [SEVERE ] setting player 1 freeze to 2789
[21:02:42.206] [SEVERE ] setting player 1 freeze to 2788
[21:02:42.209] [SEVERE ] setting player 1 freeze to 2787
[21:02:42.212] [SEVERE ] setting player 1 freeze to 2786
[21:02:42.216] [SEVERE ] setting player 1 freeze to 2785
[21:02:42.219] [SEVERE ] setting player 1 freeze to 2784
[21:02:42.221] [SEVERE ] setting player 1 freeze to 2783
[21:02:42.224] [SEVERE ] setting player 1 freeze to 2782
[21:02:42.227] [SEVERE ] setting player 1 freeze to 2781
[21:02:42.230] [SEVERE ] setting player 1 freeze to 2780
[21:02:42.234] [SEVERE ] setting player 1 freeze to 2779
[21:02:42.236] [SEVERE ] setting player 1 freeze to 2778
[21:02:42.238] [SEVERE ] setting player 1 freeze to 2777
[21:02:42.241] [SEVERE ] setting player 1 freeze to 2776
[21:02:42.244] [SEVERE ] setting player 1 freeze to 2775
[21:02:42.247] [SEVERE ] setting player 1 freeze to 2774
[21:02:42.250] [SEVERE ] setting player 1 freeze to 2773
[21:02:42.253] [SEVERE ] setting player 1 freeze to 2772
[21:02:42.257] [SEVERE ] setting player 1 freeze to 2771
[21:02:42.259] [SEVERE ] setting player 1 freeze to 2770
[21:02:42.261] [SEVERE ] setting player 1 freeze to 2769
[21:02:42.263] [SEVERE ] setting player 1 freeze to 2768
[21:02:42.267] [SEVERE ] setting player 1 freeze to 2767
[21:02:42.269] [SEVERE ] setting player 1 freeze to 2766
[21:02:42.272] [SEVERE ] setting player 1 freeze to 2765
[21:02:42.275] [SEVERE ] setting player 1 freeze to 2764
[21:02:42.278] [SEVERE ] setting player 1 freeze to 2763
[21:02:42.282] [SEVERE ] setting player 1 freeze to 2762
[21:02:42.284] [SEVERE ] setting player 1 freeze to 2761
[21:02:42.288] [SEVERE ] setting player 1 freeze to 2760
[21:02:42.291] [SEVERE ] setting player 1 freeze to 2759
[21:02:42.293] [SEVERE ] setting player 1 freeze to 2758
[21:02:42.295] [SEVERE ] setting player 1 freeze to 2757
[21:02:42.297] [SEVERE ] setting player 1 freeze to 2756
[21:02:42.300] [SEVERE ] setting player 1 freeze to 2755
[21:02:42.303] [SEVERE ] setting player 1 freeze to 2754
[21:02:42.305] [SEVERE ] setting player 1 freeze to 2753
[21:02:42.309] [SEVERE ] setting player 1 freeze to 2752
[21:02:42.312] [SEVERE ] setting player 1 freeze to 2751
[21:02:42.314] [SEVERE ] setting player 1 freeze to 2750
[21:02:42.317] [SEVERE ] setting player 1 freeze to 2749
[21:02:42.320] [SEVERE ] setting player 1 freeze to 2748
[21:02:42.322] [SEVERE ] setting player 1 freeze to 2747
[21:02:42.325] [SEVERE ] setting player 1 freeze to 2746
[21:02:42.327] [SEVERE ] setting player 1 freeze to 2745
[21:02:42.331] [SEVERE ] setting player 1 freeze to 2744
[21:02:42.334] [SEVERE ] setting player 1 freeze to 2743
[21:02:42.336] [SEVERE ] setting player 1 freeze to 2742
[21:02:42.339] [SEVERE ] setting player 1 freeze to 2741
[21:02:42.341] [SEVERE ] setting player 1 freeze to 2740
[21:02:42.344] [SEVERE ] setting player 1 freeze to 2739
[21:02:42.347] [SEVERE ] setting player 1 freeze to 2738
[21:02:42.351] [SEVERE ] setting player 1 freeze to 2737
[21:02:42.354] [SEVERE ] setting player 1 freeze to 2736
[21:02:42.356] [SEVERE ] setting player 1 freeze to 2735
[21:02:42.358] [SEVERE ] setting player 1 freeze to 2734
[21:02:42.361] [SEVERE ] setting player 1 freeze to 2733
[21:02:42.364] [SEVERE ] setting player 1 freeze to 2732
[21:02:42.367] [SEVERE ] setting player 1 freeze to 2731
[21:02:42.369] [SEVERE ] setting player 1 freeze to 2730
[21:02:42.371] [SEVERE ] setting player 1 freeze to 2729
[21:02:42.374] [SEVERE ] setting player 1 freeze to 2728
[21:02:42.376] [SEVERE ] setting player 1 freeze to 2727
[21:02:42.378] [SEVERE ] setting player 1 freeze to 2726
[21:02:42.381] [SEVERE ] setting player 1 freeze to 2725
[21:02:42.383] [SEVERE ] setting player 1 freeze to 2724
[21:02:42.385] [SEVERE ] setting player 1 freeze to 2723
[21:02:42.387] [SEVERE ] setting player 1 freeze to 2722
[21:02:42.390] [SEVERE ] setting player 1 freeze to 2721
[21:02:42.393] [SEVERE ] setting player 1 freeze to 2720
[21:02:42.395] [SEVERE ] setting player 1 freeze to 2719
[21:02:42.398] [SEVERE ] setting player 1 freeze to 2718
[21:02:42.400] [SEVERE ] setting player 1 freeze to 2717
[21:02:42.403] [SEVERE ] setting player 1 freeze to 2716
[21:02:42.406] [SEVERE ] setting player 1 freeze to 2715
[21:02:42.409] [SEVERE ] setting player 1 freeze to 2714
[21:02:42.412] [SEVERE ] setting player 1 freeze to 2713
[21:02:42.414] [SEVERE ] setting player 1 freeze to 2712
[21:02:42.416] [SEVERE ] setting player 1 freeze to 2711
[21:02:42.418] [SEVERE ] setting player 1 freeze to 2710
[21:02:42.420] [SEVERE ] setting player 1 freeze to 2709
[21:02:42.423] [SEVERE ] setting player 1 freeze to 2708
[21:02:42.426] [SEVERE ] setting player 1 freeze to 2707
[21:02:42.428] [SEVERE ] setting player 1 freeze to 2706
[21:02:42.430] [SEVERE ] setting player 1 freeze to 2705
[21:02:42.433] [SEVERE ] setting player 1 freeze to 2704
[21:02:42.435] [SEVERE ] setting player 1 freeze to 2703
[21:02:42.438] [SEVERE ] setting player 1 freeze to 2702
[21:02:42.440] [SEVERE ] setting player 1 freeze to 2701
[21:02:42.443] [SEVERE ] setting player 1 freeze to 2700
[21:02:42.445] [SEVERE ] setting player 1 freeze to 2699
[21:02:42.449] [SEVERE ] setting player 1 freeze to 2698
[21:02:42.451] [SEVERE ] setting player 1 freeze to 2697
[21:02:42.454] [SEVERE ] setting player 1 freeze to 2696
[21:02:42.456] [SEVERE ] setting player 1 freeze to 2695
[21:02:42.458] [SEVERE ] setting player 1 freeze to 2694
[21:02:42.460] [SEVERE ] setting player 1 freeze to 2693
[21:02:42.464] [SEVERE ] setting player 1 freeze to 2692
[21:02:42.469] [SEVERE ] setting player 1 freeze to 2691
[21:02:42.471] [SEVERE ] setting player 1 freeze to 2690
[21:02:42.474] [SEVERE ] setting player 1 freeze to 2689
[21:02:42.477] [SEVERE ] setting player 1 freeze to 2688
[21:02:42.479] [SEVERE ] setting player 1 freeze to 2687
[21:02:42.482] [SEVERE ] setting player 1 freeze to 2686
[21:02:42.484] [SEVERE ] setting player 1 freeze to 2685
[21:02:42.487] [SEVERE ] setting player 1 freeze to 2684
[21:02:42.490] [SEVERE ] setting player 1 freeze to 2683
[21:02:42.492] [SEVERE ] setting player 1 freeze to 2682
[21:02:42.495] [SEVERE ] setting player 1 freeze to 2681
[21:02:42.497] [SEVERE ] setting player 1 freeze to 2680
[21:02:42.499] [SEVERE ] setting player 1 freeze to 2679
[21:02:42.501] [SEVERE ] setting player 1 freeze to 2678
[21:02:42.504] [SEVERE ] setting player 1 freeze to 2677
[21:02:42.506] [SEVERE ] setting player 1 freeze to 2676
[21:02:42.509] [SEVERE ] setting player 1 freeze to 2675
[21:02:42.511] [SEVERE ] setting player 1 freeze to 2674
[21:02:42.513] [SEVERE ] setting player 1 freeze to 2673
[21:02:42.516] [SEVERE ] setting player 1 freeze to 2672
[21:02:42.519] [SEVERE ] setting player 1 freeze to 2671
[21:02:42.521] [SEVERE ] setting player 1 freeze to 2670
[21:02:42.524] [SEVERE ] setting player 1 freeze to 2669
[21:02:42.526] [SEVERE ] setting player 1 freeze to 2668
[21:02:42.528] [SEVERE ] setting player 1 freeze to 2667
[21:02:42.530] [SEVERE ] setting player 1 freeze to 2666
[21:02:42.533] [SEVERE ] setting player 1 freeze to 2665
[21:02:42.535] [SEVERE ] setting player 1 freeze to 2664
[21:02:42.537] [SEVERE ] setting player 1 freeze to 2663
[21:02:42.541] [SEVERE ] setting player 1 freeze to 2662
[21:02:42.543] [SEVERE ] setting player 1 freeze to 2661
[21:02:42.545] [SEVERE ] setting player 1 freeze to 2660
[21:02:42.547] [SEVERE ] setting player 1 freeze to 2659
[21:02:42.552] [SEVERE ] setting player 1 freeze to 2658
[21:02:42.554] [SEVERE ] setting player 1 freeze to 2657
[21:02:42.556] [SEVERE ] setting player 1 freeze to 2656
[21:02:42.558] [SEVERE ] setting player 1 freeze to 2655
[21:02:42.560] [SEVERE ] setting player 1 freeze to 2654
[21:02:42.562] [SEVERE ] setting player 1 freeze to 2653
[21:02:42.564] [SEVERE ] setting player 1 freeze to 2652
[21:02:42.566] [SEVERE ] setting player 1 freeze to 2651
[21:02:42.569] [SEVERE ] setting player 1 freeze to 2650
[21:02:42.571] [SEVERE ] setting player 1 freeze to 2649
[21:02:42.573] [SEVERE ] setting player 1 freeze to 2648
[21:02:42.576] [SEVERE ] setting player 1 freeze to 2647
[21:02:42.579] [SEVERE ] setting player 1 freeze to 2646
[21:02:42.581] [SEVERE ] setting player 1 freeze to 2645
[21:02:42.583] [SEVERE ] setting player 1 freeze to 2644
[21:02:42.586] [SEVERE ] setting player 1 freeze to 2643
[21:02:42.588] [SEVERE ] setting player 1 freeze to 2642
[21:02:42.590] [SEVERE ] setting player 1 freeze to 2641
[21:02:42.592] [SEVERE ] setting player 1 freeze to 2640
[21:02:42.595] [SEVERE ] setting player 1 freeze to 2639
[21:02:42.597] [SEVERE ] setting player 1 freeze to 2638
[21:02:42.599] [SEVERE ] setting player 1 freeze to 2637
[21:02:42.602] [SEVERE ] setting player 1 freeze to 2636
[21:02:42.605] [SEVERE ] setting player 1 freeze to 2635
[21:02:42.607] [SEVERE ] setting player 1 freeze to 2634
[21:02:42.610] [SEVERE ] setting player 1 freeze to 2633
[21:02:42.613] [SEVERE ] setting player 1 freeze to 2632
[21:02:42.615] [SEVERE ] setting player 1 freeze to 2631
[21:02:42.618] [SEVERE ] setting player 1 freeze to 2630
[21:02:42.621] [SEVERE ] setting player 1 freeze to 2629
[21:02:42.623] [SEVERE ] setting player 1 freeze to 2628
[21:02:42.625] [SEVERE ] setting player 1 freeze to 2627
[21:02:42.627] [SEVERE ] setting player 1 freeze to 2626
[21:02:42.629] [SEVERE ] setting player 1 freeze to 2625
[21:02:42.632] [SEVERE ] setting player 1 freeze to 2624
[21:02:42.634] [SEVERE ] setting player 1 freeze to 2623
[21:02:42.636] [SEVERE ] setting player 1 freeze to 2622
[21:02:42.638] [SEVERE ] setting player 1 freeze to 2621
[21:02:42.640] [SEVERE ] setting player 1 freeze to 2620
[21:02:42.643] [SEVERE ] setting player 1 freeze to 2619
[21:02:42.645] [SEVERE ] setting player 1 freeze to 2618
[21:02:42.647] [SEVERE ] setting player 1 freeze to 2617
[21:02:42.650] [SEVERE ] setting player 1 freeze to 2616
[21:02:42.652] [SEVERE ] setting player 1 freeze to 2615
[21:02:42.654] [SEVERE ] setting player 1 freeze to 2614
[21:02:42.656] [SEVERE ] setting player 1 freeze to 2613
[21:02:42.658] [SEVERE ] setting player 1 freeze to 2612
[21:02:42.660] [SEVERE ] setting player 1 freeze to 2611
[21:02:42.662] [SEVERE ] setting player 1 freeze to 2610
[21:02:42.665] [SEVERE ] setting player 1 freeze to 2609
[21:02:42.667] [SEVERE ] setting player 1 freeze to 2608
[21:02:42.669] [SEVERE ] setting player 1 freeze to 2607
[21:02:42.672] [SEVERE ] setting player 1 freeze to 2606
[21:02:42.674] [SEVERE ] setting player 1 freeze to 2605
[21:02:42.677] [SEVERE ] setting player 1 freeze to 2604
[21:02:42.680] [SEVERE ] setting player 1 freeze to 2603
[21:02:42.682] [SEVERE ] setting player 1 freeze to 2602
[21:02:42.685] [SEVERE ] setting player 1 freeze to 2601
[21:02:42.687] [SEVERE ] setting player 1 freeze to 2600
[21:02:42.689] [SEVERE ] setting player 1 freeze to 2599
[21:02:42.691] [SEVERE ] setting player 1 freeze to 2598
[21:02:42.693] [SEVERE ] setting player 1 freeze to 2597
[21:02:42.695] [SEVERE ] setting player 1 freeze to 2596
[21:02:42.698] [SEVERE ] setting player 1 freeze to 2595
[21:02:42.701] [SEVERE ] setting player 1 freeze to 2594
[21:02:42.704] [SEVERE ] setting player 1 freeze to 2593
[21:02:42.707] [SEVERE ] setting player 1 freeze to 2592
[21:02:42.710] [SEVERE ] setting player 1 freeze to 2591
[21:02:42.712] [SEVERE ] setting player 1 freeze to 2590
[21:02:42.714] [SEVERE ] setting player 1 freeze to 2589
[21:02:42.716] [SEVERE ] setting player 1 freeze to 2588
[21:02:42.718] [SEVERE ] setting player 1 freeze to 2587
[21:02:42.720] [SEVERE ] setting player 1 freeze to 2586
[21:02:42.722] [SEVERE ] setting player 1 freeze to 2585
[21:02:42.724] [SEVERE ] setting player 1 freeze to 2584
[21:02:42.727] [SEVERE ] setting player 1 freeze to 2583
[21:02:42.730] [SEVERE ] setting player 1 freeze to 2582
[21:02:42.732] [SEVERE ] setting player 1 freeze to 2581
[21:02:42.734] [SEVERE ] setting player 1 freeze to 2580
[21:02:42.736] [SEVERE ] setting player 1 freeze to 2579
[21:02:42.738] [SEVERE ] setting player 1 freeze to 2578
[21:02:42.740] [SEVERE ] setting player 1 freeze to 2577
[21:02:42.743] [SEVERE ] setting player 1 freeze to 2576
[21:02:42.747] [SEVERE ] setting player 1 freeze to 2575
[21:02:42.749] [SEVERE ] setting player 1 freeze to 2574
[21:02:42.751] [SEVERE ] setting player 1 freeze to 2573
[21:02:42.753] [SEVERE ] setting player 1 freeze to 2572
[21:02:42.755] [SEVERE ] setting player 1 freeze to 2571
[21:02:42.757] [SEVERE ] setting player 1 freeze to 2570
[21:02:42.759] [SEVERE ] setting player 1 freeze to 2569
[21:02:42.761] [SEVERE ] setting player 1 freeze to 2568
[21:02:42.763] [SEVERE ] setting player 1 freeze to 2567
[21:02:42.765] [SEVERE ] setting player 1 freeze to 2566
[21:02:42.767] [SEVERE ] setting player 1 freeze to 2565
[21:02:42.770] [SEVERE ] setting player 1 freeze to 2564
[21:02:42.772] [SEVERE ] setting player 1 freeze to 2563
[21:02:42.774] [SEVERE ] setting player 1 freeze to 2562
[21:02:42.776] [SEVERE ] setting player 1 freeze to 2561
[21:02:42.779] [SEVERE ] setting player 1 freeze to 2560
[21:02:42.782] [SEVERE ] setting player 1 freeze to 2559
[21:02:42.786] [SEVERE ] setting player 1 freeze to 2558
[21:02:42.789] [SEVERE ] setting player 1 freeze to 2557
[21:02:42.791] [SEVERE ] setting player 1 freeze to 2556
[21:02:42.794] [SEVERE ] setting player 1 freeze to 2555
[21:02:42.796] [SEVERE ] setting player 1 freeze to 2554
[21:02:42.798] [SEVERE ] setting player 1 freeze to 2553
[21:02:42.801] [SEVERE ] setting player 1 freeze to 2552
[21:02:42.803] [SEVERE ] setting player 1 freeze to 2551
[21:02:42.805] [SEVERE ] setting player 1 freeze to 2550
[21:02:42.808] [SEVERE ] setting player 1 freeze to 2549
[21:02:42.810] [SEVERE ] setting player 1 freeze to 2548
[21:02:42.813] [SEVERE ] setting player 1 freeze to 2547
[21:02:42.815] [SEVERE ] setting player 1 freeze to 2546
[21:02:42.817] [SEVERE ] setting player 1 freeze to 2545
[21:02:42.819] [SEVERE ] setting player 1 freeze to 2544
[21:02:42.822] [SEVERE ] setting player 1 freeze to 2543
[21:02:42.825] [SEVERE ] setting player 1 freeze to 2542
[21:02:42.828] [SEVERE ] setting player 1 freeze to 2541
[21:02:42.830] [SEVERE ] setting player 1 freeze to 2540
[21:02:42.832] [SEVERE ] setting player 1 freeze to 2539
[21:02:42.834] [SEVERE ] setting player 1 freeze to 2538
[21:02:42.838] [SEVERE ] setting player 1 freeze to 2537
[21:02:42.840] [SEVERE ] setting player 1 freeze to 2536
[21:02:42.842] [SEVERE ] setting player 1 freeze to 2535
[21:02:42.844] [SEVERE ] setting player 1 freeze to 2534
[21:02:42.848] [SEVERE ] setting player 1 freeze to 2533
[21:02:42.850] [SEVERE ] setting player 1 freeze to 2532
[21:02:42.852] [SEVERE ] setting player 1 freeze to 2531
[21:02:42.854] [SEVERE ] setting player 1 freeze to 2530
[21:02:42.857] [SEVERE ] setting player 1 freeze to 2529
[21:02:42.860] [SEVERE ] setting player 1 freeze to 2528
[21:02:42.863] [SEVERE ] setting player 1 freeze to 2527
[21:02:42.865] [SEVERE ] setting player 1 freeze to 2526
[21:02:42.867] [SEVERE ] setting player 1 freeze to 2525
[21:02:42.870] [SEVERE ] setting player 1 freeze to 2524
[21:02:42.873] [SEVERE ] setting player 1 freeze to 2523
[21:02:42.876] [SEVERE ] setting player 1 freeze to 2522
[21:02:42.879] [SEVERE ] setting player 1 freeze to 2521
[21:02:42.881] [SEVERE ] setting player 1 freeze to 2520
[21:02:42.884] [SEVERE ] setting player 1 freeze to 2519
[21:02:42.886] [SEVERE ] setting player 1 freeze to 2518
[21:02:42.889] [SEVERE ] setting player 1 freeze to 2517
[21:02:42.892] [SEVERE ] setting player 1 freeze to 2516
[21:02:42.894] [SEVERE ] setting player 1 freeze to 2515
[21:02:42.896] [SEVERE ] setting player 1 freeze to 2514
[21:02:42.898] [SEVERE ] setting player 1 freeze to 2513
[21:02:42.900] [SEVERE ] setting player 1 freeze to 2512
[21:02:42.902] [SEVERE ] setting player 1 freeze to 2511
[21:02:42.904] [SEVERE ] setting player 1 freeze to 2510
[21:02:42.907] [SEVERE ] setting player 1 freeze to 2509
[21:02:42.910] [SEVERE ] setting player 1 freeze to 2508
[21:02:42.913] [SEVERE ] setting player 1 freeze to 2507
[21:02:42.915] [SEVERE ] setting player 1 freeze to 2506
[21:02:42.918] [SEVERE ] setting player 1 freeze to 2505
[21:02:42.920] [SEVERE ] setting player 1 freeze to 2504
[21:02:42.923] [SEVERE ] setting player 1 freeze to 2503
[21:02:42.925] [SEVERE ] setting player 1 freeze to 2502
[21:02:42.927] [SEVERE ] setting player 1 freeze to 2501
[21:02:42.929] [SEVERE ] setting player 1 freeze to 2500
[21:02:42.931] [SEVERE ] setting player 1 freeze to 2499
[21:02:42.933] [SEVERE ] setting player 1 freeze to 2498
[21:02:42.935] [SEVERE ] setting player 1 freeze to 2497
[21:02:42.937] [SEVERE ] setting player 1 freeze to 2496
[21:02:42.940] [SEVERE ] setting player 1 freeze to 2495
[21:02:42.942] [SEVERE ] setting player 1 freeze to 2494
[21:02:42.945] [SEVERE ] setting player 1 freeze to 2493
[21:02:42.947] [SEVERE ] setting player 1 freeze to 2492
[21:02:42.949] [SEVERE ] setting player 1 freeze to 2491
[21:02:42.951] [SEVERE ] setting player 1 freeze to 2490
[21:02:42.953] [SEVERE ] setting player 1 freeze to 2489
[21:02:42.955] [SEVERE ] setting player 1 freeze to 2488
[21:02:42.957] [SEVERE ] setting player 1 freeze to 2487
[21:02:42.961] [SEVERE ] setting player 1 freeze to 2486
[21:02:42.964] [SEVERE ] setting player 1 freeze to 2485
[21:02:42.967] [SEVERE ] setting player 1 freeze to 2484
[21:02:42.972] [SEVERE ] setting player 1 freeze to 2483
[21:02:42.976] [SEVERE ] setting player 1 freeze to 2482
[21:02:42.978] [SEVERE ] setting player 1 freeze to 2481
[21:02:42.981] [SEVERE ] setting player 1 freeze to 2480
[21:02:42.983] [SEVERE ] setting player 1 freeze to 2479
[21:02:42.985] [SEVERE ] setting player 1 freeze to 2478
[21:02:42.988] [SEVERE ] setting player 1 freeze to 2477
[21:02:42.991] [SEVERE ] setting player 1 freeze to 2476
[21:02:42.994] [SEVERE ] setting player 1 freeze to 2475
[21:02:42.996] [SEVERE ] setting player 1 freeze to 2474
[21:02:42.999] [SEVERE ] setting player 1 freeze to 2473
[21:02:43.002] [SEVERE ] setting player 1 freeze to 2472
[21:02:43.004] [SEVERE ] setting player 1 freeze to 2471
[21:02:43.006] [SEVERE ] setting player 1 freeze to 2470
[21:02:43.008] [SEVERE ] setting player 1 freeze to 2469
[21:02:43.011] [SEVERE ] setting player 1 freeze to 2468
[21:02:43.013] [SEVERE ] setting player 1 freeze to 2467
[21:02:43.015] [SEVERE ] setting player 1 freeze to 2466
[21:02:43.018] [SEVERE ] setting player 1 freeze to 2465
[21:02:43.021] [SEVERE ] setting player 1 freeze to 2464
[21:02:43.023] [SEVERE ] setting player 1 freeze to 2463
[21:02:43.025] [SEVERE ] setting player 1 freeze to 2462
[21:02:43.028] [SEVERE ] setting player 1 freeze to 2461
[21:02:43.031] [SEVERE ] setting player 1 freeze to 2460
[21:02:43.034] [SEVERE ] setting player 1 freeze to 2459
[21:02:43.036] [SEVERE ] setting player 1 freeze to 2458
[21:02:43.039] [SEVERE ] setting player 1 freeze to 2457
[21:02:43.042] [SEVERE ] setting player 1 freeze to 2456
[21:02:43.044] [SEVERE ] setting player 1 freeze to 2455
[21:02:43.046] [SEVERE ] setting player 1 freeze to 2454
[21:02:43.050] [SEVERE ] setting player 1 freeze to 2453
[21:02:43.053] [SEVERE ] setting player 1 freeze to 2452
[21:02:43.055] [SEVERE ] setting player 1 freeze to 2451
[21:02:43.058] [SEVERE ] setting player 1 freeze to 2450
[21:02:43.060] [SEVERE ] setting player 1 freeze to 2449
[21:02:43.063] [SEVERE ] setting player 1 freeze to 2448
[21:02:43.066] [SEVERE ] setting player 1 freeze to 2447
[21:02:43.068] [SEVERE ] setting player 1 freeze to 2446
[21:02:43.071] [SEVERE ] setting player 1 freeze to 2445
[21:02:43.073] [SEVERE ] setting player 1 freeze to 2444
[21:02:43.075] [SEVERE ] setting player 1 freeze to 2443
[21:02:43.078] [SEVERE ] setting player 1 freeze to 2442
[21:02:43.080] [SEVERE ] setting player 1 freeze to 2441
[21:02:43.082] [SEVERE ] setting player 1 freeze to 2440
[21:02:43.085] [SEVERE ] setting player 1 freeze to 2439
[21:02:43.088] [SEVERE ] setting player 1 freeze to 2438
[21:02:43.092] [SEVERE ] setting player 1 freeze to 2437
[21:02:43.094] [SEVERE ] setting player 1 freeze to 2436
[21:02:43.096] [SEVERE ] setting player 1 freeze to 2435
[21:02:43.099] [SEVERE ] setting player 1 freeze to 2434
[21:02:43.102] [SEVERE ] setting player 1 freeze to 2433
[21:02:43.104] [SEVERE ] setting player 1 freeze to 2432
[21:02:43.106] [SEVERE ] setting player 1 freeze to 2431
[21:02:43.108] [SEVERE ] setting player 1 freeze to 2430
[21:02:43.111] [SEVERE ] setting player 1 freeze to 2429
[21:02:43.113] [SEVERE ] setting player 1 freeze to 2428
[21:02:43.116] [SEVERE ] setting player 1 freeze to 2427
[21:02:43.118] [SEVERE ] setting player 1 freeze to 2426
[21:02:43.120] [SEVERE ] setting player 1 freeze to 2425
[21:02:43.122] [SEVERE ] setting player 1 freeze to 2424
[21:02:43.124] [SEVERE ] setting player 1 freeze to 2423
[21:02:43.126] [SEVERE ] setting player 1 freeze to 2422
[21:02:43.128] [SEVERE ] setting player 1 freeze to 2421
[21:02:43.130] [SEVERE ] setting player 1 freeze to 2420
[21:02:43.133] [SEVERE ] setting player 1 freeze to 2419
[21:02:43.135] [SEVERE ] setting player 1 freeze to 2418
[21:02:43.137] [SEVERE ] setting player 1 freeze to 2417
[21:02:43.139] [SEVERE ] setting player 1 freeze to 2416
[21:02:43.143] [SEVERE ] setting player 1 freeze to 2415
[21:02:43.146] [SEVERE ] setting player 1 freeze to 2414
[21:02:43.149] [SEVERE ] setting player 1 freeze to 2413
[21:02:43.151] [SEVERE ] setting player 1 freeze to 2412
[21:02:43.154] [SEVERE ] setting player 1 freeze to 2411
[21:02:43.156] [SEVERE ] setting player 1 freeze to 2410
[21:02:43.160] [SEVERE ] setting player 1 freeze to 2409
[21:02:43.163] [SEVERE ] setting player 1 freeze to 2408
[21:02:43.165] [SEVERE ] setting player 1 freeze to 2407
[21:02:43.167] [SEVERE ] setting player 1 freeze to 2406
[21:02:43.168] [SEVERE ] setting player 1 freeze to 2405
[21:02:43.170] [SEVERE ] setting player 1 freeze to 2404
[21:02:43.172] [SEVERE ] setting player 1 freeze to 2403
[21:02:43.174] [SEVERE ] setting player 1 freeze to 2402
[21:02:43.177] [SEVERE ] setting player 1 freeze to 2401
[21:02:43.179] [SEVERE ] setting player 1 freeze to 2400
[21:02:43.182] [SEVERE ] setting player 1 freeze to 2399
[21:02:43.183] [SEVERE ] setting player 1 freeze to 2398
[21:02:43.185] [SEVERE ] setting player 1 freeze to 2397
[21:02:43.188] [SEVERE ] setting player 1 freeze to 2396
[21:02:43.190] [SEVERE ] setting player 1 freeze to 2395
[21:02:43.193] [SEVERE ] setting player 1 freeze to 2394
[21:02:43.197] [SEVERE ] setting player 1 freeze to 2393
[21:02:43.200] [SEVERE ] setting player 1 freeze to 2392
[21:02:43.202] [SEVERE ] setting player 1 freeze to 2391
[21:02:43.204] [SEVERE ] setting player 1 freeze to 2390
[21:02:43.207] [SEVERE ] setting player 1 freeze to 2389
[21:02:43.209] [SEVERE ] setting player 1 freeze to 2388
[21:02:43.211] [SEVERE ] setting player 1 freeze to 2387
[21:02:43.214] [SEVERE ] setting player 1 freeze to 2386
[21:02:43.216] [SEVERE ] setting player 1 freeze to 2385
[21:02:43.218] [SEVERE ] setting player 1 freeze to 2384
[21:02:43.220] [SEVERE ] setting player 1 freeze to 2383
[21:02:43.222] [SEVERE ] setting player 1 freeze to 2382
[21:02:43.224] [SEVERE ] setting player 1 freeze to 2381
[21:02:43.226] [SEVERE ] setting player 1 freeze to 2380
[21:02:43.229] [SEVERE ] setting player 1 freeze to 2379
[21:02:43.235] [SEVERE ] setting player 1 freeze to 2378
[21:02:43.238] [SEVERE ] setting player 1 freeze to 2377
[21:02:43.241] [SEVERE ] setting player 1 freeze to 2376
[21:02:43.243] [SEVERE ] setting player 1 freeze to 2375
[21:02:43.245] [SEVERE ] setting player 1 freeze to 2374
[21:02:43.248] [SEVERE ] setting player 1 freeze to 2373
[21:02:43.251] [SEVERE ] setting player 1 freeze to 2372
[21:02:43.253] [SEVERE ] setting player 1 freeze to 2371
[21:02:43.256] [SEVERE ] setting player 1 freeze to 2370
[21:02:43.259] [SEVERE ] setting player 1 freeze to 2369
[21:02:43.261] [SEVERE ] setting player 1 freeze to 2368
[21:02:43.262] [SEVERE ] setting player 1 freeze to 2367
[21:02:43.265] [SEVERE ] setting player 1 freeze to 2366
[21:02:43.267] [SEVERE ] setting player 1 freeze to 2365
[21:02:43.269] [SEVERE ] setting player 1 freeze to 2364
[21:02:43.271] [SEVERE ] setting player 1 freeze to 2363
[21:02:43.273] [SEVERE ] setting player 1 freeze to 2362
[21:02:43.276] [SEVERE ] setting player 1 freeze to 2361
[21:02:43.278] [SEVERE ] setting player 1 freeze to 2360
[21:02:43.280] [SEVERE ] setting player 1 freeze to 2359
[21:02:43.284] [SEVERE ] setting player 1 freeze to 2358
[21:02:43.285] [SEVERE ] setting player 1 freeze to 2357
[21:02:43.287] [SEVERE ] setting player 1 freeze to 2356
[21:02:43.290] [SEVERE ] setting player 1 freeze to 2355
[21:02:43.292] [SEVERE ] setting player 1 freeze to 2354
[21:02:43.295] [SEVERE ] setting player 1 freeze to 2353
[21:02:43.298] [SEVERE ] setting player 1 freeze to 2352
[21:02:43.300] [SEVERE ] setting player 1 freeze to 2351
[21:02:43.301] [SEVERE ] setting player 1 freeze to 2350
[21:02:43.304] [SEVERE ] setting player 1 freeze to 2349
[21:02:43.305] [SEVERE ] setting player 1 freeze to 2348
[21:02:43.307] [SEVERE ] setting player 1 freeze to 2347
[21:02:43.310] [SEVERE ] setting player 1 freeze to 2346
[21:02:43.313] [SEVERE ] setting player 1 freeze to 2345
[21:02:43.315] [SEVERE ] setting player 1 freeze to 2344
[21:02:43.317] [SEVERE ] setting player 1 freeze to 2343
[21:02:43.320] [SEVERE ] setting player 1 freeze to 2342
[21:02:43.323] [SEVERE ] setting player 1 freeze to 2341
[21:02:43.326] [SEVERE ] setting player 1 freeze to 2340
[21:02:43.327] [SEVERE ] setting player 1 freeze to 2339
[21:02:43.330] [SEVERE ] setting player 1 freeze to 2338
[21:02:43.331] [SEVERE ] setting player 1 freeze to 2337
[21:02:43.333] [SEVERE ] setting player 1 freeze to 2336
[21:02:43.335] [SEVERE ] setting player 1 freeze to 2335
[21:02:43.337] [SEVERE ] setting player 1 freeze to 2334
[21:02:43.339] [SEVERE ] setting player 1 freeze to 2333
[21:02:43.342] [SEVERE ] setting player 1 freeze to 2332
[21:02:43.345] [SEVERE ] setting player 1 freeze to 2331
[21:02:43.346] [SEVERE ] setting player 1 freeze to 2330
[21:02:43.349] [SEVERE ] setting player 1 freeze to 2329
[21:02:43.351] [SEVERE ] setting player 1 freeze to 2328
[21:02:43.353] [SEVERE ] setting player 1 freeze to 2327
[21:02:43.355] [SEVERE ] setting player 1 freeze to 2326
[21:02:43.357] [SEVERE ] setting player 1 freeze to 2325
[21:02:43.359] [SEVERE ] setting player 1 freeze to 2324
[21:02:43.361] [SEVERE ] setting player 1 freeze to 2323
[21:02:43.363] [SEVERE ] setting player 1 freeze to 2322
[21:02:43.365] [SEVERE ] setting player 1 freeze to 2321
[21:02:43.368] [SEVERE ] setting player 1 freeze to 2320
[21:02:43.370] [SEVERE ] setting player 1 freeze to 2319
[21:02:43.372] [SEVERE ] setting player 1 freeze to 2318
[21:02:43.374] [SEVERE ] setting player 1 freeze to 2317
[21:02:43.376] [SEVERE ] setting player 1 freeze to 2316
[21:02:43.378] [SEVERE ] setting player 1 freeze to 2315
[21:02:43.381] [SEVERE ] setting player 1 freeze to 2314
[21:02:43.383] [SEVERE ] setting player 1 freeze to 2313
[21:02:43.385] [SEVERE ] setting player 1 freeze to 2312
[21:02:43.388] [SEVERE ] setting player 1 freeze to 2311
[21:02:43.399] [SEVERE ] setting player 1 freeze to 2310
[21:02:43.399] [SEVERE ] updating countdown to 58000
[21:02:43.402] [SEVERE ] setting player 1 freeze to 2309
[21:02:43.405] [SEVERE ] setting player 1 freeze to 2308
[21:02:43.407] [SEVERE ] setting player 1 freeze to 2307
[21:02:43.409] [SEVERE ] setting player 1 freeze to 2306
[21:02:43.411] [SEVERE ] setting player 1 freeze to 2305
[21:02:43.413] [SEVERE ] setting player 1 freeze to 2304
[21:02:43.415] [SEVERE ] setting player 1 freeze to 2303
[21:02:43.417] [SEVERE ] setting player 1 freeze to 2302
[21:02:43.419] [SEVERE ] setting player 1 freeze to 2301
[21:02:43.421] [SEVERE ] setting player 1 freeze to 2300
[21:02:43.424] [SEVERE ] setting player 1 freeze to 2299
[21:02:43.426] [SEVERE ] setting player 1 freeze to 2298
[21:02:43.428] [SEVERE ] setting player 1 freeze to 2297
[21:02:43.430] [SEVERE ] setting player 1 freeze to 2296
[21:02:43.432] [SEVERE ] setting player 1 freeze to 2295
[21:02:43.434] [SEVERE ] setting player 1 freeze to 2294
[21:02:43.437] [SEVERE ] setting player 1 freeze to 2293
[21:02:43.439] [SEVERE ] setting player 1 freeze to 2292
[21:02:43.441] [SEVERE ] setting player 1 freeze to 2291
[21:02:43.443] [SEVERE ] setting player 1 freeze to 2290
[21:02:43.445] [SEVERE ] setting player 1 freeze to 2289
[21:02:43.448] [SEVERE ] setting player 1 freeze to 2288
[21:02:43.450] [SEVERE ] setting player 1 freeze to 2287
[21:02:43.452] [SEVERE ] setting player 1 freeze to 2286
[21:02:43.456] [SEVERE ] setting player 1 freeze to 2285
[21:02:43.458] [SEVERE ] setting player 1 freeze to 2284
[21:02:43.461] [SEVERE ] setting player 1 freeze to 2283
[21:02:43.463] [SEVERE ] setting player 1 freeze to 2282
[21:02:43.467] [SEVERE ] setting player 1 freeze to 2281
[21:02:43.470] [SEVERE ] setting player 1 freeze to 2280
[21:02:43.472] [SEVERE ] setting player 1 freeze to 2279
[21:02:43.475] [SEVERE ] setting player 1 freeze to 2278
[21:02:43.477] [SEVERE ] setting player 1 freeze to 2277
[21:02:43.479] [SEVERE ] setting player 1 freeze to 2276
[21:02:43.481] [SEVERE ] setting player 1 freeze to 2275
[21:02:43.483] [SEVERE ] setting player 1 freeze to 2274
[21:02:43.485] [SEVERE ] setting player 1 freeze to 2273
[21:02:43.487] [SEVERE ] setting player 1 freeze to 2272
[21:02:43.489] [SEVERE ] setting player 1 freeze to 2271
[21:02:43.491] [SEVERE ] setting player 1 freeze to 2270
[21:02:43.494] [SEVERE ] setting player 1 freeze to 2269
[21:02:43.496] [SEVERE ] setting player 1 freeze to 2268
[21:02:43.498] [SEVERE ] setting player 1 freeze to 2267
[21:02:43.500] [SEVERE ] setting player 1 freeze to 2266
[21:02:43.502] [SEVERE ] setting player 1 freeze to 2265
[21:02:43.504] [SEVERE ] setting player 1 freeze to 2264
[21:02:43.506] [SEVERE ] setting player 1 freeze to 2263
[21:02:43.508] [SEVERE ] setting player 1 freeze to 2262
[21:02:43.510] [SEVERE ] setting player 1 freeze to 2261
[21:02:43.512] [SEVERE ] setting player 1 freeze to 2260
[21:02:43.514] [SEVERE ] setting player 1 freeze to 2259
[21:02:43.516] [SEVERE ] setting player 1 freeze to 2258
[21:02:43.518] [SEVERE ] setting player 1 freeze to 2257
[21:02:43.521] [SEVERE ] setting player 1 freeze to 2256
[21:02:43.523] [SEVERE ] setting player 1 freeze to 2255
[21:02:43.525] [SEVERE ] setting player 1 freeze to 2254
[21:02:43.527] [SEVERE ] setting player 1 freeze to 2253
[21:02:43.530] [SEVERE ] setting player 1 freeze to 2252
[21:02:43.532] [SEVERE ] setting player 1 freeze to 2251
[21:02:43.534] [SEVERE ] setting player 1 freeze to 2250
[21:02:43.536] [SEVERE ] setting player 1 freeze to 2249
[21:02:43.538] [SEVERE ] setting player 1 freeze to 2248
[21:02:43.540] [SEVERE ] setting player 1 freeze to 2247
[21:02:43.542] [SEVERE ] setting player 1 freeze to 2246
[21:02:43.544] [SEVERE ] setting player 1 freeze to 2245
[21:02:43.547] [SEVERE ] setting player 1 freeze to 2244
[21:02:43.549] [SEVERE ] setting player 1 freeze to 2243
[21:02:43.551] [SEVERE ] setting player 1 freeze to 2242
[21:02:43.554] [SEVERE ] setting player 1 freeze to 2241
[21:02:43.557] [SEVERE ] setting player 1 freeze to 2240
[21:02:43.559] [SEVERE ] setting player 1 freeze to 2239
[21:02:43.562] [SEVERE ] setting player 1 freeze to 2238
[21:02:43.564] [SEVERE ] setting player 1 freeze to 2237
[21:02:43.566] [SEVERE ] setting player 1 freeze to 2236
[21:02:43.568] [SEVERE ] setting player 1 freeze to 2235
[21:02:43.570] [SEVERE ] setting player 1 freeze to 2234
[21:02:43.572] [SEVERE ] setting player 1 freeze to 2233
[21:02:43.575] [SEVERE ] setting player 1 freeze to 2232
[21:02:43.577] [SEVERE ] setting player 1 freeze to 2231
[21:02:43.579] [SEVERE ] setting player 1 freeze to 2230
[21:02:43.581] [SEVERE ] setting player 1 freeze to 2229
[21:02:43.583] [SEVERE ] setting player 1 freeze to 2228
[21:02:43.585] [SEVERE ] setting player 1 freeze to 2227
[21:02:43.587] [SEVERE ] setting player 1 freeze to 2226
[21:02:43.589] [SEVERE ] setting player 1 freeze to 2225
[21:02:43.591] [SEVERE ] setting player 1 freeze to 2224
[21:02:43.594] [SEVERE ] setting player 1 freeze to 2223
[21:02:43.596] [SEVERE ] setting player 1 freeze to 2222
[21:02:43.598] [SEVERE ] setting player 1 freeze to 2221
[21:02:43.600] [SEVERE ] setting player 1 freeze to 2220
[21:02:43.602] [SEVERE ] setting player 1 freeze to 2219
[21:02:43.604] [SEVERE ] setting player 1 freeze to 2218
[21:02:43.606] [SEVERE ] setting player 1 freeze to 2217
[21:02:43.608] [SEVERE ] setting player 1 freeze to 2216
[21:02:43.610] [SEVERE ] setting player 1 freeze to 2215
[21:02:43.612] [SEVERE ] setting player 1 freeze to 2214
[21:02:43.614] [SEVERE ] setting player 1 freeze to 2213
[21:02:43.616] [SEVERE ] setting player 1 freeze to 2212
[21:02:43.618] [SEVERE ] setting player 1 freeze to 2211
[21:02:43.620] [SEVERE ] setting player 1 freeze to 2210
[21:02:43.622] [SEVERE ] setting player 1 freeze to 2209
[21:02:43.625] [SEVERE ] setting player 1 freeze to 2208
[21:02:43.628] [SEVERE ] setting player 1 freeze to 2207
[21:02:43.630] [SEVERE ] setting player 1 freeze to 2206
[21:02:43.632] [SEVERE ] setting player 1 freeze to 2205
[21:02:43.635] [SEVERE ] setting player 1 freeze to 2204
[21:02:43.637] [SEVERE ] setting player 1 freeze to 2203
[21:02:43.641] [SEVERE ] setting player 1 freeze to 2202
[21:02:43.643] [SEVERE ] setting player 1 freeze to 2201
[21:02:43.645] [SEVERE ] setting player 1 freeze to 2200
[21:02:43.647] [SEVERE ] setting player 1 freeze to 2199
[21:02:43.649] [SEVERE ] setting player 1 freeze to 2198
[21:02:43.651] [SEVERE ] setting player 1 freeze to 2197
[21:02:43.653] [SEVERE ] setting player 1 freeze to 2196
[21:02:43.656] [SEVERE ] setting player 1 freeze to 2195
[21:02:43.658] [SEVERE ] setting player 1 freeze to 2194
[21:02:43.660] [SEVERE ] setting player 1 freeze to 2193
[21:02:43.663] [SEVERE ] setting player 1 freeze to 2192
[21:02:43.665] [SEVERE ] setting player 1 freeze to 2191
[21:02:43.667] [SEVERE ] setting player 1 freeze to 2190
[21:02:43.669] [SEVERE ] setting player 1 freeze to 2189
[21:02:43.671] [SEVERE ] setting player 1 freeze to 2188
[21:02:43.673] [SEVERE ] setting player 1 freeze to 2187
[21:02:43.675] [SEVERE ] setting player 1 freeze to 2186
[21:02:43.677] [SEVERE ] setting player 1 freeze to 2185
[21:02:43.680] [SEVERE ] setting player 1 freeze to 2184
[21:02:43.682] [SEVERE ] setting player 1 freeze to 2183
[21:02:43.684] [SEVERE ] setting player 1 freeze to 2182
[21:02:43.686] [SEVERE ] setting player 1 freeze to 2181
[21:02:43.688] [SEVERE ] setting player 1 freeze to 2180
[21:02:43.690] [SEVERE ] setting player 1 freeze to 2179
[21:02:43.692] [SEVERE ] setting player 1 freeze to 2178
[21:02:43.696] [SEVERE ] setting player 1 freeze to 2177
[21:02:43.698] [SEVERE ] setting player 1 freeze to 2176
[21:02:43.700] [SEVERE ] setting player 1 freeze to 2175
[21:02:43.702] [SEVERE ] setting player 1 freeze to 2174
[21:02:43.705] [SEVERE ] setting player 1 freeze to 2173
[21:02:43.707] [SEVERE ] setting player 1 freeze to 2172
[21:02:43.711] [SEVERE ] setting player 1 freeze to 2171
[21:02:43.713] [SEVERE ] setting player 1 freeze to 2170
[21:02:43.717] [SEVERE ] setting player 1 freeze to 2169
[21:02:43.719] [SEVERE ] setting player 1 freeze to 2168
[21:02:43.722] [SEVERE ] setting player 1 freeze to 2167
[21:02:43.724] [SEVERE ] setting player 1 freeze to 2166
[21:02:43.727] [SEVERE ] setting player 1 freeze to 2165
[21:02:43.730] [SEVERE ] setting player 1 freeze to 2164
[21:02:43.733] [SEVERE ] setting player 1 freeze to 2163
[21:02:43.736] [SEVERE ] setting player 1 freeze to 2162
[21:02:43.738] [SEVERE ] setting player 1 freeze to 2161
[21:02:43.741] [SEVERE ] setting player 1 freeze to 2160
[21:02:43.743] [SEVERE ] setting player 1 freeze to 2159
[21:02:43.745] [SEVERE ] setting player 1 freeze to 2158
[21:02:43.747] [SEVERE ] setting player 1 freeze to 2157
[21:02:43.751] [SEVERE ] setting player 1 freeze to 2156
[21:02:43.753] [SEVERE ] setting player 1 freeze to 2155
[21:02:43.756] [SEVERE ] setting player 1 freeze to 2154
[21:02:43.758] [SEVERE ] setting player 1 freeze to 2153
[21:02:43.761] [SEVERE ] setting player 1 freeze to 2152
[21:02:43.763] [SEVERE ] setting player 1 freeze to 2151
[21:02:43.765] [SEVERE ] setting player 1 freeze to 2150
[21:02:43.768] [SEVERE ] setting player 1 freeze to 2149
[21:02:43.770] [SEVERE ] setting player 1 freeze to 2148
[21:02:43.773] [SEVERE ] setting player 1 freeze to 2147
[21:02:43.775] [SEVERE ] setting player 1 freeze to 2146
[21:02:43.778] [SEVERE ] setting player 1 freeze to 2145
[21:02:43.781] [SEVERE ] setting player 1 freeze to 2144
[21:02:43.784] [SEVERE ] setting player 1 freeze to 2143
[21:02:43.786] [SEVERE ] setting player 1 freeze to 2142
[21:02:43.788] [SEVERE ] setting player 1 freeze to 2141
[21:02:43.792] [SEVERE ] setting player 1 freeze to 2140
[21:02:43.793] [SEVERE ] setting player 1 freeze to 2139
[21:02:43.795] [SEVERE ] setting player 1 freeze to 2138
[21:02:43.797] [SEVERE ] setting player 1 freeze to 2137
[21:02:43.799] [SEVERE ] setting player 1 freeze to 2136
[21:02:43.801] [SEVERE ] setting player 1 freeze to 2135
[21:02:43.804] [SEVERE ] setting player 1 freeze to 2134
[21:02:43.806] [SEVERE ] setting player 1 freeze to 2133
[21:02:43.808] [SEVERE ] setting player 1 freeze to 2132
[21:02:43.810] [SEVERE ] setting player 1 freeze to 2131
[21:02:43.812] [SEVERE ] setting player 1 freeze to 2130
[21:02:43.814] [SEVERE ] setting player 1 freeze to 2129
[21:02:43.816] [SEVERE ] setting player 1 freeze to 2128
[21:02:43.818] [SEVERE ] setting player 1 freeze to 2127
[21:02:43.820] [SEVERE ] setting player 1 freeze to 2126
[21:02:43.822] [SEVERE ] setting player 1 freeze to 2125
[21:02:43.825] [SEVERE ] setting player 1 freeze to 2124
[21:02:43.827] [SEVERE ] setting player 1 freeze to 2123
[21:02:43.828] [SEVERE ] setting player 1 freeze to 2122
[21:02:43.831] [SEVERE ] setting player 1 freeze to 2121
[21:02:43.833] [SEVERE ] setting player 1 freeze to 2120
[21:02:43.836] [SEVERE ] setting player 1 freeze to 2119
[21:02:43.838] [SEVERE ] setting player 1 freeze to 2118
[21:02:43.840] [SEVERE ] setting player 1 freeze to 2117
[21:02:43.842] [SEVERE ] setting player 1 freeze to 2116
[21:02:43.845] [SEVERE ] setting player 1 freeze to 2115
[21:02:43.847] [SEVERE ] setting player 1 freeze to 2114
[21:02:43.850] [SEVERE ] setting player 1 freeze to 2113
[21:02:43.852] [SEVERE ] setting player 1 freeze to 2112
[21:02:43.854] [SEVERE ] setting player 1 freeze to 2111
[21:02:43.857] [SEVERE ] setting player 1 freeze to 2110
[21:02:43.859] [SEVERE ] setting player 1 freeze to 2109
[21:02:43.861] [SEVERE ] setting player 1 freeze to 2108
[21:02:43.864] [SEVERE ] setting player 1 freeze to 2107
[21:02:43.866] [SEVERE ] setting player 1 freeze to 2106
[21:02:43.868] [SEVERE ] setting player 1 freeze to 2105
[21:02:43.870] [SEVERE ] setting player 1 freeze to 2104
[21:02:43.873] [SEVERE ] setting player 1 freeze to 2103
[21:02:43.875] [SEVERE ] setting player 1 freeze to 2102
[21:02:43.877] [SEVERE ] setting player 1 freeze to 2101
[21:02:43.880] [SEVERE ] setting player 1 freeze to 2100
[21:02:43.882] [SEVERE ] setting player 1 freeze to 2099
[21:02:43.884] [SEVERE ] setting player 1 freeze to 2098
[21:02:43.886] [SEVERE ] setting player 1 freeze to 2097
[21:02:43.888] [SEVERE ] setting player 1 freeze to 2096
[21:02:43.891] [SEVERE ] setting player 1 freeze to 2095
[21:02:43.893] [SEVERE ] setting player 1 freeze to 2094
[21:02:43.894] [SEVERE ] setting player 1 freeze to 2093
[21:02:43.896] [SEVERE ] setting player 1 freeze to 2092
[21:02:43.898] [SEVERE ] setting player 1 freeze to 2091
[21:02:43.900] [SEVERE ] setting player 1 freeze to 2090
[21:02:43.902] [SEVERE ] setting player 1 freeze to 2089
[21:02:43.905] [SEVERE ] setting player 1 freeze to 2088
[21:02:43.907] [SEVERE ] setting player 1 freeze to 2087
[21:02:43.909] [SEVERE ] setting player 1 freeze to 2086
[21:02:43.912] [SEVERE ] setting player 1 freeze to 2085
[21:02:43.914] [SEVERE ] setting player 1 freeze to 2084
[21:02:43.916] [SEVERE ] setting player 1 freeze to 2083
[21:02:43.918] [SEVERE ] setting player 1 freeze to 2082
[21:02:43.920] [SEVERE ] setting player 1 freeze to 2081
[21:02:43.923] [SEVERE ] setting player 1 freeze to 2080
[21:02:43.925] [SEVERE ] setting player 1 freeze to 2079
[21:02:43.927] [SEVERE ] setting player 1 freeze to 2078
[21:02:43.929] [SEVERE ] setting player 1 freeze to 2077
[21:02:43.931] [SEVERE ] setting player 1 freeze to 2076
[21:02:43.933] [SEVERE ] setting player 1 freeze to 2075
[21:02:43.936] [SEVERE ] setting player 1 freeze to 2074
[21:02:43.939] [SEVERE ] setting player 1 freeze to 2073
[21:02:43.941] [SEVERE ] setting player 1 freeze to 2072
[21:02:43.943] [SEVERE ] setting player 1 freeze to 2071
[21:02:43.945] [SEVERE ] setting player 1 freeze to 2070
[21:02:43.947] [SEVERE ] setting player 1 freeze to 2069
[21:02:43.949] [SEVERE ] setting player 1 freeze to 2068
[21:02:43.951] [SEVERE ] setting player 1 freeze to 2067
[21:02:43.953] [SEVERE ] setting player 1 freeze to 2066
[21:02:43.955] [SEVERE ] setting player 1 freeze to 2065
[21:02:43.959] [SEVERE ] setting player 1 freeze to 2064
[21:02:43.962] [SEVERE ] setting player 1 freeze to 2063
[21:02:43.964] [SEVERE ] setting player 1 freeze to 2062
[21:02:43.966] [SEVERE ] setting player 1 freeze to 2061
[21:02:43.969] [SEVERE ] setting player 1 freeze to 2060
[21:02:43.972] [SEVERE ] setting player 1 freeze to 2059
[21:02:43.974] [SEVERE ] setting player 1 freeze to 2058
[21:02:43.976] [SEVERE ] setting player 1 freeze to 2057
[21:02:43.979] [SEVERE ] setting player 1 freeze to 2056
[21:02:43.982] [SEVERE ] setting player 1 freeze to 2055
[21:02:43.984] [SEVERE ] setting player 1 freeze to 2054
[21:02:43.986] [SEVERE ] setting player 1 freeze to 2053
[21:02:43.989] [SEVERE ] setting player 1 freeze to 2052
[21:02:43.991] [SEVERE ] setting player 1 freeze to 2051
[21:02:43.993] [SEVERE ] setting player 1 freeze to 2050
[21:02:43.997] [SEVERE ] setting player 1 freeze to 2049
[21:02:43.998] [SEVERE ] setting player 1 freeze to 2048
[21:02:44.000] [SEVERE ] setting player 1 freeze to 2047
[21:02:44.002] [SEVERE ] setting player 1 freeze to 2046
[21:02:44.006] [SEVERE ] setting player 1 freeze to 2045
[21:02:44.009] [SEVERE ] setting player 1 freeze to 2044
[21:02:44.012] [SEVERE ] setting player 1 freeze to 2043
[21:02:44.015] [SEVERE ] setting player 1 freeze to 2042
[21:02:44.019] [SEVERE ] setting player 1 freeze to 2041
[21:02:44.021] [SEVERE ] setting player 1 freeze to 2040
[21:02:44.023] [SEVERE ] setting player 1 freeze to 2039
[21:02:44.025] [SEVERE ] setting player 1 freeze to 2038
[21:02:44.027] [SEVERE ] setting player 1 freeze to 2037
[21:02:44.030] [SEVERE ] setting player 1 freeze to 2036
[21:02:44.032] [SEVERE ] setting player 1 freeze to 2035
[21:02:44.035] [SEVERE ] setting player 1 freeze to 2034
[21:02:44.037] [SEVERE ] setting player 1 freeze to 2033
[21:02:44.041] [SEVERE ] setting player 1 freeze to 2032
[21:02:44.044] [SEVERE ] setting player 1 freeze to 2031
[21:02:44.046] [SEVERE ] setting player 1 freeze to 2030
[21:02:44.049] [SEVERE ] setting player 1 freeze to 2029
[21:02:44.052] [SEVERE ] setting player 1 freeze to 2028
[21:02:44.056] [SEVERE ] setting player 1 freeze to 2027
[21:02:44.058] [SEVERE ] setting player 1 freeze to 2026
[21:02:44.060] [SEVERE ] setting player 1 freeze to 2025
[21:02:44.062] [SEVERE ] setting player 1 freeze to 2024
[21:02:44.064] [SEVERE ] setting player 1 freeze to 2023
[21:02:44.066] [SEVERE ] setting player 1 freeze to 2022
[21:02:44.069] [SEVERE ] setting player 1 freeze to 2021
[21:02:44.071] [SEVERE ] setting player 1 freeze to 2020
[21:02:44.073] [SEVERE ] setting player 1 freeze to 2019
[21:02:44.075] [SEVERE ] setting player 1 freeze to 2018
[21:02:44.077] [SEVERE ] setting player 1 freeze to 2017
[21:02:44.079] [SEVERE ] setting player 1 freeze to 2016
[21:02:44.082] [SEVERE ] setting player 1 freeze to 2015
[21:02:44.086] [SEVERE ] setting player 1 freeze to 2014
[21:02:44.088] [SEVERE ] setting player 1 freeze to 2013
[21:02:44.091] [SEVERE ] setting player 1 freeze to 2012
[21:02:44.093] [SEVERE ] setting player 1 freeze to 2011
[21:02:44.095] [SEVERE ] setting player 1 freeze to 2010
[21:02:44.097] [SEVERE ] setting player 1 freeze to 2009
[21:02:44.098] [SEVERE ] setting player 1 freeze to 2008
[21:02:44.100] [SEVERE ] setting player 1 freeze to 2007
[21:02:44.102] [SEVERE ] setting player 1 freeze to 2006
[21:02:44.105] [SEVERE ] setting player 1 freeze to 2005
[21:02:44.108] [SEVERE ] setting player 1 freeze to 2004
[21:02:44.111] [SEVERE ] setting player 1 freeze to 2003
[21:02:44.114] [SEVERE ] setting player 1 freeze to 2002
[21:02:44.116] [SEVERE ] setting player 1 freeze to 2001
[21:02:44.118] [SEVERE ] setting player 1 freeze to 2000
[21:02:44.120] [SEVERE ] setting player 1 freeze to 1999
[21:02:44.123] [SEVERE ] setting player 1 freeze to 1998
[21:02:44.125] [SEVERE ] setting player 1 freeze to 1997
[21:02:44.127] [SEVERE ] setting player 1 freeze to 1996
[21:02:44.129] [SEVERE ] setting player 1 freeze to 1995
[21:02:44.132] [SEVERE ] setting player 1 freeze to 1994
[21:02:44.136] [SEVERE ] setting player 1 freeze to 1993
[21:02:44.138] [SEVERE ] setting player 1 freeze to 1992
[21:02:44.140] [SEVERE ] setting player 1 freeze to 1991
[21:02:44.142] [SEVERE ] setting player 1 freeze to 1990
[21:02:44.146] [SEVERE ] setting player 1 freeze to 1989
[21:02:44.149] [SEVERE ] setting player 1 freeze to 1988
[21:02:44.151] [SEVERE ] setting player 1 freeze to 1987
[21:02:44.153] [SEVERE ] setting player 1 freeze to 1986
[21:02:44.156] [SEVERE ] setting player 1 freeze to 1985
[21:02:44.158] [SEVERE ] setting player 1 freeze to 1984
[21:02:44.159] [SEVERE ] setting player 1 freeze to 1983
[21:02:44.163] [SEVERE ] setting player 1 freeze to 1982
[21:02:44.164] [SEVERE ] setting player 1 freeze to 1981
[21:02:44.166] [SEVERE ] setting player 1 freeze to 1980
[21:02:44.168] [SEVERE ] setting player 1 freeze to 1979
[21:02:44.171] [SEVERE ] setting player 1 freeze to 1978
[21:02:44.174] [SEVERE ] setting player 1 freeze to 1977
[21:02:44.177] [SEVERE ] setting player 1 freeze to 1976
[21:02:44.181] [SEVERE ] setting player 1 freeze to 1975
[21:02:44.183] [SEVERE ] setting player 1 freeze to 1974
[21:02:44.185] [SEVERE ] setting player 1 freeze to 1973
[21:02:44.188] [SEVERE ] setting player 1 freeze to 1972
[21:02:44.191] [SEVERE ] setting player 1 freeze to 1971
[21:02:44.193] [SEVERE ] setting player 1 freeze to 1970
[21:02:44.195] [SEVERE ] setting player 1 freeze to 1969
[21:02:44.197] [SEVERE ] setting player 1 freeze to 1968
[21:02:44.201] [SEVERE ] setting player 1 freeze to 1967
[21:02:44.203] [SEVERE ] setting player 1 freeze to 1966
[21:02:44.205] [SEVERE ] setting player 1 freeze to 1965
[21:02:44.208] [SEVERE ] setting player 1 freeze to 1964
[21:02:44.210] [SEVERE ] setting player 1 freeze to 1963
[21:02:44.213] [SEVERE ] setting player 1 freeze to 1962
[21:02:44.215] [SEVERE ] setting player 1 freeze to 1961
[21:02:44.218] [SEVERE ] setting player 1 freeze to 1960
[21:02:44.221] [SEVERE ] setting player 1 freeze to 1959
[21:02:44.223] [SEVERE ] setting player 1 freeze to 1958
[21:02:44.226] [SEVERE ] setting player 1 freeze to 1957
[21:02:44.227] [SEVERE ] setting player 1 freeze to 1956
[21:02:44.229] [SEVERE ] setting player 1 freeze to 1955
[21:02:44.231] [SEVERE ] setting player 1 freeze to 1954
[21:02:44.233] [SEVERE ] setting player 1 freeze to 1953
[21:02:44.235] [SEVERE ] setting player 1 freeze to 1952
[21:02:44.239] [SEVERE ] setting player 1 freeze to 1951
[21:02:44.242] [SEVERE ] setting player 1 freeze to 1950
[21:02:44.244] [SEVERE ] setting player 1 freeze to 1949
[21:02:44.246] [SEVERE ] setting player 1 freeze to 1948
[21:02:44.250] [SEVERE ] setting player 1 freeze to 1947
[21:02:44.253] [SEVERE ] setting player 1 freeze to 1946
[21:02:44.256] [SEVERE ] setting player 1 freeze to 1945
[21:02:44.259] [SEVERE ] setting player 1 freeze to 1944
[21:02:44.261] [SEVERE ] setting player 1 freeze to 1943
[21:02:44.263] [SEVERE ] setting player 1 freeze to 1942
[21:02:44.265] [SEVERE ] setting player 1 freeze to 1941
[21:02:44.268] [SEVERE ] setting player 1 freeze to 1940
[21:02:44.270] [SEVERE ] setting player 1 freeze to 1939
[21:02:44.272] [SEVERE ] setting player 1 freeze to 1938
[21:02:44.276] [SEVERE ] setting player 1 freeze to 1937
[21:02:44.279] [SEVERE ] setting player 1 freeze to 1936
[21:02:44.281] [SEVERE ] setting player 1 freeze to 1935
[21:02:44.283] [SEVERE ] setting player 1 freeze to 1934
[21:02:44.285] [SEVERE ] setting player 1 freeze to 1933
[21:02:44.286] [SEVERE ] setting player 1 freeze to 1932
[21:02:44.289] [SEVERE ] setting player 1 freeze to 1931
[21:02:44.291] [SEVERE ] setting player 1 freeze to 1930
[21:02:44.293] [SEVERE ] setting player 1 freeze to 1929
[21:02:44.295] [SEVERE ] setting player 1 freeze to 1928
[21:02:44.297] [SEVERE ] setting player 1 freeze to 1927
[21:02:44.299] [SEVERE ] setting player 1 freeze to 1926
[21:02:44.302] [SEVERE ] setting player 1 freeze to 1925
[21:02:44.306] [SEVERE ] setting player 1 freeze to 1924
[21:02:44.308] [SEVERE ] setting player 1 freeze to 1923
[21:02:44.311] [SEVERE ] setting player 1 freeze to 1922
[21:02:44.313] [SEVERE ] setting player 1 freeze to 1921
[21:02:44.316] [SEVERE ] setting player 1 freeze to 1920
[21:02:44.318] [SEVERE ] setting player 1 freeze to 1919
[21:02:44.322] [SEVERE ] setting player 1 freeze to 1918
[21:02:44.324] [SEVERE ] setting player 1 freeze to 1917
[21:02:44.327] [SEVERE ] setting player 1 freeze to 1916
[21:02:44.328] [SEVERE ] setting player 1 freeze to 1915
