[15:31:36.910] [INFO   ] thread main starting.
[15:31:36.920] [SEVERE ] cannot read configuration file config.properties trying from resources.
[15:31:36.923] [SEVERE ] configuration file was loaded from resources directory.
[15:31:37.794] [INFO   ] thread dealer starting.
[15:31:37.796] [INFO   ] thread dealer starting.
[15:31:37.798] [INFO   ] thread player0Thread starting.
[15:31:37.798] [INFO   ] thread player1Thread starting.
[15:31:37.986] [SEVERE ] placing card 49 in slot 5
[15:31:38.096] [SEVERE ] placing card 64 in slot 0
[15:31:38.204] [SEVERE ] placing card 19 in slot 11
[15:31:38.330] [SEVERE ] placing card 2 in slot 1
[15:31:38.439] [SEVERE ] placing card 75 in slot 6
[15:31:38.551] [SEVERE ] placing card 43 in slot 3
[15:31:38.659] [SEVERE ] placing card 67 in slot 10
[15:31:38.768] [SEVERE ] placing card 10 in slot 4
[15:31:38.877] [SEVERE ] placing card 65 in slot 2
[15:31:38.984] [SEVERE ] placing card 69 in slot 9
[15:31:39.093] [SEVERE ] placing card 5 in slot 8
[15:31:39.202] [SEVERE ] placing card 46 in slot 7
[15:32:43.967] [SEVERE ] updating countdown to 9223372036854775807
