[15:28:34.340] [INFO   ] thread main starting.
[15:28:34.348] [SEVERE ] cannot read configuration file config.properties trying from resources.
[15:28:34.351] [SEVERE ] configuration file was loaded from resources directory.
[15:28:35.221] [INFO   ] thread dealer starting.
[15:28:35.222] [INFO   ] thread dealer starting.
[15:28:35.223] [INFO   ] thread player0Thread starting.
[15:28:35.223] [INFO   ] thread player1Thread starting.
[15:28:35.342] [SEVERE ] placing card 37 in slot 7
[15:28:35.450] [SEVERE ] placing card 17 in slot 4
[15:28:35.557] [SEVERE ] placing card 34 in slot 0
[15:28:35.681] [SEVERE ] placing card 54 in slot 8
[15:28:35.793] [SEVERE ] placing card 19 in slot 2
[15:28:35.903] [SEVERE ] placing card 12 in slot 5
[15:28:36.015] [SEVERE ] placing card 48 in slot 6
[15:28:36.125] [SEVERE ] placing card 38 in slot 10
[15:28:36.235] [SEVERE ] placing card 11 in slot 9
[15:28:36.343] [SEVERE ] placing card 68 in slot 11
[15:28:36.450] [SEVERE ] placing card 31 in slot 3
[15:28:36.559] [SEVERE ] placing card 5 in slot 1
[15:28:36.572] [SEVERE ] updating countdown to 9223372036854775807
[15:28:36.575] [INFO   ] thread dealer terminated.
[15:28:37.573] [SEVERE ] updating countdown to 9223372036854775807
[15:28:38.577] [SEVERE ] updating countdown to 9223372036854775807
[15:28:39.592] [SEVERE ] updating countdown to 9223372036854775807
[15:28:40.598] [SEVERE ] updating countdown to 9223372036854775807
[15:28:41.578] [SEVERE ] thanks for playing... it was fun!
[15:28:41.578] [INFO   ] thread main terminated.
[15:28:41.578] [SEVERE ] disposing of user interface elements
[15:28:41.608] [SEVERE ] updating countdown to 9223372036854775807
[15:28:42.618] [SEVERE ] updating countdown to 9223372036854775807
[15:28:43.620] [SEVERE ] updating countdown to 9223372036854775807
[15:28:44.623] [SEVERE ] updating countdown to 9223372036854775807
[15:28:45.636] [SEVERE ] updating countdown to 9223372036854775807
[15:28:46.646] [SEVERE ] updating countdown to 9223372036854775807
[15:28:47.658] [SEVERE ] updating countdown to 9223372036854775807
[15:28:48.668] [SEVERE ] updating countdown to 9223372036854775807
[15:28:49.681] [SEVERE ] updating countdown to 9223372036854775807
[15:28:50.693] [SEVERE ] updating countdown to 9223372036854775807
[15:28:51.705] [SEVERE ] updating countdown to 9223372036854775807
[15:28:52.719] [SEVERE ] updating countdown to 9223372036854775807
[15:28:53.730] [SEVERE ] updating countdown to 9223372036854775807
[15:28:54.733] [SEVERE ] updating countdown to 9223372036854775807
[15:28:55.748] [SEVERE ] updating countdown to 9223372036854775807
[15:28:56.764] [SEVERE ] updating countdown to 9223372036854775807
[15:28:57.776] [SEVERE ] updating countdown to 9223372036854775807
[15:28:58.790] [SEVERE ] updating countdown to 9223372036854775807
[15:28:59.800] [SEVERE ] updating countdown to 9223372036854775807
[15:29:00.810] [SEVERE ] updating countdown to 9223372036854775807
[15:29:01.821] [SEVERE ] updating countdown to 9223372036854775807
[15:29:02.834] [SEVERE ] updating countdown to 9223372036854775807
[15:29:03.849] [SEVERE ] updating countdown to 9223372036854775807
[15:29:04.849] [SEVERE ] updating countdown to 9223372036854775807
[15:29:05.862] [SEVERE ] updating countdown to 9223372036854775807
[15:29:06.865] [SEVERE ] updating countdown to 9223372036854775807
[15:29:07.880] [SEVERE ] updating countdown to 9223372036854775807
[15:29:08.894] [SEVERE ] updating countdown to 9223372036854775807
[15:29:09.907] [SEVERE ] updating countdown to 9223372036854775807
[15:29:10.920] [SEVERE ] updating countdown to 9223372036854775807
[15:29:11.932] [SEVERE ] updating countdown to 9223372036854775807
[15:29:12.935] [SEVERE ] updating countdown to 9223372036854775807
[15:29:13.938] [SEVERE ] updating countdown to 9223372036854775807
[15:29:14.952] [SEVERE ] updating countdown to 9223372036854775807
[15:29:15.964] [SEVERE ] updating countdown to 9223372036854775807
[15:29:16.980] [SEVERE ] updating countdown to 9223372036854775807
[15:29:17.995] [SEVERE ] updating countdown to 9223372036854775807
[15:29:19.008] [SEVERE ] updating countdown to 9223372036854775807
[15:29:20.020] [SEVERE ] updating countdown to 9223372036854775807
[15:29:21.034] [SEVERE ] updating countdown to 9223372036854775807
[15:29:22.045] [SEVERE ] updating countdown to 9223372036854775807
[15:29:23.058] [SEVERE ] updating countdown to 9223372036854775807
[15:29:24.063] [SEVERE ] updating countdown to 9223372036854775807
[15:29:25.077] [SEVERE ] updating countdown to 9223372036854775807
[15:29:26.091] [SEVERE ] updating countdown to 9223372036854775807
[15:29:27.104] [SEVERE ] updating countdown to 9223372036854775807
[15:29:28.118] [SEVERE ] updating countdown to 9223372036854775807
[15:29:29.132] [SEVERE ] updating countdown to 9223372036854775807
[15:29:30.141] [SEVERE ] updating countdown to 9223372036854775807
[15:29:31.155] [SEVERE ] updating countdown to 9223372036854775807
[15:29:32.170] [SEVERE ] updating countdown to 9223372036854775807
[15:29:33.181] [SEVERE ] updating countdown to 9223372036854775807
[15:29:34.185] [SEVERE ] updating countdown to 9223372036854775807
[15:29:35.194] [SEVERE ] updating countdown to 9223372036854775807
[15:29:36.207] [SEVERE ] updating countdown to 9223372036854775807
[15:29:37.223] [SEVERE ] updating countdown to 9223372036854775807
[15:29:38.238] [SEVERE ] updating countdown to 9223372036854775807
[15:29:39.252] [SEVERE ] updating countdown to 9223372036854775807
[15:29:40.263] [SEVERE ] updating countdown to 9223372036854775807
[15:29:41.277] [SEVERE ] updating countdown to 9223372036854775807
[15:29:42.291] [SEVERE ] updating countdown to 9223372036854775807
[15:29:43.306] [SEVERE ] updating countdown to 9223372036854775807
[15:29:44.319] [SEVERE ] updating countdown to 9223372036854775807
[15:29:45.329] [SEVERE ] updating countdown to 9223372036854775807
[15:29:46.342] [SEVERE ] updating countdown to 9223372036854775807
[15:29:47.351] [SEVERE ] updating countdown to 9223372036854775807
[15:29:48.361] [SEVERE ] updating countdown to 9223372036854775807
[15:29:49.373] [SEVERE ] updating countdown to 9223372036854775807
[15:29:50.387] [SEVERE ] updating countdown to 9223372036854775807
[15:29:51.399] [SEVERE ] updating countdown to 9223372036854775807
[15:29:52.414] [SEVERE ] updating countdown to 9223372036854775807
[15:29:53.423] [SEVERE ] updating countdown to 9223372036854775807
[15:29:54.423] [SEVERE ] updating countdown to 9223372036854775807
[15:29:55.435] [SEVERE ] updating countdown to 9223372036854775807
[15:29:56.446] [SEVERE ] updating countdown to 9223372036854775807
[15:29:57.455] [SEVERE ] updating countdown to 9223372036854775807
[15:29:58.467] [SEVERE ] updating countdown to 9223372036854775807
[15:29:59.483] [SEVERE ] updating countdown to 9223372036854775807
[15:30:00.496] [SEVERE ] updating countdown to 9223372036854775807
[15:30:01.509] [SEVERE ] updating countdown to 9223372036854775807
[15:30:02.524] [SEVERE ] updating countdown to 9223372036854775807
[15:30:03.537] [SEVERE ] updating countdown to 9223372036854775807
[15:30:04.551] [SEVERE ] updating countdown to 9223372036854775807
[15:30:05.553] [SEVERE ] updating countdown to 9223372036854775807
[15:30:06.554] [SEVERE ] updating countdown to 9223372036854775807
[15:30:07.567] [SEVERE ] updating countdown to 9223372036854775807
[15:30:08.570] [SEVERE ] updating countdown to 9223372036854775807
[15:30:09.580] [SEVERE ] updating countdown to 9223372036854775807
[15:30:10.593] [SEVERE ] updating countdown to 9223372036854775807
[15:30:11.595] [SEVERE ] updating countdown to 9223372036854775807
[15:30:12.610] [SEVERE ] updating countdown to 9223372036854775807
[15:30:13.623] [SEVERE ] updating countdown to 9223372036854775807
[15:30:14.634] [SEVERE ] updating countdown to 9223372036854775807
[15:30:15.639] [SEVERE ] updating countdown to 9223372036854775807
[15:30:16.652] [SEVERE ] updating countdown to 9223372036854775807
[15:30:17.668] [SEVERE ] updating countdown to 9223372036854775807
[15:30:18.681] [SEVERE ] updating countdown to 9223372036854775807
