[15:34:23.817] [INFO   ] thread main starting.
[15:34:23.823] [SEVERE ] cannot read configuration file config.properties trying from resources.
[15:34:23.825] [SEVERE ] configuration file was loaded from resources directory.
[15:34:24.554] [INFO   ] thread dealer starting.
[15:34:24.555] [INFO   ] thread dealer starting.
[15:34:24.555] [INFO   ] thread player0Thread starting.
[15:34:24.556] [INFO   ] thread player1Thread starting.
[15:34:24.669] [SEVERE ] placing card 45 in slot 4
[15:34:24.776] [SEVERE ] placing card 78 in slot 1
[15:34:24.886] [SEVERE ] placing card 29 in slot 3
[15:34:25.010] [SEVERE ] placing card 52 in slot 11
[15:34:25.118] [SEVERE ] placing card 79 in slot 2
[15:34:25.227] [SEVERE ] placing card 70 in slot 5
[15:34:25.337] [SEVERE ] placing card 77 in slot 6
[15:34:25.448] [SEVERE ] placing card 36 in slot 10
[15:34:25.560] [SEVERE ] placing card 66 in slot 9
[15:34:25.672] [SEVERE ] placing card 71 in slot 7
[15:34:25.782] [SEVERE ] placing card 31 in slot 8
[15:34:25.892] [SEVERE ] placing card 27 in slot 0
[15:34:25.908] [SEVERE ] updating countdown to 60000
[15:34:26.922] [SEVERE ] updating countdown to 60000
[15:34:27.933] [SEVERE ] updating countdown to 60000
[15:34:28.933] [SEVERE ] updating countdown to 60000
[15:34:29.934] [SEVERE ] updating countdown to 60000
[15:34:30.233] [SEVERE ] exit button pressed
