[15:34:04.447] [INFO   ] thread main starting.
[15:34:04.453] [SEVERE ] cannot read configuration file config.properties trying from resources.
[15:34:04.455] [SEVERE ] configuration file was loaded from resources directory.
[15:34:05.257] [INFO   ] thread dealer starting.
[15:34:05.258] [INFO   ] thread dealer starting.
[15:34:05.259] [INFO   ] thread player0Thread starting.
[15:34:05.259] [INFO   ] thread player1Thread starting.
[15:34:05.370] [SEVERE ] placing card 13 in slot 10
[15:34:05.480] [SEVERE ] placing card 50 in slot 4
[15:34:05.588] [SEVERE ] placing card 15 in slot 7
[15:34:05.697] [SEVERE ] placing card 25 in slot 6
[15:34:05.806] [SEVERE ] placing card 40 in slot 1
[15:34:05.915] [SEVERE ] placing card 64 in slot 0
[15:34:06.025] [SEVERE ] placing card 0 in slot 8
[15:34:06.136] [SEVERE ] placing card 34 in slot 2
[15:34:06.246] [SEVERE ] placing card 4 in slot 5
[15:34:06.355] [SEVERE ] placing card 76 in slot 11
[15:34:06.467] [SEVERE ] placing card 47 in slot 9
[15:34:06.579] [SEVERE ] placing card 68 in slot 3
[15:34:06.590] [SEVERE ] updating countdown to 60000
[15:34:07.604] [SEVERE ] updating countdown to 60000
[15:34:08.619] [SEVERE ] updating countdown to 60000
[15:34:09.633] [SEVERE ] updating countdown to 60000
[15:34:10.645] [SEVERE ] updating countdown to 60000
[15:34:11.648] [SEVERE ] updating countdown to 60000
[15:34:12.651] [SEVERE ] updating countdown to 60000
[15:34:13.657] [SEVERE ] updating countdown to 60000
[15:34:14.657] [SEVERE ] updating countdown to 60000
[15:34:15.670] [SEVERE ] updating countdown to 60000
[15:34:16.685] [SEVERE ] updating countdown to 60000
[15:34:17.699] [SEVERE ] updating countdown to 60000
