[23:39:36.001] [INFO   ] thread main starting.
[23:39:36.008] [SEVERE ] cannot read configuration file config.properties trying from resources.
[23:39:36.010] [SEVERE ] configuration file was loaded from resources directory.
[23:39:36.673] [INFO   ] thread dealer starting.
[23:39:36.674] [INFO   ] thread dealer starting.
[23:39:36.675] [INFO   ] thread player0Thread starting.
[23:39:36.675] [INFO   ] thread player1Thread starting.
[23:39:36.789] [SEVERE ] placing card 24 in slot 1
[23:39:36.928] [SEVERE ] placing card 70 in slot 3
[23:39:37.034] [SEVERE ] placing card 8 in slot 4
[23:39:37.158] [SEVERE ] placing card 37 in slot 0
[23:39:37.268] [SEVERE ] placing card 72 in slot 6
[23:39:37.377] [SEVERE ] placing card 63 in slot 11
[23:39:37.485] [SEVERE ] placing card 52 in slot 2
[23:39:37.593] [SEVERE ] placing card 58 in slot 7
[23:39:37.701] [SEVERE ] placing card 74 in slot 10
[23:39:37.811] [SEVERE ] placing card 18 in slot 9
[23:39:37.920] [SEVERE ] placing card 79 in slot 5
[23:39:38.031] [SEVERE ] placing card 22 in slot 8
[23:39:38.037] [SEVERE ] updating countdown to 60000
[23:39:39.043] [SEVERE ] updating countdown to 59000
[23:39:40.056] [SEVERE ] updating countdown to 58000
[23:39:40.262] [SEVERE ] exit button pressed
[23:39:40.262] [INFO   ] thread player1Thread terminated.
[23:39:40.262] [INFO   ] thread player0Thread terminated.
[23:39:40.264] [SEVERE ] removing player 1 token from slot 5
[23:39:40.264] [SEVERE ] removing player 2 token from slot 5
[23:39:40.366] [SEVERE ] removing card from slot 5
[23:39:40.367] [SEVERE ] removing player 1 token from slot 9
[23:39:40.368] [SEVERE ] removing player 2 token from slot 9
[23:39:40.476] [SEVERE ] removing card from slot 9
[23:39:40.477] [SEVERE ] removing player 1 token from slot 10
[23:39:40.477] [SEVERE ] removing player 2 token from slot 10
[23:39:40.586] [SEVERE ] removing card from slot 10
[23:39:40.587] [SEVERE ] removing player 1 token from slot 3
[23:39:40.587] [SEVERE ] removing player 2 token from slot 3
[23:39:40.696] [SEVERE ] removing card from slot 3
[23:39:40.696] [SEVERE ] removing player 1 token from slot 0
[23:39:40.696] [SEVERE ] removing player 2 token from slot 0
[23:39:40.803] [SEVERE ] removing card from slot 0
[23:39:40.803] [SEVERE ] removing player 1 token from slot 1
[23:39:40.803] [SEVERE ] removing player 2 token from slot 1
[23:39:40.913] [SEVERE ] removing card from slot 1
[23:39:40.913] [SEVERE ] removing player 1 token from slot 8
[23:39:40.913] [SEVERE ] removing player 2 token from slot 8
[23:39:41.022] [SEVERE ] removing card from slot 8
[23:39:41.022] [SEVERE ] removing player 1 token from slot 11
[23:39:41.022] [SEVERE ] removing player 2 token from slot 11
[23:39:41.130] [SEVERE ] removing card from slot 11
[23:39:41.131] [SEVERE ] removing player 1 token from slot 4
[23:39:41.131] [SEVERE ] removing player 2 token from slot 4
[23:39:41.241] [SEVERE ] removing card from slot 4
[23:39:41.241] [SEVERE ] removing player 1 token from slot 7
[23:39:41.241] [SEVERE ] removing player 2 token from slot 7
[23:39:41.351] [SEVERE ] removing card from slot 7
[23:39:41.351] [SEVERE ] removing player 1 token from slot 6
[23:39:41.351] [SEVERE ] removing player 2 token from slot 6
[23:39:41.459] [SEVERE ] removing card from slot 6
[23:39:41.459] [SEVERE ] removing player 1 token from slot 2
[23:39:41.459] [SEVERE ] removing player 2 token from slot 2
[23:39:41.565] [SEVERE ] removing card from slot 2
[23:39:41.565] [INFO   ] thread dealer terminated.
[23:39:41.565] [INFO   ] thread dealer terminated.
[23:39:41.565] [SEVERE ] thanks for playing... it was fun!
[23:39:41.566] [INFO   ] thread main terminated.
