[15:05:25.058] [INFO   ] thread main starting.
[15:05:25.091] [SEVERE ] cannot read configuration file config.properties trying from resources.
[15:05:25.105] [SEVERE ] configuration file was loaded from resources directory.
[15:05:26.119] [INFO   ] thread dealer starting.
[15:05:26.122] [INFO   ] thread dealer starting.
[15:05:26.126] [INFO   ] thread player0Thread starting.
[15:05:26.126] [INFO   ] thread player1Thread starting.
[15:05:26.245] [SEVERE ] placing card 33 in slot 6
[15:05:26.353] [SEVERE ] placing card 64 in slot 4
[15:05:26.461] [SEVERE ] placing card 50 in slot 10
[15:05:26.587] [SEVERE ] placing card 61 in slot 7
[15:05:26.695] [SEVERE ] placing card 49 in slot 5
[15:05:26.803] [SEVERE ] placing card 44 in slot 0
[15:05:26.913] [SEVERE ] placing card 8 in slot 11
[15:05:27.022] [SEVERE ] placing card 76 in slot 8
[15:05:27.134] [SEVERE ] placing card 36 in slot 9
[15:05:27.246] [SEVERE ] placing card 80 in slot 1
[15:05:27.357] [SEVERE ] placing card 59 in slot 3
[15:05:27.466] [SEVERE ] placing card 31 in slot 2
[15:05:27.481] [INFO   ] thread dealer terminated.
[15:05:32.490] [SEVERE ] thanks for playing... it was fun!
[15:05:32.490] [INFO   ] thread main terminated.
[15:05:32.491] [SEVERE ] disposing of user interface elements
