[21:03:22.242] [INFO   ] thread main starting.
[21:03:22.249] [SEVERE ] cannot read configuration file config.properties trying from resources.
[21:03:22.251] [SEVERE ] configuration file was loaded from resources directory.
[21:03:22.968] [INFO   ] thread dealer starting.
[21:03:22.970] [INFO   ] thread dealer starting.
[21:03:22.970] [INFO   ] thread player0Thread starting.
[21:03:22.970] [INFO   ] thread player1Thread starting.
[21:03:23.084] [SEVERE ] placing card 38 in slot 4
[21:03:23.190] [SEVERE ] placing card 55 in slot 2
[21:03:23.299] [SEVERE ] placing card 26 in slot 11
[21:03:23.410] [SEVERE ] placing card 11 in slot 10
[21:03:23.516] [SEVERE ] placing card 22 in slot 6
[21:03:23.626] [SEVERE ] placing card 23 in slot 3
[21:03:23.735] [SEVERE ] placing card 74 in slot 7
[21:03:23.845] [SEVERE ] placing card 25 in slot 1
[21:03:23.953] [SEVERE ] placing card 29 in slot 0
[21:03:24.065] [SEVERE ] placing card 30 in slot 9
[21:03:24.175] [SEVERE ] placing card 53 in slot 5
[21:03:24.285] [SEVERE ] placing card 39 in slot 8
[21:03:24.302] [SEVERE ] updating countdown to 60000
[21:03:25.298] [SEVERE ] key 65 was pressed by player 1
[21:03:25.299] [SEVERE ] player 1 placing token on slot 4
[21:03:25.364] [SEVERE ] key 83 was pressed by player 1
[21:03:25.366] [SEVERE ] player 1 placing token on slot 5
[21:03:25.500] [SEVERE ] key 68 was pressed by player 1
[21:03:25.501] [SEVERE ] player 1 placing token on slot 6
[21:03:25.501] [SEVERE ] setting player 1 freeze to 3000
[21:03:25.503] [SEVERE ] setting player 1 freeze to 2999
[21:03:25.505] [SEVERE ] setting player 1 freeze to 2998
[21:03:25.508] [SEVERE ] setting player 1 freeze to 2997
[21:03:25.510] [SEVERE ] setting player 1 freeze to 2996
[21:03:25.513] [SEVERE ] setting player 1 freeze to 2995
[21:03:25.515] [SEVERE ] setting player 1 freeze to 2994
[21:03:25.519] [SEVERE ] setting player 1 freeze to 2993
[21:03:25.522] [SEVERE ] setting player 1 freeze to 2992
[21:03:25.524] [SEVERE ] setting player 1 freeze to 2991
[21:03:25.526] [SEVERE ] setting player 1 freeze to 2990
[21:03:25.529] [SEVERE ] setting player 1 freeze to 2989
[21:03:25.532] [SEVERE ] setting player 1 freeze to 2988
[21:03:25.535] [SEVERE ] setting player 1 freeze to 2987
[21:03:25.538] [SEVERE ] setting player 1 freeze to 2986
[21:03:25.540] [SEVERE ] setting player 1 freeze to 2985
[21:03:25.542] [SEVERE ] setting player 1 freeze to 2984
[21:03:25.544] [SEVERE ] setting player 1 freeze to 2983
[21:03:25.548] [SEVERE ] setting player 1 freeze to 2982
[21:03:25.551] [SEVERE ] setting player 1 freeze to 2981
[21:03:25.553] [SEVERE ] setting player 1 freeze to 2980
[21:03:25.556] [SEVERE ] setting player 1 freeze to 2979
[21:03:25.559] [SEVERE ] setting player 1 freeze to 2978
[21:03:25.562] [SEVERE ] setting player 1 freeze to 2977
[21:03:25.565] [SEVERE ] setting player 1 freeze to 2976
[21:03:25.567] [SEVERE ] setting player 1 freeze to 2975
[21:03:25.569] [SEVERE ] setting player 1 freeze to 2974
[21:03:25.571] [SEVERE ] setting player 1 freeze to 2973
[21:03:25.573] [SEVERE ] setting player 1 freeze to 2972
[21:03:25.576] [SEVERE ] setting player 1 freeze to 2971
[21:03:25.578] [SEVERE ] setting player 1 freeze to 2970
[21:03:25.581] [SEVERE ] setting player 1 freeze to 2969
[21:03:25.583] [SEVERE ] setting player 1 freeze to 2968
[21:03:25.585] [SEVERE ] setting player 1 freeze to 2967
[21:03:25.588] [SEVERE ] setting player 1 freeze to 2966
[21:03:25.590] [SEVERE ] setting player 1 freeze to 2965
[21:03:25.592] [SEVERE ] setting player 1 freeze to 2964
[21:03:25.595] [SEVERE ] setting player 1 freeze to 2963
[21:03:25.597] [SEVERE ] setting player 1 freeze to 2962
[21:03:25.600] [SEVERE ] setting player 1 freeze to 2961
[21:03:25.603] [SEVERE ] setting player 1 freeze to 2960
[21:03:25.606] [SEVERE ] setting player 1 freeze to 2959
[21:03:25.608] [SEVERE ] setting player 1 freeze to 2958
[21:03:25.611] [SEVERE ] setting player 1 freeze to 2957
[21:03:25.614] [SEVERE ] setting player 1 freeze to 2956
[21:03:25.616] [SEVERE ] setting player 1 freeze to 2955
[21:03:25.618] [SEVERE ] setting player 1 freeze to 2954
[21:03:25.621] [SEVERE ] setting player 1 freeze to 2953
[21:03:25.624] [SEVERE ] setting player 1 freeze to 2952
[21:03:25.628] [SEVERE ] setting player 1 freeze to 2951
[21:03:25.631] [SEVERE ] setting player 1 freeze to 2950
[21:03:25.633] [SEVERE ] setting player 1 freeze to 2949
[21:03:25.635] [SEVERE ] setting player 1 freeze to 2948
[21:03:25.637] [SEVERE ] setting player 1 freeze to 2947
[21:03:25.639] [SEVERE ] setting player 1 freeze to 2946
[21:03:25.642] [SEVERE ] setting player 1 freeze to 2945
[21:03:25.645] [SEVERE ] setting player 1 freeze to 2944
[21:03:25.647] [SEVERE ] setting player 1 freeze to 2943
[21:03:25.658] [SEVERE ] setting player 1 freeze to 2942
[21:03:25.661] [SEVERE ] setting player 1 freeze to 2941
[21:03:25.663] [SEVERE ] setting player 1 freeze to 2940
[21:03:25.665] [SEVERE ] setting player 1 freeze to 2939
[21:03:25.669] [SEVERE ] setting player 1 freeze to 2938
[21:03:25.671] [SEVERE ] setting player 1 freeze to 2937
[21:03:25.674] [SEVERE ] setting player 1 freeze to 2936
[21:03:25.676] [SEVERE ] setting player 1 freeze to 2935
[21:03:25.678] [SEVERE ] setting player 1 freeze to 2934
[21:03:25.680] [SEVERE ] setting player 1 freeze to 2933
[21:03:25.682] [SEVERE ] setting player 1 freeze to 2932
[21:03:25.685] [SEVERE ] setting player 1 freeze to 2931
[21:03:25.688] [SEVERE ] setting player 1 freeze to 2930
[21:03:25.690] [SEVERE ] setting player 1 freeze to 2929
[21:03:25.693] [SEVERE ] setting player 1 freeze to 2928
[21:03:25.696] [SEVERE ] setting player 1 freeze to 2927
[21:03:25.699] [SEVERE ] setting player 1 freeze to 2926
[21:03:25.701] [SEVERE ] setting player 1 freeze to 2925
[21:03:25.703] [SEVERE ] setting player 1 freeze to 2924
[21:03:25.706] [SEVERE ] setting player 1 freeze to 2923
[21:03:25.709] [SEVERE ] setting player 1 freeze to 2922
[21:03:25.712] [SEVERE ] setting player 1 freeze to 2921
[21:03:25.715] [SEVERE ] setting player 1 freeze to 2920
[21:03:25.717] [SEVERE ] setting player 1 freeze to 2919
[21:03:25.720] [SEVERE ] setting player 1 freeze to 2918
[21:03:25.723] [SEVERE ] setting player 1 freeze to 2917
[21:03:25.725] [SEVERE ] setting player 1 freeze to 2916
[21:03:25.727] [SEVERE ] setting player 1 freeze to 2915
[21:03:25.730] [SEVERE ] setting player 1 freeze to 2914
[21:03:25.732] [SEVERE ] setting player 1 freeze to 2913
[21:03:25.735] [SEVERE ] setting player 1 freeze to 2912
[21:03:25.737] [SEVERE ] setting player 1 freeze to 2911
[21:03:25.740] [SEVERE ] setting player 1 freeze to 2910
[21:03:25.743] [SEVERE ] setting player 1 freeze to 2909
[21:03:25.745] [SEVERE ] setting player 1 freeze to 2908
[21:03:25.746] [SEVERE ] setting player 1 freeze to 2907
[21:03:25.749] [SEVERE ] setting player 1 freeze to 2906
[21:03:25.752] [SEVERE ] setting player 1 freeze to 2905
[21:03:25.754] [SEVERE ] setting player 1 freeze to 2904
[21:03:25.757] [SEVERE ] setting player 1 freeze to 2903
[21:03:25.760] [SEVERE ] setting player 1 freeze to 2902
[21:03:25.763] [SEVERE ] setting player 1 freeze to 2901
[21:03:25.767] [SEVERE ] setting player 1 freeze to 2900
[21:03:25.769] [SEVERE ] setting player 1 freeze to 2899
[21:03:25.771] [SEVERE ] setting player 1 freeze to 2898
[21:03:25.772] [SEVERE ] setting player 1 freeze to 2897
[21:03:25.774] [SEVERE ] setting player 1 freeze to 2896
[21:03:25.777] [SEVERE ] setting player 1 freeze to 2895
[21:03:25.780] [SEVERE ] setting player 1 freeze to 2894
[21:03:25.782] [SEVERE ] setting player 1 freeze to 2893
[21:03:25.785] [SEVERE ] setting player 1 freeze to 2892
[21:03:25.788] [SEVERE ] setting player 1 freeze to 2891
[21:03:25.790] [SEVERE ] setting player 1 freeze to 2890
[21:03:25.792] [SEVERE ] setting player 1 freeze to 2889
[21:03:25.794] [SEVERE ] setting player 1 freeze to 2888
[21:03:25.797] [SEVERE ] setting player 1 freeze to 2887
[21:03:25.799] [SEVERE ] setting player 1 freeze to 2886
[21:03:25.801] [SEVERE ] setting player 1 freeze to 2885
[21:03:25.804] [SEVERE ] setting player 1 freeze to 2884
[21:03:25.806] [SEVERE ] setting player 1 freeze to 2883
[21:03:25.807] [SEVERE ] setting player 1 freeze to 2882
[21:03:25.809] [SEVERE ] setting player 1 freeze to 2881
[21:03:25.812] [SEVERE ] setting player 1 freeze to 2880
[21:03:25.815] [SEVERE ] setting player 1 freeze to 2879
[21:03:25.817] [SEVERE ] setting player 1 freeze to 2878
[21:03:25.819] [SEVERE ] setting player 1 freeze to 2877
[21:03:25.822] [SEVERE ] setting player 1 freeze to 2876
[21:03:25.824] [SEVERE ] setting player 1 freeze to 2875
[21:03:25.826] [SEVERE ] setting player 1 freeze to 2874
[21:03:25.828] [SEVERE ] setting player 1 freeze to 2873
[21:03:25.830] [SEVERE ] setting player 1 freeze to 2872
[21:03:25.832] [SEVERE ] setting player 1 freeze to 2871
[21:03:25.834] [SEVERE ] setting player 1 freeze to 2870
[21:03:25.836] [SEVERE ] setting player 1 freeze to 2869
[21:03:25.838] [SEVERE ] setting player 1 freeze to 2868
[21:03:25.841] [SEVERE ] setting player 1 freeze to 2867
[21:03:25.843] [SEVERE ] setting player 1 freeze to 2866
[21:03:25.845] [SEVERE ] setting player 1 freeze to 2865
[21:03:25.848] [SEVERE ] setting player 1 freeze to 2864
[21:03:25.850] [SEVERE ] setting player 1 freeze to 2863
[21:03:25.853] [SEVERE ] setting player 1 freeze to 2862
[21:03:25.856] [SEVERE ] setting player 1 freeze to 2861
[21:03:25.859] [SEVERE ] setting player 1 freeze to 2860
[21:03:25.862] [SEVERE ] setting player 1 freeze to 2859
[21:03:25.864] [SEVERE ] setting player 1 freeze to 2858
[21:03:25.867] [SEVERE ] setting player 1 freeze to 2857
[21:03:25.870] [SEVERE ] setting player 1 freeze to 2856
[21:03:25.873] [SEVERE ] setting player 1 freeze to 2855
[21:03:25.875] [SEVERE ] setting player 1 freeze to 2854
[21:03:25.878] [SEVERE ] setting player 1 freeze to 2853
[21:03:25.881] [SEVERE ] setting player 1 freeze to 2852
[21:03:25.883] [SEVERE ] setting player 1 freeze to 2851
[21:03:25.886] [SEVERE ] setting player 1 freeze to 2850
[21:03:25.889] [SEVERE ] setting player 1 freeze to 2849
[21:03:25.891] [SEVERE ] setting player 1 freeze to 2848
[21:03:25.893] [SEVERE ] setting player 1 freeze to 2847
[21:03:25.896] [SEVERE ] setting player 1 freeze to 2846
[21:03:25.897] [SEVERE ] setting player 1 freeze to 2845
[21:03:25.899] [SEVERE ] setting player 1 freeze to 2844
[21:03:25.901] [SEVERE ] setting player 1 freeze to 2843
[21:03:25.903] [SEVERE ] setting player 1 freeze to 2842
[21:03:25.905] [SEVERE ] setting player 1 freeze to 2841
[21:03:25.907] [SEVERE ] setting player 1 freeze to 2840
[21:03:25.909] [SEVERE ] setting player 1 freeze to 2839
[21:03:25.910] [SEVERE ] setting player 1 freeze to 2838
[21:03:25.913] [SEVERE ] setting player 1 freeze to 2837
[21:03:25.917] [SEVERE ] setting player 1 freeze to 2836
[21:03:25.919] [SEVERE ] setting player 1 freeze to 2835
[21:03:25.922] [SEVERE ] setting player 1 freeze to 2834
[21:03:25.924] [SEVERE ] setting player 1 freeze to 2833
[21:03:25.927] [SEVERE ] setting player 1 freeze to 2832
[21:03:25.930] [SEVERE ] setting player 1 freeze to 2831
[21:03:25.933] [SEVERE ] setting player 1 freeze to 2830
[21:03:25.935] [SEVERE ] setting player 1 freeze to 2829
[21:03:25.938] [SEVERE ] setting player 1 freeze to 2828
[21:03:25.941] [SEVERE ] setting player 1 freeze to 2827
[21:03:25.943] [SEVERE ] setting player 1 freeze to 2826
[21:03:25.945] [SEVERE ] setting player 1 freeze to 2825
[21:03:25.947] [SEVERE ] setting player 1 freeze to 2824
[21:03:25.949] [SEVERE ] setting player 1 freeze to 2823
[21:03:25.952] [SEVERE ] setting player 1 freeze to 2822
[21:03:25.955] [SEVERE ] setting player 1 freeze to 2821
[21:03:25.958] [SEVERE ] setting player 1 freeze to 2820
[21:03:25.961] [SEVERE ] setting player 1 freeze to 2819
[21:03:25.964] [SEVERE ] setting player 1 freeze to 2818
[21:03:25.967] [SEVERE ] setting player 1 freeze to 2817
[21:03:25.970] [SEVERE ] setting player 1 freeze to 2816
[21:03:25.973] [SEVERE ] setting player 1 freeze to 2815
[21:03:25.976] [SEVERE ] setting player 1 freeze to 2814
[21:03:25.979] [SEVERE ] setting player 1 freeze to 2813
[21:03:25.981] [SEVERE ] setting player 1 freeze to 2812
[21:03:25.984] [SEVERE ] setting player 1 freeze to 2811
[21:03:25.986] [SEVERE ] setting player 1 freeze to 2810
[21:03:25.988] [SEVERE ] setting player 1 freeze to 2809
[21:03:25.991] [SEVERE ] setting player 1 freeze to 2808
[21:03:25.993] [SEVERE ] setting player 1 freeze to 2807
[21:03:25.995] [SEVERE ] setting player 1 freeze to 2806
[21:03:25.998] [SEVERE ] setting player 1 freeze to 2805
[21:03:26.000] [SEVERE ] setting player 1 freeze to 2804
[21:03:26.002] [SEVERE ] setting player 1 freeze to 2803
[21:03:26.004] [SEVERE ] setting player 1 freeze to 2802
[21:03:26.006] [SEVERE ] setting player 1 freeze to 2801
[21:03:26.008] [SEVERE ] setting player 1 freeze to 2800
[21:03:26.010] [SEVERE ] setting player 1 freeze to 2799
[21:03:26.013] [SEVERE ] setting player 1 freeze to 2798
[21:03:26.015] [SEVERE ] setting player 1 freeze to 2797
[21:03:26.017] [SEVERE ] setting player 1 freeze to 2796
[21:03:26.020] [SEVERE ] setting player 1 freeze to 2795
[21:03:26.022] [SEVERE ] setting player 1 freeze to 2794
[21:03:26.024] [SEVERE ] setting player 1 freeze to 2793
[21:03:26.026] [SEVERE ] setting player 1 freeze to 2792
[21:03:26.029] [SEVERE ] setting player 1 freeze to 2791
[21:03:26.031] [SEVERE ] setting player 1 freeze to 2790
[21:03:26.034] [SEVERE ] setting player 1 freeze to 2789
[21:03:26.036] [SEVERE ] setting player 1 freeze to 2788
[21:03:26.038] [SEVERE ] setting player 1 freeze to 2787
[21:03:26.041] [SEVERE ] setting player 1 freeze to 2786
[21:03:26.044] [SEVERE ] setting player 1 freeze to 2785
[21:03:26.047] [SEVERE ] setting player 1 freeze to 2784
[21:03:26.050] [SEVERE ] setting player 1 freeze to 2783
[21:03:26.053] [SEVERE ] setting player 1 freeze to 2782
[21:03:26.055] [SEVERE ] setting player 1 freeze to 2781
[21:03:26.057] [SEVERE ] setting player 1 freeze to 2780
[21:03:26.059] [SEVERE ] setting player 1 freeze to 2779
[21:03:26.061] [SEVERE ] setting player 1 freeze to 2778
[21:03:26.063] [SEVERE ] setting player 1 freeze to 2777
[21:03:26.065] [SEVERE ] setting player 1 freeze to 2776
[21:03:26.067] [SEVERE ] setting player 1 freeze to 2775
[21:03:26.070] [SEVERE ] setting player 1 freeze to 2774
[21:03:26.073] [SEVERE ] setting player 1 freeze to 2773
[21:03:26.076] [SEVERE ] setting player 1 freeze to 2772
[21:03:26.079] [SEVERE ] setting player 1 freeze to 2771
[21:03:26.082] [SEVERE ] setting player 1 freeze to 2770
[21:03:26.084] [SEVERE ] setting player 1 freeze to 2769
[21:03:26.086] [SEVERE ] setting player 1 freeze to 2768
[21:03:26.088] [SEVERE ] setting player 1 freeze to 2767
[21:03:26.090] [SEVERE ] setting player 1 freeze to 2766
[21:03:26.093] [SEVERE ] setting player 1 freeze to 2765
[21:03:26.095] [SEVERE ] setting player 1 freeze to 2764
[21:03:26.097] [SEVERE ] setting player 1 freeze to 2763
[21:03:26.100] [SEVERE ] setting player 1 freeze to 2762
[21:03:26.102] [SEVERE ] setting player 1 freeze to 2761
[21:03:26.105] [SEVERE ] setting player 1 freeze to 2760
[21:03:26.108] [SEVERE ] setting player 1 freeze to 2759
[21:03:26.112] [SEVERE ] setting player 1 freeze to 2758
[21:03:26.115] [SEVERE ] setting player 1 freeze to 2757
[21:03:26.118] [SEVERE ] setting player 1 freeze to 2756
[21:03:26.121] [SEVERE ] setting player 1 freeze to 2755
[21:03:26.123] [SEVERE ] setting player 1 freeze to 2754
[21:03:26.126] [SEVERE ] setting player 1 freeze to 2753
[21:03:26.129] [SEVERE ] setting player 1 freeze to 2752
[21:03:26.131] [SEVERE ] setting player 1 freeze to 2751
[21:03:26.135] [SEVERE ] setting player 1 freeze to 2750
[21:03:26.138] [SEVERE ] setting player 1 freeze to 2749
[21:03:26.140] [SEVERE ] setting player 1 freeze to 2748
[21:03:26.142] [SEVERE ] setting player 1 freeze to 2747
[21:03:26.145] [SEVERE ] setting player 1 freeze to 2746
[21:03:26.147] [SEVERE ] setting player 1 freeze to 2745
[21:03:26.149] [SEVERE ] setting player 1 freeze to 2744
[21:03:26.152] [SEVERE ] setting player 1 freeze to 2743
[21:03:26.155] [SEVERE ] setting player 1 freeze to 2742
[21:03:26.157] [SEVERE ] setting player 1 freeze to 2741
[21:03:26.160] [SEVERE ] setting player 1 freeze to 2740
[21:03:26.163] [SEVERE ] setting player 1 freeze to 2739
[21:03:26.165] [SEVERE ] setting player 1 freeze to 2738
[21:03:26.167] [SEVERE ] setting player 1 freeze to 2737
[21:03:26.169] [SEVERE ] setting player 1 freeze to 2736
[21:03:26.171] [SEVERE ] setting player 1 freeze to 2735
[21:03:26.173] [SEVERE ] setting player 1 freeze to 2734
[21:03:26.175] [SEVERE ] setting player 1 freeze to 2733
[21:03:26.178] [SEVERE ] setting player 1 freeze to 2732
[21:03:26.180] [SEVERE ] setting player 1 freeze to 2731
[21:03:26.183] [SEVERE ] setting player 1 freeze to 2730
[21:03:26.186] [SEVERE ] setting player 1 freeze to 2729
[21:03:26.189] [SEVERE ] setting player 1 freeze to 2728
[21:03:26.191] [SEVERE ] setting player 1 freeze to 2727
[21:03:26.193] [SEVERE ] setting player 1 freeze to 2726
[21:03:26.195] [SEVERE ] setting player 1 freeze to 2725
[21:03:26.198] [SEVERE ] setting player 1 freeze to 2724
[21:03:26.202] [SEVERE ] setting player 1 freeze to 2723
[21:03:26.205] [SEVERE ] setting player 1 freeze to 2722
[21:03:26.209] [SEVERE ] setting player 1 freeze to 2721
[21:03:26.211] [SEVERE ] setting player 1 freeze to 2720
[21:03:26.213] [SEVERE ] setting player 1 freeze to 2719
[21:03:26.216] [SEVERE ] setting player 1 freeze to 2718
[21:03:26.220] [SEVERE ] setting player 1 freeze to 2717
[21:03:26.224] [SEVERE ] setting player 1 freeze to 2716
[21:03:26.227] [SEVERE ] setting player 1 freeze to 2715
[21:03:26.230] [SEVERE ] setting player 1 freeze to 2714
[21:03:26.233] [SEVERE ] setting player 1 freeze to 2713
[21:03:26.235] [SEVERE ] setting player 1 freeze to 2712
[21:03:26.237] [SEVERE ] setting player 1 freeze to 2711
[21:03:26.240] [SEVERE ] setting player 1 freeze to 2710
[21:03:26.243] [SEVERE ] setting player 1 freeze to 2709
[21:03:26.246] [SEVERE ] setting player 1 freeze to 2708
[21:03:26.249] [SEVERE ] setting player 1 freeze to 2707
[21:03:26.251] [SEVERE ] setting player 1 freeze to 2706
[21:03:26.253] [SEVERE ] setting player 1 freeze to 2705
[21:03:26.255] [SEVERE ] setting player 1 freeze to 2704
[21:03:26.257] [SEVERE ] setting player 1 freeze to 2703
[21:03:26.260] [SEVERE ] setting player 1 freeze to 2702
[21:03:26.262] [SEVERE ] setting player 1 freeze to 2701
[21:03:26.264] [SEVERE ] setting player 1 freeze to 2700
[21:03:26.267] [SEVERE ] setting player 1 freeze to 2699
[21:03:26.270] [SEVERE ] setting player 1 freeze to 2698
[21:03:26.272] [SEVERE ] setting player 1 freeze to 2697
[21:03:26.274] [SEVERE ] setting player 1 freeze to 2696
[21:03:26.276] [SEVERE ] setting player 1 freeze to 2695
[21:03:26.279] [SEVERE ] setting player 1 freeze to 2694
[21:03:26.281] [SEVERE ] setting player 1 freeze to 2693
[21:03:26.283] [SEVERE ] setting player 1 freeze to 2692
[21:03:26.286] [SEVERE ] setting player 1 freeze to 2691
[21:03:26.289] [SEVERE ] setting player 1 freeze to 2690
[21:03:26.291] [SEVERE ] setting player 1 freeze to 2689
[21:03:26.294] [SEVERE ] setting player 1 freeze to 2688
[21:03:26.296] [SEVERE ] setting player 1 freeze to 2687
[21:03:26.299] [SEVERE ] setting player 1 freeze to 2686
[21:03:26.302] [SEVERE ] setting player 1 freeze to 2685
[21:03:26.305] [SEVERE ] setting player 1 freeze to 2684
[21:03:26.307] [SEVERE ] setting player 1 freeze to 2683
[21:03:26.309] [SEVERE ] setting player 1 freeze to 2682
[21:03:26.312] [SEVERE ] setting player 1 freeze to 2681
[21:03:26.315] [SEVERE ] setting player 1 freeze to 2680
[21:03:26.317] [SEVERE ] setting player 1 freeze to 2679
[21:03:26.319] [SEVERE ] setting player 1 freeze to 2678
[21:03:26.322] [SEVERE ] setting player 1 freeze to 2677
[21:03:26.325] [SEVERE ] setting player 1 freeze to 2676
[21:03:26.328] [SEVERE ] setting player 1 freeze to 2675
[21:03:26.330] [SEVERE ] setting player 1 freeze to 2674
[21:03:26.333] [SEVERE ] setting player 1 freeze to 2673
[21:03:26.337] [SEVERE ] setting player 1 freeze to 2672
[21:03:26.339] [SEVERE ] setting player 1 freeze to 2671
[21:03:26.342] [SEVERE ] setting player 1 freeze to 2670
[21:03:26.345] [SEVERE ] setting player 1 freeze to 2669
[21:03:26.347] [SEVERE ] setting player 1 freeze to 2668
[21:03:26.349] [SEVERE ] setting player 1 freeze to 2667
[21:03:26.351] [SEVERE ] setting player 1 freeze to 2666
[21:03:26.354] [SEVERE ] setting player 1 freeze to 2665
[21:03:26.356] [SEVERE ] setting player 1 freeze to 2664
[21:03:26.358] [SEVERE ] setting player 1 freeze to 2663
[21:03:26.360] [SEVERE ] setting player 1 freeze to 2662
[21:03:26.362] [SEVERE ] setting player 1 freeze to 2661
[21:03:26.366] [SEVERE ] setting player 1 freeze to 2660
[21:03:26.369] [SEVERE ] setting player 1 freeze to 2659
[21:03:26.371] [SEVERE ] setting player 1 freeze to 2658
[21:03:26.373] [SEVERE ] setting player 1 freeze to 2657
[21:03:26.375] [SEVERE ] setting player 1 freeze to 2656
[21:03:26.378] [SEVERE ] setting player 1 freeze to 2655
[21:03:26.381] [SEVERE ] setting player 1 freeze to 2654
[21:03:26.383] [SEVERE ] setting player 1 freeze to 2653
[21:03:26.385] [SEVERE ] setting player 1 freeze to 2652
[21:03:26.387] [SEVERE ] setting player 1 freeze to 2651
[21:03:26.389] [SEVERE ] setting player 1 freeze to 2650
[21:03:26.393] [SEVERE ] setting player 1 freeze to 2649
[21:03:26.396] [SEVERE ] setting player 1 freeze to 2648
[21:03:26.399] [SEVERE ] setting player 1 freeze to 2647
[21:03:26.401] [SEVERE ] setting player 1 freeze to 2646
[21:03:26.402] [SEVERE ] setting player 1 freeze to 2645
[21:03:26.404] [SEVERE ] setting player 1 freeze to 2644
[21:03:26.406] [SEVERE ] setting player 1 freeze to 2643
[21:03:26.409] [SEVERE ] setting player 1 freeze to 2642
[21:03:26.411] [SEVERE ] setting player 1 freeze to 2641
[21:03:26.413] [SEVERE ] setting player 1 freeze to 2640
[21:03:26.415] [SEVERE ] setting player 1 freeze to 2639
[21:03:26.417] [SEVERE ] setting player 1 freeze to 2638
[21:03:26.419] [SEVERE ] setting player 1 freeze to 2637
[21:03:26.421] [SEVERE ] setting player 1 freeze to 2636
[21:03:26.423] [SEVERE ] setting player 1 freeze to 2635
[21:03:26.425] [SEVERE ] setting player 1 freeze to 2634
[21:03:26.427] [SEVERE ] setting player 1 freeze to 2633
[21:03:26.429] [SEVERE ] setting player 1 freeze to 2632
[21:03:26.431] [SEVERE ] setting player 1 freeze to 2631
[21:03:26.434] [SEVERE ] setting player 1 freeze to 2630
[21:03:26.436] [SEVERE ] setting player 1 freeze to 2629
[21:03:26.438] [SEVERE ] setting player 1 freeze to 2628
[21:03:26.441] [SEVERE ] setting player 1 freeze to 2627
[21:03:26.443] [SEVERE ] setting player 1 freeze to 2626
[21:03:26.445] [SEVERE ] setting player 1 freeze to 2625
[21:03:26.447] [SEVERE ] setting player 1 freeze to 2624
[21:03:26.450] [SEVERE ] setting player 1 freeze to 2623
[21:03:26.452] [SEVERE ] setting player 1 freeze to 2622
[21:03:26.454] [SEVERE ] setting player 1 freeze to 2621
[21:03:26.456] [SEVERE ] setting player 1 freeze to 2620
[21:03:26.458] [SEVERE ] setting player 1 freeze to 2619
[21:03:26.460] [SEVERE ] setting player 1 freeze to 2618
[21:03:26.463] [SEVERE ] setting player 1 freeze to 2617
[21:03:26.465] [SEVERE ] setting player 1 freeze to 2616
[21:03:26.467] [SEVERE ] setting player 1 freeze to 2615
[21:03:26.469] [SEVERE ] setting player 1 freeze to 2614
[21:03:26.471] [SEVERE ] setting player 1 freeze to 2613
[21:03:26.474] [SEVERE ] setting player 1 freeze to 2612
[21:03:26.476] [SEVERE ] setting player 1 freeze to 2611
[21:03:26.478] [SEVERE ] setting player 1 freeze to 2610
[21:03:26.481] [SEVERE ] setting player 1 freeze to 2609
[21:03:26.483] [SEVERE ] setting player 1 freeze to 2608
[21:03:26.486] [SEVERE ] setting player 1 freeze to 2607
[21:03:26.488] [SEVERE ] setting player 1 freeze to 2606
[21:03:26.491] [SEVERE ] setting player 1 freeze to 2605
[21:03:26.495] [SEVERE ] setting player 1 freeze to 2604
[21:03:26.498] [SEVERE ] setting player 1 freeze to 2603
[21:03:26.500] [SEVERE ] setting player 1 freeze to 2602
[21:03:26.502] [SEVERE ] setting player 1 freeze to 2601
[21:03:26.504] [SEVERE ] setting player 1 freeze to 2600
[21:03:26.506] [SEVERE ] setting player 1 freeze to 2599
[21:03:26.509] [SEVERE ] setting player 1 freeze to 2598
[21:03:26.512] [SEVERE ] setting player 1 freeze to 2597
[21:03:26.514] [SEVERE ] setting player 1 freeze to 2596
[21:03:26.516] [SEVERE ] setting player 1 freeze to 2595
[21:03:26.519] [SEVERE ] setting player 1 freeze to 2594
[21:03:26.521] [SEVERE ] setting player 1 freeze to 2593
[21:03:26.524] [SEVERE ] setting player 1 freeze to 2592
[21:03:26.527] [SEVERE ] setting player 1 freeze to 2591
[21:03:26.529] [SEVERE ] setting player 1 freeze to 2590
[21:03:26.533] [SEVERE ] setting player 1 freeze to 2589
[21:03:26.536] [SEVERE ] setting player 1 freeze to 2588
[21:03:26.538] [SEVERE ] setting player 1 freeze to 2587
[21:03:26.540] [SEVERE ] setting player 1 freeze to 2586
[21:03:26.543] [SEVERE ] setting player 1 freeze to 2585
[21:03:26.546] [SEVERE ] setting player 1 freeze to 2584
[21:03:26.549] [SEVERE ] setting player 1 freeze to 2583
[21:03:26.551] [SEVERE ] setting player 1 freeze to 2582
[21:03:26.553] [SEVERE ] setting player 1 freeze to 2581
[21:03:26.555] [SEVERE ] setting player 1 freeze to 2580
[21:03:26.557] [SEVERE ] setting player 1 freeze to 2579
[21:03:26.559] [SEVERE ] setting player 1 freeze to 2578
[21:03:26.562] [SEVERE ] setting player 1 freeze to 2577
[21:03:26.564] [SEVERE ] setting player 1 freeze to 2576
[21:03:26.567] [SEVERE ] setting player 1 freeze to 2575
[21:03:26.570] [SEVERE ] setting player 1 freeze to 2574
[21:03:26.572] [SEVERE ] setting player 1 freeze to 2573
[21:03:26.574] [SEVERE ] setting player 1 freeze to 2572
[21:03:26.576] [SEVERE ] setting player 1 freeze to 2571
[21:03:26.578] [SEVERE ] setting player 1 freeze to 2570
[21:03:26.580] [SEVERE ] setting player 1 freeze to 2569
[21:03:26.582] [SEVERE ] setting player 1 freeze to 2568
[21:03:26.584] [SEVERE ] setting player 1 freeze to 2567
[21:03:26.586] [SEVERE ] setting player 1 freeze to 2566
[21:03:26.589] [SEVERE ] setting player 1 freeze to 2565
[21:03:26.591] [SEVERE ] setting player 1 freeze to 2564
[21:03:26.594] [SEVERE ] setting player 1 freeze to 2563
[21:03:26.597] [SEVERE ] setting player 1 freeze to 2562
[21:03:26.599] [SEVERE ] setting player 1 freeze to 2561
[21:03:26.602] [SEVERE ] setting player 1 freeze to 2560
[21:03:26.604] [SEVERE ] setting player 1 freeze to 2559
[21:03:26.606] [SEVERE ] setting player 1 freeze to 2558
[21:03:26.608] [SEVERE ] setting player 1 freeze to 2557
[21:03:26.611] [SEVERE ] setting player 1 freeze to 2556
[21:03:26.614] [SEVERE ] setting player 1 freeze to 2555
[21:03:26.616] [SEVERE ] setting player 1 freeze to 2554
[21:03:26.618] [SEVERE ] setting player 1 freeze to 2553
[21:03:26.620] [SEVERE ] setting player 1 freeze to 2552
[21:03:26.623] [SEVERE ] setting player 1 freeze to 2551
[21:03:26.627] [SEVERE ] setting player 1 freeze to 2550
[21:03:26.629] [SEVERE ] setting player 1 freeze to 2549
[21:03:26.632] [SEVERE ] setting player 1 freeze to 2548
[21:03:26.634] [SEVERE ] setting player 1 freeze to 2547
[21:03:26.636] [SEVERE ] setting player 1 freeze to 2546
[21:03:26.638] [SEVERE ] setting player 1 freeze to 2545
[21:03:26.641] [SEVERE ] setting player 1 freeze to 2544
[21:03:26.643] [SEVERE ] setting player 1 freeze to 2543
[21:03:26.646] [SEVERE ] setting player 1 freeze to 2542
[21:03:26.648] [SEVERE ] setting player 1 freeze to 2541
[21:03:26.650] [SEVERE ] setting player 1 freeze to 2540
[21:03:26.652] [SEVERE ] setting player 1 freeze to 2539
[21:03:26.655] [SEVERE ] setting player 1 freeze to 2538
[21:03:26.658] [SEVERE ] setting player 1 freeze to 2537
[21:03:26.660] [SEVERE ] setting player 1 freeze to 2536
[21:03:26.662] [SEVERE ] setting player 1 freeze to 2535
[21:03:26.665] [SEVERE ] setting player 1 freeze to 2534
[21:03:26.667] [SEVERE ] setting player 1 freeze to 2533
[21:03:26.669] [SEVERE ] setting player 1 freeze to 2532
[21:03:26.671] [SEVERE ] setting player 1 freeze to 2531
[21:03:26.674] [SEVERE ] setting player 1 freeze to 2530
[21:03:26.676] [SEVERE ] setting player 1 freeze to 2529
[21:03:26.679] [SEVERE ] setting player 1 freeze to 2528
[21:03:26.681] [SEVERE ] setting player 1 freeze to 2527
[21:03:26.684] [SEVERE ] setting player 1 freeze to 2526
[21:03:26.687] [SEVERE ] setting player 1 freeze to 2525
[21:03:26.689] [SEVERE ] setting player 1 freeze to 2524
[21:03:26.691] [SEVERE ] setting player 1 freeze to 2523
[21:03:26.694] [SEVERE ] setting player 1 freeze to 2522
[21:03:26.696] [SEVERE ] setting player 1 freeze to 2521
[21:03:26.699] [SEVERE ] setting player 1 freeze to 2520
[21:03:26.701] [SEVERE ] setting player 1 freeze to 2519
[21:03:26.703] [SEVERE ] setting player 1 freeze to 2518
[21:03:26.705] [SEVERE ] setting player 1 freeze to 2517
[21:03:26.707] [SEVERE ] setting player 1 freeze to 2516
[21:03:26.709] [SEVERE ] setting player 1 freeze to 2515
[21:03:26.711] [SEVERE ] setting player 1 freeze to 2514
[21:03:26.714] [SEVERE ] setting player 1 freeze to 2513
[21:03:26.716] [SEVERE ] setting player 1 freeze to 2512
[21:03:26.718] [SEVERE ] setting player 1 freeze to 2511
[21:03:26.720] [SEVERE ] setting player 1 freeze to 2510
[21:03:26.723] [SEVERE ] setting player 1 freeze to 2509
[21:03:26.725] [SEVERE ] setting player 1 freeze to 2508
[21:03:26.727] [SEVERE ] setting player 1 freeze to 2507
[21:03:26.730] [SEVERE ] setting player 1 freeze to 2506
[21:03:26.732] [SEVERE ] setting player 1 freeze to 2505
[21:03:26.735] [SEVERE ] setting player 1 freeze to 2504
[21:03:26.737] [SEVERE ] setting player 1 freeze to 2503
[21:03:26.740] [SEVERE ] setting player 1 freeze to 2502
[21:03:26.742] [SEVERE ] setting player 1 freeze to 2501
[21:03:26.744] [SEVERE ] setting player 1 freeze to 2500
[21:03:26.747] [SEVERE ] setting player 1 freeze to 2499
[21:03:26.750] [SEVERE ] setting player 1 freeze to 2498
[21:03:26.752] [SEVERE ] setting player 1 freeze to 2497
[21:03:26.754] [SEVERE ] setting player 1 freeze to 2496
[21:03:26.756] [SEVERE ] setting player 1 freeze to 2495
[21:03:26.758] [SEVERE ] setting player 1 freeze to 2494
[21:03:26.760] [SEVERE ] setting player 1 freeze to 2493
[21:03:26.763] [SEVERE ] setting player 1 freeze to 2492
[21:03:26.765] [SEVERE ] setting player 1 freeze to 2491
[21:03:26.768] [SEVERE ] setting player 1 freeze to 2490
[21:03:26.770] [SEVERE ] setting player 1 freeze to 2489
[21:03:26.773] [SEVERE ] setting player 1 freeze to 2488
[21:03:26.776] [SEVERE ] setting player 1 freeze to 2487
[21:03:26.778] [SEVERE ] setting player 1 freeze to 2486
[21:03:26.780] [SEVERE ] setting player 1 freeze to 2485
[21:03:26.782] [SEVERE ] setting player 1 freeze to 2484
[21:03:26.784] [SEVERE ] setting player 1 freeze to 2483
[21:03:26.787] [SEVERE ] setting player 1 freeze to 2482
[21:03:26.789] [SEVERE ] setting player 1 freeze to 2481
[21:03:26.791] [SEVERE ] setting player 1 freeze to 2480
[21:03:26.794] [SEVERE ] setting player 1 freeze to 2479
[21:03:26.796] [SEVERE ] setting player 1 freeze to 2478
[21:03:26.799] [SEVERE ] setting player 1 freeze to 2477
[21:03:26.801] [SEVERE ] setting player 1 freeze to 2476
[21:03:26.803] [SEVERE ] setting player 1 freeze to 2475
[21:03:26.805] [SEVERE ] setting player 1 freeze to 2474
[21:03:26.807] [SEVERE ] setting player 1 freeze to 2473
[21:03:26.809] [SEVERE ] setting player 1 freeze to 2472
[21:03:26.811] [SEVERE ] setting player 1 freeze to 2471
[21:03:26.813] [SEVERE ] setting player 1 freeze to 2470
[21:03:26.816] [SEVERE ] setting player 1 freeze to 2469
[21:03:26.818] [SEVERE ] setting player 1 freeze to 2468
[21:03:26.820] [SEVERE ] setting player 1 freeze to 2467
[21:03:26.822] [SEVERE ] setting player 1 freeze to 2466
[21:03:26.824] [SEVERE ] setting player 1 freeze to 2465
[21:03:26.827] [SEVERE ] setting player 1 freeze to 2464
[21:03:26.829] [SEVERE ] setting player 1 freeze to 2463
[21:03:26.831] [SEVERE ] setting player 1 freeze to 2462
[21:03:26.833] [SEVERE ] setting player 1 freeze to 2461
[21:03:26.836] [SEVERE ] setting player 1 freeze to 2460
[21:03:26.839] [SEVERE ] setting player 1 freeze to 2459
[21:03:26.841] [SEVERE ] setting player 1 freeze to 2458
[21:03:26.843] [SEVERE ] setting player 1 freeze to 2457
[21:03:26.847] [SEVERE ] setting player 1 freeze to 2456
[21:03:26.850] [SEVERE ] setting player 1 freeze to 2455
[21:03:26.852] [SEVERE ] setting player 1 freeze to 2454
[21:03:26.854] [SEVERE ] setting player 1 freeze to 2453
[21:03:26.856] [SEVERE ] setting player 1 freeze to 2452
[21:03:26.859] [SEVERE ] setting player 1 freeze to 2451
[21:03:26.861] [SEVERE ] setting player 1 freeze to 2450
[21:03:26.864] [SEVERE ] setting player 1 freeze to 2449
[21:03:26.866] [SEVERE ] setting player 1 freeze to 2448
[21:03:26.869] [SEVERE ] setting player 1 freeze to 2447
[21:03:26.872] [SEVERE ] setting player 1 freeze to 2446
[21:03:26.872] [SEVERE ] updating countdown to 58000
[21:03:26.874] [SEVERE ] setting player 1 freeze to 2445
[21:03:26.876] [SEVERE ] setting player 1 freeze to 2444
[21:03:26.879] [SEVERE ] setting player 1 freeze to 2443
[21:03:26.882] [SEVERE ] setting player 1 freeze to 2442
[21:03:26.884] [SEVERE ] setting player 1 freeze to 2441
[21:03:26.886] [SEVERE ] setting player 1 freeze to 2440
[21:03:26.889] [SEVERE ] setting player 1 freeze to 2439
[21:03:26.891] [SEVERE ] setting player 1 freeze to 2438
[21:03:26.894] [SEVERE ] setting player 1 freeze to 2437
[21:03:26.897] [SEVERE ] setting player 1 freeze to 2436
[21:03:26.899] [SEVERE ] setting player 1 freeze to 2435
[21:03:26.901] [SEVERE ] setting player 1 freeze to 2434
[21:03:26.904] [SEVERE ] setting player 1 freeze to 2433
[21:03:26.906] [SEVERE ] setting player 1 freeze to 2432
[21:03:26.909] [SEVERE ] setting player 1 freeze to 2431
[21:03:26.912] [SEVERE ] setting player 1 freeze to 2430
[21:03:26.914] [SEVERE ] setting player 1 freeze to 2429
[21:03:26.917] [SEVERE ] setting player 1 freeze to 2428
[21:03:26.920] [SEVERE ] setting player 1 freeze to 2427
[21:03:26.922] [SEVERE ] setting player 1 freeze to 2426
[21:03:26.924] [SEVERE ] setting player 1 freeze to 2425
[21:03:26.927] [SEVERE ] setting player 1 freeze to 2424
[21:03:26.928] [SEVERE ] setting player 1 freeze to 2423
[21:03:26.931] [SEVERE ] setting player 1 freeze to 2422
[21:03:26.934] [SEVERE ] setting player 1 freeze to 2421
[21:03:26.936] [SEVERE ] setting player 1 freeze to 2420
[21:03:26.938] [SEVERE ] setting player 1 freeze to 2419
[21:03:26.941] [SEVERE ] setting player 1 freeze to 2418
[21:03:26.943] [SEVERE ] setting player 1 freeze to 2417
[21:03:26.946] [SEVERE ] setting player 1 freeze to 2416
[21:03:26.950] [SEVERE ] setting player 1 freeze to 2415
[21:03:26.952] [SEVERE ] setting player 1 freeze to 2414
[21:03:26.954] [SEVERE ] setting player 1 freeze to 2413
[21:03:26.956] [SEVERE ] setting player 1 freeze to 2412
[21:03:26.958] [SEVERE ] setting player 1 freeze to 2411
[21:03:26.960] [SEVERE ] setting player 1 freeze to 2410
[21:03:26.962] [SEVERE ] setting player 1 freeze to 2409
[21:03:26.964] [SEVERE ] setting player 1 freeze to 2408
[21:03:26.967] [SEVERE ] setting player 1 freeze to 2407
[21:03:26.969] [SEVERE ] setting player 1 freeze to 2406
[21:03:26.970] [SEVERE ] setting player 1 freeze to 2405
[21:03:26.972] [SEVERE ] setting player 1 freeze to 2404
[21:03:26.974] [SEVERE ] setting player 1 freeze to 2403
[21:03:26.976] [SEVERE ] setting player 1 freeze to 2402
[21:03:26.977] [SEVERE ] setting player 1 freeze to 2401
[21:03:26.979] [SEVERE ] setting player 1 freeze to 2400
[21:03:26.981] [SEVERE ] setting player 1 freeze to 2399
[21:03:26.984] [SEVERE ] setting player 1 freeze to 2398
[21:03:26.986] [SEVERE ] setting player 1 freeze to 2397
[21:03:26.988] [SEVERE ] setting player 1 freeze to 2396
[21:03:26.991] [SEVERE ] setting player 1 freeze to 2395
[21:03:26.994] [SEVERE ] setting player 1 freeze to 2394
[21:03:26.996] [SEVERE ] setting player 1 freeze to 2393
[21:03:26.999] [SEVERE ] setting player 1 freeze to 2392
[21:03:27.000] [SEVERE ] setting player 1 freeze to 2391
[21:03:27.002] [SEVERE ] setting player 1 freeze to 2390
[21:03:27.011] [SEVERE ] setting player 1 freeze to 2389
[21:03:27.014] [SEVERE ] setting player 1 freeze to 2388
[21:03:27.016] [SEVERE ] setting player 1 freeze to 2387
[21:03:27.018] [SEVERE ] setting player 1 freeze to 2386
[21:03:27.021] [SEVERE ] setting player 1 freeze to 2385
[21:03:27.024] [SEVERE ] setting player 1 freeze to 2384
[21:03:27.026] [SEVERE ] setting player 1 freeze to 2383
[21:03:27.029] [SEVERE ] setting player 1 freeze to 2382
[21:03:27.032] [SEVERE ] setting player 1 freeze to 2381
[21:03:27.034] [SEVERE ] setting player 1 freeze to 2380
[21:03:27.037] [SEVERE ] setting player 1 freeze to 2379
[21:03:27.040] [SEVERE ] setting player 1 freeze to 2378
[21:03:27.043] [SEVERE ] setting player 1 freeze to 2377
[21:03:27.047] [SEVERE ] setting player 1 freeze to 2376
[21:03:27.050] [SEVERE ] setting player 1 freeze to 2375
[21:03:27.052] [SEVERE ] setting player 1 freeze to 2374
[21:03:27.055] [SEVERE ] setting player 1 freeze to 2373
[21:03:27.057] [SEVERE ] setting player 1 freeze to 2372
[21:03:27.060] [SEVERE ] setting player 1 freeze to 2371
[21:03:27.062] [SEVERE ] setting player 1 freeze to 2370
[21:03:27.065] [SEVERE ] setting player 1 freeze to 2369
[21:03:27.067] [SEVERE ] setting player 1 freeze to 2368
[21:03:27.069] [SEVERE ] setting player 1 freeze to 2367
[21:03:27.071] [SEVERE ] setting player 1 freeze to 2366
[21:03:27.073] [SEVERE ] setting player 1 freeze to 2365
[21:03:27.076] [SEVERE ] setting player 1 freeze to 2364
[21:03:27.078] [SEVERE ] setting player 1 freeze to 2363
[21:03:27.079] [SEVERE ] setting player 1 freeze to 2362
[21:03:27.081] [SEVERE ] setting player 1 freeze to 2361
[21:03:27.084] [SEVERE ] setting player 1 freeze to 2360
[21:03:27.085] [SEVERE ] setting player 1 freeze to 2359
[21:03:27.087] [SEVERE ] setting player 1 freeze to 2358
[21:03:27.089] [SEVERE ] setting player 1 freeze to 2357
[21:03:27.091] [SEVERE ] setting player 1 freeze to 2356
[21:03:27.092] [SEVERE ] setting player 1 freeze to 2355
[21:03:27.094] [SEVERE ] setting player 1 freeze to 2354
[21:03:27.095] [SEVERE ] setting player 1 freeze to 2353
[21:03:27.096] [SEVERE ] setting player 1 freeze to 2352
[21:03:27.100] [SEVERE ] setting player 1 freeze to 2351
[21:03:27.102] [SEVERE ] setting player 1 freeze to 2350
[21:03:27.105] [SEVERE ] setting player 1 freeze to 2349
[21:03:27.108] [SEVERE ] setting player 1 freeze to 2348
[21:03:27.111] [SEVERE ] setting player 1 freeze to 2347
[21:03:27.114] [SEVERE ] setting player 1 freeze to 2346
[21:03:27.117] [SEVERE ] setting player 1 freeze to 2345
[21:03:27.119] [SEVERE ] setting player 1 freeze to 2344
[21:03:27.121] [SEVERE ] setting player 1 freeze to 2343
[21:03:27.123] [SEVERE ] setting player 1 freeze to 2342
[21:03:27.125] [SEVERE ] setting player 1 freeze to 2341
[21:03:27.127] [SEVERE ] setting player 1 freeze to 2340
[21:03:27.129] [SEVERE ] setting player 1 freeze to 2339
[21:03:27.132] [SEVERE ] setting player 1 freeze to 2338
[21:03:27.134] [SEVERE ] setting player 1 freeze to 2337
[21:03:27.135] [SEVERE ] setting player 1 freeze to 2336
[21:03:27.137] [SEVERE ] setting player 1 freeze to 2335
[21:03:27.139] [SEVERE ] setting player 1 freeze to 2334
[21:03:27.142] [SEVERE ] setting player 1 freeze to 2333
[21:03:27.145] [SEVERE ] setting player 1 freeze to 2332
[21:03:27.147] [SEVERE ] setting player 1 freeze to 2331
[21:03:27.150] [SEVERE ] setting player 1 freeze to 2330
[21:03:27.153] [SEVERE ] setting player 1 freeze to 2329
[21:03:27.155] [SEVERE ] setting player 1 freeze to 2328
[21:03:27.157] [SEVERE ] setting player 1 freeze to 2327
[21:03:27.159] [SEVERE ] setting player 1 freeze to 2326
[21:03:27.161] [SEVERE ] setting player 1 freeze to 2325
[21:03:27.164] [SEVERE ] setting player 1 freeze to 2324
[21:03:27.167] [SEVERE ] setting player 1 freeze to 2323
[21:03:27.170] [SEVERE ] setting player 1 freeze to 2322
[21:03:27.171] [SEVERE ] setting player 1 freeze to 2321
[21:03:27.174] [SEVERE ] setting player 1 freeze to 2320
[21:03:27.177] [SEVERE ] setting player 1 freeze to 2319
[21:03:27.180] [SEVERE ] setting player 1 freeze to 2318
[21:03:27.182] [SEVERE ] setting player 1 freeze to 2317
[21:03:27.185] [SEVERE ] setting player 1 freeze to 2316
[21:03:27.187] [SEVERE ] setting player 1 freeze to 2315
[21:03:27.190] [SEVERE ] setting player 1 freeze to 2314
[21:03:27.193] [SEVERE ] setting player 1 freeze to 2313
[21:03:27.196] [SEVERE ] setting player 1 freeze to 2312
[21:03:27.199] [SEVERE ] setting player 1 freeze to 2311
[21:03:27.202] [SEVERE ] setting player 1 freeze to 2310
[21:03:27.205] [SEVERE ] setting player 1 freeze to 2309
[21:03:27.208] [SEVERE ] setting player 1 freeze to 2308
[21:03:27.211] [SEVERE ] setting player 1 freeze to 2307
[21:03:27.214] [SEVERE ] setting player 1 freeze to 2306
[21:03:27.216] [SEVERE ] setting player 1 freeze to 2305
[21:03:27.218] [SEVERE ] setting player 1 freeze to 2304
[21:03:27.220] [SEVERE ] setting player 1 freeze to 2303
[21:03:27.221] [SEVERE ] setting player 1 freeze to 2302
[21:03:27.223] [SEVERE ] setting player 1 freeze to 2301
[21:03:27.225] [SEVERE ] setting player 1 freeze to 2300
[21:03:27.228] [SEVERE ] setting player 1 freeze to 2299
[21:03:27.230] [SEVERE ] setting player 1 freeze to 2298
[21:03:27.233] [SEVERE ] setting player 1 freeze to 2297
[21:03:27.235] [SEVERE ] setting player 1 freeze to 2296
[21:03:27.237] [SEVERE ] setting player 1 freeze to 2295
[21:03:27.241] [SEVERE ] setting player 1 freeze to 2294
[21:03:27.243] [SEVERE ] setting player 1 freeze to 2293
[21:03:27.244] [SEVERE ] setting player 1 freeze to 2292
[21:03:27.246] [SEVERE ] setting player 1 freeze to 2291
[21:03:27.248] [SEVERE ] setting player 1 freeze to 2290
[21:03:27.250] [SEVERE ] setting player 1 freeze to 2289
[21:03:27.252] [SEVERE ] setting player 1 freeze to 2288
[21:03:27.254] [SEVERE ] setting player 1 freeze to 2287
[21:03:27.257] [SEVERE ] setting player 1 freeze to 2286
[21:03:27.260] [SEVERE ] setting player 1 freeze to 2285
[21:03:27.263] [SEVERE ] setting player 1 freeze to 2284
[21:03:27.265] [SEVERE ] setting player 1 freeze to 2283
[21:03:27.268] [SEVERE ] setting player 1 freeze to 2282
[21:03:27.271] [SEVERE ] setting player 1 freeze to 2281
[21:03:27.273] [SEVERE ] setting player 1 freeze to 2280
[21:03:27.275] [SEVERE ] setting player 1 freeze to 2279
[21:03:27.277] [SEVERE ] setting player 1 freeze to 2278
[21:03:27.279] [SEVERE ] setting player 1 freeze to 2277
[21:03:27.281] [SEVERE ] setting player 1 freeze to 2276
[21:03:27.284] [SEVERE ] setting player 1 freeze to 2275
[21:03:27.287] [SEVERE ] setting player 1 freeze to 2274
[21:03:27.289] [SEVERE ] setting player 1 freeze to 2273
[21:03:27.291] [SEVERE ] setting player 1 freeze to 2272
[21:03:27.293] [SEVERE ] setting player 1 freeze to 2271
[21:03:27.295] [SEVERE ] setting player 1 freeze to 2270
[21:03:27.297] [SEVERE ] setting player 1 freeze to 2269
[21:03:27.300] [SEVERE ] setting player 1 freeze to 2268
[21:03:27.303] [SEVERE ] setting player 1 freeze to 2267
[21:03:27.306] [SEVERE ] setting player 1 freeze to 2266
[21:03:27.308] [SEVERE ] setting player 1 freeze to 2265
[21:03:27.310] [SEVERE ] setting player 1 freeze to 2264
[21:03:27.312] [SEVERE ] setting player 1 freeze to 2263
[21:03:27.314] [SEVERE ] setting player 1 freeze to 2262
[21:03:27.316] [SEVERE ] setting player 1 freeze to 2261
[21:03:27.319] [SEVERE ] setting player 1 freeze to 2260
[21:03:27.322] [SEVERE ] setting player 1 freeze to 2259
[21:03:27.324] [SEVERE ] setting player 1 freeze to 2258
[21:03:27.326] [SEVERE ] setting player 1 freeze to 2257
[21:03:27.328] [SEVERE ] setting player 1 freeze to 2256
[21:03:27.331] [SEVERE ] setting player 1 freeze to 2255
[21:03:27.333] [SEVERE ] setting player 1 freeze to 2254
[21:03:27.337] [SEVERE ] setting player 1 freeze to 2253
[21:03:27.339] [SEVERE ] setting player 1 freeze to 2252
[21:03:27.342] [SEVERE ] setting player 1 freeze to 2251
[21:03:27.344] [SEVERE ] setting player 1 freeze to 2250
[21:03:27.346] [SEVERE ] setting player 1 freeze to 2249
[21:03:27.349] [SEVERE ] setting player 1 freeze to 2248
[21:03:27.351] [SEVERE ] setting player 1 freeze to 2247
[21:03:27.354] [SEVERE ] setting player 1 freeze to 2246
[21:03:27.357] [SEVERE ] setting player 1 freeze to 2245
[21:03:27.359] [SEVERE ] setting player 1 freeze to 2244
[21:03:27.361] [SEVERE ] setting player 1 freeze to 2243
[21:03:27.363] [SEVERE ] setting player 1 freeze to 2242
[21:03:27.365] [SEVERE ] setting player 1 freeze to 2241
[21:03:27.368] [SEVERE ] setting player 1 freeze to 2240
[21:03:27.369] [SEVERE ] setting player 1 freeze to 2239
[21:03:27.373] [SEVERE ] setting player 1 freeze to 2238
[21:03:27.375] [SEVERE ] setting player 1 freeze to 2237
[21:03:27.377] [SEVERE ] setting player 1 freeze to 2236
[21:03:27.379] [SEVERE ] setting player 1 freeze to 2235
[21:03:27.381] [SEVERE ] setting player 1 freeze to 2234
[21:03:27.383] [SEVERE ] setting player 1 freeze to 2233
[21:03:27.385] [SEVERE ] setting player 1 freeze to 2232
[21:03:27.387] [SEVERE ] setting player 1 freeze to 2231
[21:03:27.389] [SEVERE ] setting player 1 freeze to 2230
[21:03:27.391] [SEVERE ] setting player 1 freeze to 2229
[21:03:27.393] [SEVERE ] setting player 1 freeze to 2228
[21:03:27.395] [SEVERE ] setting player 1 freeze to 2227
[21:03:27.396] [SEVERE ] setting player 1 freeze to 2226
[21:03:27.398] [SEVERE ] setting player 1 freeze to 2225
[21:03:27.401] [SEVERE ] setting player 1 freeze to 2224
[21:03:27.403] [SEVERE ] setting player 1 freeze to 2223
[21:03:27.405] [SEVERE ] setting player 1 freeze to 2222
[21:03:27.407] [SEVERE ] setting player 1 freeze to 2221
[21:03:27.409] [SEVERE ] setting player 1 freeze to 2220
[21:03:27.411] [SEVERE ] setting player 1 freeze to 2219
[21:03:27.413] [SEVERE ] setting player 1 freeze to 2218
[21:03:27.416] [SEVERE ] setting player 1 freeze to 2217
[21:03:27.419] [SEVERE ] setting player 1 freeze to 2216
[21:03:27.421] [SEVERE ] setting player 1 freeze to 2215
[21:03:27.423] [SEVERE ] setting player 1 freeze to 2214
[21:03:27.425] [SEVERE ] setting player 1 freeze to 2213
[21:03:27.428] [SEVERE ] setting player 1 freeze to 2212
[21:03:27.430] [SEVERE ] setting player 1 freeze to 2211
[21:03:27.432] [SEVERE ] setting player 1 freeze to 2210
[21:03:27.434] [SEVERE ] setting player 1 freeze to 2209
