[15:33:34.653] [INFO   ] thread main starting.
[15:33:34.660] [SEVERE ] cannot read configuration file config.properties trying from resources.
[15:33:34.663] [SEVERE ] configuration file was loaded from resources directory.
[15:33:35.498] [INFO   ] thread dealer starting.
[15:33:35.499] [INFO   ] thread dealer starting.
[15:33:35.501] [INFO   ] thread player0Thread starting.
[15:33:35.501] [INFO   ] thread player1Thread starting.
[15:33:35.609] [SEVERE ] placing card 22 in slot 8
[15:33:35.717] [SEVERE ] placing card 11 in slot 0
[15:33:35.827] [SEVERE ] placing card 80 in slot 2
[15:33:35.950] [SEVERE ] placing card 46 in slot 4
[15:33:36.060] [SEVERE ] placing card 55 in slot 9
[15:33:36.172] [SEVERE ] placing card 26 in slot 6
[15:33:36.282] [SEVERE ] placing card 25 in slot 1
[15:33:36.394] [SEVERE ] placing card 37 in slot 10
[15:33:36.505] [SEVERE ] placing card 10 in slot 5
[15:33:36.616] [SEVERE ] placing card 6 in slot 7
[15:33:36.728] [SEVERE ] placing card 64 in slot 11
[15:33:36.836] [SEVERE ] placing card 45 in slot 3
[15:33:36.844] [SEVERE ] updating countdown to 0
[15:33:36.845] [INFO   ] thread dealer terminated.
[15:33:41.860] [SEVERE ] thanks for playing... it was fun!
[15:33:41.860] [INFO   ] thread main terminated.
[15:33:41.860] [SEVERE ] disposing of user interface elements
