[21:04:18.943] [INFO   ] thread main starting.
[21:04:18.951] [SEVERE ] cannot read configuration file config.properties trying from resources.
[21:04:18.953] [SEVERE ] configuration file was loaded from resources directory.
[21:04:19.679] [INFO   ] thread dealer starting.
[21:04:19.680] [INFO   ] thread dealer starting.
[21:04:19.681] [INFO   ] thread player0Thread starting.
[21:04:19.681] [INFO   ] thread player1Thread starting.
[21:04:19.801] [SEVERE ] placing card 4 in slot 7
[21:04:19.908] [SEVERE ] placing card 48 in slot 1
[21:04:20.018] [SEVERE ] placing card 67 in slot 6
[21:04:20.140] [SEVERE ] placing card 1 in slot 9
[21:04:20.247] [SEVERE ] placing card 74 in slot 0
[21:04:20.356] [SEVERE ] placing card 51 in slot 3
[21:04:20.466] [SEVERE ] placing card 7 in slot 4
[21:04:20.576] [SEVERE ] placing card 19 in slot 10
[21:04:20.685] [SEVERE ] placing card 76 in slot 8
[21:04:20.793] [SEVERE ] placing card 32 in slot 11
[21:04:20.901] [SEVERE ] placing card 12 in slot 5
[21:04:21.008] [SEVERE ] placing card 2 in slot 2
[21:04:21.018] [SEVERE ] updating countdown to 60000
[21:04:21.510] [SEVERE ] key 65 was pressed by player 1
[21:04:21.511] [SEVERE ] player 1 placing token on slot 4
[21:04:21.570] [SEVERE ] key 83 was pressed by player 1
[21:04:21.571] [SEVERE ] player 1 placing token on slot 5
[21:04:21.659] [SEVERE ] key 68 was pressed by player 1
[21:04:21.659] [SEVERE ] player 1 placing token on slot 6
[21:04:21.660] [SEVERE ] setting player 1 freeze to 3000
[21:04:21.664] [SEVERE ] setting player 1 freeze to 2999
[21:04:21.666] [SEVERE ] setting player 1 freeze to 2998
[21:04:21.668] [SEVERE ] setting player 1 freeze to 2997
[21:04:21.670] [SEVERE ] setting player 1 freeze to 2996
[21:04:21.673] [SEVERE ] setting player 1 freeze to 2995
[21:04:21.675] [SEVERE ] setting player 1 freeze to 2994
[21:04:21.677] [SEVERE ] setting player 1 freeze to 2993
[21:04:21.679] [SEVERE ] setting player 1 freeze to 2992
[21:04:21.682] [SEVERE ] setting player 1 freeze to 2991
[21:04:21.684] [SEVERE ] setting player 1 freeze to 2990
[21:04:21.686] [SEVERE ] setting player 1 freeze to 2989
[21:04:21.688] [SEVERE ] setting player 1 freeze to 2988
[21:04:21.690] [SEVERE ] setting player 1 freeze to 2987
[21:04:21.692] [SEVERE ] setting player 1 freeze to 2986
[21:04:21.695] [SEVERE ] setting player 1 freeze to 2985
[21:04:21.698] [SEVERE ] setting player 1 freeze to 2984
[21:04:21.703] [SEVERE ] setting player 1 freeze to 2983
[21:04:21.706] [SEVERE ] setting player 1 freeze to 2982
[21:04:21.708] [SEVERE ] setting player 1 freeze to 2981
[21:04:21.710] [SEVERE ] setting player 1 freeze to 2980
[21:04:21.713] [SEVERE ] setting player 1 freeze to 2979
[21:04:21.715] [SEVERE ] setting player 1 freeze to 2978
[21:04:21.717] [SEVERE ] setting player 1 freeze to 2977
[21:04:21.719] [SEVERE ] setting player 1 freeze to 2976
[21:04:21.721] [SEVERE ] setting player 1 freeze to 2975
[21:04:21.723] [SEVERE ] setting player 1 freeze to 2974
[21:04:21.726] [SEVERE ] setting player 1 freeze to 2973
[21:04:21.728] [SEVERE ] setting player 1 freeze to 2972
[21:04:21.730] [SEVERE ] setting player 1 freeze to 2971
[21:04:21.732] [SEVERE ] setting player 1 freeze to 2970
[21:04:21.733] [SEVERE ] setting player 1 freeze to 2969
[21:04:21.735] [SEVERE ] setting player 1 freeze to 2968
[21:04:21.738] [SEVERE ] setting player 1 freeze to 2967
[21:04:21.741] [SEVERE ] setting player 1 freeze to 2966
[21:04:21.743] [SEVERE ] setting player 1 freeze to 2965
[21:04:21.744] [SEVERE ] setting player 1 freeze to 2964
[21:04:21.746] [SEVERE ] setting player 1 freeze to 2963
[21:04:21.748] [SEVERE ] setting player 1 freeze to 2962
[21:04:21.751] [SEVERE ] setting player 1 freeze to 2961
[21:04:21.754] [SEVERE ] setting player 1 freeze to 2960
[21:04:21.756] [SEVERE ] setting player 1 freeze to 2959
[21:04:21.760] [SEVERE ] setting player 1 freeze to 2958
[21:04:21.762] [SEVERE ] setting player 1 freeze to 2957
[21:04:21.764] [SEVERE ] setting player 1 freeze to 2956
[21:04:21.766] [SEVERE ] setting player 1 freeze to 2955
[21:04:21.768] [SEVERE ] setting player 1 freeze to 2954
[21:04:21.770] [SEVERE ] setting player 1 freeze to 2953
[21:04:21.772] [SEVERE ] setting player 1 freeze to 2952
[21:04:21.774] [SEVERE ] setting player 1 freeze to 2951
[21:04:21.776] [SEVERE ] setting player 1 freeze to 2950
[21:04:21.779] [SEVERE ] setting player 1 freeze to 2949
[21:04:21.782] [SEVERE ] setting player 1 freeze to 2948
[21:04:21.785] [SEVERE ] setting player 1 freeze to 2947
[21:04:21.788] [SEVERE ] setting player 1 freeze to 2946
[21:04:21.791] [SEVERE ] setting player 1 freeze to 2945
[21:04:21.794] [SEVERE ] setting player 1 freeze to 2944
[21:04:21.796] [SEVERE ] setting player 1 freeze to 2943
[21:04:21.798] [SEVERE ] setting player 1 freeze to 2942
[21:04:21.799] [SEVERE ] setting player 1 freeze to 2941
[21:04:21.801] [SEVERE ] setting player 1 freeze to 2940
[21:04:21.805] [SEVERE ] setting player 1 freeze to 2939
[21:04:21.808] [SEVERE ] setting player 1 freeze to 2938
[21:04:21.811] [SEVERE ] setting player 1 freeze to 2937
[21:04:21.812] [SEVERE ] setting player 1 freeze to 2936
[21:04:21.814] [SEVERE ] setting player 1 freeze to 2935
[21:04:21.815] [SEVERE ] setting player 1 freeze to 2934
[21:04:21.817] [SEVERE ] setting player 1 freeze to 2933
[21:04:21.819] [SEVERE ] setting player 1 freeze to 2932
[21:04:21.821] [SEVERE ] setting player 1 freeze to 2931
[21:04:21.823] [SEVERE ] setting player 1 freeze to 2930
[21:04:21.825] [SEVERE ] setting player 1 freeze to 2929
[21:04:21.827] [SEVERE ] setting player 1 freeze to 2928
[21:04:21.829] [SEVERE ] setting player 1 freeze to 2927
[21:04:21.831] [SEVERE ] setting player 1 freeze to 2926
[21:04:21.833] [SEVERE ] setting player 1 freeze to 2925
[21:04:21.835] [SEVERE ] setting player 1 freeze to 2924
[21:04:21.837] [SEVERE ] setting player 1 freeze to 2923
[21:04:21.839] [SEVERE ] setting player 1 freeze to 2922
[21:04:21.841] [SEVERE ] setting player 1 freeze to 2921
[21:04:21.843] [SEVERE ] setting player 1 freeze to 2920
[21:04:21.845] [SEVERE ] setting player 1 freeze to 2919
[21:04:21.847] [SEVERE ] setting player 1 freeze to 2918
[21:04:21.848] [SEVERE ] setting player 1 freeze to 2917
[21:04:21.849] [SEVERE ] setting player 1 freeze to 2916
[21:04:21.851] [SEVERE ] setting player 1 freeze to 2915
[21:04:21.852] [SEVERE ] setting player 1 freeze to 2914
[21:04:21.854] [SEVERE ] setting player 1 freeze to 2913
[21:04:21.856] [SEVERE ] setting player 1 freeze to 2912
[21:04:21.858] [SEVERE ] setting player 1 freeze to 2911
[21:04:21.860] [SEVERE ] setting player 1 freeze to 2910
[21:04:21.862] [SEVERE ] setting player 1 freeze to 2909
[21:04:21.865] [SEVERE ] setting player 1 freeze to 2908
[21:04:21.868] [SEVERE ] setting player 1 freeze to 2907
[21:04:21.871] [SEVERE ] setting player 1 freeze to 2906
[21:04:21.875] [SEVERE ] setting player 1 freeze to 2905
[21:04:21.878] [SEVERE ] setting player 1 freeze to 2904
[21:04:21.880] [SEVERE ] setting player 1 freeze to 2903
[21:04:21.882] [SEVERE ] setting player 1 freeze to 2902
[21:04:21.885] [SEVERE ] setting player 1 freeze to 2901
[21:04:21.887] [SEVERE ] setting player 1 freeze to 2900
[21:04:21.889] [SEVERE ] setting player 1 freeze to 2899
[21:04:21.891] [SEVERE ] setting player 1 freeze to 2898
[21:04:21.894] [SEVERE ] setting player 1 freeze to 2897
[21:04:21.897] [SEVERE ] setting player 1 freeze to 2896
[21:04:21.900] [SEVERE ] setting player 1 freeze to 2895
[21:04:21.902] [SEVERE ] setting player 1 freeze to 2894
[21:04:21.904] [SEVERE ] setting player 1 freeze to 2893
[21:04:21.906] [SEVERE ] setting player 1 freeze to 2892
[21:04:21.909] [SEVERE ] setting player 1 freeze to 2891
[21:04:21.912] [SEVERE ] setting player 1 freeze to 2890
[21:04:21.915] [SEVERE ] setting player 1 freeze to 2889
[21:04:21.919] [SEVERE ] setting player 1 freeze to 2888
[21:04:21.922] [SEVERE ] setting player 1 freeze to 2887
[21:04:21.925] [SEVERE ] setting player 1 freeze to 2886
[21:04:21.928] [SEVERE ] setting player 1 freeze to 2885
[21:04:21.931] [SEVERE ] setting player 1 freeze to 2884
[21:04:21.933] [SEVERE ] setting player 1 freeze to 2883
[21:04:21.936] [SEVERE ] setting player 1 freeze to 2882
[21:04:21.939] [SEVERE ] setting player 1 freeze to 2881
[21:04:21.941] [SEVERE ] setting player 1 freeze to 2880
[21:04:21.944] [SEVERE ] setting player 1 freeze to 2879
[21:04:21.947] [SEVERE ] setting player 1 freeze to 2878
[21:04:21.950] [SEVERE ] setting player 1 freeze to 2877
[21:04:21.952] [SEVERE ] setting player 1 freeze to 2876
[21:04:21.955] [SEVERE ] setting player 1 freeze to 2875
[21:04:21.958] [SEVERE ] setting player 1 freeze to 2874
[21:04:21.961] [SEVERE ] setting player 1 freeze to 2873
[21:04:21.964] [SEVERE ] setting player 1 freeze to 2872
[21:04:21.967] [SEVERE ] setting player 1 freeze to 2871
[21:04:21.969] [SEVERE ] setting player 1 freeze to 2870
[21:04:21.972] [SEVERE ] setting player 1 freeze to 2869
[21:04:21.975] [SEVERE ] setting player 1 freeze to 2868
[21:04:21.979] [SEVERE ] setting player 1 freeze to 2867
[21:04:21.982] [SEVERE ] setting player 1 freeze to 2866
[21:04:21.984] [SEVERE ] setting player 1 freeze to 2865
[21:04:21.986] [SEVERE ] setting player 1 freeze to 2864
[21:04:21.988] [SEVERE ] setting player 1 freeze to 2863
[21:04:21.991] [SEVERE ] setting player 1 freeze to 2862
[21:04:21.994] [SEVERE ] setting player 1 freeze to 2861
[21:04:21.997] [SEVERE ] setting player 1 freeze to 2860
[21:04:22.000] [SEVERE ] setting player 1 freeze to 2859
[21:04:22.003] [SEVERE ] setting player 1 freeze to 2858
[21:04:22.006] [SEVERE ] setting player 1 freeze to 2857
[21:04:22.008] [SEVERE ] setting player 1 freeze to 2856
[21:04:22.011] [SEVERE ] setting player 1 freeze to 2855
[21:04:22.014] [SEVERE ] setting player 1 freeze to 2854
[21:04:22.017] [SEVERE ] setting player 1 freeze to 2853
[21:04:22.019] [SEVERE ] setting player 1 freeze to 2852
[21:04:22.022] [SEVERE ] setting player 1 freeze to 2851
[21:04:22.025] [SEVERE ] setting player 1 freeze to 2850
[21:04:22.026] [SEVERE ] setting player 1 freeze to 2849
[21:04:22.028] [SEVERE ] setting player 1 freeze to 2848
[21:04:22.028] [SEVERE ] updating countdown to 59000
[21:04:22.031] [SEVERE ] setting player 1 freeze to 2847
[21:04:22.034] [SEVERE ] setting player 1 freeze to 2846
[21:04:22.036] [SEVERE ] setting player 1 freeze to 2845
[21:04:22.039] [SEVERE ] setting player 1 freeze to 2844
[21:04:22.041] [SEVERE ] setting player 1 freeze to 2843
[21:04:22.043] [SEVERE ] setting player 1 freeze to 2842
[21:04:22.047] [SEVERE ] setting player 1 freeze to 2841
[21:04:22.050] [SEVERE ] setting player 1 freeze to 2840
[21:04:22.054] [SEVERE ] setting player 1 freeze to 2839
[21:04:22.055] [SEVERE ] setting player 1 freeze to 2838
[21:04:22.057] [SEVERE ] setting player 1 freeze to 2837
[21:04:22.061] [SEVERE ] setting player 1 freeze to 2836
[21:04:22.063] [SEVERE ] setting player 1 freeze to 2835
[21:04:22.065] [SEVERE ] setting player 1 freeze to 2834
[21:04:22.068] [SEVERE ] setting player 1 freeze to 2833
[21:04:22.070] [SEVERE ] setting player 1 freeze to 2832
[21:04:22.074] [SEVERE ] setting player 1 freeze to 2831
[21:04:22.076] [SEVERE ] setting player 1 freeze to 2830
[21:04:22.080] [SEVERE ] setting player 1 freeze to 2829
[21:04:22.083] [SEVERE ] setting player 1 freeze to 2828
[21:04:22.086] [SEVERE ] setting player 1 freeze to 2827
[21:04:22.089] [SEVERE ] setting player 1 freeze to 2826
[21:04:22.092] [SEVERE ] setting player 1 freeze to 2825
[21:04:22.094] [SEVERE ] setting player 1 freeze to 2824
[21:04:22.097] [SEVERE ] setting player 1 freeze to 2823
[21:04:22.100] [SEVERE ] setting player 1 freeze to 2822
[21:04:22.103] [SEVERE ] setting player 1 freeze to 2821
[21:04:22.105] [SEVERE ] setting player 1 freeze to 2820
[21:04:22.107] [SEVERE ] setting player 1 freeze to 2819
[21:04:22.109] [SEVERE ] setting player 1 freeze to 2818
[21:04:22.112] [SEVERE ] setting player 1 freeze to 2817
[21:04:22.114] [SEVERE ] setting player 1 freeze to 2816
[21:04:22.116] [SEVERE ] setting player 1 freeze to 2815
[21:04:22.118] [SEVERE ] setting player 1 freeze to 2814
[21:04:22.121] [SEVERE ] setting player 1 freeze to 2813
[21:04:22.123] [SEVERE ] setting player 1 freeze to 2812
[21:04:22.126] [SEVERE ] setting player 1 freeze to 2811
[21:04:22.128] [SEVERE ] setting player 1 freeze to 2810
[21:04:22.130] [SEVERE ] setting player 1 freeze to 2809
[21:04:22.132] [SEVERE ] setting player 1 freeze to 2808
[21:04:22.134] [SEVERE ] setting player 1 freeze to 2807
[21:04:22.137] [SEVERE ] setting player 1 freeze to 2806
[21:04:22.139] [SEVERE ] setting player 1 freeze to 2805
[21:04:22.141] [SEVERE ] setting player 1 freeze to 2804
[21:04:22.145] [SEVERE ] setting player 1 freeze to 2803
[21:04:22.148] [SEVERE ] setting player 1 freeze to 2802
[21:04:22.151] [SEVERE ] setting player 1 freeze to 2801
[21:04:22.154] [SEVERE ] setting player 1 freeze to 2800
[21:04:22.156] [SEVERE ] setting player 1 freeze to 2799
[21:04:22.158] [SEVERE ] setting player 1 freeze to 2798
[21:04:22.161] [SEVERE ] setting player 1 freeze to 2797
[21:04:22.164] [SEVERE ] setting player 1 freeze to 2796
[21:04:22.167] [SEVERE ] setting player 1 freeze to 2795
[21:04:22.169] [SEVERE ] setting player 1 freeze to 2794
[21:04:22.172] [SEVERE ] setting player 1 freeze to 2793
[21:04:22.174] [SEVERE ] setting player 1 freeze to 2792
[21:04:22.176] [SEVERE ] setting player 1 freeze to 2791
[21:04:22.178] [SEVERE ] setting player 1 freeze to 2790
[21:04:22.180] [SEVERE ] setting player 1 freeze to 2789
[21:04:22.183] [SEVERE ] setting player 1 freeze to 2788
[21:04:22.185] [SEVERE ] setting player 1 freeze to 2787
[21:04:22.187] [SEVERE ] setting player 1 freeze to 2786
[21:04:22.190] [SEVERE ] setting player 1 freeze to 2785
[21:04:22.192] [SEVERE ] setting player 1 freeze to 2784
[21:04:22.194] [SEVERE ] setting player 1 freeze to 2783
[21:04:22.196] [SEVERE ] setting player 1 freeze to 2782
[21:04:22.198] [SEVERE ] setting player 1 freeze to 2781
[21:04:22.201] [SEVERE ] setting player 1 freeze to 2780
[21:04:22.203] [SEVERE ] setting player 1 freeze to 2779
[21:04:22.205] [SEVERE ] setting player 1 freeze to 2778
[21:04:22.207] [SEVERE ] setting player 1 freeze to 2777
[21:04:22.210] [SEVERE ] setting player 1 freeze to 2776
[21:04:22.214] [SEVERE ] setting player 1 freeze to 2775
[21:04:22.216] [SEVERE ] setting player 1 freeze to 2774
[21:04:22.218] [SEVERE ] setting player 1 freeze to 2773
[21:04:22.220] [SEVERE ] setting player 1 freeze to 2772
[21:04:22.223] [SEVERE ] setting player 1 freeze to 2771
[21:04:22.226] [SEVERE ] setting player 1 freeze to 2770
[21:04:22.230] [SEVERE ] setting player 1 freeze to 2769
[21:04:22.233] [SEVERE ] setting player 1 freeze to 2768
[21:04:22.236] [SEVERE ] setting player 1 freeze to 2767
[21:04:22.240] [SEVERE ] setting player 1 freeze to 2766
[21:04:22.242] [SEVERE ] setting player 1 freeze to 2765
[21:04:22.244] [SEVERE ] setting player 1 freeze to 2764
[21:04:22.247] [SEVERE ] setting player 1 freeze to 2763
[21:04:22.249] [SEVERE ] setting player 1 freeze to 2762
[21:04:22.251] [SEVERE ] setting player 1 freeze to 2761
[21:04:22.253] [SEVERE ] setting player 1 freeze to 2760
[21:04:22.257] [SEVERE ] setting player 1 freeze to 2759
[21:04:22.259] [SEVERE ] setting player 1 freeze to 2758
[21:04:22.261] [SEVERE ] setting player 1 freeze to 2757
[21:04:22.264] [SEVERE ] setting player 1 freeze to 2756
[21:04:22.266] [SEVERE ] setting player 1 freeze to 2755
[21:04:22.268] [SEVERE ] setting player 1 freeze to 2754
[21:04:22.270] [SEVERE ] setting player 1 freeze to 2753
[21:04:22.272] [SEVERE ] setting player 1 freeze to 2752
[21:04:22.274] [SEVERE ] setting player 1 freeze to 2751
[21:04:22.276] [SEVERE ] setting player 1 freeze to 2750
[21:04:22.279] [SEVERE ] setting player 1 freeze to 2749
[21:04:22.281] [SEVERE ] setting player 1 freeze to 2748
[21:04:22.283] [SEVERE ] setting player 1 freeze to 2747
[21:04:22.285] [SEVERE ] setting player 1 freeze to 2746
[21:04:22.288] [SEVERE ] setting player 1 freeze to 2745
[21:04:22.290] [SEVERE ] setting player 1 freeze to 2744
[21:04:22.301] [SEVERE ] setting player 1 freeze to 2743
[21:04:22.304] [SEVERE ] setting player 1 freeze to 2742
[21:04:22.306] [SEVERE ] setting player 1 freeze to 2741
[21:04:22.308] [SEVERE ] setting player 1 freeze to 2740
[21:04:22.311] [SEVERE ] setting player 1 freeze to 2739
[21:04:22.314] [SEVERE ] setting player 1 freeze to 2738
[21:04:22.316] [SEVERE ] setting player 1 freeze to 2737
[21:04:22.318] [SEVERE ] setting player 1 freeze to 2736
[21:04:22.320] [SEVERE ] setting player 1 freeze to 2735
[21:04:22.323] [SEVERE ] setting player 1 freeze to 2734
[21:04:22.325] [SEVERE ] setting player 1 freeze to 2733
[21:04:22.328] [SEVERE ] setting player 1 freeze to 2732
[21:04:22.331] [SEVERE ] setting player 1 freeze to 2731
[21:04:22.333] [SEVERE ] setting player 1 freeze to 2730
[21:04:22.335] [SEVERE ] setting player 1 freeze to 2729
[21:04:22.337] [SEVERE ] setting player 1 freeze to 2728
[21:04:22.339] [SEVERE ] setting player 1 freeze to 2727
[21:04:22.341] [SEVERE ] setting player 1 freeze to 2726
[21:04:22.343] [SEVERE ] setting player 1 freeze to 2725
[21:04:22.346] [SEVERE ] setting player 1 freeze to 2724
[21:04:22.349] [SEVERE ] setting player 1 freeze to 2723
[21:04:22.351] [SEVERE ] setting player 1 freeze to 2722
[21:04:22.353] [SEVERE ] setting player 1 freeze to 2721
[21:04:22.355] [SEVERE ] setting player 1 freeze to 2720
[21:04:22.357] [SEVERE ] setting player 1 freeze to 2719
[21:04:22.360] [SEVERE ] setting player 1 freeze to 2718
[21:04:22.362] [SEVERE ] setting player 1 freeze to 2717
[21:04:22.364] [SEVERE ] setting player 1 freeze to 2716
[21:04:22.366] [SEVERE ] setting player 1 freeze to 2715
[21:04:22.368] [SEVERE ] setting player 1 freeze to 2714
[21:04:22.370] [SEVERE ] setting player 1 freeze to 2713
[21:04:22.373] [SEVERE ] setting player 1 freeze to 2712
[21:04:22.375] [SEVERE ] setting player 1 freeze to 2711
[21:04:22.377] [SEVERE ] setting player 1 freeze to 2710
[21:04:22.379] [SEVERE ] setting player 1 freeze to 2709
[21:04:22.381] [SEVERE ] setting player 1 freeze to 2708
[21:04:22.384] [SEVERE ] setting player 1 freeze to 2707
[21:04:22.386] [SEVERE ] setting player 1 freeze to 2706
[21:04:22.388] [SEVERE ] setting player 1 freeze to 2705
[21:04:22.390] [SEVERE ] setting player 1 freeze to 2704
[21:04:22.393] [SEVERE ] setting player 1 freeze to 2703
[21:04:22.395] [SEVERE ] setting player 1 freeze to 2702
[21:04:22.397] [SEVERE ] setting player 1 freeze to 2701
[21:04:22.400] [SEVERE ] setting player 1 freeze to 2700
[21:04:22.402] [SEVERE ] setting player 1 freeze to 2699
[21:04:22.405] [SEVERE ] setting player 1 freeze to 2698
[21:04:22.407] [SEVERE ] setting player 1 freeze to 2697
[21:04:22.410] [SEVERE ] setting player 1 freeze to 2696
[21:04:22.412] [SEVERE ] setting player 1 freeze to 2695
[21:04:22.414] [SEVERE ] setting player 1 freeze to 2694
[21:04:22.417] [SEVERE ] setting player 1 freeze to 2693
[21:04:22.419] [SEVERE ] setting player 1 freeze to 2692
[21:04:22.421] [SEVERE ] setting player 1 freeze to 2691
[21:04:22.423] [SEVERE ] setting player 1 freeze to 2690
[21:04:22.426] [SEVERE ] setting player 1 freeze to 2689
[21:04:22.428] [SEVERE ] setting player 1 freeze to 2688
[21:04:22.431] [SEVERE ] setting player 1 freeze to 2687
[21:04:22.435] [SEVERE ] setting player 1 freeze to 2686
[21:04:22.438] [SEVERE ] setting player 1 freeze to 2685
[21:04:22.440] [SEVERE ] setting player 1 freeze to 2684
[21:04:22.442] [SEVERE ] setting player 1 freeze to 2683
[21:04:22.444] [SEVERE ] setting player 1 freeze to 2682
[21:04:22.447] [SEVERE ] setting player 1 freeze to 2681
[21:04:22.449] [SEVERE ] setting player 1 freeze to 2680
[21:04:22.451] [SEVERE ] setting player 1 freeze to 2679
[21:04:22.453] [SEVERE ] setting player 1 freeze to 2678
[21:04:22.457] [SEVERE ] setting player 1 freeze to 2677
[21:04:22.460] [SEVERE ] setting player 1 freeze to 2676
[21:04:22.462] [SEVERE ] setting player 1 freeze to 2675
[21:04:22.464] [SEVERE ] setting player 1 freeze to 2674
[21:04:22.467] [SEVERE ] setting player 1 freeze to 2673
[21:04:22.469] [SEVERE ] setting player 1 freeze to 2672
[21:04:22.471] [SEVERE ] setting player 1 freeze to 2671
[21:04:22.473] [SEVERE ] setting player 1 freeze to 2670
[21:04:22.475] [SEVERE ] setting player 1 freeze to 2669
[21:04:22.479] [SEVERE ] setting player 1 freeze to 2668
[21:04:22.481] [SEVERE ] setting player 1 freeze to 2667
[21:04:22.483] [SEVERE ] setting player 1 freeze to 2666
[21:04:22.485] [SEVERE ] setting player 1 freeze to 2665
[21:04:22.487] [SEVERE ] setting player 1 freeze to 2664
[21:04:22.489] [SEVERE ] setting player 1 freeze to 2663
[21:04:22.492] [SEVERE ] setting player 1 freeze to 2662
[21:04:22.494] [SEVERE ] setting player 1 freeze to 2661
[21:04:22.496] [SEVERE ] setting player 1 freeze to 2660
[21:04:22.498] [SEVERE ] setting player 1 freeze to 2659
[21:04:22.500] [SEVERE ] setting player 1 freeze to 2658
[21:04:22.502] [SEVERE ] setting player 1 freeze to 2657
[21:04:22.505] [SEVERE ] setting player 1 freeze to 2656
[21:04:22.509] [SEVERE ] setting player 1 freeze to 2655
[21:04:22.511] [SEVERE ] setting player 1 freeze to 2654
[21:04:22.513] [SEVERE ] setting player 1 freeze to 2653
[21:04:22.515] [SEVERE ] setting player 1 freeze to 2652
[21:04:22.518] [SEVERE ] setting player 1 freeze to 2651
[21:04:22.520] [SEVERE ] setting player 1 freeze to 2650
[21:04:22.523] [SEVERE ] setting player 1 freeze to 2649
[21:04:22.526] [SEVERE ] setting player 1 freeze to 2648
[21:04:22.529] [SEVERE ] setting player 1 freeze to 2647
[21:04:22.531] [SEVERE ] setting player 1 freeze to 2646
[21:04:22.534] [SEVERE ] setting player 1 freeze to 2645
[21:04:22.536] [SEVERE ] setting player 1 freeze to 2644
[21:04:22.538] [SEVERE ] setting player 1 freeze to 2643
[21:04:22.541] [SEVERE ] setting player 1 freeze to 2642
[21:04:22.543] [SEVERE ] setting player 1 freeze to 2641
[21:04:22.545] [SEVERE ] setting player 1 freeze to 2640
[21:04:22.548] [SEVERE ] setting player 1 freeze to 2639
[21:04:22.551] [SEVERE ] setting player 1 freeze to 2638
[21:04:22.553] [SEVERE ] setting player 1 freeze to 2637
[21:04:22.555] [SEVERE ] setting player 1 freeze to 2636
[21:04:22.557] [SEVERE ] setting player 1 freeze to 2635
[21:04:22.559] [SEVERE ] setting player 1 freeze to 2634
[21:04:22.562] [SEVERE ] setting player 1 freeze to 2633
[21:04:22.564] [SEVERE ] setting player 1 freeze to 2632
[21:04:22.567] [SEVERE ] setting player 1 freeze to 2631
[21:04:22.569] [SEVERE ] setting player 1 freeze to 2630
[21:04:22.571] [SEVERE ] setting player 1 freeze to 2629
[21:04:22.573] [SEVERE ] setting player 1 freeze to 2628
[21:04:22.576] [SEVERE ] setting player 1 freeze to 2627
[21:04:22.579] [SEVERE ] setting player 1 freeze to 2626
[21:04:22.582] [SEVERE ] setting player 1 freeze to 2625
[21:04:22.585] [SEVERE ] setting player 1 freeze to 2624
[21:04:22.589] [SEVERE ] setting player 1 freeze to 2623
[21:04:22.591] [SEVERE ] setting player 1 freeze to 2622
[21:04:22.594] [SEVERE ] setting player 1 freeze to 2621
[21:04:22.596] [SEVERE ] setting player 1 freeze to 2620
[21:04:22.598] [SEVERE ] setting player 1 freeze to 2619
[21:04:22.601] [SEVERE ] setting player 1 freeze to 2618
[21:04:22.604] [SEVERE ] setting player 1 freeze to 2617
[21:04:22.606] [SEVERE ] setting player 1 freeze to 2616
[21:04:22.608] [SEVERE ] setting player 1 freeze to 2615
[21:04:22.611] [SEVERE ] setting player 1 freeze to 2614
[21:04:22.613] [SEVERE ] setting player 1 freeze to 2613
[21:04:22.615] [SEVERE ] setting player 1 freeze to 2612
[21:04:22.618] [SEVERE ] setting player 1 freeze to 2611
[21:04:22.621] [SEVERE ] setting player 1 freeze to 2610
[21:04:22.623] [SEVERE ] setting player 1 freeze to 2609
[21:04:22.625] [SEVERE ] setting player 1 freeze to 2608
[21:04:22.627] [SEVERE ] setting player 1 freeze to 2607
[21:04:22.629] [SEVERE ] setting player 1 freeze to 2606
[21:04:22.631] [SEVERE ] setting player 1 freeze to 2605
[21:04:22.633] [SEVERE ] setting player 1 freeze to 2604
[21:04:22.635] [SEVERE ] setting player 1 freeze to 2603
[21:04:22.638] [SEVERE ] setting player 1 freeze to 2602
[21:04:22.640] [SEVERE ] setting player 1 freeze to 2601
[21:04:22.643] [SEVERE ] setting player 1 freeze to 2600
[21:04:22.646] [SEVERE ] setting player 1 freeze to 2599
[21:04:22.649] [SEVERE ] setting player 1 freeze to 2598
[21:04:22.651] [SEVERE ] setting player 1 freeze to 2597
[21:04:22.654] [SEVERE ] setting player 1 freeze to 2596
[21:04:22.656] [SEVERE ] setting player 1 freeze to 2595
[21:04:22.658] [SEVERE ] setting player 1 freeze to 2594
[21:04:22.660] [SEVERE ] setting player 1 freeze to 2593
[21:04:22.662] [SEVERE ] setting player 1 freeze to 2592
[21:04:22.664] [SEVERE ] setting player 1 freeze to 2591
[21:04:22.666] [SEVERE ] setting player 1 freeze to 2590
[21:04:22.668] [SEVERE ] setting player 1 freeze to 2589
[21:04:22.670] [SEVERE ] setting player 1 freeze to 2588
[21:04:22.672] [SEVERE ] setting player 1 freeze to 2587
[21:04:22.674] [SEVERE ] setting player 1 freeze to 2586
[21:04:22.677] [SEVERE ] setting player 1 freeze to 2585
[21:04:22.679] [SEVERE ] setting player 1 freeze to 2584
[21:04:22.681] [SEVERE ] setting player 1 freeze to 2583
[21:04:22.683] [SEVERE ] setting player 1 freeze to 2582
[21:04:22.685] [SEVERE ] setting player 1 freeze to 2581
[21:04:22.687] [SEVERE ] setting player 1 freeze to 2580
[21:04:22.689] [SEVERE ] setting player 1 freeze to 2579
[21:04:22.692] [SEVERE ] setting player 1 freeze to 2578
[21:04:22.694] [SEVERE ] setting player 1 freeze to 2577
[21:04:22.696] [SEVERE ] setting player 1 freeze to 2576
[21:04:22.698] [SEVERE ] setting player 1 freeze to 2575
[21:04:22.699] [SEVERE ] setting player 1 freeze to 2574
[21:04:22.701] [SEVERE ] setting player 1 freeze to 2573
[21:04:22.704] [SEVERE ] setting player 1 freeze to 2572
[21:04:22.706] [SEVERE ] setting player 1 freeze to 2571
[21:04:22.708] [SEVERE ] setting player 1 freeze to 2570
[21:04:22.711] [SEVERE ] setting player 1 freeze to 2569
[21:04:22.713] [SEVERE ] setting player 1 freeze to 2568
[21:04:22.715] [SEVERE ] setting player 1 freeze to 2567
[21:04:22.717] [SEVERE ] setting player 1 freeze to 2566
[21:04:22.719] [SEVERE ] setting player 1 freeze to 2565
[21:04:22.721] [SEVERE ] setting player 1 freeze to 2564
[21:04:22.723] [SEVERE ] setting player 1 freeze to 2563
[21:04:22.725] [SEVERE ] setting player 1 freeze to 2562
[21:04:22.728] [SEVERE ] setting player 1 freeze to 2561
[21:04:22.730] [SEVERE ] setting player 1 freeze to 2560
[21:04:22.733] [SEVERE ] setting player 1 freeze to 2559
[21:04:22.735] [SEVERE ] setting player 1 freeze to 2558
[21:04:22.737] [SEVERE ] setting player 1 freeze to 2557
[21:04:22.739] [SEVERE ] setting player 1 freeze to 2556
[21:04:22.741] [SEVERE ] setting player 1 freeze to 2555
[21:04:22.743] [SEVERE ] setting player 1 freeze to 2554
[21:04:22.745] [SEVERE ] setting player 1 freeze to 2553
[21:04:22.747] [SEVERE ] setting player 1 freeze to 2552
[21:04:22.749] [SEVERE ] setting player 1 freeze to 2551
[21:04:22.751] [SEVERE ] setting player 1 freeze to 2550
[21:04:22.753] [SEVERE ] setting player 1 freeze to 2549
[21:04:22.755] [SEVERE ] setting player 1 freeze to 2548
[21:04:22.757] [SEVERE ] setting player 1 freeze to 2547
[21:04:22.760] [SEVERE ] setting player 1 freeze to 2546
[21:04:22.762] [SEVERE ] setting player 1 freeze to 2545
[21:04:22.764] [SEVERE ] setting player 1 freeze to 2544
[21:04:22.766] [SEVERE ] setting player 1 freeze to 2543
[21:04:22.768] [SEVERE ] setting player 1 freeze to 2542
[21:04:22.769] [SEVERE ] setting player 1 freeze to 2541
[21:04:22.770] [SEVERE ] setting player 1 freeze to 2540
[21:04:22.772] [SEVERE ] setting player 1 freeze to 2539
[21:04:22.774] [SEVERE ] setting player 1 freeze to 2538
[21:04:22.775] [SEVERE ] setting player 1 freeze to 2537
[21:04:22.777] [SEVERE ] setting player 1 freeze to 2536
[21:04:22.781] [SEVERE ] setting player 1 freeze to 2535
[21:04:22.783] [SEVERE ] setting player 1 freeze to 2534
[21:04:22.785] [SEVERE ] setting player 1 freeze to 2533
[21:04:22.786] [SEVERE ] setting player 1 freeze to 2532
[21:04:22.787] [SEVERE ] setting player 1 freeze to 2531
[21:04:22.790] [SEVERE ] setting player 1 freeze to 2530
[21:04:22.792] [SEVERE ] setting player 1 freeze to 2529
[21:04:22.794] [SEVERE ] setting player 1 freeze to 2528
[21:04:22.796] [SEVERE ] setting player 1 freeze to 2527
[21:04:22.798] [SEVERE ] setting player 1 freeze to 2526
[21:04:22.800] [SEVERE ] setting player 1 freeze to 2525
[21:04:22.803] [SEVERE ] setting player 1 freeze to 2524
[21:04:22.805] [SEVERE ] setting player 1 freeze to 2523
[21:04:22.808] [SEVERE ] setting player 1 freeze to 2522
[21:04:22.810] [SEVERE ] setting player 1 freeze to 2521
[21:04:22.812] [SEVERE ] setting player 1 freeze to 2520
[21:04:22.814] [SEVERE ] setting player 1 freeze to 2519
[21:04:22.816] [SEVERE ] setting player 1 freeze to 2518
[21:04:22.818] [SEVERE ] setting player 1 freeze to 2517
[21:04:22.819] [SEVERE ] setting player 1 freeze to 2516
[21:04:22.821] [SEVERE ] setting player 1 freeze to 2515
[21:04:22.823] [SEVERE ] setting player 1 freeze to 2514
[21:04:22.825] [SEVERE ] setting player 1 freeze to 2513
[21:04:22.827] [SEVERE ] setting player 1 freeze to 2512
[21:04:22.829] [SEVERE ] setting player 1 freeze to 2511
[21:04:22.831] [SEVERE ] setting player 1 freeze to 2510
[21:04:22.834] [SEVERE ] setting player 1 freeze to 2509
[21:04:22.836] [SEVERE ] setting player 1 freeze to 2508
[21:04:22.838] [SEVERE ] setting player 1 freeze to 2507
[21:04:22.840] [SEVERE ] setting player 1 freeze to 2506
[21:04:22.842] [SEVERE ] setting player 1 freeze to 2505
[21:04:22.844] [SEVERE ] setting player 1 freeze to 2504
[21:04:22.846] [SEVERE ] setting player 1 freeze to 2503
[21:04:22.848] [SEVERE ] setting player 1 freeze to 2502
[21:04:22.851] [SEVERE ] setting player 1 freeze to 2501
[21:04:22.853] [SEVERE ] setting player 1 freeze to 2500
[21:04:22.855] [SEVERE ] setting player 1 freeze to 2499
[21:04:22.857] [SEVERE ] setting player 1 freeze to 2498
[21:04:22.860] [SEVERE ] setting player 1 freeze to 2497
[21:04:22.863] [SEVERE ] setting player 1 freeze to 2496
[21:04:22.865] [SEVERE ] setting player 1 freeze to 2495
[21:04:22.867] [SEVERE ] setting player 1 freeze to 2494
[21:04:22.869] [SEVERE ] setting player 1 freeze to 2493
[21:04:22.871] [SEVERE ] setting player 1 freeze to 2492
[21:04:22.873] [SEVERE ] setting player 1 freeze to 2491
[21:04:22.875] [SEVERE ] setting player 1 freeze to 2490
[21:04:22.877] [SEVERE ] setting player 1 freeze to 2489
[21:04:22.879] [SEVERE ] setting player 1 freeze to 2488
[21:04:22.881] [SEVERE ] setting player 1 freeze to 2487
[21:04:22.884] [SEVERE ] setting player 1 freeze to 2486
[21:04:22.886] [SEVERE ] setting player 1 freeze to 2485
[21:04:22.889] [SEVERE ] setting player 1 freeze to 2484
[21:04:22.891] [SEVERE ] setting player 1 freeze to 2483
[21:04:22.893] [SEVERE ] setting player 1 freeze to 2482
[21:04:22.895] [SEVERE ] setting player 1 freeze to 2481
[21:04:22.897] [SEVERE ] setting player 1 freeze to 2480
[21:04:22.899] [SEVERE ] setting player 1 freeze to 2479
[21:04:22.909] [SEVERE ] setting player 1 freeze to 2478
[21:04:22.910] [SEVERE ] setting player 1 freeze to 2477
[21:04:22.912] [SEVERE ] setting player 1 freeze to 2476
[21:04:22.915] [SEVERE ] setting player 1 freeze to 2475
[21:04:22.917] [SEVERE ] setting player 1 freeze to 2474
[21:04:22.919] [SEVERE ] setting player 1 freeze to 2473
[21:04:22.921] [SEVERE ] setting player 1 freeze to 2472
[21:04:22.923] [SEVERE ] setting player 1 freeze to 2471
[21:04:22.926] [SEVERE ] setting player 1 freeze to 2470
[21:04:22.928] [SEVERE ] setting player 1 freeze to 2469
[21:04:22.931] [SEVERE ] setting player 1 freeze to 2468
[21:04:22.933] [SEVERE ] setting player 1 freeze to 2467
[21:04:22.935] [SEVERE ] setting player 1 freeze to 2466
[21:04:22.937] [SEVERE ] setting player 1 freeze to 2465
[21:04:22.939] [SEVERE ] setting player 1 freeze to 2464
[21:04:22.941] [SEVERE ] setting player 1 freeze to 2463
[21:04:22.943] [SEVERE ] setting player 1 freeze to 2462
[21:04:22.945] [SEVERE ] setting player 1 freeze to 2461
[21:04:22.947] [SEVERE ] setting player 1 freeze to 2460
[21:04:22.949] [SEVERE ] setting player 1 freeze to 2459
[21:04:22.951] [SEVERE ] setting player 1 freeze to 2458
[21:04:22.952] [SEVERE ] setting player 1 freeze to 2457
[21:04:22.954] [SEVERE ] setting player 1 freeze to 2456
[21:04:22.956] [SEVERE ] setting player 1 freeze to 2455
[21:04:22.958] [SEVERE ] setting player 1 freeze to 2454
[21:04:22.960] [SEVERE ] setting player 1 freeze to 2453
[21:04:22.963] [SEVERE ] setting player 1 freeze to 2452
[21:04:22.965] [SEVERE ] setting player 1 freeze to 2451
[21:04:22.968] [SEVERE ] setting player 1 freeze to 2450
[21:04:22.971] [SEVERE ] setting player 1 freeze to 2449
[21:04:22.973] [SEVERE ] setting player 1 freeze to 2448
[21:04:22.975] [SEVERE ] setting player 1 freeze to 2447
[21:04:22.978] [SEVERE ] setting player 1 freeze to 2446
[21:04:22.980] [SEVERE ] setting player 1 freeze to 2445
[21:04:22.982] [SEVERE ] setting player 1 freeze to 2444
[21:04:22.984] [SEVERE ] setting player 1 freeze to 2443
[21:04:22.987] [SEVERE ] setting player 1 freeze to 2442
[21:04:22.990] [SEVERE ] setting player 1 freeze to 2441
[21:04:22.993] [SEVERE ] setting player 1 freeze to 2440
[21:04:22.995] [SEVERE ] setting player 1 freeze to 2439
[21:04:22.997] [SEVERE ] setting player 1 freeze to 2438
[21:04:23.000] [SEVERE ] setting player 1 freeze to 2437
[21:04:23.002] [SEVERE ] setting player 1 freeze to 2436
[21:04:23.005] [SEVERE ] setting player 1 freeze to 2435
[21:04:23.008] [SEVERE ] setting player 1 freeze to 2434
[21:04:23.010] [SEVERE ] setting player 1 freeze to 2433
[21:04:23.013] [SEVERE ] setting player 1 freeze to 2432
[21:04:23.016] [SEVERE ] setting player 1 freeze to 2431
[21:04:23.019] [SEVERE ] setting player 1 freeze to 2430
[21:04:23.020] [SEVERE ] setting player 1 freeze to 2429
[21:04:23.024] [SEVERE ] setting player 1 freeze to 2428
[21:04:23.027] [SEVERE ] setting player 1 freeze to 2427
[21:04:23.030] [SEVERE ] setting player 1 freeze to 2426
[21:04:23.034] [SEVERE ] setting player 1 freeze to 2425
[21:04:23.036] [SEVERE ] setting player 1 freeze to 2424
[21:04:23.038] [SEVERE ] setting player 1 freeze to 2423
[21:04:23.040] [SEVERE ] setting player 1 freeze to 2422
[21:04:23.042] [SEVERE ] setting player 1 freeze to 2421
[21:04:23.045] [SEVERE ] setting player 1 freeze to 2420
[21:04:23.048] [SEVERE ] setting player 1 freeze to 2419
[21:04:23.050] [SEVERE ] setting player 1 freeze to 2418
[21:04:23.052] [SEVERE ] setting player 1 freeze to 2417
[21:04:23.054] [SEVERE ] setting player 1 freeze to 2416
[21:04:23.056] [SEVERE ] setting player 1 freeze to 2415
[21:04:23.060] [SEVERE ] setting player 1 freeze to 2414
[21:04:23.062] [SEVERE ] setting player 1 freeze to 2413
[21:04:23.064] [SEVERE ] setting player 1 freeze to 2412
[21:04:23.066] [SEVERE ] setting player 1 freeze to 2411
[21:04:23.068] [SEVERE ] setting player 1 freeze to 2410
[21:04:23.070] [SEVERE ] setting player 1 freeze to 2409
[21:04:23.072] [SEVERE ] setting player 1 freeze to 2408
[21:04:23.074] [SEVERE ] setting player 1 freeze to 2407
[21:04:23.077] [SEVERE ] setting player 1 freeze to 2406
[21:04:23.080] [SEVERE ] setting player 1 freeze to 2405
[21:04:23.083] [SEVERE ] setting player 1 freeze to 2404
[21:04:23.087] [SEVERE ] setting player 1 freeze to 2403
[21:04:23.090] [SEVERE ] setting player 1 freeze to 2402
[21:04:23.092] [SEVERE ] setting player 1 freeze to 2401
[21:04:23.094] [SEVERE ] setting player 1 freeze to 2400
[21:04:23.096] [SEVERE ] setting player 1 freeze to 2399
[21:04:23.099] [SEVERE ] setting player 1 freeze to 2398
[21:04:23.101] [SEVERE ] setting player 1 freeze to 2397
[21:04:23.103] [SEVERE ] setting player 1 freeze to 2396
[21:04:23.105] [SEVERE ] setting player 1 freeze to 2395
[21:04:23.108] [SEVERE ] setting player 1 freeze to 2394
[21:04:23.110] [SEVERE ] setting player 1 freeze to 2393
[21:04:23.112] [SEVERE ] setting player 1 freeze to 2392
[21:04:23.115] [SEVERE ] setting player 1 freeze to 2391
[21:04:23.117] [SEVERE ] setting player 1 freeze to 2390
[21:04:23.119] [SEVERE ] setting player 1 freeze to 2389
[21:04:23.122] [SEVERE ] setting player 1 freeze to 2388
[21:04:23.124] [SEVERE ] setting player 1 freeze to 2387
[21:04:23.126] [SEVERE ] setting player 1 freeze to 2386
[21:04:23.129] [SEVERE ] setting player 1 freeze to 2385
[21:04:23.132] [SEVERE ] setting player 1 freeze to 2384
[21:04:23.134] [SEVERE ] setting player 1 freeze to 2383
[21:04:23.138] [SEVERE ] setting player 1 freeze to 2382
[21:04:23.140] [SEVERE ] setting player 1 freeze to 2381
[21:04:23.141] [SEVERE ] setting player 1 freeze to 2380
[21:04:23.143] [SEVERE ] setting player 1 freeze to 2379
[21:04:23.145] [SEVERE ] setting player 1 freeze to 2378
[21:04:23.149] [SEVERE ] setting player 1 freeze to 2377
[21:04:23.152] [SEVERE ] setting player 1 freeze to 2376
[21:04:23.155] [SEVERE ] setting player 1 freeze to 2375
[21:04:23.157] [SEVERE ] setting player 1 freeze to 2374
[21:04:23.159] [SEVERE ] setting player 1 freeze to 2373
[21:04:23.162] [SEVERE ] setting player 1 freeze to 2372
[21:04:23.164] [SEVERE ] setting player 1 freeze to 2371
[21:04:23.167] [SEVERE ] setting player 1 freeze to 2370
[21:04:23.169] [SEVERE ] setting player 1 freeze to 2369
[21:04:23.171] [SEVERE ] setting player 1 freeze to 2368
[21:04:23.173] [SEVERE ] setting player 1 freeze to 2367
[21:04:23.175] [SEVERE ] setting player 1 freeze to 2366
[21:04:23.178] [SEVERE ] setting player 1 freeze to 2365
[21:04:23.181] [SEVERE ] setting player 1 freeze to 2364
[21:04:23.183] [SEVERE ] setting player 1 freeze to 2363
[21:04:23.187] [SEVERE ] setting player 1 freeze to 2362
[21:04:23.190] [SEVERE ] setting player 1 freeze to 2361
[21:04:23.193] [SEVERE ] setting player 1 freeze to 2360
[21:04:23.196] [SEVERE ] setting player 1 freeze to 2359
[21:04:23.198] [SEVERE ] setting player 1 freeze to 2358
[21:04:23.201] [SEVERE ] setting player 1 freeze to 2357
[21:04:23.203] [SEVERE ] setting player 1 freeze to 2356
[21:04:23.206] [SEVERE ] setting player 1 freeze to 2355
[21:04:23.207] [SEVERE ] setting player 1 freeze to 2354
[21:04:23.209] [SEVERE ] setting player 1 freeze to 2353
[21:04:23.212] [SEVERE ] setting player 1 freeze to 2352
[21:04:23.215] [SEVERE ] setting player 1 freeze to 2351
[21:04:23.217] [SEVERE ] setting player 1 freeze to 2350
[21:04:23.219] [SEVERE ] setting player 1 freeze to 2349
[21:04:23.222] [SEVERE ] setting player 1 freeze to 2348
[21:04:23.224] [SEVERE ] setting player 1 freeze to 2347
[21:04:23.227] [SEVERE ] setting player 1 freeze to 2346
[21:04:23.229] [SEVERE ] setting player 1 freeze to 2345
[21:04:23.232] [SEVERE ] setting player 1 freeze to 2344
[21:04:23.234] [SEVERE ] setting player 1 freeze to 2343
[21:04:23.236] [SEVERE ] setting player 1 freeze to 2342
[21:04:23.239] [SEVERE ] setting player 1 freeze to 2341
[21:04:23.241] [SEVERE ] setting player 1 freeze to 2340
[21:04:23.243] [SEVERE ] setting player 1 freeze to 2339
[21:04:23.245] [SEVERE ] setting player 1 freeze to 2338
[21:04:23.248] [SEVERE ] setting player 1 freeze to 2337
[21:04:23.251] [SEVERE ] setting player 1 freeze to 2336
[21:04:23.254] [SEVERE ] setting player 1 freeze to 2335
[21:04:23.256] [SEVERE ] setting player 1 freeze to 2334
[21:04:23.258] [SEVERE ] setting player 1 freeze to 2333
[21:04:23.260] [SEVERE ] setting player 1 freeze to 2332
[21:04:23.261] [SEVERE ] setting player 1 freeze to 2331
[21:04:23.265] [SEVERE ] setting player 1 freeze to 2330
[21:04:23.267] [SEVERE ] setting player 1 freeze to 2329
[21:04:23.269] [SEVERE ] setting player 1 freeze to 2328
[21:04:23.271] [SEVERE ] setting player 1 freeze to 2327
[21:04:23.272] [SEVERE ] setting player 1 freeze to 2326
[21:04:23.274] [SEVERE ] setting player 1 freeze to 2325
[21:04:23.277] [SEVERE ] setting player 1 freeze to 2324
[21:04:23.280] [SEVERE ] setting player 1 freeze to 2323
[21:04:23.283] [SEVERE ] setting player 1 freeze to 2322
[21:04:23.285] [SEVERE ] setting player 1 freeze to 2321
[21:04:23.288] [SEVERE ] setting player 1 freeze to 2320
[21:04:23.290] [SEVERE ] setting player 1 freeze to 2319
[21:04:23.293] [SEVERE ] setting player 1 freeze to 2318
[21:04:23.296] [SEVERE ] setting player 1 freeze to 2317
[21:04:23.298] [SEVERE ] setting player 1 freeze to 2316
[21:04:23.300] [SEVERE ] setting player 1 freeze to 2315
[21:04:23.303] [SEVERE ] setting player 1 freeze to 2314
[21:04:23.305] [SEVERE ] setting player 1 freeze to 2313
[21:04:23.307] [SEVERE ] setting player 1 freeze to 2312
[21:04:23.312] [SEVERE ] setting player 1 freeze to 2311
[21:04:23.314] [SEVERE ] setting player 1 freeze to 2310
[21:04:23.316] [SEVERE ] setting player 1 freeze to 2309
[21:04:23.318] [SEVERE ] setting player 1 freeze to 2308
[21:04:23.321] [SEVERE ] setting player 1 freeze to 2307
[21:04:23.324] [SEVERE ] setting player 1 freeze to 2306
[21:04:23.326] [SEVERE ] setting player 1 freeze to 2305
[21:04:23.329] [SEVERE ] setting player 1 freeze to 2304
[21:04:23.332] [SEVERE ] setting player 1 freeze to 2303
[21:04:23.335] [SEVERE ] setting player 1 freeze to 2302
[21:04:23.336] [SEVERE ] setting player 1 freeze to 2301
[21:04:23.338] [SEVERE ] setting player 1 freeze to 2300
[21:04:23.341] [SEVERE ] setting player 1 freeze to 2299
[21:04:23.343] [SEVERE ] setting player 1 freeze to 2298
[21:04:23.346] [SEVERE ] setting player 1 freeze to 2297
[21:04:23.348] [SEVERE ] setting player 1 freeze to 2296
[21:04:23.350] [SEVERE ] setting player 1 freeze to 2295
[21:04:23.353] [SEVERE ] setting player 1 freeze to 2294
[21:04:23.355] [SEVERE ] setting player 1 freeze to 2293
[21:04:23.358] [SEVERE ] setting player 1 freeze to 2292
[21:04:23.360] [SEVERE ] setting player 1 freeze to 2291
[21:04:23.363] [SEVERE ] setting player 1 freeze to 2290
[21:04:23.366] [SEVERE ] setting player 1 freeze to 2289
[21:04:23.368] [SEVERE ] setting player 1 freeze to 2288
[21:04:23.370] [SEVERE ] setting player 1 freeze to 2287
[21:04:23.372] [SEVERE ] setting player 1 freeze to 2286
[21:04:23.374] [SEVERE ] setting player 1 freeze to 2285
[21:04:23.376] [SEVERE ] setting player 1 freeze to 2284
[21:04:23.377] [SEVERE ] setting player 1 freeze to 2283
[21:04:23.380] [SEVERE ] setting player 1 freeze to 2282
[21:04:23.382] [SEVERE ] setting player 1 freeze to 2281
[21:04:23.385] [SEVERE ] setting player 1 freeze to 2280
[21:04:23.388] [SEVERE ] setting player 1 freeze to 2279
[21:04:23.390] [SEVERE ] setting player 1 freeze to 2278
[21:04:23.392] [SEVERE ] setting player 1 freeze to 2277
[21:04:23.395] [SEVERE ] setting player 1 freeze to 2276
[21:04:23.398] [SEVERE ] setting player 1 freeze to 2275
[21:04:23.400] [SEVERE ] setting player 1 freeze to 2274
[21:04:23.403] [SEVERE ] setting player 1 freeze to 2273
[21:04:23.405] [SEVERE ] setting player 1 freeze to 2272
[21:04:23.408] [SEVERE ] setting player 1 freeze to 2271
[21:04:23.410] [SEVERE ] setting player 1 freeze to 2270
[21:04:23.412] [SEVERE ] setting player 1 freeze to 2269
[21:04:23.415] [SEVERE ] setting player 1 freeze to 2268
[21:04:23.418] [SEVERE ] setting player 1 freeze to 2267
[21:04:23.420] [SEVERE ] setting player 1 freeze to 2266
[21:04:23.422] [SEVERE ] setting player 1 freeze to 2265
[21:04:23.423] [SEVERE ] setting player 1 freeze to 2264
[21:04:23.425] [SEVERE ] setting player 1 freeze to 2263
[21:04:23.428] [SEVERE ] setting player 1 freeze to 2262
[21:04:23.431] [SEVERE ] setting player 1 freeze to 2261
[21:04:23.433] [SEVERE ] setting player 1 freeze to 2260
[21:04:23.435] [SEVERE ] setting player 1 freeze to 2259
[21:04:23.438] [SEVERE ] setting player 1 freeze to 2258
[21:04:23.440] [SEVERE ] setting player 1 freeze to 2257
[21:04:23.443] [SEVERE ] setting player 1 freeze to 2256
[21:04:23.445] [SEVERE ] setting player 1 freeze to 2255
[21:04:23.448] [SEVERE ] setting player 1 freeze to 2254
[21:04:23.451] [SEVERE ] setting player 1 freeze to 2253
[21:04:23.454] [SEVERE ] setting player 1 freeze to 2252
[21:04:23.455] [SEVERE ] setting player 1 freeze to 2251
[21:04:23.457] [SEVERE ] setting player 1 freeze to 2250
[21:04:23.460] [SEVERE ] setting player 1 freeze to 2249
[21:04:23.463] [SEVERE ] setting player 1 freeze to 2248
[21:04:23.465] [SEVERE ] setting player 1 freeze to 2247
[21:04:23.468] [SEVERE ] setting player 1 freeze to 2246
[21:04:23.470] [SEVERE ] setting player 1 freeze to 2245
[21:04:23.472] [SEVERE ] setting player 1 freeze to 2244
[21:04:23.475] [SEVERE ] setting player 1 freeze to 2243
[21:04:23.478] [SEVERE ] setting player 1 freeze to 2242
[21:04:23.478] [SEVERE ] updating countdown to 58000
[21:04:23.480] [SEVERE ] setting player 1 freeze to 2241
[21:04:23.482] [SEVERE ] setting player 1 freeze to 2240
[21:04:23.485] [SEVERE ] setting player 1 freeze to 2239
[21:04:23.487] [SEVERE ] setting player 1 freeze to 2238
[21:04:23.489] [SEVERE ] setting player 1 freeze to 2237
[21:04:23.490] [SEVERE ] setting player 1 freeze to 2236
[21:04:23.492] [SEVERE ] setting player 1 freeze to 2235
[21:04:23.494] [SEVERE ] setting player 1 freeze to 2234
[21:04:23.497] [SEVERE ] setting player 1 freeze to 2233
[21:04:23.500] [SEVERE ] setting player 1 freeze to 2232
[21:04:23.502] [SEVERE ] setting player 1 freeze to 2231
[21:04:23.504] [SEVERE ] setting player 1 freeze to 2230
[21:04:23.506] [SEVERE ] setting player 1 freeze to 2229
[21:04:23.509] [SEVERE ] setting player 1 freeze to 2228
[21:04:23.511] [SEVERE ] setting player 1 freeze to 2227
[21:04:23.513] [SEVERE ] setting player 1 freeze to 2226
[21:04:23.515] [SEVERE ] setting player 1 freeze to 2225
[21:04:23.520] [SEVERE ] setting player 1 freeze to 2224
[21:04:23.522] [SEVERE ] setting player 1 freeze to 2223
[21:04:23.524] [SEVERE ] setting player 1 freeze to 2222
[21:04:23.526] [SEVERE ] setting player 1 freeze to 2221
[21:04:23.528] [SEVERE ] setting player 1 freeze to 2220
[21:04:23.530] [SEVERE ] setting player 1 freeze to 2219
[21:04:23.532] [SEVERE ] setting player 1 freeze to 2218
[21:04:23.535] [SEVERE ] setting player 1 freeze to 2217
[21:04:23.537] [SEVERE ] setting player 1 freeze to 2216
[21:04:23.539] [SEVERE ] setting player 1 freeze to 2215
[21:04:23.541] [SEVERE ] setting player 1 freeze to 2214
[21:04:23.543] [SEVERE ] setting player 1 freeze to 2213
[21:04:23.545] [SEVERE ] setting player 1 freeze to 2212
[21:04:23.548] [SEVERE ] setting player 1 freeze to 2211
[21:04:23.550] [SEVERE ] setting player 1 freeze to 2210
[21:04:23.552] [SEVERE ] setting player 1 freeze to 2209
[21:04:23.554] [SEVERE ] setting player 1 freeze to 2208
[21:04:23.556] [SEVERE ] setting player 1 freeze to 2207
[21:04:23.558] [SEVERE ] setting player 1 freeze to 2206
[21:04:23.560] [SEVERE ] setting player 1 freeze to 2205
[21:04:23.562] [SEVERE ] setting player 1 freeze to 2204
[21:04:23.564] [SEVERE ] setting player 1 freeze to 2203
[21:04:23.566] [SEVERE ] setting player 1 freeze to 2202
[21:04:23.569] [SEVERE ] setting player 1 freeze to 2201
[21:04:23.571] [SEVERE ] setting player 1 freeze to 2200
[21:04:23.573] [SEVERE ] setting player 1 freeze to 2199
[21:04:23.575] [SEVERE ] setting player 1 freeze to 2198
[21:04:23.577] [SEVERE ] setting player 1 freeze to 2197
[21:04:23.579] [SEVERE ] setting player 1 freeze to 2196
[21:04:23.582] [SEVERE ] setting player 1 freeze to 2195
[21:04:23.586] [SEVERE ] setting player 1 freeze to 2194
[21:04:23.588] [SEVERE ] setting player 1 freeze to 2193
[21:04:23.592] [SEVERE ] setting player 1 freeze to 2192
[21:04:23.594] [SEVERE ] setting player 1 freeze to 2191
[21:04:23.596] [SEVERE ] setting player 1 freeze to 2190
[21:04:23.599] [SEVERE ] setting player 1 freeze to 2189
[21:04:23.602] [SEVERE ] setting player 1 freeze to 2188
[21:04:23.604] [SEVERE ] setting player 1 freeze to 2187
[21:04:23.606] [SEVERE ] setting player 1 freeze to 2186
[21:04:23.608] [SEVERE ] setting player 1 freeze to 2185
[21:04:23.610] [SEVERE ] setting player 1 freeze to 2184
[21:04:23.612] [SEVERE ] setting player 1 freeze to 2183
[21:04:23.615] [SEVERE ] setting player 1 freeze to 2182
[21:04:23.619] [SEVERE ] setting player 1 freeze to 2181
[21:04:23.622] [SEVERE ] setting player 1 freeze to 2180
[21:04:23.624] [SEVERE ] setting player 1 freeze to 2179
[21:04:23.626] [SEVERE ] setting player 1 freeze to 2178
[21:04:23.628] [SEVERE ] setting player 1 freeze to 2177
[21:04:23.631] [SEVERE ] setting player 1 freeze to 2176
[21:04:23.634] [SEVERE ] setting player 1 freeze to 2175
[21:04:23.638] [SEVERE ] setting player 1 freeze to 2174
[21:04:23.641] [SEVERE ] setting player 1 freeze to 2173
[21:04:23.643] [SEVERE ] setting player 1 freeze to 2172
[21:04:23.645] [SEVERE ] setting player 1 freeze to 2171
[21:04:23.648] [SEVERE ] setting player 1 freeze to 2170
[21:04:23.650] [SEVERE ] setting player 1 freeze to 2169
[21:04:23.652] [SEVERE ] setting player 1 freeze to 2168
[21:04:23.654] [SEVERE ] setting player 1 freeze to 2167
[21:04:23.656] [SEVERE ] setting player 1 freeze to 2166
[21:04:23.659] [SEVERE ] setting player 1 freeze to 2165
[21:04:23.661] [SEVERE ] setting player 1 freeze to 2164
[21:04:23.663] [SEVERE ] setting player 1 freeze to 2163
[21:04:23.666] [SEVERE ] setting player 1 freeze to 2162
[21:04:23.668] [SEVERE ] setting player 1 freeze to 2161
[21:04:23.670] [SEVERE ] setting player 1 freeze to 2160
[21:04:23.672] [SEVERE ] setting player 1 freeze to 2159
[21:04:23.675] [SEVERE ] setting player 1 freeze to 2158
[21:04:23.677] [SEVERE ] setting player 1 freeze to 2157
[21:04:23.680] [SEVERE ] setting player 1 freeze to 2156
[21:04:23.683] [SEVERE ] setting player 1 freeze to 2155
[21:04:23.686] [SEVERE ] setting player 1 freeze to 2154
[21:04:23.688] [SEVERE ] setting player 1 freeze to 2153
[21:04:23.691] [SEVERE ] setting player 1 freeze to 2152
[21:04:23.694] [SEVERE ] setting player 1 freeze to 2151
[21:04:23.696] [SEVERE ] setting player 1 freeze to 2150
[21:04:23.699] [SEVERE ] setting player 1 freeze to 2149
[21:04:23.701] [SEVERE ] setting player 1 freeze to 2148
[21:04:23.704] [SEVERE ] setting player 1 freeze to 2147
[21:04:23.706] [SEVERE ] setting player 1 freeze to 2146
[21:04:23.709] [SEVERE ] setting player 1 freeze to 2145
[21:04:23.711] [SEVERE ] setting player 1 freeze to 2144
[21:04:23.714] [SEVERE ] setting player 1 freeze to 2143
[21:04:23.716] [SEVERE ] setting player 1 freeze to 2142
[21:04:23.719] [SEVERE ] setting player 1 freeze to 2141
[21:04:23.721] [SEVERE ] setting player 1 freeze to 2140
[21:04:23.723] [SEVERE ] setting player 1 freeze to 2139
[21:04:23.725] [SEVERE ] setting player 1 freeze to 2138
[21:04:23.728] [SEVERE ] setting player 1 freeze to 2137
[21:04:23.732] [SEVERE ] setting player 1 freeze to 2136
[21:04:23.735] [SEVERE ] setting player 1 freeze to 2135
[21:04:23.737] [SEVERE ] setting player 1 freeze to 2134
[21:04:23.739] [SEVERE ] setting player 1 freeze to 2133
[21:04:23.742] [SEVERE ] setting player 1 freeze to 2132
[21:04:23.744] [SEVERE ] setting player 1 freeze to 2131
[21:04:23.746] [SEVERE ] setting player 1 freeze to 2130
[21:04:23.748] [SEVERE ] setting player 1 freeze to 2129
[21:04:23.751] [SEVERE ] setting player 1 freeze to 2128
[21:04:23.753] [SEVERE ] setting player 1 freeze to 2127
[21:04:23.756] [SEVERE ] setting player 1 freeze to 2126
[21:04:23.759] [SEVERE ] setting player 1 freeze to 2125
[21:04:23.761] [SEVERE ] setting player 1 freeze to 2124
[21:04:23.763] [SEVERE ] setting player 1 freeze to 2123
[21:04:23.765] [SEVERE ] setting player 1 freeze to 2122
[21:04:23.767] [SEVERE ] setting player 1 freeze to 2121
[21:04:23.769] [SEVERE ] setting player 1 freeze to 2120
[21:04:23.771] [SEVERE ] setting player 1 freeze to 2119
[21:04:23.774] [SEVERE ] setting player 1 freeze to 2118
[21:04:23.777] [SEVERE ] setting player 1 freeze to 2117
[21:04:23.781] [SEVERE ] setting player 1 freeze to 2116
[21:04:23.783] [SEVERE ] setting player 1 freeze to 2115
[21:04:23.785] [SEVERE ] setting player 1 freeze to 2114
[21:04:23.788] [SEVERE ] setting player 1 freeze to 2113
[21:04:23.792] [SEVERE ] setting player 1 freeze to 2112
[21:04:23.794] [SEVERE ] setting player 1 freeze to 2111
[21:04:23.796] [SEVERE ] setting player 1 freeze to 2110
[21:04:23.799] [SEVERE ] setting player 1 freeze to 2109
[21:04:23.802] [SEVERE ] setting player 1 freeze to 2108
[21:04:23.804] [SEVERE ] setting player 1 freeze to 2107
[21:04:23.806] [SEVERE ] setting player 1 freeze to 2106
[21:04:23.809] [SEVERE ] setting player 1 freeze to 2105
[21:04:23.811] [SEVERE ] setting player 1 freeze to 2104
[21:04:23.813] [SEVERE ] setting player 1 freeze to 2103
[21:04:23.817] [SEVERE ] setting player 1 freeze to 2102
[21:04:23.820] [SEVERE ] setting player 1 freeze to 2101
[21:04:23.822] [SEVERE ] setting player 1 freeze to 2100
[21:04:23.824] [SEVERE ] setting player 1 freeze to 2099
[21:04:23.827] [SEVERE ] setting player 1 freeze to 2098
[21:04:23.829] [SEVERE ] setting player 1 freeze to 2097
[21:04:23.832] [SEVERE ] setting player 1 freeze to 2096
[21:04:23.834] [SEVERE ] setting player 1 freeze to 2095
[21:04:23.836] [SEVERE ] setting player 1 freeze to 2094
[21:04:23.839] [SEVERE ] setting player 1 freeze to 2093
[21:04:23.841] [SEVERE ] setting player 1 freeze to 2092
[21:04:23.843] [SEVERE ] setting player 1 freeze to 2091
[21:04:23.846] [SEVERE ] setting player 1 freeze to 2090
[21:04:23.849] [SEVERE ] setting player 1 freeze to 2089
[21:04:23.852] [SEVERE ] setting player 1 freeze to 2088
[21:04:23.854] [SEVERE ] setting player 1 freeze to 2087
[21:04:23.856] [SEVERE ] setting player 1 freeze to 2086
[21:04:23.859] [SEVERE ] setting player 1 freeze to 2085
[21:04:23.861] [SEVERE ] setting player 1 freeze to 2084
[21:04:23.863] [SEVERE ] setting player 1 freeze to 2083
[21:04:23.865] [SEVERE ] setting player 1 freeze to 2082
[21:04:23.867] [SEVERE ] setting player 1 freeze to 2081
[21:04:23.870] [SEVERE ] setting player 1 freeze to 2080
[21:04:23.872] [SEVERE ] setting player 1 freeze to 2079
[21:04:23.874] [SEVERE ] setting player 1 freeze to 2078
[21:04:23.877] [SEVERE ] setting player 1 freeze to 2077
[21:04:23.879] [SEVERE ] setting player 1 freeze to 2076
[21:04:23.883] [SEVERE ] setting player 1 freeze to 2075
[21:04:23.886] [SEVERE ] setting player 1 freeze to 2074
[21:04:23.889] [SEVERE ] setting player 1 freeze to 2073
[21:04:23.891] [SEVERE ] setting player 1 freeze to 2072
[21:04:23.894] [SEVERE ] setting player 1 freeze to 2071
[21:04:23.896] [SEVERE ] setting player 1 freeze to 2070
[21:04:23.898] [SEVERE ] setting player 1 freeze to 2069
[21:04:23.901] [SEVERE ] setting player 1 freeze to 2068
[21:04:23.904] [SEVERE ] setting player 1 freeze to 2067
[21:04:23.906] [SEVERE ] setting player 1 freeze to 2066
[21:04:23.908] [SEVERE ] setting player 1 freeze to 2065
[21:04:23.910] [SEVERE ] setting player 1 freeze to 2064
[21:04:23.913] [SEVERE ] setting player 1 freeze to 2063
[21:04:23.915] [SEVERE ] setting player 1 freeze to 2062
[21:04:23.918] [SEVERE ] setting player 1 freeze to 2061
[21:04:23.922] [SEVERE ] setting player 1 freeze to 2060
[21:04:23.924] [SEVERE ] setting player 1 freeze to 2059
[21:04:23.927] [SEVERE ] setting player 1 freeze to 2058
[21:04:23.930] [SEVERE ] setting player 1 freeze to 2057
[21:04:23.933] [SEVERE ] setting player 1 freeze to 2056
[21:04:23.935] [SEVERE ] setting player 1 freeze to 2055
[21:04:23.938] [SEVERE ] setting player 1 freeze to 2054
[21:04:23.940] [SEVERE ] setting player 1 freeze to 2053
[21:04:23.942] [SEVERE ] setting player 1 freeze to 2052
[21:04:23.945] [SEVERE ] setting player 1 freeze to 2051
[21:04:23.947] [SEVERE ] setting player 1 freeze to 2050
[21:04:23.949] [SEVERE ] setting player 1 freeze to 2049
[21:04:23.952] [SEVERE ] setting player 1 freeze to 2048
[21:04:23.954] [SEVERE ] setting player 1 freeze to 2047
[21:04:23.958] [SEVERE ] setting player 1 freeze to 2046
[21:04:23.961] [SEVERE ] setting player 1 freeze to 2045
[21:04:23.963] [SEVERE ] setting player 1 freeze to 2044
[21:04:23.965] [SEVERE ] setting player 1 freeze to 2043
[21:04:23.967] [SEVERE ] setting player 1 freeze to 2042
[21:04:23.970] [SEVERE ] setting player 1 freeze to 2041
[21:04:23.972] [SEVERE ] setting player 1 freeze to 2040
[21:04:23.975] [SEVERE ] setting player 1 freeze to 2039
[21:04:23.977] [SEVERE ] setting player 1 freeze to 2038
[21:04:23.979] [SEVERE ] setting player 1 freeze to 2037
[21:04:23.981] [SEVERE ] setting player 1 freeze to 2036
[21:04:23.983] [SEVERE ] setting player 1 freeze to 2035
[21:04:23.985] [SEVERE ] setting player 1 freeze to 2034
[21:04:23.987] [SEVERE ] setting player 1 freeze to 2033
[21:04:23.989] [SEVERE ] setting player 1 freeze to 2032
[21:04:23.993] [SEVERE ] setting player 1 freeze to 2031
[21:04:23.995] [SEVERE ] setting player 1 freeze to 2030
[21:04:23.997] [SEVERE ] setting player 1 freeze to 2029
[21:04:23.999] [SEVERE ] setting player 1 freeze to 2028
[21:04:24.002] [SEVERE ] setting player 1 freeze to 2027
[21:04:24.004] [SEVERE ] setting player 1 freeze to 2026
[21:04:24.006] [SEVERE ] setting player 1 freeze to 2025
[21:04:24.009] [SEVERE ] setting player 1 freeze to 2024
[21:04:24.011] [SEVERE ] setting player 1 freeze to 2023
[21:04:24.013] [SEVERE ] setting player 1 freeze to 2022
[21:04:24.016] [SEVERE ] setting player 1 freeze to 2021
[21:04:24.018] [SEVERE ] setting player 1 freeze to 2020
[21:04:24.020] [SEVERE ] setting player 1 freeze to 2019
[21:04:24.023] [SEVERE ] setting player 1 freeze to 2018
[21:04:24.026] [SEVERE ] setting player 1 freeze to 2017
[21:04:24.028] [SEVERE ] setting player 1 freeze to 2016
[21:04:24.030] [SEVERE ] setting player 1 freeze to 2015
[21:04:24.032] [SEVERE ] setting player 1 freeze to 2014
[21:04:24.034] [SEVERE ] setting player 1 freeze to 2013
[21:04:24.036] [SEVERE ] setting player 1 freeze to 2012
[21:04:24.039] [SEVERE ] setting player 1 freeze to 2011
[21:04:24.041] [SEVERE ] setting player 1 freeze to 2010
[21:04:24.043] [SEVERE ] setting player 1 freeze to 2009
[21:04:24.046] [SEVERE ] setting player 1 freeze to 2008
[21:04:24.048] [SEVERE ] setting player 1 freeze to 2007
[21:04:24.050] [SEVERE ] setting player 1 freeze to 2006
[21:04:24.053] [SEVERE ] setting player 1 freeze to 2005
[21:04:24.057] [SEVERE ] setting player 1 freeze to 2004
[21:04:24.059] [SEVERE ] setting player 1 freeze to 2003
[21:04:24.061] [SEVERE ] setting player 1 freeze to 2002
[21:04:24.063] [SEVERE ] setting player 1 freeze to 2001
[21:04:24.065] [SEVERE ] setting player 1 freeze to 2000
[21:04:24.068] [SEVERE ] setting player 1 freeze to 1999
[21:04:24.070] [SEVERE ] setting player 1 freeze to 1998
[21:04:24.074] [SEVERE ] setting player 1 freeze to 1997
[21:04:24.076] [SEVERE ] setting player 1 freeze to 1996
[21:04:24.078] [SEVERE ] setting player 1 freeze to 1995
[21:04:24.081] [SEVERE ] setting player 1 freeze to 1994
[21:04:24.084] [SEVERE ] setting player 1 freeze to 1993
[21:04:24.087] [SEVERE ] setting player 1 freeze to 1992
[21:04:24.089] [SEVERE ] setting player 1 freeze to 1991
[21:04:24.092] [SEVERE ] setting player 1 freeze to 1990
[21:04:24.094] [SEVERE ] setting player 1 freeze to 1989
[21:04:24.096] [SEVERE ] setting player 1 freeze to 1988
[21:04:24.098] [SEVERE ] setting player 1 freeze to 1987
[21:04:24.101] [SEVERE ] setting player 1 freeze to 1986
[21:04:24.103] [SEVERE ] setting player 1 freeze to 1985
[21:04:24.105] [SEVERE ] setting player 1 freeze to 1984
[21:04:24.107] [SEVERE ] setting player 1 freeze to 1983
[21:04:24.109] [SEVERE ] setting player 1 freeze to 1982
[21:04:24.111] [SEVERE ] setting player 1 freeze to 1981
[21:04:24.113] [SEVERE ] setting player 1 freeze to 1980
[21:04:24.115] [SEVERE ] setting player 1 freeze to 1979
[21:04:24.117] [SEVERE ] setting player 1 freeze to 1978
[21:04:24.119] [SEVERE ] setting player 1 freeze to 1977
[21:04:24.121] [SEVERE ] setting player 1 freeze to 1976
[21:04:24.123] [SEVERE ] setting player 1 freeze to 1975
[21:04:24.125] [SEVERE ] setting player 1 freeze to 1974
[21:04:24.127] [SEVERE ] setting player 1 freeze to 1973
[21:04:24.130] [SEVERE ] setting player 1 freeze to 1972
[21:04:24.132] [SEVERE ] setting player 1 freeze to 1971
[21:04:24.135] [SEVERE ] setting player 1 freeze to 1970
[21:04:24.138] [SEVERE ] setting player 1 freeze to 1969
[21:04:24.142] [SEVERE ] setting player 1 freeze to 1968
[21:04:24.144] [SEVERE ] setting player 1 freeze to 1967
[21:04:24.147] [SEVERE ] setting player 1 freeze to 1966
[21:04:24.149] [SEVERE ] setting player 1 freeze to 1965
[21:04:24.151] [SEVERE ] setting player 1 freeze to 1964
[21:04:24.154] [SEVERE ] setting player 1 freeze to 1963
[21:04:24.157] [SEVERE ] setting player 1 freeze to 1962
[21:04:24.160] [SEVERE ] setting player 1 freeze to 1961
[21:04:24.162] [SEVERE ] setting player 1 freeze to 1960
[21:04:24.164] [SEVERE ] setting player 1 freeze to 1959
[21:04:24.167] [SEVERE ] setting player 1 freeze to 1958
[21:04:24.169] [SEVERE ] setting player 1 freeze to 1957
[21:04:24.171] [SEVERE ] setting player 1 freeze to 1956
[21:04:24.173] [SEVERE ] setting player 1 freeze to 1955
[21:04:24.175] [SEVERE ] setting player 1 freeze to 1954
[21:04:24.178] [SEVERE ] setting player 1 freeze to 1953
[21:04:24.180] [SEVERE ] setting player 1 freeze to 1952
[21:04:24.182] [SEVERE ] setting player 1 freeze to 1951
[21:04:24.185] [SEVERE ] setting player 1 freeze to 1950
[21:04:24.188] [SEVERE ] setting player 1 freeze to 1949
[21:04:24.190] [SEVERE ] setting player 1 freeze to 1948
[21:04:24.192] [SEVERE ] setting player 1 freeze to 1947
[21:04:24.195] [SEVERE ] setting player 1 freeze to 1946
[21:04:24.197] [SEVERE ] setting player 1 freeze to 1945
[21:04:24.199] [SEVERE ] setting player 1 freeze to 1944
[21:04:24.201] [SEVERE ] setting player 1 freeze to 1943
[21:04:24.203] [SEVERE ] setting player 1 freeze to 1942
[21:04:24.205] [SEVERE ] setting player 1 freeze to 1941
[21:04:24.207] [SEVERE ] setting player 1 freeze to 1940
[21:04:24.209] [SEVERE ] setting player 1 freeze to 1939
[21:04:24.211] [SEVERE ] setting player 1 freeze to 1938
[21:04:24.213] [SEVERE ] setting player 1 freeze to 1937
[21:04:24.215] [SEVERE ] setting player 1 freeze to 1936
[21:04:24.217] [SEVERE ] setting player 1 freeze to 1935
[21:04:24.219] [SEVERE ] setting player 1 freeze to 1934
[21:04:24.221] [SEVERE ] setting player 1 freeze to 1933
[21:04:24.223] [SEVERE ] setting player 1 freeze to 1932
[21:04:24.225] [SEVERE ] setting player 1 freeze to 1931
[21:04:24.229] [SEVERE ] setting player 1 freeze to 1930
[21:04:24.234] [SEVERE ] setting player 1 freeze to 1929
[21:04:24.238] [SEVERE ] setting player 1 freeze to 1928
[21:04:24.240] [SEVERE ] setting player 1 freeze to 1927
[21:04:24.241] [SEVERE ] setting player 1 freeze to 1926
[21:04:24.244] [SEVERE ] setting player 1 freeze to 1925
[21:04:24.247] [SEVERE ] setting player 1 freeze to 1924
[21:04:24.249] [SEVERE ] setting player 1 freeze to 1923
[21:04:24.252] [SEVERE ] setting player 1 freeze to 1922
[21:04:24.262] [SEVERE ] setting player 1 freeze to 1921
[21:04:24.264] [SEVERE ] setting player 1 freeze to 1920
[21:04:24.266] [SEVERE ] setting player 1 freeze to 1919
[21:04:24.268] [SEVERE ] setting player 1 freeze to 1918
[21:04:24.271] [SEVERE ] setting player 1 freeze to 1917
[21:04:24.273] [SEVERE ] setting player 1 freeze to 1916
[21:04:24.275] [SEVERE ] setting player 1 freeze to 1915
[21:04:24.277] [SEVERE ] setting player 1 freeze to 1914
[21:04:24.279] [SEVERE ] setting player 1 freeze to 1913
[21:04:24.281] [SEVERE ] setting player 1 freeze to 1912
[21:04:24.283] [SEVERE ] setting player 1 freeze to 1911
[21:04:24.285] [SEVERE ] setting player 1 freeze to 1910
[21:04:24.288] [SEVERE ] setting player 1 freeze to 1909
[21:04:24.290] [SEVERE ] setting player 1 freeze to 1908
[21:04:24.292] [SEVERE ] setting player 1 freeze to 1907
[21:04:24.294] [SEVERE ] setting player 1 freeze to 1906
[21:04:24.297] [SEVERE ] setting player 1 freeze to 1905
[21:04:24.299] [SEVERE ] setting player 1 freeze to 1904
[21:04:24.301] [SEVERE ] setting player 1 freeze to 1903
[21:04:24.303] [SEVERE ] setting player 1 freeze to 1902
[21:04:24.305] [SEVERE ] setting player 1 freeze to 1901
[21:04:24.307] [SEVERE ] setting player 1 freeze to 1900
[21:04:24.309] [SEVERE ] setting player 1 freeze to 1899
[21:04:24.311] [SEVERE ] setting player 1 freeze to 1898
[21:04:24.313] [SEVERE ] setting player 1 freeze to 1897
[21:04:24.316] [SEVERE ] setting player 1 freeze to 1896
[21:04:24.318] [SEVERE ] setting player 1 freeze to 1895
[21:04:24.320] [SEVERE ] setting player 1 freeze to 1894
[21:04:24.322] [SEVERE ] setting player 1 freeze to 1893
[21:04:24.324] [SEVERE ] setting player 1 freeze to 1892
[21:04:24.326] [SEVERE ] setting player 1 freeze to 1891
[21:04:24.328] [SEVERE ] setting player 1 freeze to 1890
[21:04:24.330] [SEVERE ] setting player 1 freeze to 1889
[21:04:24.332] [SEVERE ] setting player 1 freeze to 1888
[21:04:24.334] [SEVERE ] setting player 1 freeze to 1887
[21:04:24.336] [SEVERE ] setting player 1 freeze to 1886
