[15:30:25.811] [INFO   ] thread main starting.
[15:30:25.818] [SEVERE ] cannot read configuration file config.properties trying from resources.
[15:30:25.820] [SEVERE ] configuration file was loaded from resources directory.
[15:30:26.500] [INFO   ] thread dealer starting.
[15:30:26.501] [INFO   ] thread dealer starting.
[15:30:26.501] [INFO   ] thread player0Thread starting.
[15:30:26.501] [INFO   ] thread player1Thread starting.
[15:30:26.621] [SEVERE ] placing card 44 in slot 0
[15:30:26.730] [SEVERE ] placing card 24 in slot 9
[15:30:26.839] [SEVERE ] placing card 67 in slot 2
[15:30:26.963] [SEVERE ] placing card 3 in slot 11
[15:30:27.071] [SEVERE ] placing card 46 in slot 7
[15:30:27.180] [SEVERE ] placing card 21 in slot 6
[15:30:27.290] [SEVERE ] placing card 2 in slot 5
[15:30:27.402] [SEVERE ] placing card 45 in slot 8
[15:30:27.511] [SEVERE ] placing card 23 in slot 3
[15:30:27.619] [SEVERE ] placing card 71 in slot 10
[15:30:27.728] [SEVERE ] placing card 4 in slot 4
[15:30:27.836] [SEVERE ] placing card 64 in slot 1
[15:30:27.845] [SEVERE ] updating countdown to 9223372036854775807
[15:30:28.850] [SEVERE ] updating countdown to 9223372036854775807
[15:30:29.865] [SEVERE ] updating countdown to 9223372036854775807
[15:30:30.868] [SEVERE ] updating countdown to 9223372036854775807
[15:30:31.868] [SEVERE ] updating countdown to 9223372036854775807
[15:30:32.870] [SEVERE ] updating countdown to 9223372036854775807
[15:30:33.871] [SEVERE ] updating countdown to 9223372036854775807
[15:30:34.880] [SEVERE ] updating countdown to 9223372036854775807
[15:30:35.894] [SEVERE ] updating countdown to 9223372036854775807
[15:30:36.908] [SEVERE ] updating countdown to 9223372036854775807
[15:30:37.924] [SEVERE ] updating countdown to 9223372036854775807
[15:30:38.935] [SEVERE ] updating countdown to 9223372036854775807
[15:30:39.950] [SEVERE ] updating countdown to 9223372036854775807
[15:30:40.965] [SEVERE ] updating countdown to 9223372036854775807
[15:30:41.980] [SEVERE ] updating countdown to 9223372036854775807
[15:30:42.989] [SEVERE ] updating countdown to 9223372036854775807
[15:30:44.002] [SEVERE ] updating countdown to 9223372036854775807
[15:30:44.266] [SEVERE ] exit button pressed
