[13:49:47.613] [INFO   ] thread main starting.
[13:49:47.644] [SEVERE ] cannot read configuration file config.properties trying from resources.
[13:49:47.687] [SEVERE ] configuration file was loaded from resources directory.
[13:49:48.697] [INFO   ] thread dealer starting.
[13:49:48.698] [INFO   ] thread dealer starting.
[13:49:48.699] [INFO   ] thread player0Thread starting.
[13:49:48.699] [INFO   ] thread player3Thread starting.
[13:49:48.699] [INFO   ] thread player2Thread starting.
[13:49:48.699] [INFO   ] thread player1Thread starting.
[13:49:48.701] [INFO   ] thread computer-2 starting.
[13:49:48.701] [INFO   ] thread computer-1 starting.
[13:49:48.701] [INFO   ] thread computer-3 starting.
[13:49:48.701] [INFO   ] thread computer-0 starting.
[13:49:48.814] [SEVERE ] placing card 55 in slot 3
[13:49:48.926] [SEVERE ] placing card 62 in slot 9
[13:49:49.035] [SEVERE ] placing card 45 in slot 7
[13:49:49.145] [SEVERE ] placing card 25 in slot 10
[13:49:49.256] [SEVERE ] placing card 52 in slot 2
[13:49:49.368] [SEVERE ] placing card 75 in slot 6
[13:49:49.480] [SEVERE ] placing card 60 in slot 1
[13:49:49.590] [SEVERE ] placing card 13 in slot 8
[13:49:49.700] [SEVERE ] placing card 50 in slot 0
[13:49:49.811] [SEVERE ] placing card 35 in slot 4
[13:49:49.923] [SEVERE ] placing card 38 in slot 5
[13:49:50.035] [SEVERE ] placing card 17 in slot 11
[13:49:50.037] [SEVERE ] updating countdown to -10000
[13:49:50.038] [SEVERE ] removing player 1 token from slot 7
[13:49:50.039] [SEVERE ] removing player 2 token from slot 7
[13:49:50.039] [SEVERE ] removing player 3 token from slot 7
[13:49:50.038] [SEVERE ] player 4 placing token on slot 0
[13:49:50.038] [SEVERE ] player 2 placing token on slot 9
[13:49:50.038] [SEVERE ] player 3 placing token on slot 1
[13:49:50.038] [SEVERE ] player 1 placing token on slot 0
[13:49:50.040] [SEVERE ] removing player 3 token from slot 1
[13:49:50.040] [SEVERE ] player 2 placing token on slot 10
[13:49:50.040] [SEVERE ] player 4 placing token on slot 5
[13:49:50.039] [SEVERE ] removing player 4 token from slot 7
[13:49:50.041] [SEVERE ] player 4 placing token on slot 1
[13:49:50.041] [SEVERE ] removing player 2 token from slot 10
[13:49:50.040] [SEVERE ] player 3 placing token on slot 3
[13:49:50.040] [SEVERE ] player 1 placing token on slot 6
[13:49:50.042] [SEVERE ] player 3 placing token on slot 1
[13:49:50.042] [SEVERE ] player 2 placing token on slot 11
[13:49:50.042] [SEVERE ] player 3 placing token on slot 10
[13:49:50.042] [SEVERE ] player 1 placing token on slot 11
[13:49:50.043] [SEVERE ] player 2 placing token on slot 10
[13:49:50.145] [SEVERE ] removing card from slot 7
[13:49:50.146] [SEVERE ] removing player 1 token from slot 10
[13:49:50.147] [SEVERE ] removing player 2 token from slot 10
[13:49:50.149] [SEVERE ] removing player 3 token from slot 10
[13:49:50.150] [SEVERE ] removing player 4 token from slot 10
[13:49:50.256] [SEVERE ] removing card from slot 10
[13:49:50.257] [SEVERE ] removing player 1 token from slot 1
[13:49:50.259] [SEVERE ] removing player 2 token from slot 1
[13:49:50.260] [SEVERE ] removing player 3 token from slot 1
[13:49:50.262] [SEVERE ] removing player 4 token from slot 1
[13:49:50.366] [SEVERE ] removing card from slot 1
[13:49:50.368] [SEVERE ] removing player 1 token from slot 5
[13:49:50.369] [SEVERE ] removing player 2 token from slot 5
[13:49:50.370] [SEVERE ] removing player 3 token from slot 5
[13:49:50.371] [SEVERE ] removing player 4 token from slot 5
[13:49:50.476] [SEVERE ] removing card from slot 5
[13:49:50.477] [SEVERE ] removing player 1 token from slot 9
[13:49:50.478] [SEVERE ] removing player 2 token from slot 9
[13:49:50.480] [SEVERE ] removing player 3 token from slot 9
[13:49:50.481] [SEVERE ] removing player 4 token from slot 9
[13:49:50.585] [SEVERE ] removing card from slot 9
[13:49:50.586] [SEVERE ] removing player 1 token from slot 0
[13:49:50.587] [SEVERE ] removing player 2 token from slot 0
[13:49:50.588] [SEVERE ] removing player 3 token from slot 0
[13:49:50.589] [SEVERE ] removing player 4 token from slot 0
[13:49:50.697] [SEVERE ] removing card from slot 0
[13:49:50.698] [SEVERE ] removing player 1 token from slot 8
[13:49:50.699] [SEVERE ] removing player 2 token from slot 8
[13:49:50.700] [SEVERE ] removing player 3 token from slot 8
[13:49:50.701] [SEVERE ] removing player 4 token from slot 8
[13:49:50.807] [SEVERE ] removing card from slot 8
[13:49:50.809] [SEVERE ] removing player 1 token from slot 4
[13:49:50.810] [SEVERE ] removing player 2 token from slot 4
[13:49:50.811] [SEVERE ] removing player 3 token from slot 4
[13:49:50.812] [SEVERE ] removing player 4 token from slot 4
[13:49:50.918] [SEVERE ] removing card from slot 4
[13:49:50.919] [SEVERE ] removing player 1 token from slot 2
[13:49:50.920] [SEVERE ] removing player 2 token from slot 2
[13:49:50.921] [SEVERE ] removing player 3 token from slot 2
[13:49:50.923] [SEVERE ] removing player 4 token from slot 2
[13:49:51.030] [SEVERE ] removing card from slot 2
[13:49:51.031] [SEVERE ] removing player 1 token from slot 6
[13:49:51.033] [SEVERE ] removing player 2 token from slot 6
[13:49:51.034] [SEVERE ] removing player 3 token from slot 6
[13:49:51.034] [SEVERE ] removing player 4 token from slot 6
[13:49:51.083] [SEVERE ] updating countdown to -11000
[13:49:51.141] [SEVERE ] removing card from slot 6
[13:49:51.142] [SEVERE ] removing player 1 token from slot 11
[13:49:51.143] [SEVERE ] removing player 2 token from slot 11
[13:49:51.144] [SEVERE ] removing player 3 token from slot 11
[13:49:51.145] [SEVERE ] removing player 4 token from slot 11
[13:49:51.253] [SEVERE ] removing card from slot 11
[13:49:51.254] [SEVERE ] removing player 1 token from slot 3
[13:49:51.255] [SEVERE ] removing player 2 token from slot 3
[13:49:51.256] [SEVERE ] removing player 3 token from slot 3
[13:49:51.257] [SEVERE ] removing player 4 token from slot 3
[13:49:51.365] [SEVERE ] removing card from slot 3
[13:49:51.481] [SEVERE ] placing card 67 in slot 5
[13:49:51.588] [SEVERE ] placing card 54 in slot 4
[13:49:51.700] [SEVERE ] placing card 65 in slot 0
[13:49:51.811] [SEVERE ] placing card 78 in slot 9
[13:49:51.920] [SEVERE ] placing card 34 in slot 3
[13:49:52.029] [SEVERE ] placing card 57 in slot 11
[13:49:52.140] [SEVERE ] placing card 43 in slot 6
[13:49:52.251] [SEVERE ] placing card 80 in slot 1
[13:49:52.363] [SEVERE ] placing card 73 in slot 7
[13:49:52.474] [SEVERE ] placing card 75 in slot 10
[13:49:52.586] [SEVERE ] placing card 72 in slot 2
[13:49:52.697] [SEVERE ] placing card 56 in slot 8
[13:49:52.697] [SEVERE ] updating countdown to -10000
[13:49:52.698] [SEVERE ] removing player 1 token from slot 11
[13:49:52.699] [SEVERE ] removing player 2 token from slot 11
[13:49:52.699] [SEVERE ] removing player 3 token from slot 11
[13:49:52.699] [SEVERE ] removing player 4 token from slot 11
[13:49:52.809] [SEVERE ] removing card from slot 11
[13:49:52.810] [SEVERE ] removing player 1 token from slot 0
[13:49:52.810] [SEVERE ] removing player 2 token from slot 0
[13:49:52.810] [SEVERE ] removing player 3 token from slot 0
[13:49:52.811] [SEVERE ] removing player 4 token from slot 0
[13:49:52.840] [SEVERE ] updating countdown to -10010
[13:49:52.921] [SEVERE ] removing card from slot 0
[13:49:52.922] [SEVERE ] removing player 1 token from slot 7
[13:49:52.923] [SEVERE ] removing player 2 token from slot 7
[13:49:52.924] [SEVERE ] removing player 3 token from slot 7
[13:49:52.924] [SEVERE ] removing player 4 token from slot 7
[13:49:53.033] [SEVERE ] removing card from slot 7
[13:49:53.033] [SEVERE ] updating countdown to -10020
[13:49:53.033] [SEVERE ] removing player 1 token from slot 3
[13:49:53.035] [SEVERE ] removing player 2 token from slot 3
[13:49:53.035] [SEVERE ] removing player 3 token from slot 3
[13:49:53.036] [SEVERE ] removing player 4 token from slot 3
[13:49:53.143] [SEVERE ] removing card from slot 3
[13:49:53.143] [SEVERE ] removing player 1 token from slot 5
[13:49:53.144] [SEVERE ] removing player 2 token from slot 5
[13:49:53.145] [SEVERE ] removing player 3 token from slot 5
[13:49:53.145] [SEVERE ] removing player 4 token from slot 5
[13:49:53.254] [SEVERE ] removing card from slot 5
[13:49:53.255] [SEVERE ] removing player 1 token from slot 2
[13:49:53.255] [SEVERE ] removing player 2 token from slot 2
[13:49:53.256] [SEVERE ] removing player 3 token from slot 2
[13:49:53.256] [SEVERE ] updating countdown to -10030
[13:49:53.257] [SEVERE ] removing player 4 token from slot 2
[13:49:53.362] [SEVERE ] updating countdown to -10040
[13:49:53.398] [SEVERE ] removing card from slot 2
[13:49:53.399] [SEVERE ] removing player 1 token from slot 9
[13:49:53.399] [SEVERE ] removing player 2 token from slot 9
[13:49:53.399] [SEVERE ] removing player 3 token from slot 9
[13:49:53.400] [SEVERE ] removing player 4 token from slot 9
[13:49:53.485] [SEVERE ] updating countdown to -10050
[13:49:53.510] [SEVERE ] removing card from slot 9
[13:49:53.527] [SEVERE ] removing player 1 token from slot 8
[13:49:53.527] [SEVERE ] removing player 2 token from slot 8
[13:49:53.528] [SEVERE ] removing player 3 token from slot 8
[13:49:53.528] [SEVERE ] removing player 4 token from slot 8
[13:49:53.549] [SEVERE ] updating countdown to -10060
[13:49:53.583] [SEVERE ] updating countdown to -10070
[13:49:53.589] [SEVERE ] updating countdown to -10080
[13:49:53.605] [SEVERE ] updating countdown to -10090
[13:49:53.621] [SEVERE ] updating countdown to -10100
[13:49:53.637] [SEVERE ] removing card from slot 8
[13:49:53.637] [SEVERE ] updating countdown to -10110
[13:49:53.638] [SEVERE ] removing player 1 token from slot 10
[13:49:53.639] [SEVERE ] removing player 2 token from slot 10
[13:49:53.639] [SEVERE ] removing player 3 token from slot 10
[13:49:53.639] [SEVERE ] removing player 4 token from slot 10
[13:49:53.669] [SEVERE ] updating countdown to -10120
[13:49:53.685] [SEVERE ] updating countdown to -10130
[13:49:53.701] [SEVERE ] updating countdown to -10140
[13:49:53.702] [SEVERE ] updating countdown to -11140
[13:49:53.749] [SEVERE ] removing card from slot 10
[13:49:53.749] [SEVERE ] removing player 1 token from slot 4
[13:49:53.750] [SEVERE ] removing player 2 token from slot 4
[13:49:53.750] [SEVERE ] removing player 3 token from slot 4
[13:49:53.751] [SEVERE ] removing player 4 token from slot 4
[13:49:53.860] [SEVERE ] removing card from slot 4
[13:49:53.860] [SEVERE ] removing player 1 token from slot 6
[13:49:53.861] [SEVERE ] removing player 2 token from slot 6
[13:49:53.861] [SEVERE ] removing player 3 token from slot 6
[13:49:53.862] [SEVERE ] removing player 4 token from slot 6
[13:49:53.971] [SEVERE ] removing card from slot 6
[13:49:53.972] [SEVERE ] removing player 1 token from slot 1
[13:49:53.972] [SEVERE ] removing player 2 token from slot 1
[13:49:53.972] [SEVERE ] removing player 3 token from slot 1
[13:49:53.973] [SEVERE ] removing player 4 token from slot 1
[13:49:54.080] [SEVERE ] removing card from slot 1
[13:49:54.189] [SEVERE ] placing card 22 in slot 3
[13:49:54.299] [SEVERE ] placing card 48 in slot 9
[13:49:54.409] [SEVERE ] placing card 1 in slot 5
[13:49:54.521] [SEVERE ] placing card 52 in slot 10
[13:49:54.632] [SEVERE ] placing card 27 in slot 6
[13:49:54.744] [SEVERE ] placing card 37 in slot 0
[13:49:54.855] [SEVERE ] placing card 2 in slot 2
[13:49:54.967] [SEVERE ] placing card 24 in slot 7
[13:49:55.078] [SEVERE ] placing card 34 in slot 8
[13:49:55.190] [SEVERE ] placing card 31 in slot 4
[13:49:55.302] [SEVERE ] placing card 55 in slot 11
[13:49:55.349] [SEVERE ] updating countdown to -12000
[13:49:55.412] [SEVERE ] placing card 13 in slot 1
[13:49:55.412] [SEVERE ] updating countdown to -10000
[13:49:55.412] [SEVERE ] removing player 1 token from slot 2
[13:49:55.412] [SEVERE ] removing player 2 token from slot 2
[13:49:55.412] [SEVERE ] removing player 3 token from slot 2
[13:49:55.412] [SEVERE ] removing player 4 token from slot 2
[13:49:55.428] [SEVERE ] updating countdown to -10010
[13:49:55.444] [SEVERE ] updating countdown to -10020
[13:49:55.460] [SEVERE ] updating countdown to -10030
[13:49:55.476] [SEVERE ] updating countdown to -10040
[13:49:55.492] [SEVERE ] updating countdown to -10050
[13:49:55.508] [SEVERE ] updating countdown to -10060
[13:49:55.524] [SEVERE ] removing card from slot 2
[13:49:55.524] [SEVERE ] updating countdown to -10070
[13:49:55.524] [SEVERE ] removing player 1 token from slot 0
[13:49:55.524] [SEVERE ] removing player 2 token from slot 0
[13:49:55.524] [SEVERE ] removing player 3 token from slot 0
[13:49:55.524] [SEVERE ] removing player 4 token from slot 0
[13:49:55.540] [SEVERE ] updating countdown to -10080
[13:49:55.556] [SEVERE ] updating countdown to -10090
[13:49:55.572] [SEVERE ] updating countdown to -10100
[13:49:55.588] [SEVERE ] updating countdown to -10110
[13:49:55.604] [SEVERE ] updating countdown to -10120
[13:49:55.620] [SEVERE ] updating countdown to -10130
[13:49:55.636] [SEVERE ] removing card from slot 0
[13:49:55.636] [SEVERE ] updating countdown to -10140
[13:49:55.637] [SEVERE ] removing player 1 token from slot 6
[13:49:55.637] [SEVERE ] removing player 2 token from slot 6
[13:49:55.638] [SEVERE ] removing player 3 token from slot 6
[13:49:55.638] [SEVERE ] removing player 4 token from slot 6
[13:49:55.658] [SEVERE ] updating countdown to -10150
[13:49:55.668] [SEVERE ] updating countdown to -10160
[13:49:55.686] [SEVERE ] updating countdown to -10170
[13:49:55.701] [SEVERE ] updating countdown to -10180
[13:49:55.716] [SEVERE ] updating countdown to -10190
[13:49:55.732] [SEVERE ] updating countdown to -10200
[13:49:55.748] [SEVERE ] removing card from slot 6
[13:49:55.748] [SEVERE ] updating countdown to -10210
[13:49:55.748] [SEVERE ] removing player 1 token from slot 10
[13:49:55.748] [SEVERE ] removing player 2 token from slot 10
[13:49:55.748] [SEVERE ] removing player 3 token from slot 10
[13:49:55.748] [SEVERE ] removing player 4 token from slot 10
[13:49:55.764] [SEVERE ] updating countdown to -10220
[13:49:55.780] [SEVERE ] updating countdown to -10230
[13:49:55.796] [SEVERE ] updating countdown to -10240
[13:49:55.812] [SEVERE ] updating countdown to -10250
[13:49:55.828] [SEVERE ] updating countdown to -10260
[13:49:55.843] [SEVERE ] updating countdown to -10270
[13:49:55.859] [SEVERE ] removing card from slot 10
[13:49:55.859] [SEVERE ] updating countdown to -10280
[13:49:55.859] [SEVERE ] removing player 1 token from slot 7
[13:49:55.859] [SEVERE ] removing player 2 token from slot 7
[13:49:55.859] [SEVERE ] removing player 3 token from slot 7
[13:49:55.859] [SEVERE ] removing player 4 token from slot 7
[13:49:55.875] [SEVERE ] updating countdown to -10290
[13:49:55.891] [SEVERE ] updating countdown to -10300
[13:49:55.907] [SEVERE ] updating countdown to -10310
[13:49:55.923] [SEVERE ] updating countdown to -10320
[13:49:55.939] [SEVERE ] updating countdown to -10330
[13:49:55.955] [SEVERE ] updating countdown to -10340
[13:49:55.971] [SEVERE ] removing card from slot 7
[13:49:55.971] [SEVERE ] updating countdown to -10350
[13:49:55.971] [SEVERE ] removing player 1 token from slot 3
[13:49:55.971] [SEVERE ] removing player 2 token from slot 3
[13:49:55.971] [SEVERE ] removing player 3 token from slot 3
[13:49:55.971] [SEVERE ] removing player 4 token from slot 3
[13:49:55.987] [SEVERE ] updating countdown to -10360
[13:49:56.003] [SEVERE ] updating countdown to -10370
[13:49:56.019] [SEVERE ] updating countdown to -10380
[13:49:56.035] [SEVERE ] updating countdown to -10390
[13:49:56.051] [SEVERE ] updating countdown to -10400
[13:49:56.067] [SEVERE ] updating countdown to -10410
[13:49:56.083] [SEVERE ] removing card from slot 3
[13:49:56.083] [SEVERE ] updating countdown to -10420
[13:49:56.083] [SEVERE ] removing player 1 token from slot 4
[13:49:56.083] [SEVERE ] removing player 2 token from slot 4
[13:49:56.083] [SEVERE ] removing player 3 token from slot 4
[13:49:56.083] [SEVERE ] removing player 4 token from slot 4
[13:49:56.099] [SEVERE ] updating countdown to -10430
[13:49:56.115] [SEVERE ] updating countdown to -10440
[13:49:56.131] [SEVERE ] updating countdown to -10450
[13:49:56.147] [SEVERE ] updating countdown to -10460
[13:49:56.163] [SEVERE ] updating countdown to -10470
[13:49:56.179] [SEVERE ] updating countdown to -10480
[13:49:56.195] [SEVERE ] removing card from slot 4
[13:49:56.195] [SEVERE ] updating countdown to -10490
[13:49:56.195] [SEVERE ] removing player 1 token from slot 1
[13:49:56.195] [SEVERE ] removing player 2 token from slot 1
[13:49:56.195] [SEVERE ] removing player 3 token from slot 1
[13:49:56.195] [SEVERE ] removing player 4 token from slot 1
[13:49:56.211] [SEVERE ] updating countdown to -10500
[13:49:56.227] [SEVERE ] updating countdown to -10510
[13:49:56.243] [SEVERE ] updating countdown to -10520
[13:49:56.259] [SEVERE ] updating countdown to -10530
[13:49:56.275] [SEVERE ] updating countdown to -10540
[13:49:56.291] [SEVERE ] updating countdown to -10550
[13:49:56.307] [SEVERE ] removing card from slot 1
[13:49:56.307] [SEVERE ] updating countdown to -10560
[13:49:56.307] [SEVERE ] removing player 1 token from slot 11
[13:49:56.307] [SEVERE ] removing player 2 token from slot 11
[13:49:56.307] [SEVERE ] removing player 3 token from slot 11
[13:49:56.307] [SEVERE ] removing player 4 token from slot 11
[13:49:56.323] [SEVERE ] updating countdown to -10570
[13:49:56.339] [SEVERE ] updating countdown to -10580
[13:49:56.355] [SEVERE ] updating countdown to -10590
[13:49:56.371] [SEVERE ] updating countdown to -10600
[13:49:56.387] [SEVERE ] updating countdown to -10610
[13:49:56.403] [SEVERE ] updating countdown to -10620
[13:49:56.419] [SEVERE ] removing card from slot 11
[13:49:56.419] [SEVERE ] updating countdown to -11620
[13:49:56.419] [SEVERE ] removing player 1 token from slot 9
[13:49:56.419] [SEVERE ] removing player 2 token from slot 9
[13:49:56.419] [SEVERE ] removing player 3 token from slot 9
[13:49:56.419] [SEVERE ] removing player 4 token from slot 9
[13:49:56.531] [SEVERE ] removing card from slot 9
[13:49:56.531] [SEVERE ] removing player 1 token from slot 8
[13:49:56.531] [SEVERE ] removing player 2 token from slot 8
[13:49:56.531] [SEVERE ] removing player 3 token from slot 8
[13:49:56.531] [SEVERE ] removing player 4 token from slot 8
[13:49:56.643] [SEVERE ] removing card from slot 8
[13:49:56.643] [SEVERE ] removing player 1 token from slot 5
[13:49:56.643] [SEVERE ] removing player 2 token from slot 5
[13:49:56.643] [SEVERE ] removing player 3 token from slot 5
[13:49:56.643] [SEVERE ] removing player 4 token from slot 5
[13:49:56.754] [SEVERE ] removing card from slot 5
[13:49:56.865] [SEVERE ] placing card 66 in slot 0
[13:49:56.976] [SEVERE ] placing card 43 in slot 10
[13:49:57.024] [SEVERE ] updating countdown to -12000
[13:49:57.087] [SEVERE ] placing card 21 in slot 6
[13:49:57.197] [SEVERE ] placing card 33 in slot 4
[13:49:57.308] [SEVERE ] placing card 13 in slot 1
[13:49:57.419] [SEVERE ] placing card 78 in slot 3
[13:49:57.530] [SEVERE ] placing card 9 in slot 11
[13:49:57.641] [SEVERE ] placing card 30 in slot 8
[13:49:57.753] [SEVERE ] placing card 31 in slot 7
[13:49:57.864] [SEVERE ] placing card 61 in slot 5
[13:49:57.976] [SEVERE ] placing card 29 in slot 9
[13:49:58.088] [SEVERE ] placing card 16 in slot 2
[13:49:58.088] [SEVERE ] updating countdown to -10000
[13:49:58.089] [SEVERE ] removing player 1 token from slot 5
[13:49:58.090] [SEVERE ] removing player 2 token from slot 5
[13:49:58.090] [SEVERE ] removing player 3 token from slot 5
[13:49:58.090] [SEVERE ] removing player 4 token from slot 5
[13:49:58.144] [SEVERE ] updating countdown to -10010
[13:49:58.152] [SEVERE ] updating countdown to -10020
[13:49:58.168] [SEVERE ] updating countdown to -10030
[13:49:58.184] [SEVERE ] updating countdown to -10040
[13:49:58.200] [SEVERE ] removing card from slot 5
[13:49:58.200] [SEVERE ] updating countdown to -10050
[13:49:58.200] [SEVERE ] removing player 1 token from slot 8
[13:49:58.201] [SEVERE ] removing player 2 token from slot 8
[13:49:58.201] [SEVERE ] removing player 3 token from slot 8
[13:49:58.202] [SEVERE ] removing player 4 token from slot 8
[13:49:58.242] [SEVERE ] updating countdown to -10060
[13:49:58.248] [SEVERE ] updating countdown to -10070
[13:49:58.264] [SEVERE ] updating countdown to -10080
[13:49:58.280] [SEVERE ] updating countdown to -10090
[13:49:58.296] [SEVERE ] updating countdown to -10100
[13:49:58.311] [SEVERE ] removing card from slot 8
[13:49:58.311] [SEVERE ] updating countdown to -10110
[13:49:58.311] [SEVERE ] removing player 1 token from slot 1
[13:49:58.312] [SEVERE ] removing player 2 token from slot 1
[13:49:58.312] [SEVERE ] removing player 3 token from slot 1
[13:49:58.312] [SEVERE ] removing player 4 token from slot 1
[13:49:58.352] [SEVERE ] updating countdown to -10120
[13:49:58.359] [SEVERE ] updating countdown to -10130
[13:49:58.375] [SEVERE ] updating countdown to -10140
[13:49:58.391] [SEVERE ] updating countdown to -10150
[13:49:58.407] [SEVERE ] updating countdown to -10160
[13:49:58.423] [SEVERE ] removing card from slot 1
[13:49:58.423] [SEVERE ] updating countdown to -10170
[13:49:58.433] [SEVERE ] removing player 1 token from slot 2
[13:49:58.433] [SEVERE ] removing player 2 token from slot 2
[13:49:58.434] [SEVERE ] removing player 3 token from slot 2
[13:49:58.434] [SEVERE ] removing player 4 token from slot 2
[13:49:58.482] [SEVERE ] updating countdown to -10180
[13:49:58.487] [SEVERE ] updating countdown to -10190
[13:49:58.503] [SEVERE ] updating countdown to -10200
[13:49:58.519] [SEVERE ] updating countdown to -10210
[13:49:58.535] [SEVERE ] removing card from slot 2
[13:49:58.535] [SEVERE ] updating countdown to -10220
[13:49:58.535] [SEVERE ] removing player 1 token from slot 0
[13:49:58.537] [SEVERE ] removing player 2 token from slot 0
[13:49:58.537] [SEVERE ] removing player 3 token from slot 0
[13:49:58.538] [SEVERE ] removing player 4 token from slot 0
[13:49:58.573] [SEVERE ] updating countdown to -10230
[13:49:58.583] [SEVERE ] updating countdown to -10240
[13:49:58.599] [SEVERE ] updating countdown to -10250
[13:49:58.614] [SEVERE ] updating countdown to -10260
[13:49:58.630] [SEVERE ] updating countdown to -10270
[13:49:58.646] [SEVERE ] removing card from slot 0
[13:49:58.646] [SEVERE ] updating countdown to -10280
[13:49:58.646] [SEVERE ] removing player 1 token from slot 6
[13:49:58.647] [SEVERE ] removing player 2 token from slot 6
[13:49:58.647] [SEVERE ] removing player 3 token from slot 6
[13:49:58.647] [SEVERE ] removing player 4 token from slot 6
[13:49:58.680] [SEVERE ] updating countdown to -10290
[13:49:58.694] [SEVERE ] updating countdown to -10300
[13:49:58.710] [SEVERE ] updating countdown to -10310
[13:49:58.739] [SEVERE ] updating countdown to -10320
[13:49:58.750] [SEVERE ] updating countdown to -10330
[13:49:58.758] [SEVERE ] removing card from slot 6
[13:49:58.758] [SEVERE ] removing player 1 token from slot 9
[13:49:58.758] [SEVERE ] removing player 2 token from slot 9
[13:49:58.758] [SEVERE ] removing player 3 token from slot 9
[13:49:58.759] [SEVERE ] removing player 4 token from slot 9
[13:49:58.766] [SEVERE ] updating countdown to -10340
[13:49:58.808] [SEVERE ] updating countdown to -10350
[13:49:58.849] [SEVERE ] updating countdown to -10360
[13:49:58.853] [SEVERE ] updating countdown to -10370
[13:49:58.869] [SEVERE ] removing card from slot 9
[13:49:58.869] [SEVERE ] removing player 1 token from slot 7
[13:49:58.870] [SEVERE ] removing player 2 token from slot 7
[13:49:58.870] [SEVERE ] removing player 3 token from slot 7
[13:49:58.870] [SEVERE ] removing player 4 token from slot 7
[13:49:58.882] [SEVERE ] updating countdown to -10380
[13:49:58.943] [SEVERE ] updating countdown to -10390
[13:49:58.961] [SEVERE ] updating countdown to -10400
[13:49:58.965] [SEVERE ] updating countdown to -10410
[13:49:58.981] [SEVERE ] removing card from slot 7
[13:49:58.981] [SEVERE ] updating countdown to -10420
[13:49:58.981] [SEVERE ] removing player 1 token from slot 4
[13:49:58.982] [SEVERE ] removing player 2 token from slot 4
[13:49:58.982] [SEVERE ] removing player 3 token from slot 4
[13:49:58.982] [SEVERE ] removing player 4 token from slot 4
[13:49:59.009] [SEVERE ] updating countdown to -10430
[13:49:59.013] [SEVERE ] updating countdown to -10440
[13:49:59.029] [SEVERE ] updating countdown to -10450
[13:49:59.045] [SEVERE ] updating countdown to -10460
[13:49:59.061] [SEVERE ] updating countdown to -10470
[13:49:59.077] [SEVERE ] updating countdown to -10480
[13:49:59.093] [SEVERE ] removing card from slot 4
[13:49:59.093] [SEVERE ] removing player 1 token from slot 10
[13:49:59.093] [SEVERE ] removing player 2 token from slot 10
[13:49:59.094] [SEVERE ] removing player 3 token from slot 10
[13:49:59.094] [SEVERE ] removing player 4 token from slot 10
[13:49:59.099] [SEVERE ] updating countdown to -10490
[13:49:59.100] [SEVERE ] updating countdown to -11490
[13:49:59.205] [SEVERE ] removing card from slot 10
[13:49:59.205] [SEVERE ] removing player 1 token from slot 3
[13:49:59.205] [SEVERE ] removing player 2 token from slot 3
[13:49:59.205] [SEVERE ] removing player 3 token from slot 3
[13:49:59.206] [SEVERE ] removing player 4 token from slot 3
[13:49:59.316] [SEVERE ] removing card from slot 3
[13:49:59.316] [SEVERE ] removing player 1 token from slot 11
[13:49:59.317] [SEVERE ] removing player 2 token from slot 11
[13:49:59.317] [SEVERE ] removing player 3 token from slot 11
[13:49:59.317] [SEVERE ] removing player 4 token from slot 11
[13:49:59.427] [SEVERE ] removing card from slot 11
[13:49:59.537] [SEVERE ] placing card 60 in slot 10
[13:49:59.647] [SEVERE ] placing card 67 in slot 2
[13:49:59.758] [SEVERE ] placing card 43 in slot 7
[13:49:59.868] [SEVERE ] placing card 61 in slot 0
[13:49:59.979] [SEVERE ] placing card 51 in slot 1
[13:50:00.091] [SEVERE ] placing card 64 in slot 4
[13:50:00.202] [SEVERE ] placing card 45 in slot 6
[13:50:00.313] [SEVERE ] placing card 80 in slot 8
[13:50:00.425] [SEVERE ] placing card 14 in slot 9
[13:50:00.537] [SEVERE ] placing card 65 in slot 11
[13:50:00.649] [SEVERE ] placing card 79 in slot 5
[13:50:00.760] [SEVERE ] placing card 4 in slot 3
[13:50:00.760] [SEVERE ] updating countdown to -10000
[13:50:00.761] [SEVERE ] removing player 1 token from slot 9
[13:50:00.761] [SEVERE ] removing player 2 token from slot 9
[13:50:00.761] [SEVERE ] removing player 3 token from slot 9
[13:50:00.761] [SEVERE ] removing player 4 token from slot 9
[13:50:00.822] [SEVERE ] updating countdown to -10010
[13:50:00.830] [SEVERE ] updating countdown to -10020
[13:50:00.839] [SEVERE ] updating countdown to -10030
[13:50:00.855] [SEVERE ] updating countdown to -10040
[13:50:00.871] [SEVERE ] removing card from slot 9
[13:50:00.871] [SEVERE ] updating countdown to -10050
[13:50:00.871] [SEVERE ] removing player 1 token from slot 4
[13:50:00.872] [SEVERE ] removing player 2 token from slot 4
[13:50:00.872] [SEVERE ] removing player 3 token from slot 4
[13:50:00.872] [SEVERE ] removing player 4 token from slot 4
[13:50:00.918] [SEVERE ] updating countdown to -10060
[13:50:00.919] [SEVERE ] updating countdown to -10070
[13:50:00.935] [SEVERE ] updating countdown to -10080
[13:50:00.951] [SEVERE ] updating countdown to -10090
[13:50:00.967] [SEVERE ] updating countdown to -10100
[13:50:00.983] [SEVERE ] removing card from slot 4
[13:50:00.983] [SEVERE ] updating countdown to -10110
[13:50:00.983] [SEVERE ] removing player 1 token from slot 2
[13:50:00.984] [SEVERE ] removing player 2 token from slot 2
[13:50:00.984] [SEVERE ] removing player 3 token from slot 2
[13:50:00.984] [SEVERE ] removing player 4 token from slot 2
[13:50:01.037] [SEVERE ] updating countdown to -10120
[13:50:01.046] [SEVERE ] updating countdown to -10130
[13:50:01.062] [SEVERE ] updating countdown to -10140
[13:50:01.078] [SEVERE ] updating countdown to -10150
[13:50:01.094] [SEVERE ] removing card from slot 2
[13:50:01.094] [SEVERE ] updating countdown to -10160
[13:50:01.094] [SEVERE ] removing player 1 token from slot 7
[13:50:01.095] [SEVERE ] removing player 2 token from slot 7
[13:50:01.095] [SEVERE ] removing player 3 token from slot 7
[13:50:01.095] [SEVERE ] removing player 4 token from slot 7
[13:50:01.135] [SEVERE ] updating countdown to -10170
[13:50:01.142] [SEVERE ] updating countdown to -10180
[13:50:01.158] [SEVERE ] updating countdown to -10190
[13:50:01.174] [SEVERE ] updating countdown to -10200
[13:50:01.190] [SEVERE ] updating countdown to -10210
[13:50:01.206] [SEVERE ] removing card from slot 7
[13:50:01.206] [SEVERE ] updating countdown to -10220
[13:50:01.206] [SEVERE ] removing player 1 token from slot 5
[13:50:01.207] [SEVERE ] removing player 2 token from slot 5
[13:50:01.207] [SEVERE ] removing player 3 token from slot 5
[13:50:01.207] [SEVERE ] removing player 4 token from slot 5
[13:50:01.244] [SEVERE ] updating countdown to -10230
[13:50:01.253] [SEVERE ] updating countdown to -10240
[13:50:01.269] [SEVERE ] updating countdown to -10250
[13:50:01.284] [SEVERE ] updating countdown to -10260
[13:50:01.300] [SEVERE ] updating countdown to -10270
[13:50:01.316] [SEVERE ] removing card from slot 5
[13:50:01.316] [SEVERE ] updating countdown to -10280
[13:50:01.316] [SEVERE ] removing player 1 token from slot 8
[13:50:01.317] [SEVERE ] removing player 2 token from slot 8
[13:50:01.317] [SEVERE ] removing player 3 token from slot 8
[13:50:01.317] [SEVERE ] removing player 4 token from slot 8
[13:50:01.351] [SEVERE ] updating countdown to -10290
[13:50:01.363] [SEVERE ] updating countdown to -10300
[13:50:01.378] [SEVERE ] updating countdown to -10310
[13:50:01.394] [SEVERE ] updating countdown to -10320
[13:50:01.410] [SEVERE ] updating countdown to -10330
[13:50:01.426] [SEVERE ] removing card from slot 8
[13:50:01.426] [SEVERE ] removing player 1 token from slot 10
[13:50:01.426] [SEVERE ] removing player 2 token from slot 10
[13:50:01.427] [SEVERE ] removing player 3 token from slot 10
[13:50:01.427] [SEVERE ] removing player 4 token from slot 10
[13:50:01.426] [SEVERE ] updating countdown to -10340
[13:50:01.461] [SEVERE ] updating countdown to -10350
[13:50:01.474] [SEVERE ] updating countdown to -10360
[13:50:01.490] [SEVERE ] updating countdown to -10370
[13:50:01.506] [SEVERE ] updating countdown to -10380
[13:50:01.522] [SEVERE ] updating countdown to -10390
[13:50:01.537] [SEVERE ] removing card from slot 10
[13:50:01.537] [SEVERE ] updating countdown to -10400
[13:50:01.537] [SEVERE ] removing player 1 token from slot 0
[13:50:01.538] [SEVERE ] removing player 2 token from slot 0
[13:50:01.538] [SEVERE ] removing player 3 token from slot 0
[13:50:01.538] [SEVERE ] removing player 4 token from slot 0
[13:50:01.570] [SEVERE ] updating countdown to -10410
[13:50:01.584] [SEVERE ] updating countdown to -10420
[13:50:01.599] [SEVERE ] updating countdown to -10430
[13:50:01.615] [SEVERE ] updating countdown to -10440
[13:50:01.631] [SEVERE ] updating countdown to -10450
[13:50:01.647] [SEVERE ] removing card from slot 0
[13:50:01.647] [SEVERE ] updating countdown to -10460
[13:50:01.647] [SEVERE ] removing player 1 token from slot 3
[13:50:01.648] [SEVERE ] removing player 2 token from slot 3
[13:50:01.648] [SEVERE ] removing player 3 token from slot 3
[13:50:01.648] [SEVERE ] removing player 4 token from slot 3
[13:50:01.677] [SEVERE ] updating countdown to -10470
[13:50:01.679] [SEVERE ] updating countdown to -10480
[13:50:01.695] [SEVERE ] updating countdown to -10490
[13:50:01.711] [SEVERE ] updating countdown to -10500
[13:50:01.727] [SEVERE ] updating countdown to -10510
[13:50:01.743] [SEVERE ] updating countdown to -10520
[13:50:01.759] [SEVERE ] removing card from slot 3
[13:50:01.759] [SEVERE ] updating countdown to -10530
[13:50:01.759] [SEVERE ] removing player 1 token from slot 6
[13:50:01.760] [SEVERE ] removing player 2 token from slot 6
[13:50:01.760] [SEVERE ] removing player 3 token from slot 6
[13:50:01.760] [SEVERE ] removing player 4 token from slot 6
[13:50:01.790] [SEVERE ] updating countdown to -11530
[13:50:01.869] [SEVERE ] removing card from slot 6
[13:50:01.869] [SEVERE ] removing player 1 token from slot 1
[13:50:01.870] [SEVERE ] removing player 2 token from slot 1
[13:50:01.870] [SEVERE ] removing player 3 token from slot 1
[13:50:01.870] [SEVERE ] removing player 4 token from slot 1
[13:50:01.980] [SEVERE ] removing card from slot 1
[13:50:01.980] [SEVERE ] removing player 1 token from slot 11
[13:50:01.981] [SEVERE ] removing player 2 token from slot 11
[13:50:01.981] [SEVERE ] removing player 3 token from slot 11
[13:50:01.981] [SEVERE ] removing player 4 token from slot 11
[13:50:02.092] [SEVERE ] removing card from slot 11
[13:50:02.202] [SEVERE ] placing card 52 in slot 3
[13:50:02.314] [SEVERE ] placing card 16 in slot 10
[13:50:02.426] [SEVERE ] placing card 13 in slot 4
[13:50:02.537] [SEVERE ] placing card 26 in slot 11
[13:50:02.585] [SEVERE ] updating countdown to -12000
[13:50:02.649] [SEVERE ] placing card 22 in slot 9
[13:50:02.759] [SEVERE ] placing card 58 in slot 5
[13:50:02.871] [SEVERE ] placing card 79 in slot 8
[13:50:02.983] [SEVERE ] placing card 2 in slot 1
[13:50:03.094] [SEVERE ] placing card 4 in slot 7
[13:50:03.205] [SEVERE ] placing card 80 in slot 0
[13:50:03.314] [SEVERE ] placing card 68 in slot 6
[13:50:03.425] [SEVERE ] placing card 75 in slot 2
[13:50:03.425] [SEVERE ] updating countdown to -10000
[13:50:03.425] [SEVERE ] removing player 1 token from slot 1
[13:50:03.425] [SEVERE ] removing player 2 token from slot 1
[13:50:03.425] [SEVERE ] removing player 3 token from slot 1
[13:50:03.425] [SEVERE ] removing player 4 token from slot 1
[13:50:03.441] [SEVERE ] updating countdown to -10010
[13:50:03.456] [SEVERE ] updating countdown to -10020
[13:50:03.471] [SEVERE ] updating countdown to -10030
[13:50:03.486] [SEVERE ] updating countdown to -10040
[13:50:03.502] [SEVERE ] updating countdown to -10050
[13:50:03.518] [SEVERE ] updating countdown to -10060
[13:50:03.534] [SEVERE ] removing card from slot 1
[13:50:03.534] [SEVERE ] updating countdown to -10070
[13:50:03.534] [SEVERE ] removing player 1 token from slot 10
[13:50:03.534] [SEVERE ] removing player 2 token from slot 10
[13:50:03.534] [SEVERE ] removing player 3 token from slot 10
[13:50:03.534] [SEVERE ] removing player 4 token from slot 10
[13:50:03.550] [SEVERE ] updating countdown to -10080
[13:50:03.566] [SEVERE ] updating countdown to -10090
[13:50:03.581] [SEVERE ] updating countdown to -10100
[13:50:03.597] [SEVERE ] updating countdown to -10110
[13:50:03.613] [SEVERE ] updating countdown to -10120
[13:50:03.629] [SEVERE ] updating countdown to -10130
[13:50:03.645] [SEVERE ] removing card from slot 10
[13:50:03.645] [SEVERE ] updating countdown to -10140
[13:50:03.645] [SEVERE ] removing player 1 token from slot 0
[13:50:03.645] [SEVERE ] removing player 2 token from slot 0
[13:50:03.645] [SEVERE ] removing player 3 token from slot 0
[13:50:03.645] [SEVERE ] removing player 4 token from slot 0
[13:50:03.661] [SEVERE ] updating countdown to -10150
[13:50:03.677] [SEVERE ] updating countdown to -10160
[13:50:03.693] [SEVERE ] updating countdown to -10170
[13:50:03.709] [SEVERE ] updating countdown to -10180
[13:50:03.724] [SEVERE ] updating countdown to -10190
[13:50:03.739] [SEVERE ] updating countdown to -10200
[13:50:03.755] [SEVERE ] removing card from slot 0
[13:50:03.755] [SEVERE ] updating countdown to -10210
[13:50:03.755] [SEVERE ] removing player 1 token from slot 8
[13:50:03.755] [SEVERE ] removing player 2 token from slot 8
[13:50:03.755] [SEVERE ] removing player 3 token from slot 8
[13:50:03.755] [SEVERE ] removing player 4 token from slot 8
[13:50:03.771] [SEVERE ] updating countdown to -10220
[13:50:03.787] [SEVERE ] updating countdown to -10230
[13:50:03.803] [SEVERE ] updating countdown to -10240
[13:50:03.819] [SEVERE ] updating countdown to -10250
[13:50:03.834] [SEVERE ] updating countdown to -10260
[13:50:03.850] [SEVERE ] updating countdown to -10270
[13:50:03.866] [SEVERE ] removing card from slot 8
[13:50:03.866] [SEVERE ] updating countdown to -10280
[13:50:03.866] [SEVERE ] removing player 1 token from slot 4
[13:50:03.866] [SEVERE ] removing player 2 token from slot 4
[13:50:03.866] [SEVERE ] removing player 3 token from slot 4
[13:50:03.866] [SEVERE ] removing player 4 token from slot 4
[13:50:03.882] [SEVERE ] updating countdown to -10290
[13:50:03.898] [SEVERE ] updating countdown to -10300
[13:50:03.914] [SEVERE ] updating countdown to -10310
[13:50:03.930] [SEVERE ] updating countdown to -10320
[13:50:03.946] [SEVERE ] updating countdown to -10330
[13:50:03.962] [SEVERE ] updating countdown to -10340
[13:50:03.978] [SEVERE ] removing card from slot 4
[13:50:03.978] [SEVERE ] updating countdown to -10350
[13:50:03.978] [SEVERE ] removing player 1 token from slot 7
[13:50:03.978] [SEVERE ] removing player 2 token from slot 7
[13:50:03.978] [SEVERE ] removing player 3 token from slot 7
[13:50:03.978] [SEVERE ] removing player 4 token from slot 7
[13:50:03.997] [SEVERE ] updating countdown to -10360
[13:50:04.010] [SEVERE ] updating countdown to -10370
[13:50:04.026] [SEVERE ] updating countdown to -10380
[13:50:04.042] [SEVERE ] updating countdown to -10390
[13:50:04.057] [SEVERE ] updating countdown to -10400
[13:50:04.073] [SEVERE ] updating countdown to -10410
[13:50:04.089] [SEVERE ] removing card from slot 7
[13:50:04.089] [SEVERE ] updating countdown to -10420
[13:50:04.089] [SEVERE ] removing player 1 token from slot 5
[13:50:04.090] [SEVERE ] removing player 2 token from slot 5
[13:50:04.090] [SEVERE ] removing player 3 token from slot 5
[13:50:04.090] [SEVERE ] removing player 4 token from slot 5
[13:50:04.105] [SEVERE ] updating countdown to -10430
[13:50:04.121] [SEVERE ] updating countdown to -10440
[13:50:04.137] [SEVERE ] updating countdown to -10450
[13:50:04.152] [SEVERE ] updating countdown to -10460
[13:50:04.168] [SEVERE ] updating countdown to -10470
[13:50:04.184] [SEVERE ] updating countdown to -10480
[13:50:04.199] [SEVERE ] removing card from slot 5
[13:50:04.199] [SEVERE ] updating countdown to -10490
[13:50:04.199] [SEVERE ] removing player 1 token from slot 11
[13:50:04.200] [SEVERE ] removing player 2 token from slot 11
[13:50:04.200] [SEVERE ] removing player 3 token from slot 11
[13:50:04.200] [SEVERE ] removing player 4 token from slot 11
[13:50:04.243] [SEVERE ] updating countdown to -10500
[13:50:04.246] [SEVERE ] updating countdown to -10510
[13:50:04.262] [SEVERE ] updating countdown to -10520
[13:50:04.278] [SEVERE ] updating countdown to -10530
[13:50:04.294] [SEVERE ] updating countdown to -10540
[13:50:04.310] [SEVERE ] removing card from slot 11
[13:50:04.310] [SEVERE ] updating countdown to -10550
[13:50:04.310] [SEVERE ] removing player 1 token from slot 3
[13:50:04.311] [SEVERE ] removing player 2 token from slot 3
[13:50:04.311] [SEVERE ] removing player 3 token from slot 3
[13:50:04.311] [SEVERE ] removing player 4 token from slot 3
[13:50:04.354] [SEVERE ] updating countdown to -10560
[13:50:04.357] [SEVERE ] updating countdown to -10570
[13:50:04.372] [SEVERE ] updating countdown to -10580
[13:50:04.388] [SEVERE ] updating countdown to -10590
[13:50:04.404] [SEVERE ] updating countdown to -10600
[13:50:04.420] [SEVERE ] removing card from slot 3
[13:50:04.420] [SEVERE ] updating countdown to -10610
[13:50:04.420] [SEVERE ] removing player 1 token from slot 2
[13:50:04.421] [SEVERE ] removing player 2 token from slot 2
[13:50:04.421] [SEVERE ] removing player 3 token from slot 2
[13:50:04.421] [SEVERE ] removing player 4 token from slot 2
[13:50:04.450] [SEVERE ] updating countdown to -11610
[13:50:04.532] [SEVERE ] removing card from slot 2
[13:50:04.532] [SEVERE ] removing player 1 token from slot 9
[13:50:04.532] [SEVERE ] removing player 2 token from slot 9
[13:50:04.532] [SEVERE ] removing player 3 token from slot 9
[13:50:04.533] [SEVERE ] removing player 4 token from slot 9
[13:50:04.643] [SEVERE ] removing card from slot 9
[13:50:04.643] [SEVERE ] removing player 1 token from slot 6
[13:50:04.643] [SEVERE ] removing player 2 token from slot 6
[13:50:04.644] [SEVERE ] removing player 3 token from slot 6
[13:50:04.644] [SEVERE ] removing player 4 token from slot 6
[13:50:04.755] [SEVERE ] removing card from slot 6
[13:50:04.866] [SEVERE ] placing card 20 in slot 3
[13:50:04.978] [SEVERE ] placing card 31 in slot 7
[13:50:05.089] [SEVERE ] placing card 56 in slot 10
[13:50:05.127] [SEVERE ] updating countdown to -12000
[13:50:05.200] [SEVERE ] placing card 11 in slot 1
[13:50:05.311] [SEVERE ] placing card 8 in slot 2
[13:50:05.422] [SEVERE ] placing card 41 in slot 5
[13:50:05.531] [SEVERE ] placing card 29 in slot 0
[13:50:05.641] [SEVERE ] placing card 62 in slot 8
[13:50:05.751] [SEVERE ] placing card 17 in slot 11
[13:50:05.863] [SEVERE ] placing card 49 in slot 6
[13:50:05.975] [SEVERE ] placing card 13 in slot 9
[13:50:06.087] [SEVERE ] placing card 73 in slot 4
[13:50:06.087] [SEVERE ] updating countdown to -10000
[13:50:06.088] [SEVERE ] removing player 1 token from slot 3
[13:50:06.088] [SEVERE ] removing player 2 token from slot 3
[13:50:06.088] [SEVERE ] removing player 3 token from slot 3
[13:50:06.088] [SEVERE ] removing player 4 token from slot 3
[13:50:06.147] [SEVERE ] updating countdown to -10010
[13:50:06.151] [SEVERE ] updating countdown to -10020
[13:50:06.166] [SEVERE ] updating countdown to -10030
[13:50:06.182] [SEVERE ] updating countdown to -10040
[13:50:06.198] [SEVERE ] removing card from slot 3
[13:50:06.198] [SEVERE ] updating countdown to -10050
[13:50:06.198] [SEVERE ] removing player 1 token from slot 11
[13:50:06.199] [SEVERE ] removing player 2 token from slot 11
[13:50:06.199] [SEVERE ] removing player 3 token from slot 11
[13:50:06.199] [SEVERE ] removing player 4 token from slot 11
[13:50:06.252] [SEVERE ] updating countdown to -10060
[13:50:06.261] [SEVERE ] updating countdown to -10070
[13:50:06.277] [SEVERE ] updating countdown to -10080
[13:50:06.293] [SEVERE ] updating countdown to -10090
[13:50:06.309] [SEVERE ] removing card from slot 11
[13:50:06.309] [SEVERE ] removing player 1 token from slot 2
[13:50:06.309] [SEVERE ] removing player 2 token from slot 2
[13:50:06.309] [SEVERE ] removing player 3 token from slot 2
[13:50:06.309] [SEVERE ] removing player 4 token from slot 2
[13:50:06.309] [SEVERE ] updating countdown to -10100
[13:50:06.360] [SEVERE ] updating countdown to -10110
[13:50:06.372] [SEVERE ] updating countdown to -10120
[13:50:06.388] [SEVERE ] updating countdown to -10130
[13:50:06.404] [SEVERE ] updating countdown to -10140
[13:50:06.420] [SEVERE ] removing card from slot 2
[13:50:06.420] [SEVERE ] updating countdown to -10150
[13:50:06.420] [SEVERE ] removing player 1 token from slot 5
[13:50:06.421] [SEVERE ] removing player 2 token from slot 5
[13:50:06.421] [SEVERE ] removing player 3 token from slot 5
[13:50:06.421] [SEVERE ] removing player 4 token from slot 5
[13:50:06.469] [SEVERE ] updating countdown to -10160
[13:50:06.484] [SEVERE ] updating countdown to -10170
[13:50:06.499] [SEVERE ] updating countdown to -10180
[13:50:06.515] [SEVERE ] updating countdown to -10190
[13:50:06.531] [SEVERE ] removing card from slot 5
[13:50:06.531] [SEVERE ] updating countdown to -10200
[13:50:06.531] [SEVERE ] removing player 1 token from slot 6
[13:50:06.532] [SEVERE ] removing player 2 token from slot 6
[13:50:06.532] [SEVERE ] removing player 3 token from slot 6
[13:50:06.532] [SEVERE ] removing player 4 token from slot 6
[13:50:06.577] [SEVERE ] updating countdown to -10210
[13:50:06.593] [SEVERE ] updating countdown to -10220
[13:50:06.609] [SEVERE ] updating countdown to -10230
[13:50:06.625] [SEVERE ] updating countdown to -10240
[13:50:06.641] [SEVERE ] removing card from slot 6
[13:50:06.641] [SEVERE ] updating countdown to -10250
[13:50:06.641] [SEVERE ] removing player 1 token from slot 7
[13:50:06.642] [SEVERE ] removing player 2 token from slot 7
[13:50:06.642] [SEVERE ] removing player 3 token from slot 7
[13:50:06.642] [SEVERE ] removing player 4 token from slot 7
[13:50:06.684] [SEVERE ] updating countdown to -10260
[13:50:06.689] [SEVERE ] updating countdown to -10270
[13:50:06.705] [SEVERE ] updating countdown to -10280
[13:50:06.721] [SEVERE ] updating countdown to -10290
[13:50:06.737] [SEVERE ] updating countdown to -10300
[13:50:06.753] [SEVERE ] removing card from slot 7
[13:50:06.753] [SEVERE ] removing player 1 token from slot 9
[13:50:06.753] [SEVERE ] removing player 2 token from slot 9
[13:50:06.753] [SEVERE ] removing player 3 token from slot 9
[13:50:06.754] [SEVERE ] removing player 4 token from slot 9
[13:50:06.753] [SEVERE ] updating countdown to -10310
[13:50:06.797] [SEVERE ] updating countdown to -10320
[13:50:06.801] [SEVERE ] updating countdown to -10330
[13:50:06.817] [SEVERE ] updating countdown to -10340
[13:50:06.832] [SEVERE ] updating countdown to -10350
[13:50:06.848] [SEVERE ] updating countdown to -10360
[13:50:06.864] [SEVERE ] removing card from slot 9
[13:50:06.864] [SEVERE ] updating countdown to -10370
[13:50:06.865] [SEVERE ] removing player 1 token from slot 1
[13:50:06.865] [SEVERE ] removing player 2 token from slot 1
[13:50:06.865] [SEVERE ] removing player 3 token from slot 1
[13:50:06.865] [SEVERE ] removing player 4 token from slot 1
[13:50:06.902] [SEVERE ] updating countdown to -10380
[13:50:06.912] [SEVERE ] updating countdown to -10390
[13:50:06.928] [SEVERE ] updating countdown to -10400
[13:50:06.944] [SEVERE ] updating countdown to -10410
[13:50:06.960] [SEVERE ] updating countdown to -10420
[13:50:06.976] [SEVERE ] removing card from slot 1
[13:50:06.976] [SEVERE ] removing player 1 token from slot 10
[13:50:06.976] [SEVERE ] removing player 2 token from slot 10
[13:50:06.976] [SEVERE ] removing player 3 token from slot 10
[13:50:06.977] [SEVERE ] removing player 4 token from slot 10
[13:50:06.976] [SEVERE ] updating countdown to -10430
[13:50:07.012] [SEVERE ] updating countdown to -10440
[13:50:07.024] [SEVERE ] updating countdown to -10450
[13:50:07.040] [SEVERE ] updating countdown to -10460
[13:50:07.056] [SEVERE ] updating countdown to -10470
[13:50:07.072] [SEVERE ] updating countdown to -10480
[13:50:07.088] [SEVERE ] removing card from slot 10
[13:50:07.088] [SEVERE ] updating countdown to -10490
[13:50:07.088] [SEVERE ] removing player 1 token from slot 0
[13:50:07.088] [SEVERE ] removing player 2 token from slot 0
[13:50:07.089] [SEVERE ] removing player 3 token from slot 0
[13:50:07.089] [SEVERE ] removing player 4 token from slot 0
[13:50:07.088] [SEVERE ] updating countdown to -11490
[13:50:07.200] [SEVERE ] removing card from slot 0
[13:50:07.200] [SEVERE ] removing player 1 token from slot 4
[13:50:07.200] [SEVERE ] removing player 2 token from slot 4
[13:50:07.200] [SEVERE ] removing player 3 token from slot 4
[13:50:07.201] [SEVERE ] removing player 4 token from slot 4
[13:50:07.312] [SEVERE ] removing card from slot 4
[13:50:07.312] [SEVERE ] removing player 1 token from slot 8
[13:50:07.312] [SEVERE ] removing player 2 token from slot 8
[13:50:07.312] [SEVERE ] removing player 3 token from slot 8
[13:50:07.312] [SEVERE ] removing player 4 token from slot 8
[13:50:07.424] [SEVERE ] removing card from slot 8
[13:50:07.536] [SEVERE ] placing card 55 in slot 1
[13:50:07.646] [SEVERE ] placing card 45 in slot 5
[13:50:07.758] [SEVERE ] placing card 76 in slot 9
[13:50:07.869] [SEVERE ] placing card 36 in slot 11
[13:50:07.964] [SEVERE ] updating countdown to -12000
[13:50:07.980] [SEVERE ] placing card 57 in slot 2
[13:50:08.092] [SEVERE ] placing card 25 in slot 3
[13:50:08.203] [SEVERE ] placing card 32 in slot 8
[13:50:08.314] [SEVERE ] placing card 43 in slot 0
[13:50:08.426] [SEVERE ] placing card 27 in slot 4
[13:50:08.537] [SEVERE ] placing card 15 in slot 7
[13:50:08.649] [SEVERE ] placing card 62 in slot 10
[13:50:08.760] [SEVERE ] placing card 26 in slot 6
[13:50:08.760] [SEVERE ] updating countdown to -10000
[13:50:08.761] [SEVERE ] removing player 1 token from slot 1
[13:50:08.761] [SEVERE ] removing player 2 token from slot 1
[13:50:08.761] [SEVERE ] removing player 3 token from slot 1
[13:50:08.761] [SEVERE ] removing player 4 token from slot 1
[13:50:08.813] [SEVERE ] updating countdown to -10010
[13:50:08.823] [SEVERE ] updating countdown to -10020
[13:50:08.839] [SEVERE ] updating countdown to -10030
[13:50:08.855] [SEVERE ] updating countdown to -10040
[13:50:08.871] [SEVERE ] removing card from slot 1
[13:50:08.872] [SEVERE ] removing player 1 token from slot 7
[13:50:08.872] [SEVERE ] removing player 2 token from slot 7
[13:50:08.872] [SEVERE ] removing player 3 token from slot 7
[13:50:08.872] [SEVERE ] removing player 4 token from slot 7
[13:50:08.872] [SEVERE ] updating countdown to -10050
[13:50:08.914] [SEVERE ] updating countdown to -10060
[13:50:08.919] [SEVERE ] updating countdown to -10070
[13:50:08.935] [SEVERE ] updating countdown to -10080
[13:50:08.951] [SEVERE ] updating countdown to -10090
[13:50:08.967] [SEVERE ] updating countdown to -10100
[13:50:08.983] [SEVERE ] removing card from slot 7
[13:50:08.983] [SEVERE ] updating countdown to -10110
[13:50:08.983] [SEVERE ] removing player 1 token from slot 0
[13:50:08.984] [SEVERE ] removing player 2 token from slot 0
[13:50:08.984] [SEVERE ] removing player 3 token from slot 0
[13:50:08.984] [SEVERE ] removing player 4 token from slot 0
[13:50:09.024] [SEVERE ] updating countdown to -10120
[13:50:09.031] [SEVERE ] updating countdown to -10130
[13:50:09.047] [SEVERE ] updating countdown to -10140
[13:50:09.063] [SEVERE ] updating countdown to -10150
[13:50:09.079] [SEVERE ] updating countdown to -10160
[13:50:09.095] [SEVERE ] removing card from slot 0
[13:50:09.095] [SEVERE ] removing player 1 token from slot 6
[13:50:09.095] [SEVERE ] removing player 2 token from slot 6
[13:50:09.096] [SEVERE ] removing player 3 token from slot 6
[13:50:09.096] [SEVERE ] removing player 4 token from slot 6
[13:50:09.095] [SEVERE ] updating countdown to -10170
[13:50:09.134] [SEVERE ] updating countdown to -10180
[13:50:09.143] [SEVERE ] updating countdown to -10190
[13:50:09.159] [SEVERE ] updating countdown to -10200
[13:50:09.175] [SEVERE ] updating countdown to -10210
[13:50:09.191] [SEVERE ] updating countdown to -10220
[13:50:09.207] [SEVERE ] removing card from slot 6
[13:50:09.207] [SEVERE ] updating countdown to -10230
[13:50:09.207] [SEVERE ] removing player 1 token from slot 10
[13:50:09.208] [SEVERE ] removing player 2 token from slot 10
[13:50:09.208] [SEVERE ] removing player 3 token from slot 10
[13:50:09.208] [SEVERE ] removing player 4 token from slot 10
[13:50:09.233] [SEVERE ] updating countdown to -10240
[13:50:09.239] [SEVERE ] updating countdown to -10250
[13:50:09.255] [SEVERE ] updating countdown to -10260
[13:50:09.270] [SEVERE ] updating countdown to -10270
[13:50:09.274] [SEVERE ] exit button pressed
[13:50:09.318] [SEVERE ] removing card from slot 10
[13:50:09.318] [SEVERE ] removing player 1 token from slot 11
[13:50:09.318] [SEVERE ] removing player 2 token from slot 11
[13:50:09.318] [SEVERE ] removing player 3 token from slot 11
[13:50:09.318] [SEVERE ] removing player 4 token from slot 11
[13:50:09.430] [SEVERE ] removing card from slot 11
[13:50:09.430] [SEVERE ] removing player 1 token from slot 3
[13:50:09.430] [SEVERE ] removing player 2 token from slot 3
[13:50:09.430] [SEVERE ] removing player 3 token from slot 3
[13:50:09.430] [SEVERE ] removing player 4 token from slot 3
[13:50:09.541] [SEVERE ] removing card from slot 3
[13:50:09.541] [SEVERE ] removing player 1 token from slot 2
[13:50:09.541] [SEVERE ] removing player 2 token from slot 2
[13:50:09.541] [SEVERE ] removing player 3 token from slot 2
[13:50:09.541] [SEVERE ] removing player 4 token from slot 2
[13:50:09.652] [SEVERE ] removing card from slot 2
[13:50:09.652] [SEVERE ] removing player 1 token from slot 4
[13:50:09.652] [SEVERE ] removing player 2 token from slot 4
[13:50:09.652] [SEVERE ] removing player 3 token from slot 4
[13:50:09.652] [SEVERE ] removing player 4 token from slot 4
[13:50:09.764] [SEVERE ] removing card from slot 4
[13:50:09.764] [SEVERE ] removing player 1 token from slot 5
[13:50:09.764] [SEVERE ] removing player 2 token from slot 5
[13:50:09.764] [SEVERE ] removing player 3 token from slot 5
[13:50:09.764] [SEVERE ] removing player 4 token from slot 5
[13:50:09.875] [SEVERE ] removing card from slot 5
[13:50:09.875] [SEVERE ] removing player 1 token from slot 8
[13:50:09.875] [SEVERE ] removing player 2 token from slot 8
[13:50:09.875] [SEVERE ] removing player 3 token from slot 8
[13:50:09.875] [SEVERE ] removing player 4 token from slot 8
[13:50:09.987] [SEVERE ] removing card from slot 8
[13:50:09.987] [SEVERE ] removing player 1 token from slot 9
[13:50:09.987] [SEVERE ] removing player 2 token from slot 9
[13:50:09.987] [SEVERE ] removing player 3 token from slot 9
[13:50:09.987] [SEVERE ] removing player 4 token from slot 9
[13:50:10.098] [SEVERE ] removing card from slot 9
[13:50:10.210] [SEVERE ] placing card 41 in slot 7
[13:50:10.321] [SEVERE ] placing card 64 in slot 9
[13:50:10.433] [SEVERE ] placing card 5 in slot 0
[13:50:10.544] [SEVERE ] placing card 34 in slot 1
[13:50:10.655] [SEVERE ] placing card 44 in slot 6
[13:50:10.765] [SEVERE ] placing card 37 in slot 2
[13:50:10.875] [SEVERE ] placing card 40 in slot 8
[13:50:10.986] [SEVERE ] placing card 72 in slot 10
[13:50:11.097] [SEVERE ] placing card 15 in slot 3
[13:50:11.208] [SEVERE ] placing card 78 in slot 5
[13:50:11.318] [SEVERE ] placing card 19 in slot 11
[13:50:11.428] [SEVERE ] placing card 7 in slot 4
[13:50:11.428] [SEVERE ] updating countdown to -10000
[13:50:11.428] [SEVERE ] removing player 1 token from slot 6
[13:50:11.428] [SEVERE ] removing player 2 token from slot 6
[13:50:11.428] [SEVERE ] removing player 3 token from slot 6
[13:50:11.428] [SEVERE ] removing player 4 token from slot 6
[13:50:11.540] [SEVERE ] removing card from slot 6
[13:50:11.540] [SEVERE ] removing player 1 token from slot 3
[13:50:11.540] [SEVERE ] removing player 2 token from slot 3
[13:50:11.540] [SEVERE ] removing player 3 token from slot 3
[13:50:11.540] [SEVERE ] removing player 4 token from slot 3
[13:50:11.652] [SEVERE ] removing card from slot 3
[13:50:11.652] [SEVERE ] removing player 1 token from slot 2
[13:50:11.652] [SEVERE ] removing player 2 token from slot 2
[13:50:11.652] [SEVERE ] removing player 3 token from slot 2
[13:50:11.652] [SEVERE ] removing player 4 token from slot 2
[13:50:11.760] [SEVERE ] removing card from slot 2
[13:50:11.760] [SEVERE ] removing player 1 token from slot 4
[13:50:11.760] [SEVERE ] removing player 2 token from slot 4
[13:50:11.760] [SEVERE ] removing player 3 token from slot 4
[13:50:11.760] [SEVERE ] removing player 4 token from slot 4
[13:50:11.871] [SEVERE ] removing card from slot 4
[13:50:11.871] [SEVERE ] removing player 1 token from slot 9
[13:50:11.871] [SEVERE ] removing player 2 token from slot 9
[13:50:11.871] [SEVERE ] removing player 3 token from slot 9
[13:50:11.871] [SEVERE ] removing player 4 token from slot 9
[13:50:11.982] [SEVERE ] removing card from slot 9
[13:50:11.982] [SEVERE ] removing player 1 token from slot 11
[13:50:11.982] [SEVERE ] removing player 2 token from slot 11
[13:50:11.982] [SEVERE ] removing player 3 token from slot 11
[13:50:11.982] [SEVERE ] removing player 4 token from slot 11
[13:50:12.092] [SEVERE ] removing card from slot 11
[13:50:12.092] [SEVERE ] removing player 1 token from slot 5
[13:50:12.092] [SEVERE ] removing player 2 token from slot 5
[13:50:12.092] [SEVERE ] removing player 3 token from slot 5
[13:50:12.092] [SEVERE ] removing player 4 token from slot 5
[13:50:12.204] [SEVERE ] removing card from slot 5
[13:50:12.204] [SEVERE ] removing player 1 token from slot 1
[13:50:12.204] [SEVERE ] removing player 2 token from slot 1
[13:50:12.204] [SEVERE ] removing player 3 token from slot 1
[13:50:12.204] [SEVERE ] removing player 4 token from slot 1
[13:50:12.316] [SEVERE ] removing card from slot 1
[13:50:12.316] [SEVERE ] removing player 1 token from slot 8
[13:50:12.316] [SEVERE ] removing player 2 token from slot 8
[13:50:12.316] [SEVERE ] removing player 3 token from slot 8
[13:50:12.316] [SEVERE ] removing player 4 token from slot 8
[13:50:12.427] [SEVERE ] removing card from slot 8
[13:50:12.427] [SEVERE ] removing player 1 token from slot 10
[13:50:12.427] [SEVERE ] removing player 2 token from slot 10
[13:50:12.427] [SEVERE ] removing player 3 token from slot 10
[13:50:12.427] [SEVERE ] removing player 4 token from slot 10
[13:50:12.539] [SEVERE ] removing card from slot 10
[13:50:12.539] [SEVERE ] removing player 1 token from slot 7
[13:50:12.539] [SEVERE ] removing player 2 token from slot 7
[13:50:12.539] [SEVERE ] removing player 3 token from slot 7
[13:50:12.539] [SEVERE ] removing player 4 token from slot 7
[13:50:12.651] [SEVERE ] removing card from slot 7
[13:50:12.651] [SEVERE ] removing player 1 token from slot 0
[13:50:12.651] [SEVERE ] removing player 2 token from slot 0
[13:50:12.651] [SEVERE ] removing player 3 token from slot 0
[13:50:12.651] [SEVERE ] removing player 4 token from slot 0
[13:50:12.761] [SEVERE ] removing card from slot 0
[13:50:12.871] [SEVERE ] placing card 32 in slot 3
[13:50:12.981] [SEVERE ] placing card 48 in slot 0
[13:50:13.090] [SEVERE ] placing card 49 in slot 1
[13:50:13.200] [SEVERE ] placing card 9 in slot 7
[13:50:13.311] [SEVERE ] placing card 57 in slot 2
[13:50:13.421] [SEVERE ] placing card 76 in slot 5
[13:50:13.533] [SEVERE ] placing card 63 in slot 8
[13:50:13.644] [SEVERE ] placing card 30 in slot 6
[13:50:13.756] [SEVERE ] placing card 45 in slot 11
[13:50:13.867] [SEVERE ] placing card 60 in slot 10
[13:50:13.978] [SEVERE ] placing card 3 in slot 9
[13:50:14.087] [SEVERE ] placing card 17 in slot 4
[13:50:14.087] [SEVERE ] updating countdown to -10000
[13:50:14.087] [SEVERE ] removing player 1 token from slot 3
[13:50:14.087] [SEVERE ] removing player 2 token from slot 3
[13:50:14.088] [SEVERE ] removing player 3 token from slot 3
[13:50:14.088] [SEVERE ] removing player 4 token from slot 3
[13:50:14.198] [SEVERE ] removing card from slot 3
[13:50:14.198] [SEVERE ] removing player 1 token from slot 10
[13:50:14.198] [SEVERE ] removing player 2 token from slot 10
[13:50:14.198] [SEVERE ] removing player 3 token from slot 10
[13:50:14.199] [SEVERE ] removing player 4 token from slot 10
[13:50:14.309] [SEVERE ] removing card from slot 10
[13:50:14.309] [SEVERE ] removing player 1 token from slot 9
[13:50:14.309] [SEVERE ] removing player 2 token from slot 9
[13:50:14.309] [SEVERE ] removing player 3 token from slot 9
[13:50:14.309] [SEVERE ] removing player 4 token from slot 9
[13:50:14.421] [SEVERE ] removing card from slot 9
[13:50:14.421] [SEVERE ] removing player 1 token from slot 8
[13:50:14.421] [SEVERE ] removing player 2 token from slot 8
[13:50:14.421] [SEVERE ] removing player 3 token from slot 8
[13:50:14.421] [SEVERE ] removing player 4 token from slot 8
[13:50:14.533] [SEVERE ] removing card from slot 8
[13:50:14.533] [SEVERE ] removing player 1 token from slot 0
[13:50:14.533] [SEVERE ] removing player 2 token from slot 0
[13:50:14.533] [SEVERE ] removing player 3 token from slot 0
[13:50:14.533] [SEVERE ] removing player 4 token from slot 0
[13:50:14.642] [SEVERE ] removing card from slot 0
[13:50:14.642] [SEVERE ] removing player 1 token from slot 7
[13:50:14.642] [SEVERE ] removing player 2 token from slot 7
[13:50:14.642] [SEVERE ] removing player 3 token from slot 7
[13:50:14.643] [SEVERE ] removing player 4 token from slot 7
[13:50:14.753] [SEVERE ] removing card from slot 7
[13:50:14.753] [SEVERE ] removing player 1 token from slot 5
[13:50:14.753] [SEVERE ] removing player 2 token from slot 5
[13:50:14.753] [SEVERE ] removing player 3 token from slot 5
[13:50:14.754] [SEVERE ] removing player 4 token from slot 5
[13:50:14.864] [SEVERE ] removing card from slot 5
[13:50:14.864] [SEVERE ] removing player 1 token from slot 2
[13:50:14.864] [SEVERE ] removing player 2 token from slot 2
[13:50:14.865] [SEVERE ] removing player 3 token from slot 2
[13:50:14.865] [SEVERE ] removing player 4 token from slot 2
[13:50:14.976] [SEVERE ] removing card from slot 2
[13:50:14.976] [SEVERE ] removing player 1 token from slot 1
[13:50:14.976] [SEVERE ] removing player 2 token from slot 1
[13:50:14.977] [SEVERE ] removing player 3 token from slot 1
[13:50:14.977] [SEVERE ] removing player 4 token from slot 1
[13:50:15.087] [SEVERE ] removing card from slot 1
[13:50:15.087] [SEVERE ] removing player 1 token from slot 6
[13:50:15.087] [SEVERE ] removing player 2 token from slot 6
[13:50:15.088] [SEVERE ] removing player 3 token from slot 6
[13:50:15.088] [SEVERE ] removing player 4 token from slot 6
[13:50:15.197] [SEVERE ] removing card from slot 6
[13:50:15.197] [SEVERE ] removing player 1 token from slot 4
[13:50:15.197] [SEVERE ] removing player 2 token from slot 4
[13:50:15.197] [SEVERE ] removing player 3 token from slot 4
[13:50:15.197] [SEVERE ] removing player 4 token from slot 4
[13:50:15.308] [SEVERE ] removing card from slot 4
[13:50:15.308] [SEVERE ] removing player 1 token from slot 11
[13:50:15.308] [SEVERE ] removing player 2 token from slot 11
[13:50:15.308] [SEVERE ] removing player 3 token from slot 11
[13:50:15.308] [SEVERE ] removing player 4 token from slot 11
[13:50:15.418] [SEVERE ] removing card from slot 11
[13:50:15.529] [SEVERE ] placing card 49 in slot 0
[13:50:15.641] [SEVERE ] placing card 61 in slot 11
[13:50:15.751] [SEVERE ] placing card 70 in slot 5
[13:50:15.863] [SEVERE ] placing card 20 in slot 3
[13:50:15.975] [SEVERE ] placing card 48 in slot 8
[13:50:16.086] [SEVERE ] placing card 34 in slot 1
[13:50:16.198] [SEVERE ] placing card 68 in slot 6
[13:50:16.310] [SEVERE ] placing card 75 in slot 7
[13:50:16.420] [SEVERE ] placing card 58 in slot 4
[13:50:16.528] [SEVERE ] placing card 42 in slot 2
[13:50:16.640] [SEVERE ] placing card 67 in slot 10
[13:50:16.751] [SEVERE ] placing card 18 in slot 9
[13:50:16.751] [SEVERE ] updating countdown to -10000
[13:50:16.751] [SEVERE ] removing player 1 token from slot 9
[13:50:16.751] [SEVERE ] removing player 2 token from slot 9
[13:50:16.751] [SEVERE ] removing player 3 token from slot 9
[13:50:16.751] [SEVERE ] removing player 4 token from slot 9
[13:50:16.863] [SEVERE ] removing card from slot 9
[13:50:16.863] [SEVERE ] removing player 1 token from slot 4
[13:50:16.863] [SEVERE ] removing player 2 token from slot 4
[13:50:16.863] [SEVERE ] removing player 3 token from slot 4
[13:50:16.864] [SEVERE ] removing player 4 token from slot 4
[13:50:16.975] [SEVERE ] removing card from slot 4
[13:50:16.975] [SEVERE ] removing player 1 token from slot 5
[13:50:16.975] [SEVERE ] removing player 2 token from slot 5
[13:50:16.975] [SEVERE ] removing player 3 token from slot 5
[13:50:16.975] [SEVERE ] removing player 4 token from slot 5
[13:50:17.087] [SEVERE ] removing card from slot 5
[13:50:17.087] [SEVERE ] removing player 1 token from slot 8
[13:50:17.087] [SEVERE ] removing player 2 token from slot 8
[13:50:17.088] [SEVERE ] removing player 3 token from slot 8
[13:50:17.088] [SEVERE ] removing player 4 token from slot 8
[13:50:17.197] [SEVERE ] removing card from slot 8
[13:50:17.197] [SEVERE ] removing player 1 token from slot 11
[13:50:17.197] [SEVERE ] removing player 2 token from slot 11
[13:50:17.197] [SEVERE ] removing player 3 token from slot 11
[13:50:17.197] [SEVERE ] removing player 4 token from slot 11
[13:50:17.308] [SEVERE ] removing card from slot 11
[13:50:17.308] [SEVERE ] removing player 1 token from slot 3
[13:50:17.308] [SEVERE ] removing player 2 token from slot 3
[13:50:17.308] [SEVERE ] removing player 3 token from slot 3
[13:50:17.308] [SEVERE ] removing player 4 token from slot 3
[13:50:17.419] [SEVERE ] removing card from slot 3
[13:50:17.419] [SEVERE ] removing player 1 token from slot 6
[13:50:17.419] [SEVERE ] removing player 2 token from slot 6
[13:50:17.419] [SEVERE ] removing player 3 token from slot 6
[13:50:17.420] [SEVERE ] removing player 4 token from slot 6
[13:50:17.530] [SEVERE ] removing card from slot 6
[13:50:17.530] [SEVERE ] removing player 1 token from slot 1
[13:50:17.530] [SEVERE ] removing player 2 token from slot 1
[13:50:17.531] [SEVERE ] removing player 3 token from slot 1
[13:50:17.531] [SEVERE ] removing player 4 token from slot 1
[13:50:17.640] [SEVERE ] removing card from slot 1
[13:50:17.640] [SEVERE ] removing player 1 token from slot 7
[13:50:17.640] [SEVERE ] removing player 2 token from slot 7
[13:50:17.640] [SEVERE ] removing player 3 token from slot 7
[13:50:17.640] [SEVERE ] removing player 4 token from slot 7
[13:50:17.750] [SEVERE ] removing card from slot 7
[13:50:17.750] [SEVERE ] removing player 1 token from slot 2
[13:50:17.750] [SEVERE ] removing player 2 token from slot 2
[13:50:17.750] [SEVERE ] removing player 3 token from slot 2
[13:50:17.750] [SEVERE ] removing player 4 token from slot 2
[13:50:17.861] [SEVERE ] removing card from slot 2
[13:50:17.861] [SEVERE ] removing player 1 token from slot 0
[13:50:17.861] [SEVERE ] removing player 2 token from slot 0
[13:50:17.861] [SEVERE ] removing player 3 token from slot 0
[13:50:17.861] [SEVERE ] removing player 4 token from slot 0
[13:50:17.972] [SEVERE ] removing card from slot 0
[13:50:17.972] [SEVERE ] removing player 1 token from slot 10
[13:50:17.972] [SEVERE ] removing player 2 token from slot 10
[13:50:17.972] [SEVERE ] removing player 3 token from slot 10
[13:50:17.972] [SEVERE ] removing player 4 token from slot 10
[13:50:18.083] [SEVERE ] removing card from slot 10
[13:50:18.193] [SEVERE ] placing card 58 in slot 4
[13:50:18.303] [SEVERE ] placing card 70 in slot 0
[13:50:18.415] [SEVERE ] placing card 65 in slot 8
[13:50:18.525] [SEVERE ] placing card 72 in slot 2
[13:50:18.635] [SEVERE ] placing card 31 in slot 1
[13:50:18.746] [SEVERE ] placing card 35 in slot 6
[13:50:18.857] [SEVERE ] placing card 51 in slot 9
[13:50:18.967] [SEVERE ] placing card 64 in slot 3
[13:50:19.079] [SEVERE ] placing card 49 in slot 10
[13:50:19.191] [SEVERE ] placing card 27 in slot 11
