[13:00:02.302] [INFO   ] thread main starting.
[13:00:02.309] [SEVERE ] cannot read configuration file config.properties trying from resources.
[13:00:02.318] [SEVERE ] configuration file was loaded from resources directory.
[13:00:02.928] [INFO   ] thread dealer starting.
[13:00:02.928] [INFO   ] thread dealer starting.
[13:00:02.929] [INFO   ] thread player0Thread starting.
[13:00:02.929] [INFO   ] thread player1Thread starting.
[13:00:03.041] [SEVERE ] placing card 35 in slot 6
[13:00:03.152] [SEVERE ] placing card 44 in slot 11
[13:00:03.261] [SEVERE ] placing card 60 in slot 7
[13:00:03.385] [SEVERE ] placing card 16 in slot 3
[13:00:03.494] [SEVERE ] placing card 3 in slot 1
[13:00:03.603] [SEVERE ] placing card 64 in slot 8
[13:00:03.715] [SEVERE ] placing card 54 in slot 10
[13:00:03.824] [SEVERE ] placing card 56 in slot 0
[13:00:03.934] [SEVERE ] placing card 36 in slot 9
[13:00:04.045] [SEVERE ] placing card 26 in slot 5
[13:00:04.154] [SEVERE ] placing card 67 in slot 4
[13:00:04.264] [SEVERE ] placing card 9 in slot 2
[13:00:04.300] [SEVERE ] updating countdown to 10000
[13:00:05.306] [SEVERE ] updating countdown to 9000
[13:00:06.316] [SEVERE ] updating countdown to 8000
[13:00:07.324] [SEVERE ] updating countdown to 7000
[13:00:08.331] [SEVERE ] updating countdown to 6000
[13:00:09.337] [SEVERE ] updating countdown to 5000
[13:00:10.910] [SEVERE ] updating countdown to 4000
[13:00:12.478] [SEVERE ] updating countdown to 3000
[13:00:14.041] [SEVERE ] updating countdown to 2000
[13:00:15.605] [SEVERE ] updating countdown to 1000
[13:00:17.175] [SEVERE ] updating countdown to 0
[13:00:17.179] [INFO   ] thread dealer terminated.
[13:00:22.190] [SEVERE ] thanks for playing... it was fun!
[13:00:22.190] [INFO   ] thread main terminated.
[13:00:22.190] [SEVERE ] disposing of user interface elements
