[13:24:52.994] [INFO   ] thread main starting.
[13:24:53.003] [SEVERE ] cannot read configuration file config.properties trying from resources.
[13:24:53.022] [SEVERE ] configuration file was loaded from resources directory.
[13:24:53.771] [INFO   ] thread dealer starting.
[13:24:53.772] [INFO   ] thread dealer starting.
[13:24:53.772] [INFO   ] thread player0Thread starting.
[13:24:53.772] [INFO   ] thread player3Thread starting.
[13:24:53.772] [INFO   ] thread player2Thread starting.
[13:24:53.772] [INFO   ] thread player1Thread starting.
[13:24:53.774] [INFO   ] thread computer-2 starting.
[13:24:53.774] [INFO   ] thread computer-3 starting.
[13:24:53.774] [INFO   ] thread computer-0 starting.
[13:24:53.774] [INFO   ] thread computer-1 starting.
[13:24:53.885] [SEVERE ] placing card 52 in slot 0
[13:24:54.027] [SEVERE ] placing card 41 in slot 1
[13:24:54.139] [SEVERE ] placing card 16 in slot 9
[13:24:54.250] [SEVERE ] placing card 44 in slot 4
[13:24:54.361] [SEVERE ] placing card 79 in slot 10
[13:24:54.472] [SEVERE ] placing card 70 in slot 3
[13:24:54.582] [SEVERE ] placing card 49 in slot 8
[13:24:54.692] [SEVERE ] placing card 11 in slot 2
[13:24:54.803] [SEVERE ] placing card 62 in slot 6
[13:24:54.913] [SEVERE ] placing card 36 in slot 5
[13:24:55.023] [SEVERE ] placing card 15 in slot 11
[13:24:55.133] [SEVERE ] placing card 39 in slot 7
[13:24:55.136] [SEVERE ] updating countdown to 60000
[13:24:55.137] [SEVERE ] player 1 placing token on slot 8
[13:24:55.137] [SEVERE ] player 4 placing token on slot 10
[13:24:55.137] [SEVERE ] player 3 placing token on slot 10
[13:24:55.137] [SEVERE ] player 3 placing token on slot 1
[13:24:55.137] [SEVERE ] player 2 placing token on slot 1
[13:24:55.138] [SEVERE ] player 3 placing token on slot 4
[13:24:55.137] [SEVERE ] player 4 placing token on slot 3
[13:24:55.137] [SEVERE ] removing player 1 token from slot 8
[13:24:55.138] [SEVERE ] player 4 placing token on slot 9
[13:24:55.138] [SEVERE ] player 2 placing token on slot 2
[13:24:55.139] [SEVERE ] removing player 4 token from slot 9
[13:24:55.139] [SEVERE ] removing player 3 token from slot 11
[13:24:55.138] [SEVERE ] player 1 placing token on slot 7
[13:24:55.140] [SEVERE ] player 1 placing token on slot 8
[13:24:55.140] [SEVERE ] player 1 placing token on slot 5
[13:24:55.139] [SEVERE ] removing player 4 token from slot 3
[13:24:55.140] [SEVERE ] player 4 placing token on slot 1
[13:24:55.141] [SEVERE ] removing player 1 token from slot 11
[13:24:55.139] [SEVERE ] player 2 placing token on slot 3
[13:24:55.141] [SEVERE ] removing player 1 token from slot 5
[13:24:55.141] [SEVERE ] player 4 placing token on slot 4
[13:24:55.141] [SEVERE ] removing player 3 token from slot 0
[13:24:55.142] [SEVERE ] removing player 4 token from slot 5
[13:24:55.141] [SEVERE ] player 1 placing token on slot 2
[13:24:55.141] [SEVERE ] removing player 2 token from slot 11
[13:24:55.143] [SEVERE ] removing player 1 token from slot 8
[13:24:55.142] [SEVERE ] removing player 4 token from slot 5
[13:24:55.142] [SEVERE ] removing player 3 token from slot 10
[13:24:55.143] [SEVERE ] removing player 4 token from slot 1
[13:24:55.144] [SEVERE ] removing player 4 token from slot 4
[13:24:55.143] [SEVERE ] player 1 placing token on slot 8
[13:24:55.143] [SEVERE ] removing player 2 token from slot 10
[13:24:55.144] [SEVERE ] removing player 1 token from slot 0
[13:24:55.144] [SEVERE ] player 4 placing token on slot 1
[13:24:55.145] [SEVERE ] removing player 1 token from slot 8
[13:24:55.143] [SEVERE ] player 3 placing token on slot 10
[13:24:55.145] [SEVERE ] player 1 placing token on slot 11
[13:24:55.145] [SEVERE ] player 4 placing token on slot 9
[13:24:55.146] [SEVERE ] removing player 1 token from slot 7
[13:24:55.144] [SEVERE ] removing player 2 token from slot 4
[13:24:55.146] [SEVERE ] removing player 1 token from slot 2
[13:24:55.146] [SEVERE ] removing player 4 token from slot 8
[13:24:55.146] [SEVERE ] removing player 3 token from slot 10
[13:24:55.147] [SEVERE ] removing player 4 token from slot 6
[13:24:55.147] [SEVERE ] player 1 placing token on slot 8
[13:24:55.146] [SEVERE ] removing player 2 token from slot 2
[13:24:55.148] [SEVERE ] player 1 placing token on slot 2
[13:24:55.147] [SEVERE ] removing player 4 token from slot 0
[13:24:55.147] [SEVERE ] player 3 placing token on slot 0
[13:24:55.148] [SEVERE ] removing player 4 token from slot 9
[13:24:55.148] [SEVERE ] removing player 1 token from slot 9
[13:24:55.148] [SEVERE ] player 2 placing token on slot 2
[13:24:55.149] [SEVERE ] removing player 1 token from slot 3
[13:24:55.149] [SEVERE ] player 4 placing token on slot 9
[13:24:55.149] [SEVERE ] removing player 3 token from slot 4
[13:24:55.150] [SEVERE ] removing player 4 token from slot 10
[13:24:55.149] [SEVERE ] removing player 1 token from slot 3
[13:24:55.149] [SEVERE ] removing player 2 token from slot 3
[13:24:55.151] [SEVERE ] removing player 1 token from slot 2
[13:24:55.150] [SEVERE ] player 4 placing token on slot 10
[13:24:55.150] [SEVERE ] player 3 placing token on slot 2
[13:24:55.151] [SEVERE ] removing player 4 token from slot 10
[13:24:55.151] [SEVERE ] removing player 1 token from slot 8
[13:24:55.151] [SEVERE ] player 2 placing token on slot 0
[13:24:55.152] [SEVERE ] player 1 placing token on slot 1
[13:24:55.152] [SEVERE ] removing player 4 token from slot 1
[13:24:55.151] [SEVERE ] removing player 3 token from slot 4
[13:24:55.152] [SEVERE ] removing player 4 token from slot 9
[13:24:55.153] [SEVERE ] removing player 3 token from slot 0
[13:24:55.152] [SEVERE ] player 1 placing token on slot 9
[13:24:55.152] [SEVERE ] removing player 2 token from slot 2
[13:24:55.153] [SEVERE ] removing player 1 token from slot 4
[13:24:55.153] [SEVERE ] player 3 placing token on slot 9
[13:24:55.153] [SEVERE ] player 4 placing token on slot 9
[13:24:55.154] [SEVERE ] removing player 3 token from slot 1
[13:24:55.154] [SEVERE ] removing player 1 token from slot 0
[13:24:55.153] [SEVERE ] removing player 2 token from slot 1
[13:24:55.155] [SEVERE ] removing player 1 token from slot 3
[13:24:55.154] [SEVERE ] removing player 3 token from slot 2
[13:24:55.154] [SEVERE ] player 4 placing token on slot 8
[13:24:55.155] [SEVERE ] removing player 1 token from slot 11
[13:24:55.155] [SEVERE ] removing player 1 token from slot 9
[13:24:55.155] [SEVERE ] player 1 placing token on slot 9
[13:24:55.156] [SEVERE ] removing player 1 token from slot 1
[13:24:55.155] [SEVERE ] player 2 placing token on slot 2
[13:24:55.155] [SEVERE ] player 4 placing token on slot 4
[13:24:55.155] [SEVERE ] player 3 placing token on slot 3
[13:24:55.157] [SEVERE ] removing player 4 token from slot 3
[13:24:55.156] [SEVERE ] removing player 2 token from slot 0
[13:24:55.156] [SEVERE ] player 1 placing token on slot 7
[13:24:55.157] [SEVERE ] player 2 placing token on slot 8
[13:24:55.157] [SEVERE ] removing player 4 token from slot 9
[13:24:55.157] [SEVERE ] player 3 placing token on slot 2
[13:24:55.158] [SEVERE ] player 4 placing token on slot 9
[13:24:55.157] [SEVERE ] player 2 placing token on slot 7
[13:24:55.157] [SEVERE ] removing player 1 token from slot 9
[13:24:55.158] [SEVERE ] removing player 2 token from slot 0
[13:24:55.158] [SEVERE ] removing player 4 token from slot 4
[13:24:55.158] [SEVERE ] removing player 3 token from slot 2
[13:24:55.159] [SEVERE ] player 4 placing token on slot 5
[13:24:55.159] [SEVERE ] removing player 2 token from slot 4
[13:24:55.158] [SEVERE ] player 1 placing token on slot 0
[13:24:55.160] [SEVERE ] removing player 2 token from slot 5
[13:24:55.160] [SEVERE ] removing player 4 token from slot 9
[13:24:55.159] [SEVERE ] player 3 placing token on slot 0
[13:24:55.160] [SEVERE ] player 4 placing token on slot 9
[13:24:55.161] [SEVERE ] removing player 3 token from slot 2
[13:24:55.160] [SEVERE ] removing player 2 token from slot 7
[13:24:55.160] [SEVERE ] player 1 placing token on slot 10
[13:24:55.161] [SEVERE ] player 2 placing token on slot 7
[13:24:55.161] [SEVERE ] removing player 3 token from slot 3
[13:24:55.161] [SEVERE ] removing player 4 token from slot 1
[13:24:55.162] [SEVERE ] removing player 3 token from slot 9
[13:24:55.161] [SEVERE ] removing player 2 token from slot 2
[13:24:55.162] [SEVERE ] player 2 placing token on slot 2
[13:24:55.161] [SEVERE ] removing player 1 token from slot 11
[13:24:55.162] [SEVERE ] removing player 2 token from slot 1
[13:24:55.162] [SEVERE ] player 3 placing token on slot 9
[13:24:55.162] [SEVERE ] removing player 4 token from slot 8
[13:24:55.163] [SEVERE ] removing player 3 token from slot 9
[13:24:55.163] [SEVERE ] removing player 2 token from slot 2
[13:24:55.163] [SEVERE ] removing player 1 token from slot 0
[13:24:55.164] [SEVERE ] player 2 placing token on slot 5
[13:24:55.163] [SEVERE ] player 3 placing token on slot 6
[13:24:55.163] [SEVERE ] player 4 placing token on slot 11
[13:24:55.164] [SEVERE ] player 3 placing token on slot 10
[13:24:55.164] [SEVERE ] removing player 2 token from slot 7
[13:24:55.164] [SEVERE ] player 1 placing token on slot 3
[13:24:55.165] [SEVERE ] player 2 placing token on slot 1
[13:24:55.165] [SEVERE ] removing player 3 token from slot 0
[13:24:55.165] [SEVERE ] removing player 4 token from slot 5
[13:24:55.166] [SEVERE ] player 3 placing token on slot 7
[13:24:55.166] [SEVERE ] removing player 2 token from slot 10
[13:24:55.165] [SEVERE ] removing player 1 token from slot 0
[13:24:55.167] [SEVERE ] removing player 2 token from slot 11
[13:24:55.166] [SEVERE ] removing player 3 token from slot 2
[13:24:55.166] [SEVERE ] player 4 placing token on slot 8
[13:24:55.167] [SEVERE ] removing player 3 token from slot 10
[13:24:55.167] [SEVERE ] removing player 2 token from slot 9
[13:24:55.167] [SEVERE ] removing player 1 token from slot 3
[13:24:55.168] [SEVERE ] removing player 2 token from slot 8
[13:24:55.167] [SEVERE ] removing player 3 token from slot 7
[13:24:55.167] [SEVERE ] removing player 4 token from slot 10
[13:24:55.168] [SEVERE ] removing player 3 token from slot 6
[13:24:55.168] [SEVERE ] removing player 2 token from slot 1
[13:24:55.169] [SEVERE ] player 2 placing token on slot 9
[13:24:55.168] [SEVERE ] player 1 placing token on slot 6
[13:24:55.169] [SEVERE ] player 2 placing token on slot 7
[13:24:55.168] [SEVERE ] player 3 placing token on slot 11
[13:24:55.168] [SEVERE ] removing player 4 token from slot 0
[13:24:55.169] [SEVERE ] player 3 placing token on slot 0
[13:24:55.169] [SEVERE ] removing player 2 token from slot 11
[13:24:55.169] [SEVERE ] removing player 1 token from slot 3
[13:24:55.170] [SEVERE ] removing player 2 token from slot 10
[13:24:55.170] [SEVERE ] player 3 placing token on slot 7
[13:24:55.169] [SEVERE ] removing player 4 token from slot 2
[13:24:55.171] [SEVERE ] removing player 3 token from slot 3
[13:24:55.170] [SEVERE ] removing player 2 token from slot 4
[13:24:55.170] [SEVERE ] removing player 1 token from slot 5
[13:24:55.171] [SEVERE ] removing player 2 token from slot 5
[13:24:55.171] [SEVERE ] removing player 3 token from slot 0
[13:24:55.171] [SEVERE ] removing player 4 token from slot 11
[13:24:55.172] [SEVERE ] player 3 placing token on slot 3
[13:24:55.171] [SEVERE ] removing player 2 token from slot 9
[13:24:55.171] [SEVERE ] removing player 1 token from slot 8
[13:24:55.172] [SEVERE ] player 2 placing token on slot 9
[13:24:55.172] [SEVERE ] removing player 3 token from slot 0
[13:24:55.172] [SEVERE ] player 4 placing token on slot 11
[13:24:55.173] [SEVERE ] removing player 3 token from slot 2
[13:24:55.173] [SEVERE ] removing player 4 token from slot 8
[13:24:55.172] [SEVERE ] player 2 placing token on slot 4
[13:24:55.172] [SEVERE ] removing player 1 token from slot 6
[13:24:55.173] [SEVERE ] removing player 2 token from slot 8
[13:24:55.173] [SEVERE ] player 4 placing token on slot 0
[13:24:55.173] [SEVERE ] removing player 3 token from slot 5
[13:24:55.174] [SEVERE ] removing player 4 token from slot 8
[13:24:55.174] [SEVERE ] removing player 2 token from slot 9
[13:24:55.173] [SEVERE ] player 1 placing token on slot 6
[13:24:55.174] [SEVERE ] removing player 4 token from slot 8
[13:24:55.174] [SEVERE ] player 2 placing token on slot 2
[13:24:55.174] [SEVERE ] removing player 3 token from slot 7
[13:24:55.175] [SEVERE ] removing player 2 token from slot 7
[13:24:55.175] [SEVERE ] removing player 4 token from slot 2
[13:24:55.174] [SEVERE ] removing player 1 token from slot 10
[13:24:55.175] [SEVERE ] removing player 4 token from slot 11
[13:24:55.175] [SEVERE ] player 2 placing token on slot 0
[13:24:55.175] [SEVERE ] player 3 placing token on slot 7
[13:24:55.176] [SEVERE ] removing player 2 token from slot 8
[13:24:55.176] [SEVERE ] removing player 4 token from slot 9
[13:24:55.176] [SEVERE ] player 1 placing token on slot 1
[13:24:55.176] [SEVERE ] removing player 4 token from slot 0
[13:24:55.176] [SEVERE ] removing player 2 token from slot 2
[13:24:55.176] [SEVERE ] removing player 3 token from slot 6
[13:24:55.177] [SEVERE ] player 2 placing token on slot 10
[13:24:55.177] [SEVERE ] player 4 placing token on slot 5
[13:24:55.177] [SEVERE ] removing player 1 token from slot 8
[13:24:55.177] [SEVERE ] player 4 placing token on slot 7
[13:24:55.177] [SEVERE ] removing player 2 token from slot 8
[13:24:55.177] [SEVERE ] removing player 3 token from slot 8
[13:24:55.178] [SEVERE ] removing player 2 token from slot 3
[13:24:55.178] [SEVERE ] removing player 4 token from slot 5
[13:24:55.177] [SEVERE ] removing player 1 token from slot 11
[13:24:55.178] [SEVERE ] player 4 placing token on slot 2
[13:24:55.178] [SEVERE ] removing player 2 token from slot 5
[13:24:55.178] [SEVERE ] removing player 3 token from slot 1
[13:24:55.179] [SEVERE ] removing player 2 token from slot 0
[13:24:55.179] [SEVERE ] player 4 placing token on slot 6
[13:24:55.178] [SEVERE ] removing player 1 token from slot 1
[13:24:55.179] [SEVERE ] removing player 4 token from slot 3
[13:24:55.179] [SEVERE ] removing player 2 token from slot 10
[13:24:55.179] [SEVERE ] removing player 3 token from slot 3
[13:24:55.180] [SEVERE ] player 2 placing token on slot 7
[13:24:55.180] [SEVERE ] removing player 4 token from slot 5
[13:24:55.179] [SEVERE ] removing player 1 token from slot 7
[13:24:55.180] [SEVERE ] removing player 4 token from slot 7
[13:24:55.180] [SEVERE ] removing player 2 token from slot 7
[13:24:55.180] [SEVERE ] removing player 3 token from slot 7
[13:24:55.181] [SEVERE ] player 2 placing token on slot 6
[13:24:55.180] [SEVERE ] removing player 4 token from slot 6
[13:24:55.180] [SEVERE ] player 1 placing token on slot 7
[13:24:55.181] [SEVERE ] player 4 placing token on slot 7
[13:24:55.181] [SEVERE ] removing player 2 token from slot 6
[13:24:55.181] [SEVERE ] player 3 placing token on slot 7
[13:24:55.181] [SEVERE ] player 2 placing token on slot 5
[13:24:55.181] [SEVERE ] player 4 placing token on slot 11
[13:24:55.181] [SEVERE ] player 1 placing token on slot 9
[13:24:55.182] [SEVERE ] player 2 placing token on slot 7
[13:24:55.182] [SEVERE ] removing player 3 token from slot 7
[13:24:55.182] [SEVERE ] removing player 2 token from slot 10
[13:24:55.182] [SEVERE ] removing player 1 token from slot 11
[13:24:55.182] [SEVERE ] removing player 4 token from slot 9
[13:24:55.183] [SEVERE ] removing player 1 token from slot 8
[13:24:55.183] [SEVERE ] removing player 2 token from slot 8
[13:24:55.182] [SEVERE ] player 3 placing token on slot 7
[13:24:55.183] [SEVERE ] removing player 2 token from slot 10
[13:24:55.183] [SEVERE ] removing player 1 token from slot 9
[13:24:55.183] [SEVERE ] removing player 4 token from slot 3
[13:24:55.184] [SEVERE ] removing player 1 token from slot 7
[13:24:55.184] [SEVERE ] removing player 2 token from slot 4
[13:24:55.183] [SEVERE ] player 3 placing token on slot 1
[13:24:55.184] [SEVERE ] removing player 2 token from slot 5
[13:24:55.184] [SEVERE ] removing player 1 token from slot 6
[13:24:55.184] [SEVERE ] removing player 4 token from slot 3
[13:24:55.185] [SEVERE ] player 1 placing token on slot 11
[13:24:55.185] [SEVERE ] removing player 4 token from slot 2
[13:24:55.185] [SEVERE ] removing player 2 token from slot 7
[13:24:55.185] [SEVERE ] removing player 3 token from slot 6
[13:24:55.185] [SEVERE ] player 2 placing token on slot 2
[13:24:55.185] [SEVERE ] removing player 3 token from slot 4
[13:24:55.185] [SEVERE ] removing player 4 token from slot 7
[13:24:55.185] [SEVERE ] player 1 placing token on slot 1
[13:24:55.186] [SEVERE ] player 1 placing token on slot 6
[13:24:55.186] [SEVERE ] player 4 placing token on slot 7
[13:24:55.186] [SEVERE ] removing player 1 token from slot 9
[13:24:55.186] [SEVERE ] removing player 3 token from slot 11
[13:24:55.186] [SEVERE ] removing player 1 token from slot 8
[13:24:55.185] [SEVERE ] player 2 placing token on slot 7
[13:24:55.186] [SEVERE ] removing player 1 token from slot 2
[13:24:55.186] [SEVERE ] player 3 placing token on slot 11
[13:24:55.187] [SEVERE ] removing player 1 token from slot 11
[13:24:55.187] [SEVERE ] removing player 3 token from slot 1
[13:24:55.186] [SEVERE ] player 4 placing token on slot 6
[13:24:55.187] [SEVERE ] player 3 placing token on slot 9
[13:24:55.187] [SEVERE ] player 1 placing token on slot 11
[13:24:55.187] [SEVERE ] player 2 placing token on slot 10
[13:24:55.187] [SEVERE ] removing player 1 token from slot 11
[13:24:55.187] [SEVERE ] removing player 3 token from slot 7
[13:24:55.187] [SEVERE ] removing player 4 token from slot 4
[13:24:55.188] [SEVERE ] player 3 placing token on slot 1
[13:24:55.188] [SEVERE ] player 1 placing token on slot 8
[13:24:55.188] [SEVERE ] removing player 2 token from slot 9
[13:24:55.188] [SEVERE ] removing player 3 token from slot 8
[13:24:55.188] [SEVERE ] removing player 4 token from slot 1
[13:24:55.188] [SEVERE ] removing player 3 token from slot 11
[13:24:55.188] [SEVERE ] removing player 2 token from slot 3
[13:24:55.188] [SEVERE ] removing player 1 token from slot 6
[13:24:55.189] [SEVERE ] player 3 placing token on slot 8
[13:24:55.189] [SEVERE ] removing player 4 token from slot 2
[13:24:55.189] [SEVERE ] player 1 placing token on slot 4
[13:24:55.189] [SEVERE ] removing player 4 token from slot 7
[13:24:55.189] [SEVERE ] removing player 2 token from slot 11
[13:24:55.189] [SEVERE ] removing player 1 token from slot 5
[13:24:55.189] [SEVERE ] removing player 4 token from slot 6
[13:24:55.189] [SEVERE ] removing player 3 token from slot 1
[13:24:55.190] [SEVERE ] player 4 placing token on slot 7
[13:24:55.190] [SEVERE ] removing player 1 token from slot 8
[13:24:55.190] [SEVERE ] removing player 2 token from slot 10
[13:24:55.190] [SEVERE ] player 1 placing token on slot 6
[13:24:55.190] [SEVERE ] removing player 4 token from slot 11
[13:24:55.190] [SEVERE ] removing player 3 token from slot 9
[13:24:55.190] [SEVERE ] player 4 placing token on slot 0
[13:24:55.190] [SEVERE ] removing player 1 token from slot 8
[13:24:55.190] [SEVERE ] removing player 2 token from slot 2
[13:24:55.191] [SEVERE ] player 4 placing token on slot 2
[13:24:55.191] [SEVERE ] player 3 placing token on slot 3
[13:24:55.191] [SEVERE ] player 2 placing token on slot 0
[13:24:55.191] [SEVERE ] removing player 1 token from slot 8
[13:24:55.191] [SEVERE ] player 2 placing token on slot 10
[13:24:55.191] [SEVERE ] removing player 1 token from slot 6
[13:24:55.191] [SEVERE ] player 3 placing token on slot 9
[13:24:55.191] [SEVERE ] removing player 4 token from slot 6
[13:24:55.192] [SEVERE ] removing player 3 token from slot 6
[13:24:55.192] [SEVERE ] removing player 4 token from slot 6
[13:24:55.192] [SEVERE ] removing player 3 token from slot 4
[13:24:55.192] [SEVERE ] removing player 2 token from slot 11
[13:24:55.192] [SEVERE ] player 1 placing token on slot 6
[13:24:55.193] [SEVERE ] removing player 2 token from slot 3
[13:24:55.192] [SEVERE ] removing player 3 token from slot 7
[13:24:55.192] [SEVERE ] removing player 4 token from slot 1
[13:24:55.193] [SEVERE ] removing player 3 token from slot 3
[13:24:55.193] [SEVERE ] removing player 2 token from slot 8
[13:24:55.193] [SEVERE ] removing player 1 token from slot 6
[13:24:55.193] [SEVERE ] removing player 2 token from slot 0
[13:24:55.193] [SEVERE ] removing player 3 token from slot 9
[13:24:55.193] [SEVERE ] removing player 4 token from slot 2
[13:24:55.194] [SEVERE ] removing player 3 token from slot 8
[13:24:55.194] [SEVERE ] player 2 placing token on slot 0
[13:24:55.193] [SEVERE ] player 1 placing token on slot 6
[13:24:55.194] [SEVERE ] player 3 placing token on slot 3
[13:24:55.194] [SEVERE ] player 4 placing token on slot 2
[13:24:55.194] [SEVERE ] removing player 3 token from slot 3
[13:24:55.194] [SEVERE ] removing player 1 token from slot 4
[13:24:55.194] [SEVERE ] removing player 2 token from slot 10
[13:24:55.195] [SEVERE ] player 1 placing token on slot 4
[13:24:55.195] [SEVERE ] player 3 placing token on slot 5
[13:24:55.195] [SEVERE ] removing player 4 token from slot 2
[13:24:55.195] [SEVERE ] player 3 placing token on slot 9
[13:24:55.195] [SEVERE ] removing player 1 token from slot 7
[13:24:55.195] [SEVERE ] player 2 placing token on slot 6
[13:24:55.195] [SEVERE ] removing player 1 token from slot 4
[13:24:55.195] [SEVERE ] removing player 3 token from slot 9
[13:24:55.195] [SEVERE ] removing player 4 token from slot 0
[13:24:55.196] [SEVERE ] player 3 placing token on slot 6
[13:24:55.196] [SEVERE ] player 1 placing token on slot 3
[13:24:55.196] [SEVERE ] removing player 2 token from slot 11
[13:24:55.196] [SEVERE ] removing player 1 token from slot 6
[13:24:55.196] [SEVERE ] removing player 2 token from slot 11
[13:24:55.196] [SEVERE ] player 3 placing token on slot 1
[13:24:55.196] [SEVERE ] player 4 placing token on slot 9
[13:24:55.197] [SEVERE ] removing player 2 token from slot 3
[13:24:55.196] [SEVERE ] player 1 placing token on slot 4
[13:24:55.197] [SEVERE ] removing player 2 token from slot 6
[13:24:55.197] [SEVERE ] player 4 placing token on slot 0
[13:24:55.197] [SEVERE ] removing player 3 token from slot 1
[13:24:55.198] [SEVERE ] player 2 placing token on slot 6
[13:24:55.197] [SEVERE ] removing player 1 token from slot 0
[13:24:55.198] [SEVERE ] player 3 placing token on slot 1
[13:24:55.198] [SEVERE ] removing player 4 token from slot 4
[13:24:55.199] [SEVERE ] removing player 3 token from slot 5
[13:24:55.198] [SEVERE ] removing player 1 token from slot 6
[13:24:55.198] [SEVERE ] removing player 2 token from slot 0
[13:24:55.199] [SEVERE ] removing player 1 token from slot 6
[13:24:55.199] [SEVERE ] removing player 3 token from slot 1
[13:24:55.199] [SEVERE ] removing player 4 token from slot 7
[13:24:55.199] [SEVERE ] player 3 placing token on slot 7
[13:24:55.199] [SEVERE ] removing player 1 token from slot 4
[13:24:55.199] [SEVERE ] removing player 2 token from slot 6
[13:24:55.200] [SEVERE ] player 1 placing token on slot 4
[13:24:55.200] [SEVERE ] player 3 placing token on slot 1
[13:24:55.200] [SEVERE ] player 4 placing token on slot 11
[13:24:55.200] [SEVERE ] removing player 3 token from slot 11
[13:24:55.200] [SEVERE ] removing player 1 token from slot 3
[13:24:55.200] [SEVERE ] player 2 placing token on slot 9
[13:24:55.201] [SEVERE ] removing player 1 token from slot 4
[13:24:55.201] [SEVERE ] removing player 3 token from slot 7
[13:24:55.201] [SEVERE ] removing player 4 token from slot 9
[13:24:55.201] [SEVERE ] removing player 3 token from slot 6
[13:24:55.201] [SEVERE ] player 1 placing token on slot 6
[13:24:55.201] [SEVERE ] player 2 placing token on slot 5
[13:24:55.202] [SEVERE ] removing player 1 token from slot 6
[13:24:55.201] [SEVERE ] removing player 3 token from slot 1
[13:24:55.201] [SEVERE ] player 4 placing token on slot 10
[13:24:55.202] [SEVERE ] player 3 placing token on slot 9
[13:24:55.202] [SEVERE ] removing player 4 token from slot 7
[13:24:55.202] [SEVERE ] removing player 2 token from slot 3
[13:24:55.202] [SEVERE ] removing player 4 token from slot 11
[13:24:55.202] [SEVERE ] player 4 placing token on slot 6
[13:24:55.202] [SEVERE ] player 1 placing token on slot 0
[13:24:55.203] [SEVERE ] removing player 4 token from slot 10
[13:24:55.202] [SEVERE ] removing player 2 token from slot 2
[13:24:55.202] [SEVERE ] player 3 placing token on slot 10
[13:24:55.203] [SEVERE ] player 4 placing token on slot 1
[13:24:55.203] [SEVERE ] player 1 placing token on slot 7
[13:24:55.203] [SEVERE ] removing player 4 token from slot 11
[13:24:55.203] [SEVERE ] removing player 2 token from slot 6
[13:24:55.203] [SEVERE ] removing player 3 token from slot 10
[13:24:55.204] [SEVERE ] removing player 4 token from slot 6
[13:24:55.204] [SEVERE ] removing player 1 token from slot 3
[13:24:55.204] [SEVERE ] player 4 placing token on slot 10
[13:24:55.204] [SEVERE ] removing player 1 token from slot 9
[13:24:55.204] [SEVERE ] removing player 2 token from slot 9
[13:24:55.204] [SEVERE ] player 3 placing token on slot 2
[13:24:55.204] [SEVERE ] removing player 1 token from slot 4
[13:24:55.204] [SEVERE ] removing player 2 token from slot 5
[13:24:55.204] [SEVERE ] removing player 4 token from slot 10
[13:24:55.205] [SEVERE ] removing player 2 token from slot 7
[13:24:55.205] [SEVERE ] removing player 1 token from slot 1
[13:24:55.205] [SEVERE ] player 3 placing token on slot 4
[13:24:55.205] [SEVERE ] player 1 placing token on slot 1
[13:24:55.205] [SEVERE ] player 2 placing token on slot 9
[13:24:55.205] [SEVERE ] removing player 1 token from slot 7
[13:24:55.205] [SEVERE ] player 4 placing token on slot 2
[13:24:55.206] [SEVERE ] removing player 1 token from slot 0
[13:24:55.206] [SEVERE ] player 2 placing token on slot 7
[13:24:55.205] [SEVERE ] removing player 3 token from slot 7
[13:24:55.206] [SEVERE ] player 2 placing token on slot 1
[13:24:55.206] [SEVERE ] player 1 placing token on slot 6
[13:24:55.206] [SEVERE ] removing player 4 token from slot 2
[13:24:55.206] [SEVERE ] removing player 1 token from slot 1
[13:24:55.206] [SEVERE ] removing player 2 token from slot 4
[13:24:55.206] [SEVERE ] removing player 3 token from slot 1
[13:24:55.207] [SEVERE ] removing player 2 token from slot 11
[13:24:55.207] [SEVERE ] player 1 placing token on slot 2
[13:24:55.207] [SEVERE ] player 4 placing token on slot 10
[13:24:55.207] [SEVERE ] player 1 placing token on slot 9
[13:24:55.207] [SEVERE ] removing player 2 token from slot 8
[13:24:55.207] [SEVERE ] removing player 1 token from slot 10
[13:24:55.207] [SEVERE ] removing player 3 token from slot 0
[13:24:55.208] [SEVERE ] removing player 1 token from slot 6
[13:24:55.208] [SEVERE ] removing player 3 token from slot 4
[13:24:55.208] [SEVERE ] removing player 2 token from slot 1
[13:24:55.207] [SEVERE ] removing player 4 token from slot 7
[13:24:55.208] [SEVERE ] removing player 2 token from slot 7
[13:24:55.209] [SEVERE ] removing player 4 token from slot 2
[13:24:55.208] [SEVERE ] removing player 3 token from slot 9
[13:24:55.209] [SEVERE ] removing player 4 token from slot 8
[13:24:55.208] [SEVERE ] player 1 placing token on slot 6
[13:24:55.209] [SEVERE ] removing player 3 token from slot 2
[13:24:55.209] [SEVERE ] player 2 placing token on slot 1
[13:24:55.210] [SEVERE ] removing player 1 token from slot 6
[13:24:55.210] [SEVERE ] player 3 placing token on slot 11
[13:24:55.209] [SEVERE ] removing player 4 token from slot 0
[13:24:55.210] [SEVERE ] player 3 placing token on slot 5
[13:24:55.210] [SEVERE ] player 1 placing token on slot 5
[13:24:55.210] [SEVERE ] removing player 2 token from slot 9
[13:24:55.211] [SEVERE ] removing player 1 token from slot 11
[13:24:55.210] [SEVERE ] player 3 placing token on slot 10
[13:24:55.210] [SEVERE ] removing player 4 token from slot 10
[13:24:55.211] [SEVERE ] removing player 1 token from slot 6
[13:24:55.211] [SEVERE ] player 2 placing token on slot 6
[13:24:55.211] [SEVERE ] removing player 1 token from slot 5
[13:24:55.211] [SEVERE ] removing player 4 token from slot 1
[13:24:55.211] [SEVERE ] removing player 3 token from slot 6
[13:24:55.212] [SEVERE ] player 4 placing token on slot 8
[13:24:55.211] [SEVERE ] removing player 1 token from slot 9
[13:24:55.211] [SEVERE ] player 2 placing token on slot 2
[13:24:55.212] [SEVERE ] player 1 placing token on slot 0
[13:24:55.212] [SEVERE ] player 4 placing token on slot 0
[13:24:55.212] [SEVERE ] removing player 3 token from slot 1
[13:24:55.212] [SEVERE ] player 1 placing token on slot 6
[13:24:55.213] [SEVERE ] removing player 3 token from slot 10
[13:24:55.213] [SEVERE ] removing player 1 token from slot 0
[13:24:55.212] [SEVERE ] removing player 2 token from slot 11
[13:24:55.213] [SEVERE ] player 1 placing token on slot 8
[13:24:55.213] [SEVERE ] removing player 3 token from slot 5
[13:24:55.213] [SEVERE ] removing player 4 token from slot 8
[13:24:55.214] [SEVERE ] player 3 placing token on slot 5
[13:24:55.213] [SEVERE ] removing player 1 token from slot 5
[13:24:55.213] [SEVERE ] removing player 2 token from slot 0
[13:24:55.214] [SEVERE ] removing player 1 token from slot 2
[13:24:55.214] [SEVERE ] removing player 3 token from slot 11
[13:24:55.214] [SEVERE ] player 4 placing token on slot 3
[13:24:55.215] [SEVERE ] player 3 placing token on slot 6
[13:24:55.214] [SEVERE ] removing player 2 token from slot 3
[13:24:55.214] [SEVERE ] player 1 placing token on slot 0
[13:24:55.215] [SEVERE ] player 3 placing token on slot 10
[13:24:55.215] [SEVERE ] player 4 placing token on slot 7
[13:24:55.216] [SEVERE ] removing player 3 token from slot 5
[13:24:55.216] [SEVERE ] removing player 4 token from slot 11
[13:24:55.215] [SEVERE ] removing player 1 token from slot 2
[13:24:55.215] [SEVERE ] removing player 2 token from slot 6
[13:24:55.216] [SEVERE ] removing player 1 token from slot 7
[13:24:55.216] [SEVERE ] removing player 4 token from slot 1
[13:24:55.216] [SEVERE ] player 3 placing token on slot 1
[13:24:55.217] [SEVERE ] removing player 4 token from slot 3
[13:24:55.217] [SEVERE ] removing player 3 token from slot 3
[13:24:55.216] [SEVERE ] removing player 1 token from slot 9
[13:24:55.217] [SEVERE ] removing player 3 token from slot 10
[13:24:55.216] [SEVERE ] removing player 2 token from slot 2
[13:24:55.217] [SEVERE ] player 3 placing token on slot 4
[13:24:55.217] [SEVERE ] removing player 1 token from slot 0
[13:24:55.217] [SEVERE ] removing player 4 token from slot 0
[13:24:55.218] [SEVERE ] removing player 1 token from slot 6
[13:24:55.218] [SEVERE ] player 1 placing token on slot 6
[13:24:55.218] [SEVERE ] player 1 placing token on slot 0
[13:24:55.218] [SEVERE ] removing player 3 token from slot 10
[13:24:55.217] [SEVERE ] removing player 2 token from slot 1
[13:24:55.219] [SEVERE ] removing player 3 token from slot 0
[13:24:55.219] [SEVERE ] removing player 1 token from slot 8
[13:24:55.218] [SEVERE ] player 4 placing token on slot 2
[13:24:55.219] [SEVERE ] player 1 placing token on slot 4
[13:24:55.219] [SEVERE ] removing player 3 token from slot 3
[13:24:55.219] [SEVERE ] player 2 placing token on slot 6
[13:24:55.219] [SEVERE ] removing player 3 token from slot 1
[13:24:55.219] [SEVERE ] removing player 1 token from slot 0
[13:24:55.219] [SEVERE ] player 4 placing token on slot 9
[13:24:55.220] [SEVERE ] player 1 placing token on slot 0
[13:24:55.219] [SEVERE ] removing player 3 token from slot 4
[13:24:55.219] [SEVERE ] player 2 placing token on slot 1
[13:24:55.220] [SEVERE ] player 3 placing token on slot 1
[13:24:55.220] [SEVERE ] removing player 1 token from slot 3
[13:24:55.220] [SEVERE ] removing player 4 token from slot 1
[13:24:55.220] [SEVERE ] removing player 1 token from slot 4
[13:24:55.220] [SEVERE ] player 3 placing token on slot 4
[13:24:55.220] [SEVERE ] player 2 placing token on slot 3
[13:24:55.221] [SEVERE ] removing player 4 token from slot 1
[13:24:55.221] [SEVERE ] player 1 placing token on slot 7
[13:24:55.221] [SEVERE ] removing player 4 token from slot 8
[13:24:55.221] [SEVERE ] removing player 2 token from slot 10
[13:24:55.221] [SEVERE ] removing player 3 token from slot 2
[13:24:55.222] [SEVERE ] removing player 2 token from slot 5
[13:24:55.221] [SEVERE ] removing player 4 token from slot 7
[13:24:55.222] [SEVERE ] removing player 2 token from slot 3
[13:24:55.221] [SEVERE ] removing player 1 token from slot 0
[13:24:55.222] [SEVERE ] removing player 2 token from slot 6
[13:24:55.222] [SEVERE ] removing player 4 token from slot 9
[13:24:55.222] [SEVERE ] removing player 3 token from slot 8
[13:24:55.222] [SEVERE ] player 4 placing token on slot 11
[13:24:55.222] [SEVERE ] removing player 2 token from slot 1
[13:24:55.222] [SEVERE ] player 1 placing token on slot 9
[13:24:55.223] [SEVERE ] player 2 placing token on slot 1
[13:24:55.223] [SEVERE ] removing player 1 token from slot 1
[13:24:55.223] [SEVERE ] removing player 3 token from slot 10
[13:24:55.223] [SEVERE ] removing player 1 token from slot 7
[13:24:55.223] [SEVERE ] player 1 placing token on slot 4
[13:24:55.223] [SEVERE ] player 4 placing token on slot 7
[13:24:55.223] [SEVERE ] removing player 3 token from slot 6
[13:24:55.224] [SEVERE ] player 3 placing token on slot 6
[13:24:55.223] [SEVERE ] player 2 placing token on slot 0
[13:24:55.224] [SEVERE ] removing player 4 token from slot 7
[13:24:55.224] [SEVERE ] removing player 3 token from slot 6
[13:24:55.224] [SEVERE ] removing player 1 token from slot 9
[13:24:55.224] [SEVERE ] player 3 placing token on slot 3
[13:24:55.224] [SEVERE ] player 4 placing token on slot 10
[13:24:55.224] [SEVERE ] player 2 placing token on slot 10
[13:24:55.225] [SEVERE ] removing player 4 token from slot 7
[13:24:55.225] [SEVERE ] removing player 3 token from slot 0
[13:24:55.224] [SEVERE ] player 1 placing token on slot 7
[13:24:55.225] [SEVERE ] removing player 3 token from slot 6
[13:24:55.225] [SEVERE ] removing player 4 token from slot 7
[13:24:55.225] [SEVERE ] removing player 2 token from slot 7
[13:24:55.225] [SEVERE ] removing player 4 token from slot 1
[13:24:55.225] [SEVERE ] removing player 1 token from slot 5
[13:24:55.226] [SEVERE ] removing player 2 token from slot 7
[13:24:55.225] [SEVERE ] removing player 3 token from slot 0
[13:24:55.226] [SEVERE ] removing player 2 token from slot 6
[13:24:55.226] [SEVERE ] removing player 1 token from slot 6
[13:24:55.226] [SEVERE ] removing player 2 token from slot 1
[13:24:55.226] [SEVERE ] removing player 4 token from slot 11
[13:24:55.226] [SEVERE ] removing player 2 token from slot 10
[13:24:55.226] [SEVERE ] player 1 placing token on slot 0
[13:24:55.226] [SEVERE ] removing player 3 token from slot 4
[13:24:55.227] [SEVERE ] player 2 placing token on slot 10
[13:24:55.227] [SEVERE ] removing player 4 token from slot 10
[13:24:55.227] [SEVERE ] removing player 2 token from slot 0
[13:24:55.227] [SEVERE ] player 2 placing token on slot 1
[13:24:55.227] [SEVERE ] removing player 1 token from slot 6
[13:24:55.227] [SEVERE ] player 3 placing token on slot 4
[13:24:55.228] [SEVERE ] removing player 1 token from slot 7
[13:24:55.227] [SEVERE ] player 2 placing token on slot 6
[13:24:55.227] [SEVERE ] player 4 placing token on slot 11
[13:24:55.228] [SEVERE ] removing player 3 token from slot 4
[13:24:55.228] [SEVERE ] player 3 placing token on slot 4
[13:24:55.228] [SEVERE ] removing player 1 token from slot 4
[13:24:55.228] [SEVERE ] player 1 placing token on slot 7
[13:24:55.228] [SEVERE ] removing player 3 token from slot 8
[13:24:55.228] [SEVERE ] player 4 placing token on slot 10
[13:24:55.228] [SEVERE ] removing player 2 token from slot 1
[13:24:55.229] [SEVERE ] removing player 3 token from slot 3
[13:24:55.228] [SEVERE ] player 1 placing token on slot 6
[13:24:55.229] [SEVERE ] removing player 3 token from slot 1
[13:24:55.229] [SEVERE ] player 3 placing token on slot 3
[13:24:55.229] [SEVERE ] removing player 3 token from slot 3
[13:24:55.229] [SEVERE ] removing player 4 token from slot 5
[13:24:55.229] [SEVERE ] removing player 2 token from slot 10
[13:24:55.230] [SEVERE ] removing player 4 token from slot 5
[13:24:55.230] [SEVERE ] player 2 placing token on slot 4
[13:24:55.229] [SEVERE ] player 3 placing token on slot 10
[13:24:55.230] [SEVERE ] player 3 placing token on slot 9
[13:24:55.229] [SEVERE ] removing player 1 token from slot 8
[13:24:55.230] [SEVERE ] player 2 placing token on slot 10
[13:24:55.230] [SEVERE ] removing player 4 token from slot 1
[13:24:55.231] [SEVERE ] removing player 2 token from slot 4
[13:24:55.231] [SEVERE ] removing player 4 token from slot 10
[13:24:55.231] [SEVERE ] player 4 placing token on slot 10
[13:24:55.230] [SEVERE ] removing player 1 token from slot 8
[13:24:55.230] [SEVERE ] removing player 3 token from slot 10
[13:24:55.231] [SEVERE ] removing player 4 token from slot 10
[13:24:55.231] [SEVERE ] player 2 placing token on slot 7
[13:24:55.231] [SEVERE ] player 4 placing token on slot 10
[13:24:55.231] [SEVERE ] player 3 placing token on slot 6
[13:24:55.231] [SEVERE ] removing player 4 token from slot 11
[13:24:55.231] [SEVERE ] removing player 1 token from slot 6
[13:24:55.232] [SEVERE ] removing player 1 token from slot 0
[13:24:55.232] [SEVERE ] removing player 4 token from slot 10
[13:24:55.232] [SEVERE ] player 4 placing token on slot 10
[13:24:55.232] [SEVERE ] removing player 4 token from slot 2
[13:24:55.232] [SEVERE ] player 4 placing token on slot 11
[13:24:55.232] [SEVERE ] player 4 placing token on slot 4
[13:24:55.232] [SEVERE ] removing player 3 token from slot 0
[13:24:55.232] [SEVERE ] removing player 4 token from slot 2
[13:24:55.231] [SEVERE ] removing player 2 token from slot 3
[13:24:55.232] [SEVERE ] removing player 4 token from slot 5
[13:24:55.232] [SEVERE ] removing player 3 token from slot 7
[13:24:55.232] [SEVERE ] player 1 placing token on slot 0
[13:24:55.233] [SEVERE ] removing player 3 token from slot 9
[13:24:55.233] [SEVERE ] removing player 3 token from slot 6
[13:24:55.233] [SEVERE ] player 3 placing token on slot 9
[13:24:55.233] [SEVERE ] removing player 4 token from slot 6
[13:24:55.233] [SEVERE ] removing player 2 token from slot 6
[13:24:55.233] [SEVERE ] player 3 placing token on slot 6
[13:24:55.233] [SEVERE ] player 1 placing token on slot 6
[13:24:55.233] [SEVERE ] removing player 4 token from slot 4
[13:24:55.234] [SEVERE ] removing player 4 token from slot 10
[13:24:55.233] [SEVERE ] player 2 placing token on slot 0
[13:24:55.234] [SEVERE ] player 4 placing token on slot 4
[13:24:55.234] [SEVERE ] player 4 placing token on slot 10
[13:24:55.234] [SEVERE ] removing player 1 token from slot 8
[13:24:55.234] [SEVERE ] removing player 3 token from slot 5
[13:24:55.235] [SEVERE ] removing player 1 token from slot 11
[13:24:55.234] [SEVERE ] removing player 4 token from slot 11
[13:24:55.235] [SEVERE ] removing player 1 token from slot 10
[13:24:55.234] [SEVERE ] removing player 2 token from slot 10
[13:24:55.235] [SEVERE ] removing player 1 token from slot 0
[13:24:55.235] [SEVERE ] player 4 placing token on slot 2
[13:24:55.235] [SEVERE ] removing player 3 token from slot 10
[13:24:55.235] [SEVERE ] removing player 1 token from slot 7
[13:24:55.235] [SEVERE ] removing player 2 token from slot 7
[13:24:55.236] [SEVERE ] player 1 placing token on slot 0
[13:24:55.236] [SEVERE ] removing player 1 token from slot 6
[13:24:55.236] [SEVERE ] player 1 placing token on slot 6
[13:24:55.236] [SEVERE ] removing player 3 token from slot 11
[13:24:55.236] [SEVERE ] removing player 4 token from slot 1
[13:24:55.236] [SEVERE ] removing player 3 token from slot 6
[13:24:55.236] [SEVERE ] removing player 4 token from slot 11
[13:24:55.236] [SEVERE ] player 1 placing token on slot 2
[13:24:55.236] [SEVERE ] player 2 placing token on slot 6
[13:24:55.237] [SEVERE ] removing player 4 token from slot 11
[13:24:55.236] [SEVERE ] player 3 placing token on slot 6
[13:24:55.237] [SEVERE ] player 2 placing token on slot 10
[13:24:55.237] [SEVERE ] removing player 1 token from slot 1
[13:24:55.237] [SEVERE ] removing player 3 token from slot 6
[13:24:55.237] [SEVERE ] removing player 4 token from slot 2
[13:24:55.238] [SEVERE ] player 3 placing token on slot 7
[13:24:55.237] [SEVERE ] removing player 1 token from slot 10
[13:24:55.238] [SEVERE ] removing player 3 token from slot 9
[13:24:55.237] [SEVERE ] removing player 2 token from slot 5
[13:24:55.238] [SEVERE ] player 3 placing token on slot 9
[13:24:55.238] [SEVERE ] removing player 1 token from slot 10
[13:24:55.238] [SEVERE ] removing player 4 token from slot 4
[13:24:55.238] [SEVERE ] removing player 3 token from slot 8
[13:24:55.238] [SEVERE ] removing player 2 token from slot 6
[13:24:55.239] [SEVERE ] removing player 3 token from slot 9
[13:24:55.239] [SEVERE ] player 3 placing token on slot 0
[13:24:55.239] [SEVERE ] player 4 placing token on slot 4
[13:24:55.238] [SEVERE ] removing player 1 token from slot 0
[13:24:55.239] [SEVERE ] removing player 1 token from slot 2
[13:24:55.239] [SEVERE ] player 1 placing token on slot 2
[13:24:55.239] [SEVERE ] player 1 placing token on slot 11
[13:24:55.239] [SEVERE ] removing player 4 token from slot 10
[13:24:55.240] [SEVERE ] removing player 1 token from slot 8
[13:24:55.240] [SEVERE ] player 4 placing token on slot 0
[13:24:55.239] [SEVERE ] removing player 3 token from slot 9
[13:24:55.239] [SEVERE ] player 2 placing token on slot 4
[13:24:55.240] [SEVERE ] removing player 3 token from slot 9
[13:24:55.240] [SEVERE ] removing player 1 token from slot 8
[13:24:55.240] [SEVERE ] player 4 placing token on slot 1
[13:24:55.240] [SEVERE ] removing player 3 token from slot 9
[13:24:55.240] [SEVERE ] removing player 2 token from slot 10
[13:24:55.240] [SEVERE ] removing player 2 token from slot 0
[13:24:55.241] [SEVERE ] player 2 placing token on slot 10
[13:24:55.241] [SEVERE ] removing player 2 token from slot 10
[13:24:55.241] [SEVERE ] player 2 placing token on slot 6
[13:24:55.241] [SEVERE ] player 2 placing token on slot 0
[13:24:55.240] [SEVERE ] removing player 3 token from slot 4
[13:24:55.241] [SEVERE ] removing player 3 token from slot 7
[13:24:55.240] [SEVERE ] removing player 4 token from slot 6
[13:24:55.240] [SEVERE ] removing player 1 token from slot 2
[13:24:55.241] [SEVERE ] removing player 2 token from slot 3
[13:24:55.241] [SEVERE ] removing player 3 token from slot 0
[13:24:55.242] [SEVERE ] removing player 2 token from slot 1
[13:24:55.242] [SEVERE ] removing player 1 token from slot 6
[13:24:55.241] [SEVERE ] removing player 4 token from slot 4
[13:24:55.242] [SEVERE ] player 1 placing token on slot 2
[13:24:55.242] [SEVERE ] removing player 2 token from slot 10
[13:24:55.242] [SEVERE ] player 3 placing token on slot 1
[13:24:55.243] [SEVERE ] removing player 2 token from slot 4
[13:24:55.242] [SEVERE ] removing player 1 token from slot 11
[13:24:55.242] [SEVERE ] player 4 placing token on slot 7
[13:24:55.243] [SEVERE ] player 1 placing token on slot 3
[13:24:55.243] [SEVERE ] player 2 placing token on slot 4
[13:24:55.243] [SEVERE ] player 3 placing token on slot 9
[13:24:55.243] [SEVERE ] player 1 placing token on slot 6
[13:24:55.243] [SEVERE ] removing player 4 token from slot 0
[13:24:55.243] [SEVERE ] player 3 placing token on slot 8
[13:24:55.243] [SEVERE ] removing player 2 token from slot 4
[13:24:55.244] [SEVERE ] player 4 placing token on slot 4
[13:24:55.244] [SEVERE ] removing player 1 token from slot 0
[13:24:55.244] [SEVERE ] removing player 3 token from slot 9
[13:24:55.244] [SEVERE ] removing player 2 token from slot 0
[13:24:55.244] [SEVERE ] player 3 placing token on slot 7
[13:24:55.244] [SEVERE ] removing player 1 token from slot 4
[13:24:55.244] [SEVERE ] removing player 4 token from slot 4
[13:24:55.245] [SEVERE ] removing player 1 token from slot 8
[13:24:55.245] [SEVERE ] removing player 3 token from slot 6
[13:24:55.245] [SEVERE ] removing player 1 token from slot 6
[13:24:55.244] [SEVERE ] player 2 placing token on slot 4
[13:24:55.245] [SEVERE ] player 1 placing token on slot 6
[13:24:55.245] [SEVERE ] removing player 3 token from slot 10
[13:24:55.246] [SEVERE ] removing player 1 token from slot 2
[13:24:55.245] [SEVERE ] removing player 4 token from slot 7
[13:24:55.246] [SEVERE ] removing player 1 token from slot 3
[13:24:55.246] [SEVERE ] removing player 3 token from slot 10
[13:24:55.245] [SEVERE ] removing player 2 token from slot 4
[13:24:55.246] [SEVERE ] removing player 3 token from slot 1
[13:24:55.246] [SEVERE ] player 1 placing token on slot 3
[13:24:55.246] [SEVERE ] removing player 4 token from slot 1
[13:24:55.247] [SEVERE ] removing player 1 token from slot 3
[13:24:55.247] [SEVERE ] removing player 3 token from slot 7
[13:24:55.246] [SEVERE ] player 2 placing token on slot 4
[13:24:55.247] [SEVERE ] player 3 placing token on slot 7
[13:24:55.247] [SEVERE ] player 3 placing token on slot 9
[13:24:55.247] [SEVERE ] player 1 placing token on slot 7
[13:24:55.247] [SEVERE ] player 4 placing token on slot 4
[13:24:55.248] [SEVERE ] player 4 placing token on slot 9
[13:24:55.248] [SEVERE ] removing player 1 token from slot 7
[13:24:55.248] [SEVERE ] removing player 3 token from slot 7
[13:24:55.247] [SEVERE ] player 2 placing token on slot 0
[13:24:55.248] [SEVERE ] player 3 placing token on slot 4
[13:24:55.248] [SEVERE ] player 1 placing token on slot 0
[13:24:55.248] [SEVERE ] player 4 placing token on slot 11
[13:24:55.249] [SEVERE ] player 1 placing token on slot 11
[13:24:55.249] [SEVERE ] removing player 3 token from slot 2
[13:24:55.249] [SEVERE ] removing player 2 token from slot 6
[13:24:55.248] [SEVERE ] removing player 2 token from slot 3
[13:24:55.249] [SEVERE ] removing player 4 token from slot 6
[13:24:55.249] [SEVERE ] setting player 1 score to 1
[13:24:55.249] [SEVERE ] removing player 4 token from slot 4
[13:24:55.249] [SEVERE ] player 2 placing token on slot 7
[13:24:55.250] [SEVERE ] removing player 1 token from slot 6
[13:24:55.250] [SEVERE ] player 4 placing token on slot 8
[13:24:55.250] [SEVERE ] removing player 1 token from slot 0
[13:24:55.250] [SEVERE ] removing player 1 token from slot 11
[13:24:55.251] [SEVERE ] player 1 placing token on slot 0
[13:24:55.251] [SEVERE ] player 1 placing token on slot 4
[13:24:55.251] [SEVERE ] player 1 placing token on slot 1
[13:24:55.354] [SEVERE ] removing card from slot 6
[13:24:55.464] [SEVERE ] removing card from slot 0
[13:24:55.574] [SEVERE ] removing card from slot 11
[13:24:55.685] [SEVERE ] placing card 3 in slot 11
[13:24:55.797] [SEVERE ] placing card 60 in slot 6
[13:24:55.906] [SEVERE ] placing card 6 in slot 0
[13:24:55.906] [SEVERE ] removing player 3 token from slot 8
[13:24:55.906] [SEVERE ] removing player 2 token from slot 4
[13:24:55.906] [SEVERE ] removing player 4 token from slot 9
[13:24:55.906] [SEVERE ] player 3 placing token on slot 0
[13:24:55.907] [SEVERE ] removing player 3 token from slot 9
[13:24:55.907] [SEVERE ] player 3 placing token on slot 8
[13:24:55.907] [SEVERE ] removing player 3 token from slot 8
[13:24:55.907] [SEVERE ] removing player 3 token from slot 4
[13:24:55.907] [SEVERE ] player 3 placing token on slot 7
[13:24:55.907] [SEVERE ] player 3 placing token on slot 8
[13:24:55.908] [SEVERE ] removing player 3 token from slot 9
[13:24:55.908] [SEVERE ] removing player 3 token from slot 5
[13:24:55.908] [SEVERE ] removing player 3 token from slot 3
[13:24:55.908] [SEVERE ] removing player 3 token from slot 0
[13:24:55.908] [SEVERE ] player 3 placing token on slot 0
[13:24:55.908] [SEVERE ] removing player 3 token from slot 7
[13:24:55.908] [SEVERE ] player 3 placing token on slot 11
[13:24:55.909] [SEVERE ] removing player 3 token from slot 3
[13:24:55.909] [SEVERE ] removing player 3 token from slot 7
[13:24:55.909] [SEVERE ] removing player 3 token from slot 0
[13:24:55.909] [SEVERE ] removing player 3 token from slot 11
[13:24:55.909] [SEVERE ] player 3 placing token on slot 11
[13:24:55.909] [SEVERE ] removing player 3 token from slot 8
[13:24:55.909] [SEVERE ] player 3 placing token on slot 2
[13:24:55.909] [SEVERE ] player 3 placing token on slot 1
[13:24:55.910] [SEVERE ] removing player 3 token from slot 3
[13:24:55.910] [SEVERE ] removing player 3 token from slot 2
[13:24:55.910] [SEVERE ] removing player 3 token from slot 11
[13:24:55.910] [SEVERE ] removing player 3 token from slot 1
[13:24:55.910] [SEVERE ] player 3 placing token on slot 11
[13:24:55.910] [SEVERE ] player 3 placing token on slot 9
[13:24:55.910] [SEVERE ] player 3 placing token on slot 0
[13:24:55.910] [SEVERE ] removing player 3 token from slot 0
[13:24:55.910] [SEVERE ] removing player 3 token from slot 9
[13:24:55.910] [SEVERE ] player 3 placing token on slot 9
[13:24:55.910] [SEVERE ] player 3 placing token on slot 0
[13:24:55.911] [SEVERE ] removing player 3 token from slot 1
[13:24:55.911] [SEVERE ] removing player 3 token from slot 6
[13:24:55.911] [SEVERE ] removing player 3 token from slot 3
[13:24:55.911] [SEVERE ] removing player 3 token from slot 9
[13:24:55.911] [SEVERE ] removing player 3 token from slot 11
[13:24:55.911] [SEVERE ] player 3 placing token on slot 11
[13:24:55.911] [SEVERE ] player 3 placing token on slot 8
[13:24:55.911] [SEVERE ] removing player 3 token from slot 1
[13:24:55.911] [SEVERE ] removing player 3 token from slot 11
[13:24:55.911] [SEVERE ] player 3 placing token on slot 3
[13:24:55.911] [SEVERE ] removing player 3 token from slot 6
[13:24:55.912] [SEVERE ] removing player 3 token from slot 11
[13:24:55.912] [SEVERE ] removing player 3 token from slot 11
[13:24:55.912] [SEVERE ] removing player 3 token from slot 8
[13:24:55.912] [SEVERE ] removing player 3 token from slot 3
[13:24:55.912] [SEVERE ] removing player 3 token from slot 0
[13:24:55.912] [SEVERE ] player 3 placing token on slot 3
[13:24:55.912] [SEVERE ] player 3 placing token on slot 1
[13:24:55.912] [SEVERE ] player 3 placing token on slot 2
[13:24:55.912] [SEVERE ] removing player 3 token from slot 0
[13:24:55.913] [SEVERE ] removing player 3 token from slot 0
[13:24:55.913] [SEVERE ] removing player 3 token from slot 7
[13:24:55.913] [SEVERE ] removing player 3 token from slot 3
[13:24:55.913] [SEVERE ] removing player 3 token from slot 1
[13:24:55.913] [SEVERE ] removing player 3 token from slot 2
[13:24:55.913] [SEVERE ] player 3 placing token on slot 3
[13:24:55.914] [SEVERE ] player 3 placing token on slot 8
[13:24:55.914] [SEVERE ] player 3 placing token on slot 11
[13:24:55.914] [SEVERE ] removing player 3 token from slot 7
[13:24:55.914] [SEVERE ] removing player 3 token from slot 6
[13:24:55.914] [SEVERE ] removing player 3 token from slot 7
[13:24:55.914] [SEVERE ] removing player 3 token from slot 3
[13:24:55.914] [SEVERE ] removing player 3 token from slot 11
[13:24:55.914] [SEVERE ] removing player 3 token from slot 8
[13:24:55.914] [SEVERE ] player 3 placing token on slot 3
[13:24:55.914] [SEVERE ] removing player 3 token from slot 3
[13:24:55.915] [SEVERE ] player 3 placing token on slot 0
[13:24:55.915] [SEVERE ] player 3 placing token on slot 5
[13:24:55.915] [SEVERE ] player 3 placing token on slot 10
[13:24:55.915] [SEVERE ] removing player 3 token from slot 11
[13:24:55.915] [SEVERE ] removing player 3 token from slot 7
[13:24:55.915] [SEVERE ] removing player 3 token from slot 2
[13:24:55.915] [SEVERE ] removing player 3 token from slot 5
[13:24:55.915] [SEVERE ] player 3 placing token on slot 5
[13:24:55.915] [SEVERE ] removing player 3 token from slot 5
[13:24:55.916] [SEVERE ] removing player 3 token from slot 10
[13:24:55.916] [SEVERE ] player 3 placing token on slot 3
[13:24:55.916] [SEVERE ] removing player 3 token from slot 0
[13:24:55.916] [SEVERE ] player 3 placing token on slot 0
[13:24:55.916] [SEVERE ] player 3 placing token on slot 6
[13:24:55.916] [SEVERE ] removing player 3 token from slot 6
[13:24:55.916] [SEVERE ] player 3 placing token on slot 1
[13:24:55.916] [SEVERE ] removing player 3 token from slot 5
[13:24:55.916] [SEVERE ] removing player 3 token from slot 3
[13:24:55.916] [SEVERE ] removing player 3 token from slot 1
[13:24:55.917] [SEVERE ] removing player 3 token from slot 0
[13:24:55.917] [SEVERE ] player 3 placing token on slot 0
[13:24:55.917] [SEVERE ] player 3 placing token on slot 11
[13:24:55.917] [SEVERE ] removing player 3 token from slot 11
[13:24:55.917] [SEVERE ] player 3 placing token on slot 2
[13:24:55.917] [SEVERE ] player 3 placing token on slot 1
[13:24:55.917] [SEVERE ] removing player 3 token from slot 7
[13:24:55.917] [SEVERE ] removing player 3 token from slot 6
[13:24:55.917] [SEVERE ] removing player 3 token from slot 11
[13:24:55.917] [SEVERE ] removing player 3 token from slot 1
[13:24:55.917] [SEVERE ] player 3 placing token on slot 1
[13:24:55.918] [SEVERE ] removing player 3 token from slot 1
[13:24:55.918] [SEVERE ] removing player 3 token from slot 0
[13:24:55.918] [SEVERE ] player 3 placing token on slot 10
[13:24:55.918] [SEVERE ] player 3 placing token on slot 4
[13:24:55.918] [SEVERE ] removing player 3 token from slot 1
[13:24:55.918] [SEVERE ] removing player 3 token from slot 9
[13:24:55.918] [SEVERE ] removing player 3 token from slot 2
[13:24:55.918] [SEVERE ] removing player 3 token from slot 4
[13:24:55.918] [SEVERE ] player 3 placing token on slot 4
[13:24:55.918] [SEVERE ] removing player 3 token from slot 4
[13:24:55.918] [SEVERE ] player 3 placing token on slot 6
[13:24:55.918] [SEVERE ] player 3 placing token on slot 8
[13:24:55.919] [SEVERE ] removing player 3 token from slot 2
[13:24:55.919] [SEVERE ] removing player 3 token from slot 5
[13:24:55.919] [SEVERE ] removing player 3 token from slot 8
[13:24:55.919] [SEVERE ] player 3 placing token on slot 8
[13:24:55.919] [SEVERE ] removing player 3 token from slot 10
[13:24:55.919] [SEVERE ] player 3 placing token on slot 3
[13:24:55.919] [SEVERE ] removing player 3 token from slot 1
[13:24:55.919] [SEVERE ] removing player 3 token from slot 10
[13:24:55.920] [SEVERE ] removing player 3 token from slot 3
[13:24:55.920] [SEVERE ] removing player 3 token from slot 8
[13:24:55.920] [SEVERE ] removing player 3 token from slot 6
[13:24:55.920] [SEVERE ] player 3 placing token on slot 8
[13:24:55.920] [SEVERE ] removing player 3 token from slot 8
[13:24:55.920] [SEVERE ] player 3 placing token on slot 6
[13:24:55.920] [SEVERE ] player 3 placing token on slot 3
[13:24:55.920] [SEVERE ] player 3 placing token on slot 5
[13:24:55.920] [SEVERE ] removing player 3 token from slot 2
[13:24:55.920] [SEVERE ] removing player 3 token from slot 7
[13:24:55.920] [SEVERE ] removing player 3 token from slot 6
[13:24:55.920] [SEVERE ] removing player 3 token from slot 3
[13:24:55.920] [SEVERE ] player 3 placing token on slot 6
[13:24:55.920] [SEVERE ] player 3 placing token on slot 4
[13:24:55.920] [SEVERE ] removing player 3 token from slot 7
[13:24:55.920] [SEVERE ] removing player 3 token from slot 9
[13:24:55.921] [SEVERE ] removing player 3 token from slot 5
[13:24:55.921] [SEVERE ] player 3 placing token on slot 5
[13:24:55.921] [SEVERE ] removing player 3 token from slot 6
[13:24:55.921] [SEVERE ] removing player 3 token from slot 5
[13:24:55.921] [SEVERE ] player 3 placing token on slot 3
[13:24:55.921] [SEVERE ] player 3 placing token on slot 6
[13:24:55.921] [SEVERE ] removing player 3 token from slot 11
[13:24:55.921] [SEVERE ] removing player 3 token from slot 11
[13:24:55.921] [SEVERE ] removing player 3 token from slot 0
[13:24:55.921] [SEVERE ] removing player 3 token from slot 4
[13:24:55.921] [SEVERE ] removing player 3 token from slot 3
[13:24:55.921] [SEVERE ] removing player 3 token from slot 6
[13:24:55.922] [SEVERE ] player 3 placing token on slot 3
[13:24:55.922] [SEVERE ] player 3 placing token on slot 9
[13:24:55.922] [SEVERE ] player 3 placing token on slot 11
[13:24:55.922] [SEVERE ] removing player 3 token from slot 5
[13:24:55.922] [SEVERE ] removing player 3 token from slot 0
[13:24:55.922] [SEVERE ] removing player 3 token from slot 10
[13:24:55.922] [SEVERE ] removing player 3 token from slot 11
[13:24:55.922] [SEVERE ] player 3 placing token on slot 11
[13:24:55.923] [SEVERE ] removing player 3 token from slot 3
[13:24:55.923] [SEVERE ] removing player 3 token from slot 9
[13:24:55.923] [SEVERE ] player 3 placing token on slot 8
[13:24:55.923] [SEVERE ] player 3 placing token on slot 9
[13:24:55.923] [SEVERE ] removing player 3 token from slot 0
[13:24:55.923] [SEVERE ] removing player 3 token from slot 2
[13:24:55.923] [SEVERE ] removing player 3 token from slot 7
[13:24:55.923] [SEVERE ] removing player 3 token from slot 11
[13:24:55.924] [SEVERE ] removing player 3 token from slot 9
[13:24:55.924] [SEVERE ] player 3 placing token on slot 11
[13:24:55.924] [SEVERE ] player 3 placing token on slot 9
[13:24:55.924] [SEVERE ] removing player 3 token from slot 11
[13:24:55.924] [SEVERE ] removing player 3 token from slot 8
[13:24:55.924] [SEVERE ] player 3 placing token on slot 3
[13:24:55.924] [SEVERE ] removing player 3 token from slot 9
[13:24:55.924] [SEVERE ] player 3 placing token on slot 7
[13:24:55.924] [SEVERE ] player 3 placing token on slot 1
[13:24:55.924] [SEVERE ] removing player 3 token from slot 1
[13:24:55.924] [SEVERE ] player 3 placing token on slot 8
[13:24:55.925] [SEVERE ] removing player 3 token from slot 9
[13:24:55.925] [SEVERE ] removing player 3 token from slot 3
[13:24:55.925] [SEVERE ] player 3 placing token on slot 1
[13:24:55.925] [SEVERE ] removing player 3 token from slot 8
[13:24:55.925] [SEVERE ] player 3 placing token on slot 8
[13:24:55.925] [SEVERE ] removing player 3 token from slot 4
[13:24:55.925] [SEVERE ] removing player 3 token from slot 1
[13:24:55.925] [SEVERE ] player 3 placing token on slot 3
[13:24:55.925] [SEVERE ] removing player 3 token from slot 1
[13:24:55.925] [SEVERE ] removing player 3 token from slot 9
[13:24:55.925] [SEVERE ] removing player 3 token from slot 2
[13:24:55.926] [SEVERE ] removing player 3 token from slot 8
[13:24:55.926] [SEVERE ] removing player 3 token from slot 7
[13:24:55.926] [SEVERE ] player 3 placing token on slot 5
[13:24:55.926] [SEVERE ] player 3 placing token on slot 10
[13:24:55.926] [SEVERE ] removing player 3 token from slot 9
[13:24:55.926] [SEVERE ] removing player 3 token from slot 7
[13:24:55.926] [SEVERE ] removing player 3 token from slot 3
[13:24:55.926] [SEVERE ] removing player 3 token from slot 5
[13:24:55.926] [SEVERE ] removing player 3 token from slot 10
[13:24:55.926] [SEVERE ] player 3 placing token on slot 5
[13:24:55.926] [SEVERE ] player 3 placing token on slot 4
[13:24:55.927] [SEVERE ] removing player 3 token from slot 4
[13:24:55.927] [SEVERE ] player 3 placing token on slot 6
[13:24:55.927] [SEVERE ] player 3 placing token on slot 2
[13:24:55.927] [SEVERE ] removing player 3 token from slot 2
[13:24:55.927] [SEVERE ] removing player 3 token from slot 6
[13:24:55.927] [SEVERE ] player 3 placing token on slot 2
[13:24:55.927] [SEVERE ] player 3 placing token on slot 11
[13:24:55.927] [SEVERE ] removing player 3 token from slot 1
[13:24:55.927] [SEVERE ] removing player 3 token from slot 2
[13:24:55.927] [SEVERE ] player 3 placing token on slot 7
[13:24:55.927] [SEVERE ] removing player 3 token from slot 2
[13:24:55.928] [SEVERE ] removing player 3 token from slot 2
[13:24:55.928] [SEVERE ] removing player 3 token from slot 7
[13:24:55.928] [SEVERE ] player 3 placing token on slot 7
[13:24:55.928] [SEVERE ] removing player 3 token from slot 11
[13:24:55.928] [SEVERE ] removing player 3 token from slot 7
[13:24:55.928] [SEVERE ] removing player 3 token from slot 5
[13:24:55.928] [SEVERE ] player 3 placing token on slot 11
[13:24:55.928] [SEVERE ] removing player 3 token from slot 11
[13:24:55.928] [SEVERE ] player 3 placing token on slot 5
[13:24:55.928] [SEVERE ] player 3 placing token on slot 3
[13:24:55.928] [SEVERE ] removing player 3 token from slot 5
[13:24:55.928] [SEVERE ] player 3 placing token on slot 0
[13:24:55.929] [SEVERE ] removing player 3 token from slot 0
[13:24:55.929] [SEVERE ] player 3 placing token on slot 0
[13:24:55.929] [SEVERE ] player 3 placing token on slot 9
[13:24:55.929] [SEVERE ] removing player 3 token from slot 3
[13:24:55.929] [SEVERE ] player 3 placing token on slot 7
[13:24:55.929] [SEVERE ] removing player 3 token from slot 5
[13:24:55.929] [SEVERE ] removing player 3 token from slot 1
[13:24:55.929] [SEVERE ] removing player 3 token from slot 5
[13:24:55.929] [SEVERE ] removing player 3 token from slot 9
[13:24:55.929] [SEVERE ] removing player 3 token from slot 7
[13:24:55.929] [SEVERE ] player 3 placing token on slot 9
[13:24:55.929] [SEVERE ] removing player 3 token from slot 0
[13:24:55.930] [SEVERE ] removing player 3 token from slot 9
[13:24:55.930] [SEVERE ] player 3 placing token on slot 4
[13:24:55.930] [SEVERE ] player 3 placing token on slot 0
[13:24:55.930] [SEVERE ] removing player 3 token from slot 4
[13:24:55.930] [SEVERE ] removing player 3 token from slot 0
[13:24:55.930] [SEVERE ] player 3 placing token on slot 5
[13:24:55.930] [SEVERE ] player 3 placing token on slot 9
[13:24:55.930] [SEVERE ] removing player 3 token from slot 9
[13:24:55.930] [SEVERE ] player 3 placing token on slot 2
[13:24:55.930] [SEVERE ] removing player 3 token from slot 5
[13:24:55.930] [SEVERE ] player 3 placing token on slot 5
[13:24:55.930] [SEVERE ] player 3 placing token on slot 3
[13:24:55.930] [SEVERE ] removing player 3 token from slot 6
[13:24:55.930] [SEVERE ] removing player 3 token from slot 4
[13:24:55.931] [SEVERE ] removing player 3 token from slot 2
[13:24:55.931] [SEVERE ] player 3 placing token on slot 2
[13:24:55.931] [SEVERE ] removing player 3 token from slot 3
[13:24:55.931] [SEVERE ] removing player 3 token from slot 2
[13:24:55.931] [SEVERE ] player 3 placing token on slot 2
[13:24:55.931] [SEVERE ] removing player 3 token from slot 5
[13:24:55.931] [SEVERE ] player 3 placing token on slot 4
[13:24:55.931] [SEVERE ] player 3 placing token on slot 3
[13:24:55.931] [SEVERE ] removing player 3 token from slot 8
[13:24:55.931] [SEVERE ] removing player 3 token from slot 1
[13:24:55.931] [SEVERE ] removing player 3 token from slot 11
[13:24:55.931] [SEVERE ] removing player 3 token from slot 2
[13:24:55.932] [SEVERE ] removing player 3 token from slot 4
[13:24:55.932] [SEVERE ] removing player 3 token from slot 3
[13:24:55.932] [SEVERE ] player 3 placing token on slot 4
[13:24:55.932] [SEVERE ] player 3 placing token on slot 3
[13:24:55.932] [SEVERE ] player 3 placing token on slot 5
[13:24:55.932] [SEVERE ] removing player 3 token from slot 1
[13:24:55.932] [SEVERE ] removing player 3 token from slot 9
[13:24:55.932] [SEVERE ] removing player 3 token from slot 6
[13:24:55.933] [SEVERE ] removing player 3 token from slot 5
[13:24:55.933] [SEVERE ] removing player 3 token from slot 3
[13:24:55.933] [SEVERE ] player 3 placing token on slot 3
[13:24:55.933] [SEVERE ] player 3 placing token on slot 5
[13:24:55.933] [SEVERE ] removing player 3 token from slot 4
[13:24:55.933] [SEVERE ] removing player 3 token from slot 3
[13:24:55.933] [SEVERE ] player 3 placing token on slot 4
[13:24:55.933] [SEVERE ] player 3 placing token on slot 3
[13:24:55.933] [SEVERE ] removing player 3 token from slot 11
[13:24:55.933] [SEVERE ] removing player 3 token from slot 5
[13:24:55.934] [SEVERE ] player 3 placing token on slot 0
[13:24:55.934] [SEVERE ] removing player 3 token from slot 3
[13:24:55.934] [SEVERE ] player 3 placing token on slot 5
[13:24:55.934] [SEVERE ] removing player 3 token from slot 7
[13:24:55.934] [SEVERE ] removing player 3 token from slot 0
[13:24:55.934] [SEVERE ] player 3 placing token on slot 0
[13:24:55.934] [SEVERE ] removing player 3 token from slot 5
[13:24:55.934] [SEVERE ] removing player 3 token from slot 4
[13:24:55.934] [SEVERE ] player 3 placing token on slot 3
[13:24:55.935] [SEVERE ] player 3 placing token on slot 4
[13:24:55.935] [SEVERE ] removing player 3 token from slot 9
[13:24:55.935] [SEVERE ] removing player 3 token from slot 1
[13:24:55.935] [SEVERE ] removing player 3 token from slot 9
[13:24:55.935] [SEVERE ] removing player 3 token from slot 0
[13:24:55.935] [SEVERE ] removing player 3 token from slot 3
[13:24:55.935] [SEVERE ] player 3 placing token on slot 3
[13:24:55.935] [SEVERE ] player 3 placing token on slot 11
[13:24:55.936] [SEVERE ] removing player 3 token from slot 1
[13:24:55.936] [SEVERE ] removing player 3 token from slot 7
[13:24:55.936] [SEVERE ] removing player 3 token from slot 7
[13:24:55.936] [SEVERE ] removing player 3 token from slot 11
[13:24:55.936] [SEVERE ] removing player 3 token from slot 4
[13:24:55.936] [SEVERE ] removing player 3 token from slot 3
[13:24:55.936] [SEVERE ] player 3 placing token on slot 3
[13:24:55.936] [SEVERE ] player 3 placing token on slot 10
[13:24:55.936] [SEVERE ] removing player 3 token from slot 10
[13:24:55.936] [SEVERE ] player 3 placing token on slot 0
[13:24:55.936] [SEVERE ] player 3 placing token on slot 9
[13:24:55.937] [SEVERE ] removing player 3 token from slot 8
[13:24:55.937] [SEVERE ] removing player 3 token from slot 6
[13:24:55.937] [SEVERE ] removing player 3 token from slot 0
[13:24:55.937] [SEVERE ] player 3 placing token on slot 0
[13:24:55.937] [SEVERE ] removing player 3 token from slot 9
[13:24:55.937] [SEVERE ] removing player 3 token from slot 0
[13:24:55.937] [SEVERE ] player 3 placing token on slot 1
[13:24:55.937] [SEVERE ] player 3 placing token on slot 8
[13:24:55.937] [SEVERE ] removing player 3 token from slot 3
[13:24:55.937] [SEVERE ] player 3 placing token on slot 5
[13:24:55.938] [SEVERE ] removing player 3 token from slot 7
[13:24:55.938] [SEVERE ] removing player 3 token from slot 8
[13:24:55.938] [SEVERE ] removing player 3 token from slot 1
[13:24:55.938] [SEVERE ] player 3 placing token on slot 1
[13:24:55.938] [SEVERE ] removing player 3 token from slot 1
[13:24:55.938] [SEVERE ] removing player 3 token from slot 5
[13:24:55.938] [SEVERE ] player 3 placing token on slot 5
[13:24:55.938] [SEVERE ] player 3 placing token on slot 11
[13:24:55.938] [SEVERE ] player 3 placing token on slot 2
[13:24:55.938] [SEVERE ] removing player 3 token from slot 5
[13:24:55.938] [SEVERE ] player 3 placing token on slot 4
[13:24:55.938] [SEVERE ] removing player 3 token from slot 0
[13:24:55.939] [SEVERE ] removing player 3 token from slot 2
[13:24:55.939] [SEVERE ] removing player 3 token from slot 11
[13:24:55.939] [SEVERE ] player 3 placing token on slot 8
[13:24:55.939] [SEVERE ] player 3 placing token on slot 10
[13:24:55.939] [SEVERE ] removing player 3 token from slot 5
[13:24:55.939] [SEVERE ] removing player 3 token from slot 6
[13:24:55.939] [SEVERE ] removing player 3 token from slot 4
[13:24:55.939] [SEVERE ] removing player 3 token from slot 8
[13:24:55.939] [SEVERE ] player 3 placing token on slot 8
[13:24:55.939] [SEVERE ] removing player 3 token from slot 8
[13:24:55.939] [SEVERE ] player 3 placing token on slot 1
[13:24:55.940] [SEVERE ] player 3 placing token on slot 11
[13:24:55.940] [SEVERE ] removing player 3 token from slot 0
[13:24:55.940] [SEVERE ] removing player 3 token from slot 4
[13:24:55.940] [SEVERE ] removing player 3 token from slot 7
[13:24:55.940] [SEVERE ] removing player 3 token from slot 11
[13:24:55.940] [SEVERE ] player 3 placing token on slot 3
[13:24:55.940] [SEVERE ] removing player 3 token from slot 6
[13:24:55.940] [SEVERE ] removing player 3 token from slot 7
[13:24:55.940] [SEVERE ] removing player 3 token from slot 0
[13:24:55.941] [SEVERE ] removing player 3 token from slot 1
[13:24:55.941] [SEVERE ] player 3 placing token on slot 1
[13:24:55.941] [SEVERE ] removing player 3 token from slot 3
[13:24:55.941] [SEVERE ] player 3 placing token on slot 3
[13:24:55.941] [SEVERE ] removing player 3 token from slot 1
[13:24:55.941] [SEVERE ] player 3 placing token on slot 6
[13:24:55.941] [SEVERE ] removing player 3 token from slot 1
[13:24:55.941] [SEVERE ] removing player 3 token from slot 8
[13:24:55.941] [SEVERE ] removing player 3 token from slot 5
[13:24:55.942] [SEVERE ] removing player 3 token from slot 6
[13:24:55.942] [SEVERE ] removing player 3 token from slot 3
[13:24:55.942] [SEVERE ] player 3 placing token on slot 3
[13:24:55.942] [SEVERE ] player 3 placing token on slot 6
[13:24:55.942] [SEVERE ] removing player 3 token from slot 7
[13:24:55.942] [SEVERE ] removing player 3 token from slot 11
[13:24:55.942] [SEVERE ] removing player 3 token from slot 4
[13:24:55.942] [SEVERE ] removing player 3 token from slot 10
[13:24:55.942] [SEVERE ] removing player 3 token from slot 6
[13:24:55.942] [SEVERE ] player 3 placing token on slot 8
[13:24:55.943] [SEVERE ] player 3 placing token on slot 4
[13:24:55.943] [SEVERE ] removing player 3 token from slot 0
[13:24:55.943] [SEVERE ] removing player 3 token from slot 7
[13:24:55.943] [SEVERE ] removing player 3 token from slot 5
[13:24:55.943] [SEVERE ] removing player 3 token from slot 8
[13:24:55.943] [SEVERE ] removing player 3 token from slot 4
[13:24:55.943] [SEVERE ] player 3 placing token on slot 8
[13:24:55.943] [SEVERE ] removing player 3 token from slot 3
[13:24:55.943] [SEVERE ] player 3 placing token on slot 4
[13:24:55.943] [SEVERE ] player 3 placing token on slot 5
[13:24:55.944] [SEVERE ] removing player 3 token from slot 7
[13:24:55.944] [SEVERE ] removing player 3 token from slot 9
[13:24:55.944] [SEVERE ] removing player 3 token from slot 5
[13:24:55.944] [SEVERE ] removing player 3 token from slot 4
[13:24:55.944] [SEVERE ] player 3 placing token on slot 4
[13:24:55.944] [SEVERE ] removing player 3 token from slot 4
[13:24:55.944] [SEVERE ] removing player 3 token from slot 8
[13:24:55.944] [SEVERE ] player 3 placing token on slot 9
[13:24:55.944] [SEVERE ] player 3 placing token on slot 3
[13:24:55.944] [SEVERE ] player 3 placing token on slot 2
[13:24:55.944] [SEVERE ] removing player 3 token from slot 8
[13:24:55.945] [SEVERE ] removing player 3 token from slot 7
[13:24:55.945] [SEVERE ] removing player 3 token from slot 6
[13:24:55.945] [SEVERE ] removing player 3 token from slot 6
[13:24:55.945] [SEVERE ] removing player 3 token from slot 2
[13:24:55.945] [SEVERE ] player 3 placing token on slot 2
[13:24:55.945] [SEVERE ] removing player 3 token from slot 9
[13:24:55.945] [SEVERE ] player 3 placing token on slot 9
[13:24:55.945] [SEVERE ] removing player 3 token from slot 10
[13:24:55.946] [SEVERE ] removing player 3 token from slot 3
[13:24:55.946] [SEVERE ] player 3 placing token on slot 11
[13:24:55.946] [SEVERE ] removing player 3 token from slot 9
[13:24:55.946] [SEVERE ] player 3 placing token on slot 9
[13:24:55.946] [SEVERE ] removing player 3 token from slot 8
[13:24:55.946] [SEVERE ] removing player 3 token from slot 11
[13:24:55.946] [SEVERE ] player 3 placing token on slot 1
[13:24:55.946] [SEVERE ] removing player 3 token from slot 11
[13:24:55.946] [SEVERE ] removing player 3 token from slot 11
[13:24:55.947] [SEVERE ] removing player 3 token from slot 8
[13:24:55.947] [SEVERE ] removing player 3 token from slot 1
[13:24:55.947] [SEVERE ] removing player 3 token from slot 2
[13:24:55.947] [SEVERE ] removing player 3 token from slot 9
[13:24:55.947] [SEVERE ] player 3 placing token on slot 9
[13:24:55.947] [SEVERE ] player 3 placing token on slot 10
[13:24:55.947] [SEVERE ] player 3 placing token on slot 8
[13:24:55.947] [SEVERE ] removing player 3 token from slot 8
[13:24:55.947] [SEVERE ] player 3 placing token on slot 1
[13:24:55.948] [SEVERE ] removing player 3 token from slot 9
[13:24:55.948] [SEVERE ] removing player 3 token from slot 10
[13:24:55.948] [SEVERE ] player 3 placing token on slot 5
[13:24:55.948] [SEVERE ] player 3 placing token on slot 9
[13:24:55.948] [SEVERE ] removing player 3 token from slot 6
[13:24:55.948] [SEVERE ] removing player 3 token from slot 7
[13:24:55.948] [SEVERE ] removing player 3 token from slot 0
[13:24:55.949] [SEVERE ] removing player 3 token from slot 5
[13:24:55.949] [SEVERE ] player 3 placing token on slot 5
[13:24:55.949] [SEVERE ] removing player 3 token from slot 5
[13:24:55.949] [SEVERE ] player 3 placing token on slot 6
[13:24:55.949] [SEVERE ] removing player 3 token from slot 8
[13:24:55.949] [SEVERE ] removing player 3 token from slot 5
[13:24:55.949] [SEVERE ] removing player 3 token from slot 1
[13:24:55.949] [SEVERE ] removing player 3 token from slot 9
[13:24:55.949] [SEVERE ] player 3 placing token on slot 9
[13:24:55.949] [SEVERE ] removing player 3 token from slot 6
[13:24:55.950] [SEVERE ] player 3 placing token on slot 10
[13:24:55.950] [SEVERE ] player 3 placing token on slot 4
[13:24:55.950] [SEVERE ] removing player 3 token from slot 0
[13:24:55.950] [SEVERE ] removing player 3 token from slot 11
[13:24:55.950] [SEVERE ] removing player 3 token from slot 4
[13:24:55.950] [SEVERE ] removing player 3 token from slot 9
[13:24:55.950] [SEVERE ] player 3 placing token on slot 9
[13:24:55.950] [SEVERE ] removing player 3 token from slot 9
[13:24:55.950] [SEVERE ] player 3 placing token on slot 9
[13:24:55.950] [SEVERE ] player 3 placing token on slot 3
[13:24:55.950] [SEVERE ] removing player 3 token from slot 8
[13:24:55.951] [SEVERE ] removing player 3 token from slot 4
[13:24:55.951] [SEVERE ] removing player 3 token from slot 10
[13:24:55.951] [SEVERE ] removing player 3 token from slot 3
[13:24:55.951] [SEVERE ] player 3 placing token on slot 2
[13:24:55.951] [SEVERE ] removing player 3 token from slot 9
[13:24:55.951] [SEVERE ] player 3 placing token on slot 7
[13:24:55.951] [SEVERE ] player 3 placing token on slot 8
[13:24:55.951] [SEVERE ] removing player 3 token from slot 11
[13:24:55.951] [SEVERE ] removing player 3 token from slot 10
[13:24:55.951] [SEVERE ] removing player 3 token from slot 6
[13:24:55.951] [SEVERE ] removing player 3 token from slot 2
[13:24:55.951] [SEVERE ] removing player 3 token from slot 7
[13:24:55.952] [SEVERE ] player 3 placing token on slot 7
[13:24:55.952] [SEVERE ] removing player 3 token from slot 8
[13:24:55.952] [SEVERE ] removing player 3 token from slot 7
[13:24:55.952] [SEVERE ] player 3 placing token on slot 7
[13:24:55.952] [SEVERE ] player 3 placing token on slot 10
[13:24:55.952] [SEVERE ] player 3 placing token on slot 6
[13:24:55.952] [SEVERE ] removing player 3 token from slot 0
[13:24:55.952] [SEVERE ] removing player 3 token from slot 8
[13:24:55.952] [SEVERE ] removing player 3 token from slot 6
[13:24:55.952] [SEVERE ] player 3 placing token on slot 6
[13:24:55.952] [SEVERE ] removing player 3 token from slot 6
[13:24:55.952] [SEVERE ] removing player 3 token from slot 10
[13:24:55.952] [SEVERE ] player 3 placing token on slot 11
[13:24:55.952] [SEVERE ] player 3 placing token on slot 4
[13:24:55.953] [SEVERE ] removing player 3 token from slot 0
[13:24:55.953] [SEVERE ] removing player 3 token from slot 2
[13:24:55.953] [SEVERE ] removing player 3 token from slot 10
[13:24:55.953] [SEVERE ] removing player 3 token from slot 11
[13:24:55.953] [SEVERE ] player 3 placing token on slot 11
[13:24:55.953] [SEVERE ] removing player 3 token from slot 7
[13:24:55.953] [SEVERE ] player 3 placing token on slot 7
[13:24:55.953] [SEVERE ] removing player 3 token from slot 10
[13:24:55.954] [SEVERE ] removing player 3 token from slot 7
[13:24:55.954] [SEVERE ] player 3 placing token on slot 2
[13:24:55.954] [SEVERE ] removing player 3 token from slot 7
[13:24:55.954] [SEVERE ] removing player 3 token from slot 11
[13:24:55.954] [SEVERE ] player 3 placing token on slot 8
[13:24:55.954] [SEVERE ] removing player 3 token from slot 2
[13:24:55.954] [SEVERE ] player 3 placing token on slot 0
[13:24:55.954] [SEVERE ] removing player 3 token from slot 9
[13:24:55.954] [SEVERE ] removing player 3 token from slot 2
[13:24:55.954] [SEVERE ] removing player 3 token from slot 2
[13:24:55.955] [SEVERE ] removing player 3 token from slot 8
[13:24:55.955] [SEVERE ] removing player 3 token from slot 0
[13:24:55.955] [SEVERE ] player 3 placing token on slot 0
[13:24:55.955] [SEVERE ] removing player 3 token from slot 0
[13:24:55.955] [SEVERE ] player 3 placing token on slot 1
[13:24:55.955] [SEVERE ] player 3 placing token on slot 9
[13:24:55.955] [SEVERE ] removing player 3 token from slot 8
[13:24:55.955] [SEVERE ] removing player 3 token from slot 0
[13:24:55.956] [SEVERE ] removing player 3 token from slot 10
[13:24:55.956] [SEVERE ] removing player 3 token from slot 9
[13:24:55.956] [SEVERE ] removing player 3 token from slot 1
[13:24:55.956] [SEVERE ] player 3 placing token on slot 1
[13:24:55.956] [SEVERE ] removing player 3 token from slot 4
[13:24:55.956] [SEVERE ] player 3 placing token on slot 9
[13:24:55.956] [SEVERE ] player 3 placing token on slot 3
[13:24:55.956] [SEVERE ] removing player 3 token from slot 6
[13:24:55.956] [SEVERE ] removing player 3 token from slot 8
[13:24:55.956] [SEVERE ] removing player 3 token from slot 9
[13:24:55.957] [SEVERE ] removing player 3 token from slot 1
[13:24:55.957] [SEVERE ] player 3 placing token on slot 1
[13:24:55.957] [SEVERE ] removing player 3 token from slot 1
[13:24:55.957] [SEVERE ] player 3 placing token on slot 1
[13:24:55.957] [SEVERE ] player 3 placing token on slot 7
[13:24:55.957] [SEVERE ] removing player 3 token from slot 6
[13:24:55.957] [SEVERE ] removing player 3 token from slot 0
[13:24:55.957] [SEVERE ] removing player 3 token from slot 7
[13:24:55.957] [SEVERE ] removing player 3 token from slot 1
[13:24:55.957] [SEVERE ] player 3 placing token on slot 7
[13:24:55.958] [SEVERE ] removing player 3 token from slot 3
[13:24:55.958] [SEVERE ] player 3 placing token on slot 9
[13:24:55.958] [SEVERE ] player 3 placing token on slot 5
[13:24:55.958] [SEVERE ] removing player 3 token from slot 7
[13:24:55.958] [SEVERE ] removing player 3 token from slot 9
[13:24:55.958] [SEVERE ] player 3 placing token on slot 2
[13:24:55.958] [SEVERE ] player 3 placing token on slot 7
[13:24:55.958] [SEVERE ] removing player 3 token from slot 4
[13:24:55.958] [SEVERE ] removing player 3 token from slot 11
[13:24:55.958] [SEVERE ] removing player 3 token from slot 1
[13:24:55.958] [SEVERE ] removing player 3 token from slot 7
[13:24:55.959] [SEVERE ] player 3 placing token on slot 0
[13:24:55.959] [SEVERE ] removing player 3 token from slot 2
[13:24:55.959] [SEVERE ] player 3 placing token on slot 7
[13:24:55.959] [SEVERE ] removing player 3 token from slot 7
[13:24:55.959] [SEVERE ] removing player 3 token from slot 5
[13:24:55.959] [SEVERE ] player 3 placing token on slot 2
[13:24:55.959] [SEVERE ] player 3 placing token on slot 5
[13:24:55.959] [SEVERE ] removing player 3 token from slot 8
[13:24:55.959] [SEVERE ] removing player 3 token from slot 4
[13:24:55.959] [SEVERE ] removing player 3 token from slot 0
[13:24:55.960] [SEVERE ] removing player 3 token from slot 2
[13:24:55.960] [SEVERE ] player 3 placing token on slot 2
[13:24:55.960] [SEVERE ] removing player 3 token from slot 5
[13:24:55.960] [SEVERE ] player 3 placing token on slot 11
[13:24:55.960] [SEVERE ] player 3 placing token on slot 6
[13:24:55.960] [SEVERE ] removing player 3 token from slot 3
[13:24:55.960] [SEVERE ] removing player 3 token from slot 4
[13:24:55.960] [SEVERE ] removing player 3 token from slot 8
[13:24:55.961] [SEVERE ] removing player 3 token from slot 6
[13:24:55.961] [SEVERE ] player 3 placing token on slot 6
[13:24:55.961] [SEVERE ] removing player 3 token from slot 2
[13:24:55.961] [SEVERE ] player 3 placing token on slot 2
[13:24:55.961] [SEVERE ] removing player 3 token from slot 11
[13:24:55.961] [SEVERE ] removing player 3 token from slot 2
[13:24:55.961] [SEVERE ] player 3 placing token on slot 2
[13:24:55.961] [SEVERE ] removing player 3 token from slot 6
[13:24:55.961] [SEVERE ] player 3 placing token on slot 3
[13:24:55.961] [SEVERE ] player 3 placing token on slot 5
[13:24:55.961] [SEVERE ] removing player 3 token from slot 11
[13:24:55.962] [SEVERE ] removing player 3 token from slot 10
[13:24:55.962] [SEVERE ] removing player 3 token from slot 4
[13:24:55.962] [SEVERE ] removing player 3 token from slot 5
[13:24:55.962] [SEVERE ] removing player 3 token from slot 2
[13:24:55.962] [SEVERE ] player 3 placing token on slot 5
[13:24:55.962] [SEVERE ] player 3 placing token on slot 2
[13:24:55.962] [SEVERE ] removing player 3 token from slot 0
[13:24:55.962] [SEVERE ] removing player 3 token from slot 6
[13:24:55.963] [SEVERE ] removing player 3 token from slot 4
[13:24:55.963] [SEVERE ] removing player 3 token from slot 2
[13:24:55.963] [SEVERE ] removing player 3 token from slot 3
[13:24:55.963] [SEVERE ] player 3 placing token on slot 2
[13:24:55.963] [SEVERE ] removing player 3 token from slot 5
[13:24:55.963] [SEVERE ] removing player 3 token from slot 2
[13:24:55.963] [SEVERE ] player 3 placing token on slot 0
[13:24:55.963] [SEVERE ] player 3 placing token on slot 8
[13:24:55.963] [SEVERE ] player 3 placing token on slot 10
[13:24:55.964] [SEVERE ] removing player 3 token from slot 7
[13:24:55.964] [SEVERE ] removing player 3 token from slot 9
[13:24:55.964] [SEVERE ] removing player 3 token from slot 10
[13:24:55.964] [SEVERE ] removing player 3 token from slot 8
[13:24:55.964] [SEVERE ] player 3 placing token on slot 10
[13:24:55.964] [SEVERE ] removing player 3 token from slot 0
[13:24:55.964] [SEVERE ] player 3 placing token on slot 7
[13:24:55.964] [SEVERE ] player 3 placing token on slot 0
[13:24:55.964] [SEVERE ] removing player 3 token from slot 10
[13:24:55.964] [SEVERE ] removing player 3 token from slot 7
[13:24:55.964] [SEVERE ] player 3 placing token on slot 7
[13:24:55.964] [SEVERE ] player 3 placing token on slot 4
[13:24:55.965] [SEVERE ] removing player 3 token from slot 11
[13:24:55.965] [SEVERE ] removing player 3 token from slot 8
[13:24:55.965] [SEVERE ] removing player 3 token from slot 10
[13:24:55.965] [SEVERE ] removing player 3 token from slot 4
[13:24:55.965] [SEVERE ] player 3 placing token on slot 4
[13:24:55.965] [SEVERE ] removing player 3 token from slot 4
[13:24:55.965] [SEVERE ] player 3 placing token on slot 3
[13:24:55.965] [SEVERE ] removing player 3 token from slot 0
[13:24:55.965] [SEVERE ] player 3 placing token on slot 0
[13:24:55.965] [SEVERE ] removing player 3 token from slot 0
[13:24:55.965] [SEVERE ] removing player 3 token from slot 7
[13:24:55.965] [SEVERE ] player 3 placing token on slot 9
[13:24:55.966] [SEVERE ] removing player 3 token from slot 3
[13:24:55.966] [SEVERE ] player 3 placing token on slot 2
[13:24:55.966] [SEVERE ] player 3 placing token on slot 8
[13:24:55.966] [SEVERE ] removing player 3 token from slot 4
[13:24:55.966] [SEVERE ] removing player 3 token from slot 10
[13:24:55.966] [SEVERE ] removing player 3 token from slot 9
[13:24:55.966] [SEVERE ] player 3 placing token on slot 9
[13:24:55.966] [SEVERE ] removing player 3 token from slot 8
[13:24:55.966] [SEVERE ] player 3 placing token on slot 6
[13:24:55.966] [SEVERE ] removing player 3 token from slot 11
[13:24:55.966] [SEVERE ] removing player 3 token from slot 9
[13:24:55.966] [SEVERE ] player 3 placing token on slot 5
[13:24:55.967] [SEVERE ] removing player 3 token from slot 6
[13:24:55.967] [SEVERE ] removing player 3 token from slot 2
[13:24:55.967] [SEVERE ] player 3 placing token on slot 10
[13:24:55.967] [SEVERE ] player 3 placing token on slot 6
[13:24:55.967] [SEVERE ] removing player 3 token from slot 4
[13:24:55.967] [SEVERE ] removing player 3 token from slot 10
[13:24:55.967] [SEVERE ] player 3 placing token on slot 8
[13:24:55.967] [SEVERE ] removing player 3 token from slot 10
[13:24:55.967] [SEVERE ] removing player 3 token from slot 10
[13:24:55.967] [SEVERE ] removing player 3 token from slot 6
[13:24:55.967] [SEVERE ] player 3 placing token on slot 6
[13:24:55.967] [SEVERE ] removing player 3 token from slot 6
[13:24:55.968] [SEVERE ] removing player 3 token from slot 8
[13:24:55.968] [SEVERE ] player 3 placing token on slot 9
[13:24:55.968] [SEVERE ] player 3 placing token on slot 8
[13:24:55.968] [SEVERE ] removing player 3 token from slot 4
[13:24:55.968] [SEVERE ] removing player 3 token from slot 8
[13:24:55.968] [SEVERE ] removing player 3 token from slot 5
[13:24:55.968] [SEVERE ] removing player 3 token from slot 9
[13:24:55.968] [SEVERE ] player 3 placing token on slot 1
[13:24:55.968] [SEVERE ] player 3 placing token on slot 3
[13:24:55.968] [SEVERE ] removing player 3 token from slot 3
[13:24:55.968] [SEVERE ] player 3 placing token on slot 0
[13:24:55.968] [SEVERE ] removing player 3 token from slot 1
[13:24:55.968] [SEVERE ] player 3 placing token on slot 1
[13:24:55.968] [SEVERE ] removing player 3 token from slot 1
[13:24:55.968] [SEVERE ] removing player 3 token from slot 0
[13:24:55.968] [SEVERE ] player 3 placing token on slot 1
[13:24:55.969] [SEVERE ] player 3 placing token on slot 4
[13:24:55.969] [SEVERE ] player 3 placing token on slot 7
[13:24:55.969] [SEVERE ] removing player 3 token from slot 6
[13:24:55.969] [SEVERE ] removing player 3 token from slot 2
[13:24:55.969] [SEVERE ] removing player 3 token from slot 6
[13:24:55.969] [SEVERE ] removing player 3 token from slot 4
[13:24:55.969] [SEVERE ] player 3 placing token on slot 4
[13:24:55.970] [SEVERE ] removing player 3 token from slot 7
[13:24:55.970] [SEVERE ] player 3 placing token on slot 7
[13:24:55.970] [SEVERE ] removing player 3 token from slot 3
[13:24:55.970] [SEVERE ] removing player 3 token from slot 4
[13:24:55.970] [SEVERE ] player 3 placing token on slot 4
[13:24:55.970] [SEVERE ] removing player 3 token from slot 7
[13:24:55.970] [SEVERE ] removing player 3 token from slot 1
[13:24:55.970] [SEVERE ] player 3 placing token on slot 8
[13:24:55.970] [SEVERE ] player 3 placing token on slot 7
[13:24:55.971] [SEVERE ] removing player 3 token from slot 9
[13:24:55.971] [SEVERE ] removing player 3 token from slot 9
[13:24:55.971] [SEVERE ] removing player 3 token from slot 5
[13:24:55.971] [SEVERE ] removing player 3 token from slot 8
[13:24:55.971] [SEVERE ] removing player 3 token from slot 4
[13:24:55.971] [SEVERE ] player 3 placing token on slot 8
[13:24:55.971] [SEVERE ] removing player 3 token from slot 7
[13:24:55.971] [SEVERE ] removing player 3 token from slot 8
[13:24:55.971] [SEVERE ] player 3 placing token on slot 5
[13:24:55.971] [SEVERE ] player 3 placing token on slot 0
[13:24:55.971] [SEVERE ] player 3 placing token on slot 2
[13:24:55.972] [SEVERE ] removing player 3 token from slot 9
[13:24:55.972] [SEVERE ] removing player 3 token from slot 10
[13:24:55.972] [SEVERE ] removing player 3 token from slot 10
[13:24:55.972] [SEVERE ] removing player 3 token from slot 2
[13:24:55.972] [SEVERE ] player 3 placing token on slot 2
[13:24:55.972] [SEVERE ] removing player 3 token from slot 2
[13:24:55.972] [SEVERE ] removing player 3 token from slot 5
[13:24:55.972] [SEVERE ] player 3 placing token on slot 10
[13:24:55.972] [SEVERE ] removing player 3 token from slot 10
[13:24:55.972] [SEVERE ] player 3 placing token on slot 3
[13:24:55.972] [SEVERE ] player 3 placing token on slot 4
[13:24:55.972] [SEVERE ] removing player 3 token from slot 2
[13:24:55.973] [SEVERE ] removing player 3 token from slot 5
[13:24:55.973] [SEVERE ] removing player 3 token from slot 6
[13:24:55.973] [SEVERE ] removing player 3 token from slot 4
[13:24:55.973] [SEVERE ] removing player 3 token from slot 0
[13:24:55.973] [SEVERE ] player 3 placing token on slot 0
[13:24:55.973] [SEVERE ] player 3 placing token on slot 7
[13:24:55.973] [SEVERE ] removing player 3 token from slot 4
[13:24:55.973] [SEVERE ] removing player 3 token from slot 5
[13:24:55.973] [SEVERE ] removing player 3 token from slot 8
[13:24:55.974] [SEVERE ] removing player 3 token from slot 7
[13:24:55.974] [SEVERE ] removing player 3 token from slot 3
[13:24:55.974] [SEVERE ] player 3 placing token on slot 7
[13:24:55.974] [SEVERE ] removing player 3 token from slot 0
[13:24:55.974] [SEVERE ] player 3 placing token on slot 2
[13:24:55.974] [SEVERE ] player 3 placing token on slot 8
[13:24:55.974] [SEVERE ] removing player 3 token from slot 8
[13:24:55.974] [SEVERE ] player 3 placing token on slot 3
[13:24:55.974] [SEVERE ] setting player 3 score to 1
[13:24:55.974] [SEVERE ] removing player 3 token from slot 7
[13:24:55.975] [SEVERE ] removing player 3 token from slot 2
[13:24:55.975] [SEVERE ] removing player 3 token from slot 3
[13:24:55.975] [SEVERE ] player 3 placing token on slot 4
[13:24:55.975] [SEVERE ] player 3 placing token on slot 7
[13:24:55.975] [SEVERE ] player 3 placing token on slot 10
[13:24:56.080] [SEVERE ] removing card from slot 7
[13:24:56.143] [SEVERE ] updating countdown to 59000
[13:24:56.191] [SEVERE ] removing card from slot 2
[13:24:56.299] [SEVERE ] removing card from slot 3
[13:24:56.411] [SEVERE ] placing card 31 in slot 7
[13:24:56.523] [SEVERE ] placing card 2 in slot 2
[13:24:56.635] [SEVERE ] placing card 8 in slot 3
[13:24:56.635] [SEVERE ] removing player 3 token from slot 4
[13:24:57.158] [SEVERE ] updating countdown to 59000
[13:24:58.170] [SEVERE ] updating countdown to 58000
[13:24:58.888] [SEVERE ] exit button pressed
[13:24:58.888] [INFO   ] thread computer-2 terminated.
[13:24:58.888] [SEVERE ] removing player 1 token from slot 0
[13:24:58.888] [INFO   ] thread computer-0 terminated.
[13:24:58.888] [INFO   ] thread computer-1 terminated.
[13:24:58.888] [INFO   ] thread computer-3 terminated.
[13:24:58.888] [SEVERE ] removing player 2 token from slot 0
[13:24:58.889] [SEVERE ] removing player 3 token from slot 0
[13:24:58.889] [SEVERE ] removing player 4 token from slot 0
[13:24:59.004] [SEVERE ] removing card from slot 0
[13:24:59.005] [SEVERE ] removing player 1 token from slot 6
[13:24:59.005] [SEVERE ] removing player 2 token from slot 6
[13:24:59.005] [SEVERE ] removing player 3 token from slot 6
[13:24:59.005] [SEVERE ] removing player 4 token from slot 6
[13:24:59.116] [SEVERE ] removing card from slot 6
[13:24:59.116] [SEVERE ] removing player 1 token from slot 7
[13:24:59.116] [SEVERE ] removing player 2 token from slot 7
[13:24:59.117] [SEVERE ] removing player 3 token from slot 7
[13:24:59.117] [SEVERE ] removing player 4 token from slot 7
[13:24:59.226] [SEVERE ] removing card from slot 7
[13:24:59.226] [SEVERE ] removing player 1 token from slot 9
[13:24:59.226] [SEVERE ] removing player 2 token from slot 9
[13:24:59.226] [SEVERE ] removing player 3 token from slot 9
[13:24:59.226] [SEVERE ] removing player 4 token from slot 9
[13:24:59.335] [SEVERE ] removing card from slot 9
[13:24:59.336] [SEVERE ] removing player 1 token from slot 11
[13:24:59.336] [SEVERE ] removing player 2 token from slot 11
[13:24:59.336] [SEVERE ] removing player 3 token from slot 11
[13:24:59.336] [SEVERE ] removing player 4 token from slot 11
[13:24:59.445] [SEVERE ] removing card from slot 11
[13:24:59.445] [SEVERE ] removing player 1 token from slot 2
[13:24:59.445] [SEVERE ] removing player 2 token from slot 2
[13:24:59.445] [SEVERE ] removing player 3 token from slot 2
[13:24:59.445] [SEVERE ] removing player 4 token from slot 2
[13:24:59.553] [SEVERE ] removing card from slot 2
[13:24:59.553] [SEVERE ] removing player 1 token from slot 4
[13:24:59.553] [SEVERE ] removing player 2 token from slot 4
[13:24:59.553] [SEVERE ] removing player 3 token from slot 4
[13:24:59.553] [SEVERE ] removing player 4 token from slot 4
[13:24:59.662] [SEVERE ] removing card from slot 4
[13:24:59.662] [SEVERE ] removing player 1 token from slot 8
[13:24:59.662] [SEVERE ] removing player 2 token from slot 8
[13:24:59.662] [SEVERE ] removing player 3 token from slot 8
[13:24:59.662] [SEVERE ] removing player 4 token from slot 8
[13:24:59.772] [SEVERE ] removing card from slot 8
[13:24:59.772] [SEVERE ] removing player 1 token from slot 5
[13:24:59.773] [SEVERE ] removing player 2 token from slot 5
[13:24:59.773] [SEVERE ] removing player 3 token from slot 5
[13:24:59.773] [SEVERE ] removing player 4 token from slot 5
[13:24:59.881] [SEVERE ] removing card from slot 5
[13:24:59.881] [SEVERE ] removing player 1 token from slot 10
[13:24:59.881] [SEVERE ] removing player 2 token from slot 10
[13:24:59.881] [SEVERE ] removing player 3 token from slot 10
[13:24:59.881] [SEVERE ] removing player 4 token from slot 10
