[13:07:19.695] [INFO   ] thread main starting.
[13:07:19.701] [SEVERE ] cannot read configuration file config.properties trying from resources.
[13:07:19.706] [SEVERE ] configuration file was loaded from resources directory.
[13:07:20.326] [INFO   ] thread dealer starting.
[13:07:20.327] [INFO   ] thread dealer starting.
[13:07:20.328] [INFO   ] thread player0Thread starting.
[13:07:20.328] [INFO   ] thread player1Thread starting.
[13:07:20.435] [SEVERE ] placing card 7 in slot 2
[13:07:20.561] [SEVERE ] placing card 9 in slot 5
[13:07:20.673] [SEVERE ] placing card 45 in slot 4
[13:07:20.783] [SEVERE ] placing card 48 in slot 0
[13:07:20.894] [SEVERE ] placing card 0 in slot 6
[13:07:21.005] [SEVERE ] placing card 2 in slot 1
[13:07:21.114] [SEVERE ] placing card 80 in slot 9
[13:07:21.224] [SEVERE ] placing card 77 in slot 8
[13:07:21.336] [SEVERE ] placing card 6 in slot 10
[13:07:21.448] [SEVERE ] placing card 52 in slot 11
[13:07:21.558] [SEVERE ] placing card 4 in slot 7
[13:07:21.668] [SEVERE ] placing card 1 in slot 3
[13:07:21.681] [SEVERE ] updating countdown to 10000
[13:07:22.689] [SEVERE ] updating countdown to 9000
[13:07:23.696] [SEVERE ] updating countdown to 8000
[13:07:24.710] [SEVERE ] updating countdown to 7000
[13:07:25.719] [SEVERE ] updating countdown to 6000
[13:07:26.731] [SEVERE ] updating countdown to 5000
[13:07:28.293] [SEVERE ] updating countdown to 4000
[13:07:29.858] [SEVERE ] updating countdown to 3000
[13:07:31.428] [SEVERE ] updating countdown to 2000
[13:07:33.001] [SEVERE ] updating countdown to 1000
[13:07:34.566] [SEVERE ] updating countdown to 0
[13:07:34.569] [SEVERE ] removing player 1 token from slot 8
[13:07:34.570] [SEVERE ] removing player 2 token from slot 8
[13:07:34.675] [SEVERE ] removing card from slot 8
[13:07:34.676] [SEVERE ] removing player 1 token from slot 5
[13:07:34.676] [SEVERE ] removing player 2 token from slot 5
[13:07:34.786] [SEVERE ] removing card from slot 5
[13:07:34.787] [SEVERE ] removing player 1 token from slot 9
[13:07:34.787] [SEVERE ] removing player 2 token from slot 9
[13:07:34.896] [SEVERE ] removing card from slot 9
[13:07:34.897] [SEVERE ] removing player 1 token from slot 11
[13:07:34.897] [SEVERE ] removing player 2 token from slot 11
[13:07:35.007] [SEVERE ] removing card from slot 11
[13:07:35.008] [SEVERE ] removing player 1 token from slot 3
[13:07:35.008] [SEVERE ] removing player 2 token from slot 3
[13:07:35.118] [SEVERE ] removing card from slot 3
[13:07:35.119] [SEVERE ] removing player 1 token from slot 4
[13:07:35.119] [SEVERE ] removing player 2 token from slot 4
[13:07:35.227] [SEVERE ] removing card from slot 4
[13:07:35.228] [SEVERE ] removing player 1 token from slot 1
[13:07:35.228] [SEVERE ] removing player 2 token from slot 1
[13:07:35.336] [SEVERE ] removing card from slot 1
[13:07:35.336] [SEVERE ] removing player 1 token from slot 6
[13:07:35.337] [SEVERE ] removing player 2 token from slot 6
[13:07:35.447] [SEVERE ] removing card from slot 6
[13:07:35.448] [SEVERE ] removing player 1 token from slot 7
[13:07:35.448] [SEVERE ] removing player 2 token from slot 7
[13:07:35.558] [SEVERE ] removing card from slot 7
[13:07:35.559] [SEVERE ] removing player 1 token from slot 10
[13:07:35.559] [SEVERE ] removing player 2 token from slot 10
[13:07:35.670] [SEVERE ] removing card from slot 10
[13:07:35.671] [SEVERE ] removing player 1 token from slot 2
[13:07:35.671] [SEVERE ] removing player 2 token from slot 2
[13:07:35.782] [SEVERE ] removing card from slot 2
[13:07:35.783] [SEVERE ] removing player 1 token from slot 0
[13:07:35.783] [SEVERE ] removing player 2 token from slot 0
[13:07:35.893] [SEVERE ] removing card from slot 0
[13:07:36.005] [SEVERE ] placing card 16 in slot 0
[13:07:36.116] [SEVERE ] placing card 7 in slot 8
[13:07:36.227] [SEVERE ] placing card 26 in slot 1
[13:07:36.337] [SEVERE ] placing card 59 in slot 6
[13:07:36.449] [SEVERE ] placing card 58 in slot 3
[13:07:36.559] [SEVERE ] placing card 48 in slot 11
[13:07:36.667] [SEVERE ] placing card 31 in slot 9
[13:07:36.777] [SEVERE ] placing card 45 in slot 2
[13:07:36.888] [SEVERE ] placing card 36 in slot 10
[13:07:36.999] [SEVERE ] placing card 2 in slot 4
[13:07:37.108] [SEVERE ] placing card 0 in slot 5
[13:07:37.218] [SEVERE ] placing card 79 in slot 7
[13:07:37.221] [SEVERE ] updating countdown to 10000
[13:07:38.229] [SEVERE ] updating countdown to 9000
[13:07:39.243] [SEVERE ] updating countdown to 8000
[13:07:40.244] [SEVERE ] updating countdown to 7000
[13:07:41.247] [SEVERE ] updating countdown to 6000
[13:07:42.252] [SEVERE ] updating countdown to 5000
[13:07:43.822] [SEVERE ] updating countdown to 4000
[13:07:45.385] [SEVERE ] updating countdown to 3000
[13:07:47.069] [SEVERE ] updating countdown to 2000
[13:07:48.652] [SEVERE ] updating countdown to 1000
[13:07:50.219] [SEVERE ] updating countdown to 0
[13:07:50.220] [SEVERE ] removing player 1 token from slot 6
[13:07:50.220] [SEVERE ] removing player 2 token from slot 6
[13:07:50.329] [SEVERE ] removing card from slot 6
[13:07:50.329] [SEVERE ] removing player 1 token from slot 0
[13:07:50.329] [SEVERE ] removing player 2 token from slot 0
[13:07:50.440] [SEVERE ] removing card from slot 0
[13:07:50.440] [SEVERE ] removing player 1 token from slot 9
[13:07:50.440] [SEVERE ] removing player 2 token from slot 9
[13:07:50.550] [SEVERE ] removing card from slot 9
[13:07:50.550] [SEVERE ] removing player 1 token from slot 8
[13:07:50.550] [SEVERE ] removing player 2 token from slot 8
[13:07:50.660] [SEVERE ] removing card from slot 8
[13:07:50.660] [SEVERE ] removing player 1 token from slot 3
[13:07:50.660] [SEVERE ] removing player 2 token from slot 3
[13:07:50.769] [SEVERE ] removing card from slot 3
[13:07:50.769] [SEVERE ] removing player 1 token from slot 5
[13:07:50.769] [SEVERE ] removing player 2 token from slot 5
[13:07:50.878] [SEVERE ] removing card from slot 5
[13:07:50.878] [SEVERE ] removing player 1 token from slot 4
[13:07:50.878] [SEVERE ] removing player 2 token from slot 4
[13:07:50.986] [SEVERE ] removing card from slot 4
[13:07:50.986] [SEVERE ] removing player 1 token from slot 2
[13:07:50.986] [SEVERE ] removing player 2 token from slot 2
[13:07:51.094] [SEVERE ] removing card from slot 2
[13:07:51.094] [SEVERE ] removing player 1 token from slot 7
[13:07:51.094] [SEVERE ] removing player 2 token from slot 7
[13:07:51.203] [SEVERE ] removing card from slot 7
[13:07:51.203] [SEVERE ] removing player 1 token from slot 10
[13:07:51.203] [SEVERE ] removing player 2 token from slot 10
[13:07:51.314] [SEVERE ] removing card from slot 10
[13:07:51.314] [SEVERE ] removing player 1 token from slot 1
[13:07:51.314] [SEVERE ] removing player 2 token from slot 1
[13:07:51.424] [SEVERE ] removing card from slot 1
[13:07:51.425] [SEVERE ] removing player 1 token from slot 11
[13:07:51.425] [SEVERE ] removing player 2 token from slot 11
[13:07:51.533] [SEVERE ] removing card from slot 11
[13:07:51.644] [SEVERE ] placing card 75 in slot 4
[13:07:51.752] [SEVERE ] placing card 69 in slot 7
[13:07:51.863] [SEVERE ] placing card 6 in slot 9
[13:07:51.971] [SEVERE ] placing card 1 in slot 5
[13:07:52.081] [SEVERE ] placing card 42 in slot 6
[13:07:52.191] [SEVERE ] placing card 22 in slot 10
[13:07:52.301] [SEVERE ] placing card 79 in slot 3
[13:07:52.410] [SEVERE ] placing card 14 in slot 11
[13:07:52.521] [SEVERE ] placing card 7 in slot 8
[13:07:52.630] [SEVERE ] placing card 57 in slot 1
[13:07:52.740] [SEVERE ] placing card 46 in slot 2
[13:07:52.851] [SEVERE ] placing card 50 in slot 0
[13:07:52.854] [SEVERE ] updating countdown to 10000
[13:07:53.868] [SEVERE ] updating countdown to 9000
[13:07:54.872] [SEVERE ] updating countdown to 8000
[13:07:55.874] [SEVERE ] updating countdown to 7000
[13:07:56.889] [SEVERE ] updating countdown to 6000
[13:07:57.898] [SEVERE ] updating countdown to 5000
[13:07:59.476] [SEVERE ] updating countdown to 4000
[13:08:01.053] [SEVERE ] updating countdown to 3000
[13:08:02.629] [SEVERE ] updating countdown to 2000
[13:08:04.187] [SEVERE ] updating countdown to 1000
[13:08:05.757] [SEVERE ] updating countdown to 0
[13:08:05.759] [SEVERE ] removing player 1 token from slot 4
[13:08:05.759] [SEVERE ] removing player 2 token from slot 4
[13:08:05.866] [SEVERE ] removing card from slot 4
[13:08:05.867] [SEVERE ] removing player 1 token from slot 10
[13:08:05.867] [SEVERE ] removing player 2 token from slot 10
[13:08:05.978] [SEVERE ] removing card from slot 10
[13:08:05.979] [SEVERE ] removing player 1 token from slot 9
[13:08:05.979] [SEVERE ] removing player 2 token from slot 9
[13:08:06.087] [SEVERE ] removing card from slot 9
[13:08:06.087] [SEVERE ] removing player 1 token from slot 8
[13:08:06.088] [SEVERE ] removing player 2 token from slot 8
[13:08:06.198] [SEVERE ] removing card from slot 8
[13:08:06.199] [SEVERE ] removing player 1 token from slot 6
[13:08:06.200] [SEVERE ] removing player 2 token from slot 6
[13:08:06.308] [SEVERE ] removing card from slot 6
[13:08:06.309] [SEVERE ] removing player 1 token from slot 1
[13:08:06.309] [SEVERE ] removing player 2 token from slot 1
[13:08:06.417] [SEVERE ] removing card from slot 1
[13:08:06.417] [SEVERE ] removing player 1 token from slot 7
[13:08:06.417] [SEVERE ] removing player 2 token from slot 7
[13:08:06.526] [SEVERE ] removing card from slot 7
[13:08:06.526] [SEVERE ] removing player 1 token from slot 11
[13:08:06.526] [SEVERE ] removing player 2 token from slot 11
[13:08:06.634] [SEVERE ] removing card from slot 11
[13:08:06.634] [SEVERE ] removing player 1 token from slot 2
[13:08:06.634] [SEVERE ] removing player 2 token from slot 2
[13:08:06.743] [SEVERE ] removing card from slot 2
[13:08:06.743] [SEVERE ] removing player 1 token from slot 0
[13:08:06.743] [SEVERE ] removing player 2 token from slot 0
[13:08:06.853] [SEVERE ] removing card from slot 0
[13:08:06.854] [SEVERE ] removing player 1 token from slot 3
[13:08:06.854] [SEVERE ] removing player 2 token from slot 3
[13:08:06.964] [SEVERE ] removing card from slot 3
[13:08:06.964] [SEVERE ] removing player 1 token from slot 5
[13:08:06.964] [SEVERE ] removing player 2 token from slot 5
[13:08:07.073] [SEVERE ] removing card from slot 5
[13:08:07.183] [SEVERE ] placing card 1 in slot 10
[13:08:07.295] [SEVERE ] placing card 7 in slot 4
[13:08:07.404] [SEVERE ] placing card 66 in slot 9
[13:08:07.512] [SEVERE ] placing card 12 in slot 3
[13:08:07.622] [SEVERE ] placing card 75 in slot 7
[13:08:07.732] [SEVERE ] placing card 71 in slot 0
[13:08:07.842] [SEVERE ] placing card 40 in slot 8
[13:08:07.953] [SEVERE ] placing card 67 in slot 11
[13:08:08.062] [SEVERE ] placing card 63 in slot 5
[13:08:08.171] [SEVERE ] placing card 3 in slot 6
[13:08:08.280] [SEVERE ] placing card 34 in slot 1
[13:08:08.389] [SEVERE ] placing card 15 in slot 2
[13:08:08.390] [SEVERE ] updating countdown to 10000
[13:08:09.407] [SEVERE ] updating countdown to 9000
[13:08:10.411] [SEVERE ] updating countdown to 8000
[13:08:11.423] [SEVERE ] updating countdown to 7000
[13:08:12.427] [SEVERE ] updating countdown to 6000
[13:08:13.429] [SEVERE ] updating countdown to 5000
[13:08:15.002] [SEVERE ] updating countdown to 4000
[13:08:16.565] [SEVERE ] updating countdown to 3000
[13:08:18.137] [SEVERE ] updating countdown to 2000
[13:08:19.700] [SEVERE ] updating countdown to 1000
[13:08:21.259] [SEVERE ] updating countdown to 0
[13:08:21.259] [SEVERE ] removing player 1 token from slot 8
[13:08:21.259] [SEVERE ] removing player 2 token from slot 8
[13:08:21.367] [SEVERE ] removing card from slot 8
[13:08:21.368] [SEVERE ] removing player 1 token from slot 10
[13:08:21.368] [SEVERE ] removing player 2 token from slot 10
[13:08:21.476] [SEVERE ] removing card from slot 10
[13:08:21.476] [SEVERE ] removing player 1 token from slot 9
[13:08:21.476] [SEVERE ] removing player 2 token from slot 9
[13:08:21.585] [SEVERE ] removing card from slot 9
[13:08:21.585] [SEVERE ] removing player 1 token from slot 6
[13:08:21.585] [SEVERE ] removing player 2 token from slot 6
[13:08:21.695] [SEVERE ] removing card from slot 6
[13:08:21.695] [SEVERE ] removing player 1 token from slot 5
[13:08:21.695] [SEVERE ] removing player 2 token from slot 5
[13:08:21.804] [SEVERE ] removing card from slot 5
[13:08:21.804] [SEVERE ] removing player 1 token from slot 4
[13:08:21.804] [SEVERE ] removing player 2 token from slot 4
[13:08:21.912] [SEVERE ] removing card from slot 4
[13:08:21.912] [SEVERE ] removing player 1 token from slot 3
[13:08:21.912] [SEVERE ] removing player 2 token from slot 3
[13:08:22.021] [SEVERE ] removing card from slot 3
[13:08:22.021] [SEVERE ] removing player 1 token from slot 11
[13:08:22.021] [SEVERE ] removing player 2 token from slot 11
[13:08:22.130] [SEVERE ] removing card from slot 11
[13:08:22.130] [SEVERE ] removing player 1 token from slot 7
[13:08:22.130] [SEVERE ] removing player 2 token from slot 7
[13:08:22.240] [SEVERE ] removing card from slot 7
[13:08:22.240] [SEVERE ] removing player 1 token from slot 0
[13:08:22.240] [SEVERE ] removing player 2 token from slot 0
[13:08:22.348] [SEVERE ] removing card from slot 0
[13:08:22.348] [SEVERE ] removing player 1 token from slot 1
[13:08:22.348] [SEVERE ] removing player 2 token from slot 1
[13:08:22.457] [SEVERE ] removing card from slot 1
[13:08:22.457] [SEVERE ] removing player 1 token from slot 2
[13:08:22.457] [SEVERE ] removing player 2 token from slot 2
[13:08:22.567] [SEVERE ] removing card from slot 2
[13:08:22.677] [SEVERE ] placing card 65 in slot 7
[13:08:22.785] [SEVERE ] placing card 14 in slot 4
[13:08:22.897] [SEVERE ] placing card 15 in slot 0
[13:08:23.008] [SEVERE ] placing card 68 in slot 3
[13:08:23.118] [SEVERE ] placing card 32 in slot 11
[13:08:23.228] [SEVERE ] placing card 79 in slot 2
[13:08:23.338] [SEVERE ] placing card 61 in slot 1
[13:08:23.447] [SEVERE ] placing card 46 in slot 10
[13:08:23.557] [SEVERE ] placing card 78 in slot 5
[13:08:23.667] [SEVERE ] placing card 42 in slot 8
[13:08:23.776] [SEVERE ] placing card 72 in slot 6
[13:08:23.884] [SEVERE ] placing card 16 in slot 9
[13:08:23.885] [SEVERE ] updating countdown to 10000
[13:08:24.898] [SEVERE ] updating countdown to 9000
[13:08:25.913] [SEVERE ] updating countdown to 8000
[13:08:26.914] [SEVERE ] updating countdown to 7000
[13:08:27.927] [SEVERE ] updating countdown to 6000
[13:08:28.941] [SEVERE ] updating countdown to 5000
[13:08:30.502] [SEVERE ] updating countdown to 4000
[13:08:32.066] [SEVERE ] updating countdown to 3000
[13:08:33.630] [SEVERE ] updating countdown to 2000
[13:08:35.205] [SEVERE ] updating countdown to 1000
[13:08:36.775] [SEVERE ] updating countdown to 0
[13:08:36.775] [SEVERE ] removing player 1 token from slot 0
[13:08:36.775] [SEVERE ] removing player 2 token from slot 0
[13:08:36.883] [SEVERE ] removing card from slot 0
[13:08:36.883] [SEVERE ] removing player 1 token from slot 7
[13:08:36.883] [SEVERE ] removing player 2 token from slot 7
[13:08:36.993] [SEVERE ] removing card from slot 7
[13:08:36.993] [SEVERE ] removing player 1 token from slot 2
[13:08:36.994] [SEVERE ] removing player 2 token from slot 2
[13:08:37.104] [SEVERE ] removing card from slot 2
[13:08:37.104] [SEVERE ] removing player 1 token from slot 4
[13:08:37.105] [SEVERE ] removing player 2 token from slot 4
[13:08:37.214] [SEVERE ] removing card from slot 4
[13:08:37.215] [SEVERE ] removing player 1 token from slot 6
[13:08:37.215] [SEVERE ] removing player 2 token from slot 6
[13:08:37.322] [SEVERE ] removing card from slot 6
[13:08:37.322] [SEVERE ] removing player 1 token from slot 11
[13:08:37.323] [SEVERE ] removing player 2 token from slot 11
[13:08:37.431] [SEVERE ] removing card from slot 11
[13:08:37.432] [SEVERE ] removing player 1 token from slot 1
[13:08:37.432] [SEVERE ] removing player 2 token from slot 1
[13:08:37.542] [SEVERE ] removing card from slot 1
[13:08:37.542] [SEVERE ] removing player 1 token from slot 5
[13:08:37.542] [SEVERE ] removing player 2 token from slot 5
[13:08:37.652] [SEVERE ] removing card from slot 5
[13:08:37.652] [SEVERE ] removing player 1 token from slot 3
[13:08:37.653] [SEVERE ] removing player 2 token from slot 3
[13:08:37.763] [SEVERE ] removing card from slot 3
[13:08:37.763] [SEVERE ] removing player 1 token from slot 10
[13:08:37.763] [SEVERE ] removing player 2 token from slot 10
[13:08:37.872] [SEVERE ] removing card from slot 10
[13:08:37.872] [SEVERE ] removing player 1 token from slot 8
[13:08:37.872] [SEVERE ] removing player 2 token from slot 8
[13:08:37.980] [SEVERE ] removing card from slot 8
[13:08:37.980] [SEVERE ] removing player 1 token from slot 9
[13:08:37.981] [SEVERE ] removing player 2 token from slot 9
[13:08:38.090] [SEVERE ] removing card from slot 9
[13:08:38.200] [SEVERE ] placing card 2 in slot 1
[13:08:38.311] [SEVERE ] placing card 9 in slot 4
[13:08:38.420] [SEVERE ] placing card 32 in slot 6
[13:08:38.530] [SEVERE ] placing card 55 in slot 11
[13:08:38.639] [SEVERE ] placing card 41 in slot 3
[13:08:38.751] [SEVERE ] placing card 3 in slot 5
[13:08:38.861] [SEVERE ] placing card 51 in slot 0
[13:08:38.969] [SEVERE ] placing card 71 in slot 9
[13:08:39.080] [SEVERE ] placing card 21 in slot 8
[13:08:39.190] [SEVERE ] placing card 28 in slot 7
[13:08:39.299] [SEVERE ] placing card 76 in slot 10
[13:08:39.410] [SEVERE ] placing card 54 in slot 2
[13:08:39.412] [SEVERE ] updating countdown to 10000
[13:08:40.416] [SEVERE ] updating countdown to 9000
[13:08:41.425] [SEVERE ] updating countdown to 8000
[13:08:42.434] [SEVERE ] updating countdown to 7000
[13:08:43.438] [SEVERE ] updating countdown to 6000
[13:08:44.443] [SEVERE ] updating countdown to 5000
[13:08:46.006] [SEVERE ] updating countdown to 4000
[13:08:47.576] [SEVERE ] updating countdown to 3000
[13:08:49.147] [SEVERE ] updating countdown to 2000
[13:08:50.730] [SEVERE ] updating countdown to 1000
[13:08:52.296] [SEVERE ] updating countdown to 0
[13:08:52.299] [SEVERE ] removing player 1 token from slot 7
[13:08:52.299] [SEVERE ] removing player 2 token from slot 7
[13:08:52.406] [SEVERE ] removing card from slot 7
[13:08:52.406] [SEVERE ] removing player 1 token from slot 6
[13:08:52.407] [SEVERE ] removing player 2 token from slot 6
[13:08:52.517] [SEVERE ] removing card from slot 6
[13:08:52.518] [SEVERE ] removing player 1 token from slot 11
[13:08:52.518] [SEVERE ] removing player 2 token from slot 11
[13:08:52.627] [SEVERE ] removing card from slot 11
[13:08:52.628] [SEVERE ] removing player 1 token from slot 3
[13:08:52.628] [SEVERE ] removing player 2 token from slot 3
[13:08:52.737] [SEVERE ] removing card from slot 3
[13:08:52.737] [SEVERE ] removing player 1 token from slot 10
[13:08:52.738] [SEVERE ] removing player 2 token from slot 10
[13:08:52.847] [SEVERE ] removing card from slot 10
[13:08:52.848] [SEVERE ] removing player 1 token from slot 5
[13:08:52.848] [SEVERE ] removing player 2 token from slot 5
[13:08:52.955] [SEVERE ] removing card from slot 5
[13:08:52.955] [SEVERE ] removing player 1 token from slot 8
[13:08:52.955] [SEVERE ] removing player 2 token from slot 8
[13:08:53.064] [SEVERE ] removing card from slot 8
[13:08:53.064] [SEVERE ] removing player 1 token from slot 4
[13:08:53.064] [SEVERE ] removing player 2 token from slot 4
[13:08:53.174] [SEVERE ] removing card from slot 4
[13:08:53.174] [SEVERE ] removing player 1 token from slot 9
[13:08:53.174] [SEVERE ] removing player 2 token from slot 9
[13:08:53.283] [SEVERE ] removing card from slot 9
[13:08:53.283] [SEVERE ] removing player 1 token from slot 1
[13:08:53.283] [SEVERE ] removing player 2 token from slot 1
[13:08:53.395] [SEVERE ] removing card from slot 1
[13:08:53.395] [SEVERE ] removing player 1 token from slot 2
[13:08:53.395] [SEVERE ] removing player 2 token from slot 2
[13:08:53.503] [SEVERE ] removing card from slot 2
[13:08:53.503] [SEVERE ] removing player 1 token from slot 0
[13:08:53.503] [SEVERE ] removing player 2 token from slot 0
[13:08:53.613] [SEVERE ] removing card from slot 0
[13:08:53.723] [SEVERE ] placing card 80 in slot 6
[13:08:53.833] [SEVERE ] placing card 2 in slot 3
[13:08:53.943] [SEVERE ] placing card 14 in slot 5
[13:08:54.054] [SEVERE ] placing card 16 in slot 10
[13:08:54.164] [SEVERE ] placing card 56 in slot 2
[13:08:54.275] [SEVERE ] placing card 59 in slot 1
[13:08:54.385] [SEVERE ] placing card 42 in slot 7
[13:08:54.495] [SEVERE ] placing card 19 in slot 8
[13:08:54.604] [SEVERE ] placing card 3 in slot 9
[13:08:54.713] [SEVERE ] placing card 72 in slot 4
[13:08:54.822] [SEVERE ] placing card 70 in slot 0
[13:08:54.932] [SEVERE ] placing card 31 in slot 11
[13:08:54.934] [SEVERE ] updating countdown to 10000
[13:08:55.941] [SEVERE ] updating countdown to 9000
[13:08:56.947] [SEVERE ] updating countdown to 8000
[13:08:57.956] [SEVERE ] updating countdown to 7000
[13:08:58.964] [SEVERE ] updating countdown to 6000
[13:08:59.973] [SEVERE ] updating countdown to 5000
[13:09:01.551] [SEVERE ] updating countdown to 4000
[13:09:03.121] [SEVERE ] updating countdown to 3000
[13:09:04.696] [SEVERE ] updating countdown to 2000
[13:09:06.264] [SEVERE ] updating countdown to 1000
[13:09:07.839] [SEVERE ] updating countdown to 0
[13:09:07.840] [SEVERE ] removing player 1 token from slot 8
[13:09:07.840] [SEVERE ] removing player 2 token from slot 8
[13:09:07.951] [SEVERE ] removing card from slot 8
[13:09:07.951] [SEVERE ] removing player 1 token from slot 11
[13:09:07.951] [SEVERE ] removing player 2 token from slot 11
[13:09:08.063] [SEVERE ] removing card from slot 11
[13:09:08.063] [SEVERE ] removing player 1 token from slot 1
[13:09:08.063] [SEVERE ] removing player 2 token from slot 1
[13:09:08.171] [SEVERE ] removing card from slot 1
[13:09:08.171] [SEVERE ] removing player 1 token from slot 3
[13:09:08.171] [SEVERE ] removing player 2 token from slot 3
[13:09:08.280] [SEVERE ] removing card from slot 3
[13:09:08.280] [SEVERE ] removing player 1 token from slot 10
[13:09:08.280] [SEVERE ] removing player 2 token from slot 10
[13:09:08.391] [SEVERE ] removing card from slot 10
[13:09:08.391] [SEVERE ] removing player 1 token from slot 7
[13:09:08.392] [SEVERE ] removing player 2 token from slot 7
[13:09:08.501] [SEVERE ] removing card from slot 7
[13:09:08.501] [SEVERE ] removing player 1 token from slot 0
[13:09:08.501] [SEVERE ] removing player 2 token from slot 0
[13:09:08.611] [SEVERE ] removing card from slot 0
[13:09:08.611] [SEVERE ] removing player 1 token from slot 5
[13:09:08.611] [SEVERE ] removing player 2 token from slot 5
[13:09:08.722] [SEVERE ] removing card from slot 5
[13:09:08.722] [SEVERE ] removing player 1 token from slot 2
[13:09:08.723] [SEVERE ] removing player 2 token from slot 2
[13:09:08.833] [SEVERE ] removing card from slot 2
[13:09:08.833] [SEVERE ] removing player 1 token from slot 6
[13:09:08.833] [SEVERE ] removing player 2 token from slot 6
[13:09:08.943] [SEVERE ] removing card from slot 6
[13:09:08.943] [SEVERE ] removing player 1 token from slot 9
[13:09:08.943] [SEVERE ] removing player 2 token from slot 9
[13:09:09.052] [SEVERE ] removing card from slot 9
[13:09:09.052] [SEVERE ] removing player 1 token from slot 4
[13:09:09.052] [SEVERE ] removing player 2 token from slot 4
[13:09:09.161] [SEVERE ] removing card from slot 4
[13:09:09.270] [SEVERE ] placing card 31 in slot 11
[13:09:09.380] [SEVERE ] placing card 34 in slot 1
[13:09:09.490] [SEVERE ] placing card 41 in slot 6
[13:09:09.601] [SEVERE ] placing card 48 in slot 9
[13:09:09.711] [SEVERE ] placing card 2 in slot 10
[13:09:09.820] [SEVERE ] placing card 77 in slot 7
[13:09:09.930] [SEVERE ] placing card 3 in slot 3
[13:09:10.039] [SEVERE ] placing card 25 in slot 2
[13:09:10.147] [SEVERE ] placing card 10 in slot 8
[13:09:10.257] [SEVERE ] placing card 32 in slot 5
[13:09:10.368] [SEVERE ] placing card 43 in slot 4
[13:09:10.478] [SEVERE ] placing card 64 in slot 0
[13:09:10.479] [SEVERE ] updating countdown to 10000
[13:09:11.493] [SEVERE ] updating countdown to 9000
[13:09:12.505] [SEVERE ] updating countdown to 8000
[13:09:13.509] [SEVERE ] updating countdown to 7000
[13:09:13.928] [SEVERE ] exit button pressed
[13:09:13.928] [INFO   ] thread player1Thread terminated.
[13:09:13.928] [INFO   ] thread player0Thread terminated.
[13:09:13.929] [INFO   ] thread dealer terminated.
[13:09:13.929] [SEVERE ] thanks for playing... it was fun!
[13:09:13.929] [INFO   ] thread main terminated.
