[13:12:02.816] [INFO   ] thread main starting.
[13:12:02.823] [SEVERE ] cannot read configuration file config.properties trying from resources.
[13:12:02.826] [SEVERE ] configuration file was loaded from resources directory.
[13:12:03.493] [INFO   ] thread dealer starting.
[13:12:03.494] [INFO   ] thread dealer starting.
[13:12:03.494] [INFO   ] thread player0Thread starting.
[13:12:03.494] [INFO   ] thread player1Thread starting.
[13:12:03.605] [SEVERE ] placing card 15 in slot 2
[13:12:03.716] [SEVERE ] placing card 64 in slot 7
[13:12:03.822] [SEVERE ] placing card 66 in slot 8
[13:12:03.946] [SEVERE ] placing card 42 in slot 10
[13:12:04.055] [SEVERE ] placing card 6 in slot 9
[13:12:04.166] [SEVERE ] placing card 52 in slot 0
[13:12:04.277] [SEVERE ] placing card 7 in slot 5
[13:12:04.386] [SEVERE ] placing card 12 in slot 4
[13:12:04.497] [SEVERE ] placing card 18 in slot 1
[13:12:04.609] [SEVERE ] placing card 39 in slot 6
[13:12:04.719] [SEVERE ] placing card 33 in slot 11
[13:12:04.830] [SEVERE ] placing card 29 in slot 3
[13:12:04.839] [SEVERE ] updating countdown to 10000
[13:12:05.852] [SEVERE ] updating countdown to 9000
[13:12:06.866] [SEVERE ] updating countdown to 8000
[13:12:07.876] [SEVERE ] updating countdown to 7000
[13:12:08.885] [SEVERE ] updating countdown to 6000
[13:12:09.888] [SEVERE ] updating countdown to 5000
[13:12:11.452] [SEVERE ] updating countdown to 4000
[13:12:13.015] [SEVERE ] updating countdown to 3000
[13:12:14.583] [SEVERE ] updating countdown to 2000
[13:12:16.144] [SEVERE ] updating countdown to 1000
[13:12:17.715] [SEVERE ] updating countdown to 0
[13:12:17.718] [SEVERE ] removing player 1 token from slot 3
[13:12:17.719] [SEVERE ] removing player 2 token from slot 3
[13:12:17.826] [SEVERE ] removing card from slot 3
[13:12:17.827] [SEVERE ] removing player 1 token from slot 11
[13:12:17.828] [SEVERE ] removing player 2 token from slot 11
[13:12:17.937] [SEVERE ] removing card from slot 11
[13:12:17.938] [SEVERE ] removing player 1 token from slot 6
[13:12:17.938] [SEVERE ] removing player 2 token from slot 6
[13:12:18.048] [SEVERE ] removing card from slot 6
[13:12:18.048] [SEVERE ] removing player 1 token from slot 9
[13:12:18.048] [SEVERE ] removing player 2 token from slot 9
[13:12:18.157] [SEVERE ] removing card from slot 9
[13:12:18.158] [SEVERE ] removing player 1 token from slot 2
[13:12:18.158] [SEVERE ] removing player 2 token from slot 2
[13:12:18.265] [SEVERE ] removing card from slot 2
[13:12:18.266] [SEVERE ] removing player 1 token from slot 7
[13:12:18.266] [SEVERE ] removing player 2 token from slot 7
[13:12:18.375] [SEVERE ] removing card from slot 7
[13:12:18.376] [SEVERE ] removing player 1 token from slot 1
[13:12:18.376] [SEVERE ] removing player 2 token from slot 1
[13:12:18.484] [SEVERE ] removing card from slot 1
[13:12:18.484] [SEVERE ] removing player 1 token from slot 4
[13:12:18.484] [SEVERE ] removing player 2 token from slot 4
[13:12:18.594] [SEVERE ] removing card from slot 4
[13:12:18.594] [SEVERE ] removing player 1 token from slot 10
[13:12:18.595] [SEVERE ] removing player 2 token from slot 10
[13:12:18.706] [SEVERE ] removing card from slot 10
[13:12:18.706] [SEVERE ] removing player 1 token from slot 0
[13:12:18.706] [SEVERE ] removing player 2 token from slot 0
[13:12:18.817] [SEVERE ] removing card from slot 0
[13:12:18.817] [SEVERE ] removing player 1 token from slot 8
[13:12:18.817] [SEVERE ] removing player 2 token from slot 8
[13:12:18.928] [SEVERE ] removing card from slot 8
[13:12:18.928] [SEVERE ] removing player 1 token from slot 5
[13:12:18.928] [SEVERE ] removing player 2 token from slot 5
[13:12:19.038] [SEVERE ] removing card from slot 5
[13:12:19.148] [SEVERE ] placing card 71 in slot 2
[13:12:19.259] [SEVERE ] placing card 78 in slot 9
[13:12:19.369] [SEVERE ] placing card 43 in slot 4
[13:12:19.493] [SEVERE ] placing card 29 in slot 1
[13:12:19.603] [SEVERE ] placing card 44 in slot 0
[13:12:19.711] [SEVERE ] placing card 80 in slot 8
[13:12:19.818] [SEVERE ] placing card 23 in slot 11
[13:12:19.930] [SEVERE ] placing card 63 in slot 10
[13:12:20.040] [SEVERE ] placing card 17 in slot 5
[13:12:20.150] [SEVERE ] placing card 75 in slot 3
[13:12:20.260] [SEVERE ] placing card 2 in slot 7
[13:12:20.370] [SEVERE ] placing card 4 in slot 6
[13:12:20.373] [SEVERE ] updating countdown to 10000
[13:12:21.378] [SEVERE ] updating countdown to 9000
[13:12:22.388] [SEVERE ] updating countdown to 8000
[13:12:23.394] [SEVERE ] updating countdown to 7000
[13:12:24.400] [SEVERE ] updating countdown to 6000
[13:12:25.405] [SEVERE ] updating countdown to 5000
[13:12:26.982] [SEVERE ] updating countdown to 4000
[13:12:28.549] [SEVERE ] updating countdown to 3000
[13:12:30.114] [SEVERE ] updating countdown to 2000
[13:12:31.678] [SEVERE ] updating countdown to 1000
[13:12:31.751] [SEVERE ] exit button pressed
[13:12:31.752] [INFO   ] thread player1Thread terminated.
[13:12:31.752] [INFO   ] thread player0Thread terminated.
[13:12:32.216] [SEVERE ] removing player 1 token from slot 1
[13:12:32.216] [SEVERE ] removing player 2 token from slot 1
[13:12:32.322] [SEVERE ] removing card from slot 1
[13:12:32.323] [SEVERE ] removing player 1 token from slot 4
[13:12:32.323] [SEVERE ] removing player 2 token from slot 4
[13:12:32.433] [SEVERE ] removing card from slot 4
[13:12:32.433] [SEVERE ] removing player 1 token from slot 0
[13:12:32.434] [SEVERE ] removing player 2 token from slot 0
[13:12:32.544] [SEVERE ] removing card from slot 0
[13:12:32.544] [SEVERE ] removing player 1 token from slot 9
[13:12:32.545] [SEVERE ] removing player 2 token from slot 9
[13:12:32.654] [SEVERE ] removing card from slot 9
[13:12:32.655] [SEVERE ] removing player 1 token from slot 8
[13:12:32.655] [SEVERE ] removing player 2 token from slot 8
[13:12:32.765] [SEVERE ] removing card from slot 8
[13:12:32.765] [SEVERE ] removing player 1 token from slot 2
[13:12:32.766] [SEVERE ] removing player 2 token from slot 2
[13:12:32.873] [SEVERE ] removing card from slot 2
[13:12:32.874] [SEVERE ] removing player 1 token from slot 11
[13:12:32.874] [SEVERE ] removing player 2 token from slot 11
[13:12:32.983] [SEVERE ] removing card from slot 11
[13:12:32.983] [SEVERE ] removing player 1 token from slot 7
[13:12:32.984] [SEVERE ] removing player 2 token from slot 7
[13:12:33.093] [SEVERE ] removing card from slot 7
[13:12:33.093] [SEVERE ] removing player 1 token from slot 6
[13:12:33.093] [SEVERE ] removing player 2 token from slot 6
[13:12:33.204] [SEVERE ] removing card from slot 6
[13:12:33.205] [SEVERE ] removing player 1 token from slot 10
[13:12:33.205] [SEVERE ] removing player 2 token from slot 10
[13:12:33.316] [SEVERE ] removing card from slot 10
[13:12:33.317] [SEVERE ] removing player 1 token from slot 5
[13:12:33.317] [SEVERE ] removing player 2 token from slot 5
[13:12:33.396] [SEVERE ] updating countdown to 0
[13:12:33.426] [SEVERE ] removing card from slot 5
[13:12:33.426] [SEVERE ] removing player 1 token from slot 3
[13:12:33.426] [SEVERE ] removing player 2 token from slot 3
[13:12:33.537] [SEVERE ] removing card from slot 3
[13:12:33.537] [INFO   ] thread dealer terminated.
[13:12:33.538] [INFO   ] thread dealer terminated.
[13:12:33.538] [SEVERE ] thanks for playing... it was fun!
[13:12:33.538] [INFO   ] thread main terminated.
[13:12:39.368] [SEVERE ] exit button pressed
