[13:16:24.480] [INFO   ] thread main starting.
[13:16:24.487] [SEVERE ] cannot read configuration file config.properties trying from resources.
[13:16:24.490] [SEVERE ] configuration file was loaded from resources directory.
[13:16:25.152] [INFO   ] thread dealer starting.
[13:16:25.152] [INFO   ] thread dealer starting.
[13:16:25.153] [INFO   ] thread player0Thread starting.
[13:16:25.153] [INFO   ] thread player1Thread starting.
[13:16:25.265] [SEVERE ] placing card 34 in slot 9
[13:16:25.409] [SEVERE ] placing card 43 in slot 7
[13:16:25.520] [SEVERE ] placing card 3 in slot 4
[13:16:25.629] [SEVERE ] placing card 28 in slot 2
[13:16:25.740] [SEVERE ] placing card 4 in slot 8
[13:16:25.851] [SEVERE ] placing card 1 in slot 10
[13:16:25.963] [SEVERE ] placing card 74 in slot 1
[13:16:26.074] [SEVERE ] placing card 9 in slot 0
[13:16:26.185] [SEVERE ] placing card 19 in slot 5
[13:16:26.296] [SEVERE ] placing card 73 in slot 11
[13:16:26.405] [SEVERE ] placing card 64 in slot 6
[13:16:26.514] [SEVERE ] placing card 17 in slot 3
[13:16:26.528] [SEVERE ] updating countdown to 10000
[13:16:27.531] [SEVERE ] updating countdown to 9000
[13:16:28.533] [SEVERE ] updating countdown to 8000
[13:16:29.544] [SEVERE ] updating countdown to 7000
[13:16:30.552] [SEVERE ] updating countdown to 6000
[13:16:31.561] [SEVERE ] updating countdown to 5000
[13:16:33.144] [SEVERE ] updating countdown to 4000
[13:16:34.709] [SEVERE ] updating countdown to 3000
[13:16:36.276] [SEVERE ] updating countdown to 2000
[13:16:37.843] [SEVERE ] updating countdown to 1000
[13:16:39.419] [SEVERE ] updating countdown to 0
[13:16:39.431] [SEVERE ] removing player 1 token from slot 9
[13:16:39.431] [SEVERE ] removing player 2 token from slot 9
[13:16:39.545] [SEVERE ] removing card from slot 9
[13:16:39.545] [SEVERE ] removing player 1 token from slot 4
[13:16:39.546] [SEVERE ] removing player 2 token from slot 4
[13:16:39.656] [SEVERE ] removing card from slot 4
[13:16:39.657] [SEVERE ] removing player 1 token from slot 10
[13:16:39.657] [SEVERE ] removing player 2 token from slot 10
[13:16:39.766] [SEVERE ] removing card from slot 10
[13:16:39.767] [SEVERE ] removing player 1 token from slot 7
[13:16:39.767] [SEVERE ] removing player 2 token from slot 7
[13:16:39.876] [SEVERE ] removing card from slot 7
[13:16:39.877] [SEVERE ] removing player 1 token from slot 1
[13:16:39.878] [SEVERE ] removing player 2 token from slot 1
[13:16:39.985] [SEVERE ] removing card from slot 1
[13:16:39.986] [SEVERE ] removing player 1 token from slot 6
[13:16:39.986] [SEVERE ] removing player 2 token from slot 6
[13:16:40.095] [SEVERE ] removing card from slot 6
[13:16:40.096] [SEVERE ] removing player 1 token from slot 2
[13:16:40.096] [SEVERE ] removing player 2 token from slot 2
[13:16:40.205] [SEVERE ] removing card from slot 2
[13:16:40.206] [SEVERE ] removing player 1 token from slot 5
[13:16:40.206] [SEVERE ] removing player 2 token from slot 5
[13:16:40.315] [SEVERE ] removing card from slot 5
[13:16:40.316] [SEVERE ] removing player 1 token from slot 8
[13:16:40.316] [SEVERE ] removing player 2 token from slot 8
[13:16:40.426] [SEVERE ] removing card from slot 8
[13:16:40.426] [SEVERE ] removing player 1 token from slot 3
[13:16:40.426] [SEVERE ] removing player 2 token from slot 3
[13:16:40.538] [SEVERE ] removing card from slot 3
[13:16:40.538] [SEVERE ] removing player 1 token from slot 11
[13:16:40.538] [SEVERE ] removing player 2 token from slot 11
[13:16:40.649] [SEVERE ] removing card from slot 11
[13:16:40.649] [SEVERE ] removing player 1 token from slot 0
[13:16:40.649] [SEVERE ] removing player 2 token from slot 0
[13:16:40.761] [SEVERE ] removing card from slot 0
[13:16:40.870] [SEVERE ] placing card 35 in slot 6
[13:16:40.982] [SEVERE ] placing card 44 in slot 7
[13:16:41.092] [SEVERE ] placing card 66 in slot 11
[13:16:41.217] [SEVERE ] placing card 61 in slot 0
[13:16:41.328] [SEVERE ] placing card 24 in slot 10
[13:16:41.436] [SEVERE ] placing card 37 in slot 9
[13:16:41.546] [SEVERE ] placing card 27 in slot 2
[13:16:41.658] [SEVERE ] placing card 57 in slot 1
[13:16:41.768] [SEVERE ] placing card 69 in slot 4
[13:16:41.877] [SEVERE ] placing card 79 in slot 3
[13:16:41.990] [SEVERE ] placing card 20 in slot 5
[13:16:42.100] [SEVERE ] placing card 58 in slot 8
[13:16:42.105] [SEVERE ] updating countdown to 10000
[13:16:43.110] [SEVERE ] updating countdown to 9000
[13:16:44.116] [SEVERE ] updating countdown to 8000
[13:16:45.130] [SEVERE ] updating countdown to 7000
[13:16:46.133] [SEVERE ] updating countdown to 6000
[13:16:47.137] [SEVERE ] updating countdown to 5000
[13:16:48.753] [SEVERE ] updating countdown to 4000
[13:16:50.317] [SEVERE ] updating countdown to 3000
[13:16:51.883] [SEVERE ] updating countdown to 2000
[13:16:53.453] [SEVERE ] updating countdown to 1000
[13:16:55.032] [SEVERE ] updating countdown to 0
[13:16:55.036] [SEVERE ] removing player 1 token from slot 6
[13:16:55.037] [SEVERE ] removing player 2 token from slot 6
[13:16:55.143] [SEVERE ] removing card from slot 6
[13:16:55.144] [SEVERE ] removing player 1 token from slot 11
[13:16:55.144] [SEVERE ] removing player 2 token from slot 11
[13:16:55.255] [SEVERE ] removing card from slot 11
[13:16:55.255] [SEVERE ] removing player 1 token from slot 9
[13:16:55.256] [SEVERE ] removing player 2 token from slot 9
[13:16:55.366] [SEVERE ] removing card from slot 9
[13:16:55.366] [SEVERE ] removing player 1 token from slot 8
[13:16:55.367] [SEVERE ] removing player 2 token from slot 8
[13:16:55.478] [SEVERE ] removing card from slot 8
[13:16:55.478] [SEVERE ] removing player 1 token from slot 5
[13:16:55.478] [SEVERE ] removing player 2 token from slot 5
[13:16:55.587] [SEVERE ] removing card from slot 5
[13:16:55.587] [SEVERE ] removing player 1 token from slot 1
[13:16:55.587] [SEVERE ] removing player 2 token from slot 1
[13:16:55.699] [SEVERE ] removing card from slot 1
[13:16:55.700] [SEVERE ] removing player 1 token from slot 0
[13:16:55.700] [SEVERE ] removing player 2 token from slot 0
[13:16:55.810] [SEVERE ] removing card from slot 0
[13:16:55.811] [SEVERE ] removing player 1 token from slot 7
[13:16:55.811] [SEVERE ] removing player 2 token from slot 7
[13:16:55.920] [SEVERE ] removing card from slot 7
[13:16:55.921] [SEVERE ] removing player 1 token from slot 4
[13:16:55.921] [SEVERE ] removing player 2 token from slot 4
[13:16:56.030] [SEVERE ] removing card from slot 4
[13:16:56.031] [SEVERE ] removing player 1 token from slot 10
[13:16:56.031] [SEVERE ] removing player 2 token from slot 10
[13:16:56.140] [SEVERE ] removing card from slot 10
[13:16:56.140] [SEVERE ] removing player 1 token from slot 3
[13:16:56.140] [SEVERE ] removing player 2 token from slot 3
[13:16:56.247] [SEVERE ] removing card from slot 3
[13:16:56.247] [SEVERE ] removing player 1 token from slot 2
[13:16:56.247] [SEVERE ] removing player 2 token from slot 2
[13:16:56.358] [SEVERE ] removing card from slot 2
[13:16:56.467] [SEVERE ] placing card 77 in slot 8
[13:16:56.575] [SEVERE ] placing card 47 in slot 4
[13:16:56.684] [SEVERE ] placing card 21 in slot 3
[13:16:56.792] [SEVERE ] placing card 66 in slot 7
[13:16:56.901] [SEVERE ] placing card 43 in slot 1
[13:16:57.012] [SEVERE ] placing card 28 in slot 0
[13:16:57.122] [SEVERE ] placing card 1 in slot 2
[13:16:57.231] [SEVERE ] placing card 58 in slot 5
[13:16:57.339] [SEVERE ] placing card 55 in slot 11
[13:16:57.450] [SEVERE ] placing card 79 in slot 9
[13:16:57.561] [SEVERE ] placing card 36 in slot 6
[13:16:57.671] [SEVERE ] placing card 48 in slot 10
[13:16:57.672] [SEVERE ] updating countdown to 10000
[13:16:58.686] [SEVERE ] updating countdown to 9000
[13:16:59.698] [SEVERE ] updating countdown to 8000
[13:17:00.710] [SEVERE ] updating countdown to 7000
[13:17:01.711] [SEVERE ] updating countdown to 6000
[13:17:02.714] [SEVERE ] updating countdown to 5000
[13:17:04.361] [SEVERE ] updating countdown to 4000
[13:17:04.798] [SEVERE ] exit button pressed
[13:17:04.799] [INFO   ] thread player0Thread terminated.
[13:17:04.799] [INFO   ] thread player1Thread terminated.
[13:17:04.799] [SEVERE ] removing player 1 token from slot 9
[13:17:04.799] [SEVERE ] removing player 2 token from slot 9
[13:17:04.913] [SEVERE ] removing card from slot 9
[13:17:04.913] [SEVERE ] removing player 1 token from slot 10
[13:17:04.913] [SEVERE ] removing player 2 token from slot 10
[13:17:05.025] [SEVERE ] removing card from slot 10
[13:17:05.025] [SEVERE ] removing player 1 token from slot 0
[13:17:05.025] [SEVERE ] removing player 2 token from slot 0
[13:17:05.135] [SEVERE ] removing card from slot 0
[13:17:05.135] [SEVERE ] removing player 1 token from slot 7
[13:17:05.135] [SEVERE ] removing player 2 token from slot 7
[13:17:05.245] [SEVERE ] removing card from slot 7
[13:17:05.245] [SEVERE ] removing player 1 token from slot 5
[13:17:05.245] [SEVERE ] removing player 2 token from slot 5
[13:17:05.351] [SEVERE ] removing card from slot 5
[13:17:05.351] [SEVERE ] removing player 1 token from slot 11
[13:17:05.351] [SEVERE ] removing player 2 token from slot 11
[13:17:05.461] [SEVERE ] removing card from slot 11
[13:17:05.461] [SEVERE ] removing player 1 token from slot 4
[13:17:05.461] [SEVERE ] removing player 2 token from slot 4
[13:17:05.571] [SEVERE ] removing card from slot 4
[13:17:05.571] [SEVERE ] removing player 1 token from slot 1
[13:17:05.571] [SEVERE ] removing player 2 token from slot 1
[13:17:05.679] [SEVERE ] removing card from slot 1
[13:17:05.679] [SEVERE ] removing player 1 token from slot 2
[13:17:05.679] [SEVERE ] removing player 2 token from slot 2
[13:17:05.788] [SEVERE ] removing card from slot 2
[13:17:05.788] [SEVERE ] removing player 1 token from slot 6
[13:17:05.788] [SEVERE ] removing player 2 token from slot 6
[13:17:05.898] [SEVERE ] removing card from slot 6
[13:17:05.899] [SEVERE ] removing player 1 token from slot 8
[13:17:05.899] [SEVERE ] removing player 2 token from slot 8
[13:17:06.010] [SEVERE ] removing card from slot 8
[13:17:06.010] [SEVERE ] removing player 1 token from slot 3
[13:17:06.010] [SEVERE ] removing player 2 token from slot 3
[13:17:06.117] [SEVERE ] removing card from slot 3
[13:17:06.117] [INFO   ] thread dealer terminated.
[13:17:06.117] [INFO   ] thread dealer terminated.
[13:17:06.117] [SEVERE ] thanks for playing... it was fun!
[13:17:06.117] [INFO   ] thread main terminated.
