[14:56:57.844] [INFO   ] thread main starting.
[14:56:57.851] [SEVERE ] cannot read configuration file config.properties trying from resources.
[14:56:57.859] [SEVERE ] configuration file was loaded from resources directory.
[14:56:58.491] [INFO   ] thread dealer starting.
[14:56:58.492] [INFO   ] thread dealer starting.
[14:56:58.493] [INFO   ] thread player0Thread starting.
[14:56:58.493] [INFO   ] thread player3Thread starting.
[14:56:58.493] [INFO   ] thread player2Thread starting.
[14:56:58.493] [INFO   ] thread player1Thread starting.
[14:56:58.494] [INFO   ] thread computer-0 starting.
[14:56:58.495] [INFO   ] thread computer-1 starting.
[14:56:58.495] [INFO   ] thread computer-2 starting.
[14:56:58.494] [INFO   ] thread computer-3 starting.
[14:56:58.607] [SEVERE ] placing card 62 in slot 6
[14:56:58.716] [SEVERE ] placing card 57 in slot 5
[14:56:58.824] [SEVERE ] placing card 33 in slot 1
[14:56:58.932] [SEVERE ] placing card 20 in slot 4
[14:56:59.044] [SEVERE ] placing card 63 in slot 9
[14:56:59.154] [SEVERE ] placing card 11 in slot 11
[14:56:59.265] [SEVERE ] placing card 17 in slot 3
[14:56:59.376] [SEVERE ] placing card 26 in slot 0
[14:56:59.486] [SEVERE ] placing card 28 in slot 2
[14:56:59.597] [SEVERE ] placing card 61 in slot 10
[14:56:59.708] [SEVERE ] placing card 53 in slot 8
[14:56:59.820] [SEVERE ] placing card 46 in slot 7
[14:56:59.823] [SEVERE ] updating countdown to -1000
[14:56:59.824] [SEVERE ] removing player 1 token from slot 9
[14:56:59.824] [SEVERE ] player 4 placing token on slot 7
[14:56:59.824] [SEVERE ] player 2 placing token on slot 3
[14:56:59.824] [SEVERE ] player 3 placing token on slot 2
[14:56:59.825] [SEVERE ] player 3 placing token on slot 0
[14:56:59.824] [SEVERE ] player 1 placing token on slot 4
[14:56:59.825] [SEVERE ] player 3 placing token on slot 1
[14:56:59.825] [SEVERE ] player 2 placing token on slot 7
[14:56:59.824] [SEVERE ] removing player 4 token from slot 7
[14:56:59.824] [SEVERE ] removing player 2 token from slot 9
[14:56:59.826] [SEVERE ] player 4 placing token on slot 4
[14:56:59.826] [SEVERE ] player 2 placing token on slot 6
[14:56:59.825] [SEVERE ] player 1 placing token on slot 6
[14:56:59.827] [SEVERE ] player 4 placing token on slot 5
[14:56:59.826] [SEVERE ] removing player 3 token from slot 9
[14:56:59.827] [SEVERE ] player 4 placing token on slot 3
[14:56:59.827] [SEVERE ] player 1 placing token on slot 10
[14:56:59.827] [SEVERE ] removing player 4 token from slot 9
[14:56:59.929] [SEVERE ] removing card from slot 9
[14:56:59.929] [SEVERE ] removing player 1 token from slot 2
[14:56:59.930] [SEVERE ] removing player 2 token from slot 2
[14:56:59.930] [SEVERE ] removing player 3 token from slot 2
[14:56:59.930] [SEVERE ] removing player 4 token from slot 2
[14:57:00.036] [SEVERE ] removing card from slot 2
[14:57:00.036] [SEVERE ] removing player 1 token from slot 4
[14:57:00.037] [SEVERE ] removing player 2 token from slot 4
[14:57:00.037] [SEVERE ] removing player 3 token from slot 4
[14:57:00.037] [SEVERE ] removing player 4 token from slot 4
[14:57:00.143] [SEVERE ] removing card from slot 4
[14:57:00.146] [SEVERE ] removing player 1 token from slot 5
[14:57:00.148] [SEVERE ] removing player 2 token from slot 5
[14:57:00.151] [SEVERE ] removing player 3 token from slot 5
[14:57:00.151] [SEVERE ] removing player 4 token from slot 5
[14:57:00.253] [SEVERE ] removing card from slot 5
[14:57:00.253] [SEVERE ] removing player 1 token from slot 0
[14:57:00.253] [SEVERE ] removing player 2 token from slot 0
[14:57:00.253] [SEVERE ] removing player 3 token from slot 0
[14:57:00.254] [SEVERE ] removing player 4 token from slot 0
[14:57:00.362] [SEVERE ] removing card from slot 0
[14:57:00.362] [SEVERE ] removing player 1 token from slot 6
[14:57:00.362] [SEVERE ] removing player 2 token from slot 6
[14:57:00.362] [SEVERE ] removing player 3 token from slot 6
[14:57:00.362] [SEVERE ] removing player 4 token from slot 6
[14:57:00.473] [SEVERE ] removing card from slot 6
[14:57:00.473] [SEVERE ] removing player 1 token from slot 11
[14:57:00.473] [SEVERE ] removing player 2 token from slot 11
[14:57:00.473] [SEVERE ] removing player 3 token from slot 11
[14:57:00.474] [SEVERE ] removing player 4 token from slot 11
[14:57:00.583] [SEVERE ] removing card from slot 11
[14:57:00.583] [SEVERE ] removing player 1 token from slot 7
[14:57:00.584] [SEVERE ] removing player 2 token from slot 7
[14:57:00.584] [SEVERE ] removing player 3 token from slot 7
[14:57:00.584] [SEVERE ] removing player 4 token from slot 7
[14:57:00.692] [SEVERE ] removing card from slot 7
[14:57:00.693] [SEVERE ] removing player 1 token from slot 8
[14:57:00.693] [SEVERE ] removing player 2 token from slot 8
[14:57:00.694] [SEVERE ] removing player 3 token from slot 8
[14:57:00.694] [SEVERE ] removing player 4 token from slot 8
[14:57:00.800] [SEVERE ] removing card from slot 8
[14:57:00.801] [SEVERE ] removing player 1 token from slot 3
[14:57:00.801] [SEVERE ] removing player 2 token from slot 3
[14:57:00.801] [SEVERE ] removing player 3 token from slot 3
[14:57:00.801] [SEVERE ] removing player 4 token from slot 3
[14:57:00.832] [SEVERE ] updating countdown to -2000
[14:57:00.912] [SEVERE ] removing card from slot 3
[14:57:00.912] [SEVERE ] removing player 1 token from slot 1
[14:57:00.912] [SEVERE ] removing player 2 token from slot 1
[14:57:00.912] [SEVERE ] removing player 3 token from slot 1
[14:57:00.912] [SEVERE ] removing player 4 token from slot 1
[14:57:01.023] [SEVERE ] removing card from slot 1
[14:57:01.024] [SEVERE ] removing player 1 token from slot 10
[14:57:01.024] [SEVERE ] removing player 2 token from slot 10
[14:57:01.025] [SEVERE ] removing player 3 token from slot 10
[14:57:01.025] [SEVERE ] removing player 4 token from slot 10
[14:57:01.132] [SEVERE ] removing card from slot 10
[14:57:01.241] [SEVERE ] placing card 12 in slot 4
[14:57:01.349] [SEVERE ] placing card 32 in slot 2
[14:57:01.458] [SEVERE ] placing card 37 in slot 0
[14:57:01.568] [SEVERE ] placing card 40 in slot 6
[14:57:01.678] [SEVERE ] placing card 29 in slot 5
[14:57:01.790] [SEVERE ] placing card 2 in slot 3
[14:57:01.900] [SEVERE ] placing card 75 in slot 1
[14:57:02.010] [SEVERE ] placing card 35 in slot 9
[14:57:02.120] [SEVERE ] placing card 14 in slot 11
[14:57:02.230] [SEVERE ] placing card 13 in slot 7
[14:57:02.341] [SEVERE ] placing card 42 in slot 8
[14:57:02.402] [SEVERE ] updating countdown to -3000
[14:57:02.449] [SEVERE ] placing card 79 in slot 10
[14:57:02.449] [SEVERE ] updating countdown to -1000
[14:57:02.450] [SEVERE ] removing player 1 token from slot 8
[14:57:02.450] [SEVERE ] removing player 2 token from slot 8
[14:57:02.450] [SEVERE ] removing player 3 token from slot 8
[14:57:02.450] [SEVERE ] removing player 4 token from slot 8
[14:57:02.465] [SEVERE ] updating countdown to -1010
[14:57:02.481] [SEVERE ] updating countdown to -1020
[14:57:02.497] [SEVERE ] updating countdown to -1030
[14:57:02.512] [SEVERE ] updating countdown to -1040
[14:57:02.527] [SEVERE ] updating countdown to -1050
[14:57:02.543] [SEVERE ] updating countdown to -1060
[14:57:02.558] [SEVERE ] removing card from slot 8
[14:57:02.559] [SEVERE ] updating countdown to -1070
[14:57:02.560] [SEVERE ] removing player 1 token from slot 5
[14:57:02.560] [SEVERE ] removing player 2 token from slot 5
[14:57:02.561] [SEVERE ] removing player 3 token from slot 5
[14:57:02.561] [SEVERE ] removing player 4 token from slot 5
[14:57:02.574] [SEVERE ] updating countdown to -1080
[14:57:02.590] [SEVERE ] updating countdown to -1090
[14:57:02.605] [SEVERE ] updating countdown to -1100
[14:57:02.621] [SEVERE ] updating countdown to -1110
[14:57:02.637] [SEVERE ] updating countdown to -1120
[14:57:02.652] [SEVERE ] updating countdown to -1130
[14:57:02.668] [SEVERE ] removing card from slot 5
[14:57:02.668] [SEVERE ] updating countdown to -1140
[14:57:02.668] [SEVERE ] removing player 1 token from slot 11
[14:57:02.668] [SEVERE ] removing player 2 token from slot 11
[14:57:02.668] [SEVERE ] removing player 3 token from slot 11
[14:57:02.668] [SEVERE ] removing player 4 token from slot 11
[14:57:02.683] [SEVERE ] updating countdown to -1150
[14:57:02.699] [SEVERE ] updating countdown to -1160
[14:57:02.715] [SEVERE ] updating countdown to -1170
[14:57:02.731] [SEVERE ] updating countdown to -1180
[14:57:02.747] [SEVERE ] updating countdown to -1190
[14:57:02.763] [SEVERE ] updating countdown to -1200
[14:57:02.779] [SEVERE ] removing card from slot 11
[14:57:02.780] [SEVERE ] updating countdown to -1210
[14:57:02.781] [SEVERE ] removing player 1 token from slot 7
[14:57:02.783] [SEVERE ] removing player 2 token from slot 7
[14:57:02.784] [SEVERE ] removing player 3 token from slot 7
[14:57:02.785] [SEVERE ] removing player 4 token from slot 7
[14:57:02.804] [SEVERE ] updating countdown to -1220
[14:57:02.811] [SEVERE ] updating countdown to -1230
[14:57:02.826] [SEVERE ] updating countdown to -1240
[14:57:02.842] [SEVERE ] updating countdown to -1250
[14:57:02.863] [SEVERE ] updating countdown to -1260
[14:57:02.874] [SEVERE ] updating countdown to -1270
[14:57:02.890] [SEVERE ] removing card from slot 7
[14:57:02.890] [SEVERE ] removing player 1 token from slot 2
[14:57:02.890] [SEVERE ] removing player 2 token from slot 2
[14:57:02.890] [SEVERE ] removing player 3 token from slot 2
[14:57:02.890] [SEVERE ] updating countdown to -1280
[14:57:02.890] [SEVERE ] removing player 4 token from slot 2
[14:57:02.905] [SEVERE ] updating countdown to -1290
[14:57:02.920] [SEVERE ] updating countdown to -1300
[14:57:02.936] [SEVERE ] updating countdown to -1310
[14:57:02.951] [SEVERE ] updating countdown to -1320
[14:57:02.967] [SEVERE ] updating countdown to -1330
[14:57:02.982] [SEVERE ] updating countdown to -1340
[14:57:02.998] [SEVERE ] removing card from slot 2
[14:57:02.998] [SEVERE ] updating countdown to -1350
[14:57:02.998] [SEVERE ] removing player 1 token from slot 6
[14:57:02.999] [SEVERE ] removing player 2 token from slot 6
[14:57:02.999] [SEVERE ] removing player 3 token from slot 6
[14:57:02.999] [SEVERE ] removing player 4 token from slot 6
[14:57:03.014] [SEVERE ] updating countdown to -1360
[14:57:03.030] [SEVERE ] updating countdown to -1370
[14:57:03.046] [SEVERE ] updating countdown to -1380
[14:57:03.062] [SEVERE ] updating countdown to -1390
[14:57:03.078] [SEVERE ] updating countdown to -1400
[14:57:03.093] [SEVERE ] updating countdown to -1410
[14:57:03.109] [SEVERE ] removing card from slot 6
[14:57:03.109] [SEVERE ] updating countdown to -1420
[14:57:03.109] [SEVERE ] removing player 1 token from slot 0
[14:57:03.109] [SEVERE ] removing player 2 token from slot 0
[14:57:03.109] [SEVERE ] removing player 3 token from slot 0
[14:57:03.109] [SEVERE ] removing player 4 token from slot 0
[14:57:03.125] [SEVERE ] updating countdown to -1430
[14:57:03.141] [SEVERE ] updating countdown to -1440
[14:57:03.156] [SEVERE ] updating countdown to -1450
[14:57:03.172] [SEVERE ] updating countdown to -1460
[14:57:03.188] [SEVERE ] updating countdown to -1470
[14:57:03.204] [SEVERE ] updating countdown to -1480
[14:57:03.220] [SEVERE ] removing card from slot 0
[14:57:03.220] [SEVERE ] updating countdown to -1490
[14:57:03.220] [SEVERE ] removing player 1 token from slot 9
[14:57:03.220] [SEVERE ] removing player 2 token from slot 9
[14:57:03.220] [SEVERE ] removing player 3 token from slot 9
[14:57:03.220] [SEVERE ] removing player 4 token from slot 9
[14:57:03.235] [SEVERE ] updating countdown to -1500
[14:57:03.251] [SEVERE ] updating countdown to -1510
[14:57:03.266] [SEVERE ] updating countdown to -1520
[14:57:03.282] [SEVERE ] updating countdown to -1530
[14:57:03.298] [SEVERE ] updating countdown to -1540
[14:57:03.313] [SEVERE ] updating countdown to -1550
[14:57:03.329] [SEVERE ] removing card from slot 9
[14:57:03.329] [SEVERE ] updating countdown to -1560
[14:57:03.329] [SEVERE ] removing player 1 token from slot 4
[14:57:03.329] [SEVERE ] removing player 2 token from slot 4
[14:57:03.329] [SEVERE ] removing player 3 token from slot 4
[14:57:03.329] [SEVERE ] removing player 4 token from slot 4
[14:57:03.345] [SEVERE ] updating countdown to -1570
[14:57:03.361] [SEVERE ] updating countdown to -1580
[14:57:03.377] [SEVERE ] updating countdown to -1590
[14:57:03.393] [SEVERE ] updating countdown to -1600
[14:57:03.409] [SEVERE ] updating countdown to -1610
[14:57:03.425] [SEVERE ] updating countdown to -1620
[14:57:03.441] [SEVERE ] removing card from slot 4
[14:57:03.441] [SEVERE ] updating countdown to -1630
[14:57:03.441] [SEVERE ] removing player 1 token from slot 3
[14:57:03.441] [SEVERE ] removing player 2 token from slot 3
[14:57:03.441] [SEVERE ] removing player 3 token from slot 3
[14:57:03.441] [SEVERE ] removing player 4 token from slot 3
[14:57:03.457] [SEVERE ] updating countdown to -2630
[14:57:03.553] [SEVERE ] removing card from slot 3
[14:57:03.553] [SEVERE ] removing player 1 token from slot 1
[14:57:03.553] [SEVERE ] removing player 2 token from slot 1
[14:57:03.553] [SEVERE ] removing player 3 token from slot 1
[14:57:03.553] [SEVERE ] removing player 4 token from slot 1
[14:57:03.664] [SEVERE ] removing card from slot 1
[14:57:03.664] [SEVERE ] removing player 1 token from slot 10
[14:57:03.664] [SEVERE ] removing player 2 token from slot 10
[14:57:03.664] [SEVERE ] removing player 3 token from slot 10
[14:57:03.664] [SEVERE ] removing player 4 token from slot 10
[14:57:03.773] [SEVERE ] removing card from slot 10
[14:57:03.882] [SEVERE ] placing card 20 in slot 2
[14:57:03.990] [SEVERE ] placing card 66 in slot 10
[14:57:04.021] [SEVERE ] updating countdown to -3000
[14:57:04.100] [SEVERE ] placing card 43 in slot 9
[14:57:04.209] [SEVERE ] placing card 74 in slot 3
[14:57:04.318] [SEVERE ] placing card 0 in slot 7
[14:57:04.428] [SEVERE ] placing card 29 in slot 0
[14:57:04.538] [SEVERE ] placing card 41 in slot 1
[14:57:04.650] [SEVERE ] placing card 61 in slot 5
[14:57:04.761] [SEVERE ] placing card 36 in slot 4
[14:57:04.871] [SEVERE ] placing card 47 in slot 11
[14:57:04.979] [SEVERE ] placing card 32 in slot 8
[14:57:05.089] [SEVERE ] placing card 48 in slot 6
[14:57:05.090] [SEVERE ] updating countdown to -1000
[14:57:05.090] [SEVERE ] removing player 1 token from slot 3
[14:57:05.091] [SEVERE ] removing player 2 token from slot 3
[14:57:05.091] [SEVERE ] removing player 3 token from slot 3
[14:57:05.091] [SEVERE ] removing player 4 token from slot 3
[14:57:05.111] [SEVERE ] updating countdown to -1010
[14:57:05.120] [SEVERE ] updating countdown to -1020
[14:57:05.135] [SEVERE ] updating countdown to -1030
[14:57:05.151] [SEVERE ] updating countdown to -1040
[14:57:05.166] [SEVERE ] updating countdown to -1050
[14:57:05.182] [SEVERE ] updating countdown to -1060
[14:57:05.197] [SEVERE ] removing card from slot 3
[14:57:05.197] [SEVERE ] removing player 1 token from slot 10
[14:57:05.197] [SEVERE ] updating countdown to -1070
[14:57:05.197] [SEVERE ] removing player 2 token from slot 10
[14:57:05.197] [SEVERE ] removing player 3 token from slot 10
[14:57:05.197] [SEVERE ] removing player 4 token from slot 10
[14:57:05.213] [SEVERE ] updating countdown to -1080
[14:57:05.228] [SEVERE ] updating countdown to -1090
[14:57:05.244] [SEVERE ] updating countdown to -1100
[14:57:05.259] [SEVERE ] updating countdown to -1110
[14:57:05.274] [SEVERE ] updating countdown to -1120
[14:57:05.290] [SEVERE ] updating countdown to -1130
[14:57:05.306] [SEVERE ] removing card from slot 10
[14:57:05.306] [SEVERE ] updating countdown to -1140
[14:57:05.306] [SEVERE ] removing player 1 token from slot 4
[14:57:05.306] [SEVERE ] removing player 2 token from slot 4
[14:57:05.306] [SEVERE ] removing player 3 token from slot 4
[14:57:05.306] [SEVERE ] removing player 4 token from slot 4
[14:57:05.321] [SEVERE ] updating countdown to -1150
[14:57:05.337] [SEVERE ] updating countdown to -1160
[14:57:05.351] [SEVERE ] updating countdown to -1170
[14:57:05.367] [SEVERE ] updating countdown to -1180
[14:57:05.382] [SEVERE ] updating countdown to -1190
[14:57:05.398] [SEVERE ] updating countdown to -1200
[14:57:05.413] [SEVERE ] removing card from slot 4
[14:57:05.413] [SEVERE ] updating countdown to -1210
[14:57:05.413] [SEVERE ] removing player 1 token from slot 9
[14:57:05.413] [SEVERE ] removing player 2 token from slot 9
[14:57:05.413] [SEVERE ] removing player 3 token from slot 9
[14:57:05.413] [SEVERE ] removing player 4 token from slot 9
[14:57:05.429] [SEVERE ] updating countdown to -1220
[14:57:05.445] [SEVERE ] updating countdown to -1230
[14:57:05.461] [SEVERE ] updating countdown to -1240
[14:57:05.477] [SEVERE ] updating countdown to -1250
[14:57:05.492] [SEVERE ] updating countdown to -1260
[14:57:05.508] [SEVERE ] updating countdown to -1270
[14:57:05.523] [SEVERE ] removing card from slot 9
[14:57:05.523] [SEVERE ] updating countdown to -1280
[14:57:05.523] [SEVERE ] removing player 1 token from slot 11
[14:57:05.523] [SEVERE ] removing player 2 token from slot 11
[14:57:05.523] [SEVERE ] removing player 3 token from slot 11
[14:57:05.523] [SEVERE ] removing player 4 token from slot 11
[14:57:05.539] [SEVERE ] updating countdown to -1290
[14:57:05.555] [SEVERE ] updating countdown to -1300
[14:57:05.571] [SEVERE ] updating countdown to -1310
[14:57:05.587] [SEVERE ] updating countdown to -1320
[14:57:05.602] [SEVERE ] updating countdown to -1330
[14:57:05.618] [SEVERE ] updating countdown to -1340
[14:57:05.633] [SEVERE ] removing card from slot 11
[14:57:05.633] [SEVERE ] updating countdown to -1350
[14:57:05.643] [SEVERE ] removing player 1 token from slot 7
[14:57:05.644] [SEVERE ] removing player 2 token from slot 7
[14:57:05.644] [SEVERE ] removing player 3 token from slot 7
[14:57:05.644] [SEVERE ] removing player 4 token from slot 7
[14:57:05.656] [SEVERE ] updating countdown to -1360
[14:57:05.664] [SEVERE ] updating countdown to -1370
[14:57:05.679] [SEVERE ] updating countdown to -1380
[14:57:05.696] [SEVERE ] updating countdown to -1390
[14:57:05.711] [SEVERE ] updating countdown to -1400
[14:57:05.727] [SEVERE ] updating countdown to -1410
[14:57:05.742] [SEVERE ] updating countdown to -1420
[14:57:05.758] [SEVERE ] removing card from slot 7
[14:57:05.758] [SEVERE ] updating countdown to -1430
[14:57:05.758] [SEVERE ] removing player 1 token from slot 5
[14:57:05.759] [SEVERE ] removing player 2 token from slot 5
[14:57:05.759] [SEVERE ] removing player 3 token from slot 5
[14:57:05.759] [SEVERE ] removing player 4 token from slot 5
[14:57:05.774] [SEVERE ] updating countdown to -1440
[14:57:05.790] [SEVERE ] updating countdown to -1450
[14:57:05.805] [SEVERE ] updating countdown to -1460
[14:57:05.820] [SEVERE ] updating countdown to -1470
[14:57:05.836] [SEVERE ] updating countdown to -1480
[14:57:05.851] [SEVERE ] updating countdown to -1490
[14:57:05.867] [SEVERE ] removing card from slot 5
[14:57:05.867] [SEVERE ] removing player 1 token from slot 0
[14:57:05.867] [SEVERE ] removing player 2 token from slot 0
[14:57:05.867] [SEVERE ] updating countdown to -1500
[14:57:05.867] [SEVERE ] removing player 3 token from slot 0
[14:57:05.868] [SEVERE ] removing player 4 token from slot 0
[14:57:05.882] [SEVERE ] updating countdown to -1510
[14:57:05.898] [SEVERE ] updating countdown to -1520
[14:57:05.912] [SEVERE ] updating countdown to -1530
[14:57:05.928] [SEVERE ] updating countdown to -1540
[14:57:05.943] [SEVERE ] updating countdown to -1550
[14:57:05.959] [SEVERE ] updating countdown to -1560
[14:57:05.975] [SEVERE ] removing card from slot 0
[14:57:05.975] [SEVERE ] updating countdown to -1570
[14:57:05.975] [SEVERE ] removing player 1 token from slot 1
[14:57:05.976] [SEVERE ] removing player 2 token from slot 1
[14:57:05.976] [SEVERE ] removing player 3 token from slot 1
[14:57:05.976] [SEVERE ] removing player 4 token from slot 1
[14:57:05.991] [SEVERE ] updating countdown to -1580
[14:57:06.007] [SEVERE ] updating countdown to -1590
[14:57:06.022] [SEVERE ] updating countdown to -1600
[14:57:06.037] [SEVERE ] updating countdown to -1610
[14:57:06.054] [SEVERE ] updating countdown to -1620
[14:57:06.069] [SEVERE ] updating countdown to -1630
[14:57:06.084] [SEVERE ] removing card from slot 1
[14:57:06.084] [SEVERE ] removing player 1 token from slot 8
[14:57:06.084] [SEVERE ] updating countdown to -1640
[14:57:06.084] [SEVERE ] removing player 2 token from slot 8
[14:57:06.084] [SEVERE ] removing player 3 token from slot 8
[14:57:06.084] [SEVERE ] removing player 4 token from slot 8
[14:57:06.099] [SEVERE ] updating countdown to -2640
[14:57:06.193] [SEVERE ] removing card from slot 8
[14:57:06.193] [SEVERE ] removing player 1 token from slot 2
[14:57:06.193] [SEVERE ] removing player 2 token from slot 2
[14:57:06.193] [SEVERE ] removing player 3 token from slot 2
[14:57:06.193] [SEVERE ] removing player 4 token from slot 2
[14:57:06.303] [SEVERE ] removing card from slot 2
[14:57:06.303] [SEVERE ] removing player 1 token from slot 6
[14:57:06.304] [SEVERE ] removing player 2 token from slot 6
[14:57:06.304] [SEVERE ] removing player 3 token from slot 6
[14:57:06.304] [SEVERE ] removing player 4 token from slot 6
[14:57:06.411] [SEVERE ] removing card from slot 6
[14:57:06.519] [SEVERE ] placing card 6 in slot 1
[14:57:06.629] [SEVERE ] placing card 60 in slot 11
[14:57:06.645] [SEVERE ] updating countdown to -3000
[14:57:06.740] [SEVERE ] placing card 36 in slot 10
[14:57:06.851] [SEVERE ] placing card 11 in slot 7
[14:57:06.960] [SEVERE ] placing card 66 in slot 9
[14:57:07.070] [SEVERE ] placing card 76 in slot 5
[14:57:07.179] [SEVERE ] placing card 35 in slot 3
[14:57:07.288] [SEVERE ] placing card 33 in slot 2
[14:57:07.397] [SEVERE ] placing card 64 in slot 4
[14:57:07.506] [SEVERE ] placing card 79 in slot 0
[14:57:07.615] [SEVERE ] placing card 56 in slot 6
[14:57:07.724] [SEVERE ] placing card 68 in slot 8
[14:57:07.724] [SEVERE ] updating countdown to -1000
[14:57:07.725] [SEVERE ] removing player 1 token from slot 11
[14:57:07.725] [SEVERE ] removing player 2 token from slot 11
[14:57:07.726] [SEVERE ] removing player 3 token from slot 11
[14:57:07.726] [SEVERE ] removing player 4 token from slot 11
[14:57:07.740] [SEVERE ] updating countdown to -1010
[14:57:07.755] [SEVERE ] updating countdown to -1020
[14:57:07.771] [SEVERE ] updating countdown to -1030
[14:57:07.786] [SEVERE ] updating countdown to -1040
[14:57:07.801] [SEVERE ] updating countdown to -1050
[14:57:07.817] [SEVERE ] updating countdown to -1060
[14:57:07.833] [SEVERE ] removing card from slot 11
[14:57:07.833] [SEVERE ] updating countdown to -1070
[14:57:07.833] [SEVERE ] removing player 1 token from slot 5
[14:57:07.834] [SEVERE ] removing player 2 token from slot 5
[14:57:07.834] [SEVERE ] removing player 3 token from slot 5
[14:57:07.834] [SEVERE ] removing player 4 token from slot 5
[14:57:07.849] [SEVERE ] updating countdown to -1080
[14:57:07.864] [SEVERE ] updating countdown to -1090
[14:57:07.880] [SEVERE ] updating countdown to -1100
[14:57:07.896] [SEVERE ] updating countdown to -1110
[14:57:07.917] [SEVERE ] updating countdown to -1120
[14:57:07.942] [SEVERE ] removing card from slot 5
[14:57:07.942] [SEVERE ] removing player 1 token from slot 1
[14:57:07.942] [SEVERE ] removing player 2 token from slot 1
[14:57:07.942] [SEVERE ] removing player 3 token from slot 1
[14:57:07.942] [SEVERE ] updating countdown to -1130
[14:57:07.942] [SEVERE ] removing player 4 token from slot 1
[14:57:07.957] [SEVERE ] updating countdown to -1140
[14:57:07.973] [SEVERE ] updating countdown to -1150
[14:57:07.989] [SEVERE ] updating countdown to -1160
[14:57:08.003] [SEVERE ] updating countdown to -1170
[14:57:08.019] [SEVERE ] updating countdown to -1180
[14:57:08.034] [SEVERE ] updating countdown to -1190
[14:57:08.050] [SEVERE ] removing card from slot 1
[14:57:08.050] [SEVERE ] updating countdown to -1200
[14:57:08.050] [SEVERE ] removing player 1 token from slot 6
[14:57:08.050] [SEVERE ] removing player 2 token from slot 6
[14:57:08.050] [SEVERE ] removing player 3 token from slot 6
[14:57:08.050] [SEVERE ] removing player 4 token from slot 6
[14:57:08.065] [SEVERE ] updating countdown to -1210
[14:57:08.081] [SEVERE ] updating countdown to -1220
[14:57:08.098] [SEVERE ] updating countdown to -1230
[14:57:08.113] [SEVERE ] updating countdown to -1240
[14:57:08.129] [SEVERE ] updating countdown to -1250
[14:57:08.144] [SEVERE ] updating countdown to -1260
[14:57:08.160] [SEVERE ] removing card from slot 6
[14:57:08.160] [SEVERE ] updating countdown to -1270
[14:57:08.160] [SEVERE ] removing player 1 token from slot 8
[14:57:08.160] [SEVERE ] removing player 2 token from slot 8
[14:57:08.160] [SEVERE ] removing player 3 token from slot 8
[14:57:08.160] [SEVERE ] removing player 4 token from slot 8
[14:57:08.175] [SEVERE ] updating countdown to -1280
[14:57:08.191] [SEVERE ] updating countdown to -1290
[14:57:08.207] [SEVERE ] updating countdown to -1300
[14:57:08.223] [SEVERE ] updating countdown to -1310
[14:57:08.239] [SEVERE ] updating countdown to -1320
[14:57:08.255] [SEVERE ] updating countdown to -1330
[14:57:08.270] [SEVERE ] removing card from slot 8
[14:57:08.270] [SEVERE ] updating countdown to -1340
[14:57:08.270] [SEVERE ] removing player 1 token from slot 9
[14:57:08.270] [SEVERE ] removing player 2 token from slot 9
[14:57:08.270] [SEVERE ] removing player 3 token from slot 9
[14:57:08.270] [SEVERE ] removing player 4 token from slot 9
[14:57:08.286] [SEVERE ] updating countdown to -1350
[14:57:08.301] [SEVERE ] updating countdown to -1360
[14:57:08.317] [SEVERE ] updating countdown to -1370
[14:57:08.333] [SEVERE ] updating countdown to -1380
[14:57:08.349] [SEVERE ] updating countdown to -1390
[14:57:08.364] [SEVERE ] updating countdown to -1400
[14:57:08.380] [SEVERE ] removing card from slot 9
[14:57:08.380] [SEVERE ] updating countdown to -1410
[14:57:08.380] [SEVERE ] removing player 1 token from slot 0
[14:57:08.380] [SEVERE ] removing player 2 token from slot 0
[14:57:08.380] [SEVERE ] removing player 3 token from slot 0
[14:57:08.380] [SEVERE ] removing player 4 token from slot 0
[14:57:08.396] [SEVERE ] updating countdown to -1420
[14:57:08.412] [SEVERE ] updating countdown to -1430
[14:57:08.428] [SEVERE ] updating countdown to -1440
[14:57:08.443] [SEVERE ] updating countdown to -1450
[14:57:08.458] [SEVERE ] updating countdown to -1460
[14:57:08.474] [SEVERE ] updating countdown to -1470
[14:57:08.489] [SEVERE ] removing card from slot 0
[14:57:08.489] [SEVERE ] updating countdown to -1480
[14:57:08.489] [SEVERE ] removing player 1 token from slot 10
[14:57:08.489] [SEVERE ] removing player 2 token from slot 10
[14:57:08.489] [SEVERE ] removing player 3 token from slot 10
[14:57:08.489] [SEVERE ] removing player 4 token from slot 10
[14:57:08.504] [SEVERE ] updating countdown to -1490
[14:57:08.520] [SEVERE ] updating countdown to -1500
[14:57:08.536] [SEVERE ] updating countdown to -1510
[14:57:08.551] [SEVERE ] updating countdown to -1520
[14:57:08.567] [SEVERE ] updating countdown to -1530
[14:57:08.583] [SEVERE ] updating countdown to -1540
[14:57:08.598] [SEVERE ] removing card from slot 10
[14:57:08.598] [SEVERE ] updating countdown to -1550
[14:57:08.598] [SEVERE ] removing player 1 token from slot 2
[14:57:08.598] [SEVERE ] removing player 2 token from slot 2
[14:57:08.598] [SEVERE ] removing player 3 token from slot 2
[14:57:08.598] [SEVERE ] removing player 4 token from slot 2
[14:57:08.613] [SEVERE ] updating countdown to -1560
[14:57:08.629] [SEVERE ] updating countdown to -1570
[14:57:08.645] [SEVERE ] updating countdown to -1580
[14:57:08.660] [SEVERE ] updating countdown to -1590
[14:57:08.676] [SEVERE ] updating countdown to -1600
[14:57:08.692] [SEVERE ] updating countdown to -1610
[14:57:08.708] [SEVERE ] removing card from slot 2
[14:57:08.708] [SEVERE ] updating countdown to -1620
[14:57:08.708] [SEVERE ] removing player 1 token from slot 4
[14:57:08.709] [SEVERE ] removing player 2 token from slot 4
[14:57:08.709] [SEVERE ] removing player 3 token from slot 4
[14:57:08.709] [SEVERE ] removing player 4 token from slot 4
[14:57:08.724] [SEVERE ] updating countdown to -1630
[14:57:08.739] [SEVERE ] updating countdown to -2630
[14:57:08.817] [SEVERE ] removing card from slot 4
[14:57:08.817] [SEVERE ] removing player 1 token from slot 3
[14:57:08.817] [SEVERE ] removing player 2 token from slot 3
[14:57:08.817] [SEVERE ] removing player 3 token from slot 3
[14:57:08.817] [SEVERE ] removing player 4 token from slot 3
[14:57:08.925] [SEVERE ] removing card from slot 3
[14:57:08.925] [SEVERE ] removing player 1 token from slot 7
[14:57:08.925] [SEVERE ] removing player 2 token from slot 7
[14:57:08.925] [SEVERE ] removing player 3 token from slot 7
[14:57:08.925] [SEVERE ] removing player 4 token from slot 7
[14:57:09.034] [SEVERE ] removing card from slot 7
[14:57:09.143] [SEVERE ] placing card 24 in slot 4
[14:57:09.252] [SEVERE ] placing card 32 in slot 2
[14:57:09.300] [SEVERE ] updating countdown to -3000
[14:57:09.363] [SEVERE ] placing card 70 in slot 10
[14:57:09.472] [SEVERE ] placing card 59 in slot 0
[14:57:09.582] [SEVERE ] placing card 79 in slot 1
[14:57:09.691] [SEVERE ] placing card 21 in slot 5
[14:57:09.798] [SEVERE ] placing card 74 in slot 11
[14:57:09.909] [SEVERE ] placing card 22 in slot 6
[14:57:10.019] [SEVERE ] placing card 12 in slot 7
[14:57:10.129] [SEVERE ] placing card 16 in slot 8
[14:57:10.237] [SEVERE ] placing card 53 in slot 3
[14:57:10.347] [SEVERE ] placing card 47 in slot 9
[14:57:10.347] [SEVERE ] updating countdown to -1000
[14:57:10.347] [SEVERE ] removing player 1 token from slot 9
[14:57:10.347] [SEVERE ] removing player 2 token from slot 9
[14:57:10.347] [SEVERE ] removing player 3 token from slot 9
[14:57:10.347] [SEVERE ] removing player 4 token from slot 9
[14:57:10.363] [SEVERE ] updating countdown to -1010
[14:57:10.379] [SEVERE ] updating countdown to -1020
[14:57:10.395] [SEVERE ] updating countdown to -1030
[14:57:10.410] [SEVERE ] updating countdown to -1040
[14:57:10.425] [SEVERE ] updating countdown to -1050
[14:57:10.441] [SEVERE ] updating countdown to -1060
[14:57:10.457] [SEVERE ] removing card from slot 9
[14:57:10.457] [SEVERE ] updating countdown to -1070
[14:57:10.457] [SEVERE ] removing player 1 token from slot 5
[14:57:10.458] [SEVERE ] removing player 2 token from slot 5
[14:57:10.458] [SEVERE ] removing player 3 token from slot 5
[14:57:10.458] [SEVERE ] removing player 4 token from slot 5
[14:57:10.474] [SEVERE ] updating countdown to -1080
[14:57:10.490] [SEVERE ] updating countdown to -1090
[14:57:10.505] [SEVERE ] updating countdown to -1100
[14:57:10.520] [SEVERE ] updating countdown to -1110
[14:57:10.536] [SEVERE ] updating countdown to -1120
[14:57:10.552] [SEVERE ] updating countdown to -1130
[14:57:10.567] [SEVERE ] removing card from slot 5
[14:57:10.567] [SEVERE ] updating countdown to -1140
[14:57:10.567] [SEVERE ] removing player 1 token from slot 3
[14:57:10.568] [SEVERE ] removing player 2 token from slot 3
[14:57:10.568] [SEVERE ] removing player 3 token from slot 3
[14:57:10.568] [SEVERE ] removing player 4 token from slot 3
[14:57:10.583] [SEVERE ] updating countdown to -1150
[14:57:10.598] [SEVERE ] updating countdown to -1160
[14:57:10.614] [SEVERE ] updating countdown to -1170
[14:57:10.629] [SEVERE ] updating countdown to -1180
[14:57:10.645] [SEVERE ] updating countdown to -1190
[14:57:10.662] [SEVERE ] updating countdown to -1200
[14:57:10.677] [SEVERE ] removing card from slot 3
[14:57:10.677] [SEVERE ] updating countdown to -1210
[14:57:10.677] [SEVERE ] removing player 1 token from slot 0
[14:57:10.677] [SEVERE ] removing player 2 token from slot 0
[14:57:10.677] [SEVERE ] removing player 3 token from slot 0
[14:57:10.677] [SEVERE ] removing player 4 token from slot 0
[14:57:10.693] [SEVERE ] updating countdown to -1220
[14:57:10.708] [SEVERE ] updating countdown to -1230
[14:57:10.724] [SEVERE ] updating countdown to -1240
[14:57:10.740] [SEVERE ] updating countdown to -1250
[14:57:10.756] [SEVERE ] updating countdown to -1260
[14:57:10.771] [SEVERE ] updating countdown to -1270
[14:57:10.787] [SEVERE ] removing card from slot 0
[14:57:10.787] [SEVERE ] updating countdown to -1280
[14:57:10.787] [SEVERE ] removing player 1 token from slot 1
[14:57:10.787] [SEVERE ] removing player 2 token from slot 1
[14:57:10.787] [SEVERE ] removing player 3 token from slot 1
[14:57:10.787] [SEVERE ] removing player 4 token from slot 1
[14:57:10.802] [SEVERE ] updating countdown to -1290
[14:57:10.818] [SEVERE ] updating countdown to -1300
[14:57:10.834] [SEVERE ] updating countdown to -1310
[14:57:10.850] [SEVERE ] updating countdown to -1320
[14:57:10.866] [SEVERE ] updating countdown to -1330
[14:57:10.882] [SEVERE ] updating countdown to -1340
[14:57:10.897] [SEVERE ] removing card from slot 1
[14:57:10.897] [SEVERE ] updating countdown to -1350
[14:57:10.897] [SEVERE ] removing player 1 token from slot 7
[14:57:10.897] [SEVERE ] removing player 2 token from slot 7
[14:57:10.897] [SEVERE ] removing player 3 token from slot 7
[14:57:10.897] [SEVERE ] removing player 4 token from slot 7
[14:57:10.913] [SEVERE ] updating countdown to -1360
[14:57:10.928] [SEVERE ] updating countdown to -1370
[14:57:10.943] [SEVERE ] updating countdown to -1380
[14:57:10.959] [SEVERE ] updating countdown to -1390
[14:57:10.975] [SEVERE ] updating countdown to -1400
[14:57:10.990] [SEVERE ] updating countdown to -1410
[14:57:11.006] [SEVERE ] removing card from slot 7
[14:57:11.006] [SEVERE ] updating countdown to -1420
[14:57:11.006] [SEVERE ] removing player 1 token from slot 10
[14:57:11.007] [SEVERE ] removing player 2 token from slot 10
[14:57:11.007] [SEVERE ] removing player 3 token from slot 10
[14:57:11.007] [SEVERE ] removing player 4 token from slot 10
[14:57:11.022] [SEVERE ] updating countdown to -1430
[14:57:11.037] [SEVERE ] updating countdown to -1440
[14:57:11.052] [SEVERE ] updating countdown to -1450
[14:57:11.068] [SEVERE ] updating countdown to -1460
[14:57:11.083] [SEVERE ] updating countdown to -1470
[14:57:11.099] [SEVERE ] updating countdown to -1480
[14:57:11.115] [SEVERE ] removing card from slot 10
[14:57:11.115] [SEVERE ] updating countdown to -1490
[14:57:11.115] [SEVERE ] removing player 1 token from slot 8
[14:57:11.115] [SEVERE ] removing player 2 token from slot 8
[14:57:11.115] [SEVERE ] removing player 3 token from slot 8
[14:57:11.115] [SEVERE ] removing player 4 token from slot 8
[14:57:11.130] [SEVERE ] updating countdown to -1500
[14:57:11.146] [SEVERE ] updating countdown to -1510
[14:57:11.161] [SEVERE ] updating countdown to -1520
[14:57:11.176] [SEVERE ] updating countdown to -1530
[14:57:11.192] [SEVERE ] updating countdown to -1540
[14:57:11.208] [SEVERE ] updating countdown to -1550
[14:57:11.224] [SEVERE ] removing card from slot 8
[14:57:11.224] [SEVERE ] updating countdown to -1560
[14:57:11.224] [SEVERE ] removing player 1 token from slot 6
[14:57:11.224] [SEVERE ] removing player 2 token from slot 6
[14:57:11.224] [SEVERE ] removing player 3 token from slot 6
[14:57:11.224] [SEVERE ] removing player 4 token from slot 6
[14:57:11.240] [SEVERE ] updating countdown to -1570
[14:57:11.255] [SEVERE ] updating countdown to -1580
[14:57:11.271] [SEVERE ] updating countdown to -1590
[14:57:11.286] [SEVERE ] updating countdown to -1600
[14:57:11.302] [SEVERE ] updating countdown to -1610
[14:57:11.317] [SEVERE ] updating countdown to -1620
[14:57:11.332] [SEVERE ] removing card from slot 6
[14:57:11.332] [SEVERE ] removing player 1 token from slot 4
[14:57:11.332] [SEVERE ] removing player 2 token from slot 4
[14:57:11.332] [SEVERE ] removing player 3 token from slot 4
[14:57:11.332] [SEVERE ] updating countdown to -1630
[14:57:11.332] [SEVERE ] removing player 4 token from slot 4
[14:57:11.349] [SEVERE ] updating countdown to -1640
[14:57:11.349] [SEVERE ] updating countdown to -2640
[14:57:11.441] [SEVERE ] removing card from slot 4
[14:57:11.441] [SEVERE ] removing player 1 token from slot 11
[14:57:11.441] [SEVERE ] removing player 2 token from slot 11
[14:57:11.441] [SEVERE ] removing player 3 token from slot 11
[14:57:11.441] [SEVERE ] removing player 4 token from slot 11
[14:57:11.551] [SEVERE ] removing card from slot 11
[14:57:11.551] [SEVERE ] removing player 1 token from slot 2
[14:57:11.551] [SEVERE ] removing player 2 token from slot 2
[14:57:11.551] [SEVERE ] removing player 3 token from slot 2
[14:57:11.551] [SEVERE ] removing player 4 token from slot 2
[14:57:11.662] [SEVERE ] removing card from slot 2
[14:57:11.772] [SEVERE ] placing card 59 in slot 11
[14:57:11.881] [SEVERE ] placing card 80 in slot 10
[14:57:11.913] [SEVERE ] updating countdown to -3000
[14:57:11.993] [SEVERE ] placing card 46 in slot 9
[14:57:12.102] [SEVERE ] placing card 10 in slot 4
[14:57:12.213] [SEVERE ] placing card 45 in slot 5
[14:57:12.321] [SEVERE ] placing card 16 in slot 1
[14:57:12.431] [SEVERE ] placing card 21 in slot 3
[14:57:12.541] [SEVERE ] placing card 67 in slot 8
[14:57:12.647] [SEVERE ] placing card 24 in slot 0
[14:57:12.757] [SEVERE ] placing card 43 in slot 2
[14:57:12.864] [SEVERE ] placing card 22 in slot 6
[14:57:12.974] [SEVERE ] placing card 62 in slot 7
[14:57:12.975] [SEVERE ] updating countdown to -1000
[14:57:12.975] [SEVERE ] removing player 1 token from slot 2
[14:57:12.976] [SEVERE ] removing player 2 token from slot 2
[14:57:12.976] [SEVERE ] removing player 3 token from slot 2
[14:57:12.976] [SEVERE ] removing player 4 token from slot 2
[14:57:12.994] [SEVERE ] updating countdown to -1010
[14:57:13.005] [SEVERE ] updating countdown to -1020
[14:57:13.021] [SEVERE ] updating countdown to -1030
[14:57:13.036] [SEVERE ] updating countdown to -1040
[14:57:13.052] [SEVERE ] updating countdown to -1050
[14:57:13.068] [SEVERE ] updating countdown to -1060
[14:57:13.083] [SEVERE ] removing card from slot 2
[14:57:13.083] [SEVERE ] updating countdown to -1070
[14:57:13.083] [SEVERE ] removing player 1 token from slot 3
[14:57:13.084] [SEVERE ] removing player 2 token from slot 3
[14:57:13.084] [SEVERE ] removing player 3 token from slot 3
[14:57:13.084] [SEVERE ] removing player 4 token from slot 3
[14:57:13.099] [SEVERE ] updating countdown to -1080
[14:57:13.115] [SEVERE ] updating countdown to -1090
[14:57:13.130] [SEVERE ] updating countdown to -1100
[14:57:13.146] [SEVERE ] updating countdown to -1110
[14:57:13.160] [SEVERE ] updating countdown to -1120
[14:57:13.176] [SEVERE ] updating countdown to -1130
[14:57:13.191] [SEVERE ] removing card from slot 3
[14:57:13.191] [SEVERE ] updating countdown to -1140
[14:57:13.191] [SEVERE ] removing player 1 token from slot 9
[14:57:13.192] [SEVERE ] removing player 2 token from slot 9
[14:57:13.192] [SEVERE ] removing player 3 token from slot 9
[14:57:13.192] [SEVERE ] removing player 4 token from slot 9
[14:57:13.206] [SEVERE ] updating countdown to -1150
[14:57:13.222] [SEVERE ] updating countdown to -1160
[14:57:13.237] [SEVERE ] updating countdown to -1170
[14:57:13.253] [SEVERE ] updating countdown to -1180
[14:57:13.269] [SEVERE ] updating countdown to -1190
[14:57:13.284] [SEVERE ] updating countdown to -1200
[14:57:13.300] [SEVERE ] removing card from slot 9
[14:57:13.300] [SEVERE ] updating countdown to -1210
[14:57:13.300] [SEVERE ] removing player 1 token from slot 7
[14:57:13.300] [SEVERE ] removing player 2 token from slot 7
[14:57:13.300] [SEVERE ] removing player 3 token from slot 7
[14:57:13.300] [SEVERE ] removing player 4 token from slot 7
[14:57:13.315] [SEVERE ] updating countdown to -1220
[14:57:13.331] [SEVERE ] updating countdown to -1230
[14:57:13.348] [SEVERE ] updating countdown to -1240
[14:57:13.364] [SEVERE ] updating countdown to -1250
[14:57:13.380] [SEVERE ] updating countdown to -1260
[14:57:13.395] [SEVERE ] updating countdown to -1270
[14:57:13.411] [SEVERE ] removing card from slot 7
[14:57:13.411] [SEVERE ] updating countdown to -1280
[14:57:13.411] [SEVERE ] removing player 1 token from slot 6
[14:57:13.411] [SEVERE ] removing player 2 token from slot 6
[14:57:13.411] [SEVERE ] removing player 3 token from slot 6
[14:57:13.412] [SEVERE ] removing player 4 token from slot 6
[14:57:13.435] [SEVERE ] updating countdown to -1290
[14:57:13.442] [SEVERE ] updating countdown to -1300
[14:57:13.458] [SEVERE ] updating countdown to -1310
[14:57:13.474] [SEVERE ] updating countdown to -1320
[14:57:13.489] [SEVERE ] updating countdown to -1330
[14:57:13.504] [SEVERE ] updating countdown to -1340
[14:57:13.520] [SEVERE ] removing card from slot 6
[14:57:13.520] [SEVERE ] updating countdown to -1350
[14:57:13.520] [SEVERE ] removing player 1 token from slot 0
[14:57:13.520] [SEVERE ] removing player 2 token from slot 0
[14:57:13.520] [SEVERE ] removing player 3 token from slot 0
[14:57:13.520] [SEVERE ] removing player 4 token from slot 0
[14:57:13.535] [SEVERE ] updating countdown to -1360
[14:57:13.551] [SEVERE ] updating countdown to -1370
[14:57:13.567] [SEVERE ] updating countdown to -1380
[14:57:13.583] [SEVERE ] updating countdown to -1390
[14:57:13.599] [SEVERE ] updating countdown to -1400
[14:57:13.615] [SEVERE ] updating countdown to -1410
[14:57:13.631] [SEVERE ] removing card from slot 0
[14:57:13.631] [SEVERE ] updating countdown to -1420
[14:57:13.631] [SEVERE ] removing player 1 token from slot 5
[14:57:13.631] [SEVERE ] removing player 2 token from slot 5
[14:57:13.631] [SEVERE ] removing player 3 token from slot 5
[14:57:13.631] [SEVERE ] removing player 4 token from slot 5
[14:57:13.647] [SEVERE ] updating countdown to -1430
[14:57:13.662] [SEVERE ] updating countdown to -1440
[14:57:13.677] [SEVERE ] updating countdown to -1450
[14:57:13.693] [SEVERE ] updating countdown to -1460
[14:57:13.709] [SEVERE ] updating countdown to -1470
[14:57:13.725] [SEVERE ] updating countdown to -1480
[14:57:13.741] [SEVERE ] removing card from slot 5
[14:57:13.741] [SEVERE ] updating countdown to -1490
[14:57:13.741] [SEVERE ] removing player 1 token from slot 11
[14:57:13.741] [SEVERE ] removing player 2 token from slot 11
[14:57:13.741] [SEVERE ] removing player 3 token from slot 11
[14:57:13.741] [SEVERE ] removing player 4 token from slot 11
[14:57:13.757] [SEVERE ] updating countdown to -1500
[14:57:13.773] [SEVERE ] updating countdown to -1510
[14:57:13.788] [SEVERE ] updating countdown to -1520
[14:57:13.804] [SEVERE ] updating countdown to -1530
[14:57:13.820] [SEVERE ] updating countdown to -1540
[14:57:13.836] [SEVERE ] updating countdown to -1550
[14:57:13.852] [SEVERE ] removing card from slot 11
[14:57:13.852] [SEVERE ] updating countdown to -1560
[14:57:13.852] [SEVERE ] removing player 1 token from slot 8
[14:57:13.852] [SEVERE ] removing player 2 token from slot 8
[14:57:13.852] [SEVERE ] removing player 3 token from slot 8
[14:57:13.852] [SEVERE ] removing player 4 token from slot 8
[14:57:13.868] [SEVERE ] updating countdown to -1570
[14:57:13.884] [SEVERE ] updating countdown to -1580
[14:57:13.900] [SEVERE ] updating countdown to -1590
[14:57:13.918] [SEVERE ] updating countdown to -1600
[14:57:13.931] [SEVERE ] updating countdown to -1610
[14:57:13.947] [SEVERE ] updating countdown to -1620
[14:57:13.962] [SEVERE ] removing card from slot 8
[14:57:13.962] [SEVERE ] updating countdown to -1630
[14:57:13.962] [SEVERE ] removing player 1 token from slot 4
[14:57:13.962] [SEVERE ] removing player 2 token from slot 4
[14:57:13.962] [SEVERE ] removing player 3 token from slot 4
[14:57:13.962] [SEVERE ] removing player 4 token from slot 4
[14:57:13.977] [SEVERE ] updating countdown to -1640
[14:57:13.993] [SEVERE ] updating countdown to -2640
[14:57:14.072] [SEVERE ] removing card from slot 4
[14:57:14.072] [SEVERE ] removing player 1 token from slot 10
[14:57:14.072] [SEVERE ] removing player 2 token from slot 10
[14:57:14.072] [SEVERE ] removing player 3 token from slot 10
[14:57:14.072] [SEVERE ] removing player 4 token from slot 10
[14:57:14.182] [SEVERE ] removing card from slot 10
[14:57:14.182] [SEVERE ] removing player 1 token from slot 1
[14:57:14.182] [SEVERE ] removing player 2 token from slot 1
[14:57:14.182] [SEVERE ] removing player 3 token from slot 1
[14:57:14.182] [SEVERE ] removing player 4 token from slot 1
[14:57:14.294] [SEVERE ] removing card from slot 1
[14:57:14.405] [SEVERE ] placing card 19 in slot 6
[14:57:14.514] [SEVERE ] placing card 5 in slot 7
[14:57:14.545] [SEVERE ] updating countdown to -3000
[14:57:14.623] [SEVERE ] placing card 9 in slot 5
[14:57:14.735] [SEVERE ] placing card 13 in slot 8
[14:57:14.845] [SEVERE ] placing card 1 in slot 0
[14:57:14.954] [SEVERE ] placing card 8 in slot 10
[14:57:15.066] [SEVERE ] placing card 51 in slot 11
[14:57:15.177] [SEVERE ] placing card 10 in slot 2
[14:57:15.289] [SEVERE ] placing card 74 in slot 4
[14:57:15.400] [SEVERE ] placing card 47 in slot 9
[14:57:15.512] [SEVERE ] placing card 42 in slot 3
[14:57:15.622] [SEVERE ] placing card 76 in slot 1
[14:57:15.622] [SEVERE ] updating countdown to -1000
[14:57:15.622] [SEVERE ] removing player 1 token from slot 3
[14:57:15.622] [SEVERE ] removing player 2 token from slot 3
[14:57:15.622] [SEVERE ] removing player 3 token from slot 3
[14:57:15.622] [SEVERE ] removing player 4 token from slot 3
[14:57:15.638] [SEVERE ] updating countdown to -1010
[14:57:15.653] [SEVERE ] updating countdown to -1020
[14:57:15.669] [SEVERE ] updating countdown to -1030
[14:57:15.685] [SEVERE ] updating countdown to -1040
[14:57:15.701] [SEVERE ] updating countdown to -1050
[14:57:15.717] [SEVERE ] updating countdown to -1060
[14:57:15.733] [SEVERE ] removing card from slot 3
[14:57:15.733] [SEVERE ] updating countdown to -1070
[14:57:15.733] [SEVERE ] removing player 1 token from slot 7
[14:57:15.734] [SEVERE ] removing player 2 token from slot 7
[14:57:15.734] [SEVERE ] removing player 3 token from slot 7
[14:57:15.734] [SEVERE ] removing player 4 token from slot 7
[14:57:15.758] [SEVERE ] updating countdown to -1080
[14:57:15.765] [SEVERE ] updating countdown to -1090
[14:57:15.781] [SEVERE ] updating countdown to -1100
[14:57:15.796] [SEVERE ] updating countdown to -1110
[14:57:15.811] [SEVERE ] updating countdown to -1120
[14:57:15.826] [SEVERE ] updating countdown to -1130
[14:57:15.842] [SEVERE ] removing card from slot 7
[14:57:15.842] [SEVERE ] updating countdown to -1140
[14:57:15.842] [SEVERE ] removing player 1 token from slot 0
[14:57:15.842] [SEVERE ] removing player 2 token from slot 0
[14:57:15.842] [SEVERE ] removing player 3 token from slot 0
[14:57:15.842] [SEVERE ] removing player 4 token from slot 0
[14:57:15.858] [SEVERE ] updating countdown to -1150
[14:57:15.874] [SEVERE ] updating countdown to -1160
[14:57:15.890] [SEVERE ] updating countdown to -1170
[14:57:15.906] [SEVERE ] updating countdown to -1180
[14:57:15.921] [SEVERE ] updating countdown to -1190
[14:57:15.937] [SEVERE ] updating countdown to -1200
[14:57:15.953] [SEVERE ] removing card from slot 0
[14:57:15.953] [SEVERE ] updating countdown to -1210
[14:57:15.953] [SEVERE ] removing player 1 token from slot 11
[14:57:15.953] [SEVERE ] removing player 2 token from slot 11
[14:57:15.953] [SEVERE ] removing player 3 token from slot 11
[14:57:15.953] [SEVERE ] removing player 4 token from slot 11
[14:57:15.969] [SEVERE ] updating countdown to -1220
[14:57:15.984] [SEVERE ] updating countdown to -1230
[14:57:16.000] [SEVERE ] updating countdown to -1240
[14:57:16.016] [SEVERE ] updating countdown to -1250
[14:57:16.032] [SEVERE ] updating countdown to -1260
[14:57:16.047] [SEVERE ] updating countdown to -1270
[14:57:16.063] [SEVERE ] removing card from slot 11
[14:57:16.063] [SEVERE ] updating countdown to -1280
[14:57:16.063] [SEVERE ] removing player 1 token from slot 6
[14:57:16.063] [SEVERE ] removing player 2 token from slot 6
[14:57:16.063] [SEVERE ] removing player 3 token from slot 6
[14:57:16.063] [SEVERE ] removing player 4 token from slot 6
[14:57:16.079] [SEVERE ] updating countdown to -1290
[14:57:16.095] [SEVERE ] updating countdown to -1300
[14:57:16.111] [SEVERE ] updating countdown to -1310
[14:57:16.126] [SEVERE ] updating countdown to -1320
[14:57:16.141] [SEVERE ] updating countdown to -1330
[14:57:16.156] [SEVERE ] updating countdown to -1340
[14:57:16.172] [SEVERE ] removing card from slot 6
[14:57:16.172] [SEVERE ] updating countdown to -1350
[14:57:16.172] [SEVERE ] removing player 1 token from slot 5
[14:57:16.172] [SEVERE ] removing player 2 token from slot 5
[14:57:16.172] [SEVERE ] removing player 3 token from slot 5
[14:57:16.172] [SEVERE ] removing player 4 token from slot 5
[14:57:16.187] [SEVERE ] updating countdown to -1360
[14:57:16.203] [SEVERE ] updating countdown to -1370
[14:57:16.218] [SEVERE ] updating countdown to -1380
[14:57:16.234] [SEVERE ] updating countdown to -1390
[14:57:16.249] [SEVERE ] updating countdown to -1400
[14:57:16.265] [SEVERE ] updating countdown to -1410
[14:57:16.281] [SEVERE ] removing card from slot 5
[14:57:16.281] [SEVERE ] updating countdown to -1420
[14:57:16.281] [SEVERE ] removing player 1 token from slot 10
[14:57:16.281] [SEVERE ] removing player 2 token from slot 10
[14:57:16.281] [SEVERE ] removing player 3 token from slot 10
[14:57:16.281] [SEVERE ] removing player 4 token from slot 10
[14:57:16.297] [SEVERE ] updating countdown to -1430
[14:57:16.313] [SEVERE ] updating countdown to -1440
[14:57:16.328] [SEVERE ] updating countdown to -1450
[14:57:16.343] [SEVERE ] updating countdown to -1460
[14:57:16.359] [SEVERE ] updating countdown to -1470
[14:57:16.375] [SEVERE ] updating countdown to -1480
[14:57:16.391] [SEVERE ] removing card from slot 10
[14:57:16.391] [SEVERE ] updating countdown to -1490
[14:57:16.391] [SEVERE ] removing player 1 token from slot 9
[14:57:16.391] [SEVERE ] removing player 2 token from slot 9
[14:57:16.391] [SEVERE ] removing player 3 token from slot 9
[14:57:16.391] [SEVERE ] removing player 4 token from slot 9
[14:57:16.406] [SEVERE ] updating countdown to -1500
[14:57:16.421] [SEVERE ] updating countdown to -1510
[14:57:16.437] [SEVERE ] updating countdown to -1520
[14:57:16.453] [SEVERE ] updating countdown to -1530
[14:57:16.469] [SEVERE ] updating countdown to -1540
[14:57:16.485] [SEVERE ] updating countdown to -1550
[14:57:16.501] [SEVERE ] removing card from slot 9
[14:57:16.501] [SEVERE ] updating countdown to -1560
[14:57:16.501] [SEVERE ] removing player 1 token from slot 1
[14:57:16.501] [SEVERE ] removing player 2 token from slot 1
[14:57:16.501] [SEVERE ] removing player 3 token from slot 1
[14:57:16.501] [SEVERE ] removing player 4 token from slot 1
[14:57:16.517] [SEVERE ] updating countdown to -1570
[14:57:16.533] [SEVERE ] updating countdown to -1580
[14:57:16.549] [SEVERE ] updating countdown to -1590
[14:57:16.565] [SEVERE ] updating countdown to -1600
[14:57:16.581] [SEVERE ] updating countdown to -1610
[14:57:16.597] [SEVERE ] updating countdown to -1620
[14:57:16.613] [SEVERE ] removing card from slot 1
[14:57:16.613] [SEVERE ] updating countdown to -1630
[14:57:16.613] [SEVERE ] removing player 1 token from slot 4
[14:57:16.613] [SEVERE ] removing player 2 token from slot 4
[14:57:16.613] [SEVERE ] removing player 3 token from slot 4
[14:57:16.613] [SEVERE ] removing player 4 token from slot 4
[14:57:16.629] [SEVERE ] updating countdown to -2630
[14:57:16.724] [SEVERE ] removing card from slot 4
[14:57:16.724] [SEVERE ] removing player 1 token from slot 2
[14:57:16.724] [SEVERE ] removing player 2 token from slot 2
[14:57:16.724] [SEVERE ] removing player 3 token from slot 2
[14:57:16.724] [SEVERE ] removing player 4 token from slot 2
[14:57:16.835] [SEVERE ] removing card from slot 2
[14:57:16.835] [SEVERE ] removing player 1 token from slot 8
[14:57:16.835] [SEVERE ] removing player 2 token from slot 8
[14:57:16.835] [SEVERE ] removing player 3 token from slot 8
[14:57:16.835] [SEVERE ] removing player 4 token from slot 8
[14:57:16.944] [SEVERE ] removing card from slot 8
[14:57:17.053] [SEVERE ] placing card 1 in slot 5
[14:57:17.164] [SEVERE ] placing card 11 in slot 11
[14:57:17.196] [SEVERE ] updating countdown to -3000
[14:57:17.274] [SEVERE ] placing card 36 in slot 1
[14:57:17.385] [SEVERE ] placing card 61 in slot 10
[14:57:17.497] [SEVERE ] placing card 47 in slot 4
[14:57:17.608] [SEVERE ] placing card 48 in slot 9
[14:57:17.718] [SEVERE ] placing card 17 in slot 3
[14:57:17.828] [SEVERE ] placing card 39 in slot 2
[14:57:17.940] [SEVERE ] placing card 69 in slot 8
[14:57:18.050] [SEVERE ] placing card 35 in slot 7
[14:57:18.159] [SEVERE ] placing card 62 in slot 0
[14:57:18.268] [SEVERE ] placing card 33 in slot 6
[14:57:18.268] [SEVERE ] updating countdown to -1000
[14:57:18.268] [SEVERE ] removing player 1 token from slot 2
[14:57:18.268] [SEVERE ] removing player 2 token from slot 2
[14:57:18.268] [SEVERE ] removing player 3 token from slot 2
[14:57:18.268] [SEVERE ] removing player 4 token from slot 2
[14:57:18.283] [SEVERE ] updating countdown to -1010
[14:57:18.299] [SEVERE ] updating countdown to -1020
[14:57:18.315] [SEVERE ] updating countdown to -1030
[14:57:18.330] [SEVERE ] updating countdown to -1040
[14:57:18.346] [SEVERE ] updating countdown to -1050
[14:57:18.361] [SEVERE ] updating countdown to -1060
[14:57:18.377] [SEVERE ] removing card from slot 2
[14:57:18.377] [SEVERE ] updating countdown to -1070
[14:57:18.377] [SEVERE ] removing player 1 token from slot 3
[14:57:18.377] [SEVERE ] removing player 2 token from slot 3
[14:57:18.377] [SEVERE ] removing player 3 token from slot 3
[14:57:18.377] [SEVERE ] removing player 4 token from slot 3
[14:57:18.393] [SEVERE ] updating countdown to -1080
[14:57:18.408] [SEVERE ] updating countdown to -1090
[14:57:18.424] [SEVERE ] updating countdown to -1100
[14:57:18.439] [SEVERE ] updating countdown to -1110
[14:57:18.455] [SEVERE ] updating countdown to -1120
[14:57:18.470] [SEVERE ] updating countdown to -1130
[14:57:18.486] [SEVERE ] removing card from slot 3
[14:57:18.486] [SEVERE ] updating countdown to -1140
[14:57:18.486] [SEVERE ] removing player 1 token from slot 4
[14:57:18.486] [SEVERE ] removing player 2 token from slot 4
[14:57:18.486] [SEVERE ] removing player 3 token from slot 4
[14:57:18.486] [SEVERE ] removing player 4 token from slot 4
[14:57:18.501] [SEVERE ] updating countdown to -1150
[14:57:18.517] [SEVERE ] updating countdown to -1160
[14:57:18.533] [SEVERE ] updating countdown to -1170
[14:57:18.549] [SEVERE ] updating countdown to -1180
[14:57:18.564] [SEVERE ] updating countdown to -1190
[14:57:18.579] [SEVERE ] updating countdown to -1200
[14:57:18.594] [SEVERE ] removing card from slot 4
[14:57:18.594] [SEVERE ] updating countdown to -1210
[14:57:18.594] [SEVERE ] removing player 1 token from slot 1
[14:57:18.594] [SEVERE ] removing player 2 token from slot 1
[14:57:18.594] [SEVERE ] removing player 3 token from slot 1
[14:57:18.594] [SEVERE ] removing player 4 token from slot 1
[14:57:18.610] [SEVERE ] updating countdown to -1220
[14:57:18.626] [SEVERE ] updating countdown to -1230
[14:57:18.642] [SEVERE ] updating countdown to -1240
[14:57:18.658] [SEVERE ] updating countdown to -1250
[14:57:18.674] [SEVERE ] updating countdown to -1260
[14:57:18.690] [SEVERE ] updating countdown to -1270
[14:57:18.706] [SEVERE ] removing card from slot 1
[14:57:18.706] [SEVERE ] updating countdown to -1280
[14:57:18.706] [SEVERE ] removing player 1 token from slot 6
[14:57:18.706] [SEVERE ] removing player 2 token from slot 6
[14:57:18.706] [SEVERE ] removing player 3 token from slot 6
[14:57:18.706] [SEVERE ] removing player 4 token from slot 6
[14:57:18.722] [SEVERE ] updating countdown to -1290
[14:57:18.737] [SEVERE ] updating countdown to -1300
[14:57:18.753] [SEVERE ] updating countdown to -1310
[14:57:18.769] [SEVERE ] updating countdown to -1320
[14:57:18.785] [SEVERE ] updating countdown to -1330
[14:57:18.801] [SEVERE ] updating countdown to -1340
[14:57:18.817] [SEVERE ] removing card from slot 6
[14:57:18.817] [SEVERE ] updating countdown to -1350
[14:57:18.817] [SEVERE ] removing player 1 token from slot 11
[14:57:18.817] [SEVERE ] removing player 2 token from slot 11
[14:57:18.817] [SEVERE ] removing player 3 token from slot 11
[14:57:18.817] [SEVERE ] removing player 4 token from slot 11
[14:57:18.833] [SEVERE ] updating countdown to -1360
[14:57:18.849] [SEVERE ] updating countdown to -1370
[14:57:18.865] [SEVERE ] updating countdown to -1380
[14:57:18.881] [SEVERE ] updating countdown to -1390
[14:57:18.897] [SEVERE ] updating countdown to -1400
[14:57:18.913] [SEVERE ] updating countdown to -1410
[14:57:18.929] [SEVERE ] removing card from slot 11
[14:57:18.929] [SEVERE ] updating countdown to -1420
[14:57:18.929] [SEVERE ] removing player 1 token from slot 10
[14:57:18.929] [SEVERE ] removing player 2 token from slot 10
[14:57:18.929] [SEVERE ] removing player 3 token from slot 10
[14:57:18.929] [SEVERE ] removing player 4 token from slot 10
[14:57:18.945] [SEVERE ] updating countdown to -1430
[14:57:18.961] [SEVERE ] updating countdown to -1440
[14:57:18.976] [SEVERE ] updating countdown to -1450
[14:57:18.992] [SEVERE ] updating countdown to -1460
[14:57:19.008] [SEVERE ] updating countdown to -1470
[14:57:19.024] [SEVERE ] updating countdown to -1480
[14:57:19.039] [SEVERE ] removing card from slot 10
[14:57:19.039] [SEVERE ] updating countdown to -1490
[14:57:19.039] [SEVERE ] removing player 1 token from slot 9
[14:57:19.039] [SEVERE ] removing player 2 token from slot 9
[14:57:19.039] [SEVERE ] removing player 3 token from slot 9
[14:57:19.039] [SEVERE ] removing player 4 token from slot 9
[14:57:19.055] [SEVERE ] updating countdown to -1500
[14:57:19.071] [SEVERE ] updating countdown to -1510
[14:57:19.087] [SEVERE ] updating countdown to -1520
